<testsuites id="" name="" tests="39" failures="8" skipped="0" errors="0" time="185.863194">
<testsuite name="auth\signup.e2e.spec.ts" timestamp="2025-09-04T16:36:19.885Z" hostname="chromium" tests="13" failures="2" skipped="0" time="147.858" errors="0">
<testcase name="ðŸ“ ØµÙØ­Ø© Ø§Ù„ØªØ³Ø¬ÙŠÙ„ â€º âœ… ØªØ¹Ø±Ø¶ Ø¹Ù†Ø§ØµØ± Ø§Ù„Ù†Ù…ÙˆØ°Ø¬ Ø§Ù„Ø£Ø³Ø§Ø³ÙŠØ©" classname="auth\signup.e2e.spec.ts" time="10.221">
</testcase>
<testcase name="ðŸ“ ØµÙØ­Ø© Ø§Ù„ØªØ³Ø¬ÙŠÙ„ â€º ðŸ”— Ø±Ø§Ø¨Ø· â€œØªØ³Ø¬ÙŠÙ„ Ø§Ù„Ø¯Ø®ÙˆÙ„â€ ÙŠØ¹Ù…Ù„" classname="auth\signup.e2e.spec.ts" time="10.134">
</testcase>
<testcase name="ðŸ“ ØµÙØ­Ø© Ø§Ù„ØªØ³Ø¬ÙŠÙ„ â€º âŒ Ø¥Ø±Ø³Ø§Ù„ ÙØ§Ø±Øº ÙŠÙØ¸Ù‡Ø± Ø£Ø®Ø·Ø§Ø¡" classname="auth\signup.e2e.spec.ts" time="10.62">
</testcase>
<testcase name="ðŸ“ ØµÙØ­Ø© Ø§Ù„ØªØ³Ø¬ÙŠÙ„ â€º ðŸ“§ Ø¨Ø±ÙŠØ¯ ØºÙŠØ± ØµØ§Ù„Ø­" classname="auth\signup.e2e.spec.ts" time="21.68">
<failure message="signup.e2e.spec.ts:137:3 ðŸ“§ Ø¨Ø±ÙŠØ¯ ØºÙŠØ± ØµØ§Ù„Ø­" type="FAILURE">
<![CDATA[  [chromium] â€º auth\signup.e2e.spec.ts:137:3 â€º ðŸ“ ØµÙØ­Ø© Ø§Ù„ØªØ³Ø¬ÙŠÙ„ â€º ðŸ“§ Ø¨Ø±ÙŠØ¯ ØºÙŠØ± ØµØ§Ù„Ø­ â”€â”€â”€â”€â”€â”€â”€â”€â”€â”€â”€â”€â”€â”€â”€â”€â”€â”€

    Error: expect(locator).toBeVisible() failed

    Locator:  locator('form').getByRole('textbox', { name: /^(?:Ø§Ù„Ø¨Ø±ÙŠØ¯ Ø§Ù„Ø¥Ù„ÙƒØªØ±ÙˆÙ†ÙŠ|Email)$/i }).locator('xpath=ancestor::div[contains(@class,\'MuiFormControl-root\')][1]').locator('[role=\'alert\'], .MuiFormHelperText-root.Mui-error, .error-text, .helper-text-error').first()
    Expected: visible
    Received: <element(s) not found>
    Timeout:  10000ms

    Call log:
      - Expect "toBeVisible" with timeout 10000ms
      - waiting for locator('form').getByRole('textbox', { name: /^(?:Ø§Ù„Ø¨Ø±ÙŠØ¯ Ø§Ù„Ø¥Ù„ÙƒØªØ±ÙˆÙ†ÙŠ|Email)$/i }).locator('xpath=ancestor::div[contains(@class,\'MuiFormControl-root\')][1]').locator('[role=\'alert\'], .MuiFormHelperText-root.Mui-error, .error-text, .helper-text-error').first()


      51 |     "[role='alert'], .MuiFormHelperText-root.Mui-error, .error-text, .helper-text-error"
      52 |   );
    > 53 |   await expect(fallbackErr.first()).toBeVisible();
         |                                     ^
      54 |   if (opts?.messageRe) {
      55 |     await expect(fallbackErr.first()).toHaveText(opts.messageRe);
      56 |   }
        at expectFieldHasError (D:\kaleem\Front-end\tests\e2e\auth\signup.e2e.spec.ts:53:37)
        at D:\kaleem\Front-end\tests\e2e\auth\signup.e2e.spec.ts:143:5

    attachment #1: screenshot (image/png) â”€â”€â”€â”€â”€â”€â”€â”€â”€â”€â”€â”€â”€â”€â”€â”€â”€â”€â”€â”€â”€â”€â”€â”€â”€â”€â”€â”€â”€â”€â”€â”€â”€â”€â”€â”€â”€â”€â”€â”€â”€â”€â”€â”€â”€â”€â”€â”€â”€â”€â”€â”€â”€â”€â”€â”€â”€â”€
    ..\..\test-results\auth-signup.e2e-ðŸ“-ØµÙØ­Ø©-Ø§Ù„ØªØ³Ø¬ÙŠÙ„-ðŸ“§-Ø¨Ø±ÙŠØ¯-ØºÙŠØ±-ØµØ§Ù„Ø­-chromium\test-failed-1.png
    â”€â”€â”€â”€â”€â”€â”€â”€â”€â”€â”€â”€â”€â”€â”€â”€â”€â”€â”€â”€â”€â”€â”€â”€â”€â”€â”€â”€â”€â”€â”€â”€â”€â”€â”€â”€â”€â”€â”€â”€â”€â”€â”€â”€â”€â”€â”€â”€â”€â”€â”€â”€â”€â”€â”€â”€â”€â”€â”€â”€â”€â”€â”€â”€â”€â”€â”€â”€â”€â”€â”€â”€â”€â”€â”€â”€â”€â”€â”€â”€â”€â”€â”€â”€â”€â”€â”€â”€â”€â”€â”€â”€â”€â”€â”€â”€

    attachment #2: video (video/webm) â”€â”€â”€â”€â”€â”€â”€â”€â”€â”€â”€â”€â”€â”€â”€â”€â”€â”€â”€â”€â”€â”€â”€â”€â”€â”€â”€â”€â”€â”€â”€â”€â”€â”€â”€â”€â”€â”€â”€â”€â”€â”€â”€â”€â”€â”€â”€â”€â”€â”€â”€â”€â”€â”€â”€â”€â”€â”€â”€â”€â”€â”€
    ..\..\test-results\auth-signup.e2e-ðŸ“-ØµÙØ­Ø©-Ø§Ù„ØªØ³Ø¬ÙŠÙ„-ðŸ“§-Ø¨Ø±ÙŠØ¯-ØºÙŠØ±-ØµØ§Ù„Ø­-chromium\video.webm
    â”€â”€â”€â”€â”€â”€â”€â”€â”€â”€â”€â”€â”€â”€â”€â”€â”€â”€â”€â”€â”€â”€â”€â”€â”€â”€â”€â”€â”€â”€â”€â”€â”€â”€â”€â”€â”€â”€â”€â”€â”€â”€â”€â”€â”€â”€â”€â”€â”€â”€â”€â”€â”€â”€â”€â”€â”€â”€â”€â”€â”€â”€â”€â”€â”€â”€â”€â”€â”€â”€â”€â”€â”€â”€â”€â”€â”€â”€â”€â”€â”€â”€â”€â”€â”€â”€â”€â”€â”€â”€â”€â”€â”€â”€â”€â”€

    Error Context: ..\..\test-results\auth-signup.e2e-ðŸ“-ØµÙØ­Ø©-Ø§Ù„ØªØ³Ø¬ÙŠÙ„-ðŸ“§-Ø¨Ø±ÙŠØ¯-ØºÙŠØ±-ØµØ§Ù„Ø­-chromium\error-context.md
]]>
</failure>
<system-out>
<![CDATA[
[[ATTACHMENT|auth-signup.e2e-ðŸ“-ØµÙØ­Ø©-Ø§Ù„ØªØ³Ø¬ÙŠÙ„-ðŸ“§-Ø¨Ø±ÙŠØ¯-ØºÙŠØ±-ØµØ§Ù„Ø­-chromium\test-failed-1.png]]

[[ATTACHMENT|auth-signup.e2e-ðŸ“-ØµÙØ­Ø©-Ø§Ù„ØªØ³Ø¬ÙŠÙ„-ðŸ“§-Ø¨Ø±ÙŠØ¯-ØºÙŠØ±-ØµØ§Ù„Ø­-chromium\video.webm]]

[[ATTACHMENT|auth-signup.e2e-ðŸ“-ØµÙØ­Ø©-Ø§Ù„ØªØ³Ø¬ÙŠÙ„-ðŸ“§-Ø¨Ø±ÙŠØ¯-ØºÙŠØ±-ØµØ§Ù„Ø­-chromium\error-context.md]]
]]>
</system-out>
</testcase>
<testcase name="ðŸ“ ØµÙØ­Ø© Ø§Ù„ØªØ³Ø¬ÙŠÙ„ â€º ðŸ”’ ÙƒÙ„Ù…Ø© Ù…Ø±ÙˆØ± Ù‚ØµÙŠØ±Ø©" classname="auth\signup.e2e.spec.ts" time="10.354">
</testcase>
<testcase name="ðŸ“ ØµÙØ­Ø© Ø§Ù„ØªØ³Ø¬ÙŠÙ„ â€º ðŸ§¼ Ø£Ù…Ø§Ù†: Ø§Ù„Ù…Ø¯Ø®Ù„Ø§Øª Ø§Ù„Ø®Ø¨ÙŠØ«Ø© ØªÙÙ†Ø¸Ù‘Ù (Ø¨Ø¯Ù„Ø§Ù‹ Ù…Ù† ØªÙˆÙ‚Ø¹ invalid)" classname="auth\signup.e2e.spec.ts" time="10.399">
</testcase>
<testcase name="ðŸ“ ØµÙØ­Ø© Ø§Ù„ØªØ³Ø¬ÙŠÙ„ â€º ðŸ‘ï¸ Ø¥Ø¸Ù‡Ø§Ø±/Ø¥Ø®ÙØ§Ø¡ ÙƒÙ„Ù…Ø© Ø§Ù„Ù…Ø±ÙˆØ± ÙŠØºÙŠÙ‘Ø± Ø§Ù„Ù†ÙˆØ¹" classname="auth\signup.e2e.spec.ts" time="9.076">
</testcase>
<testcase name="ðŸ“ ØµÙØ­Ø© Ø§Ù„ØªØ³Ø¬ÙŠÙ„ â€º âœ… Ù†Ø¬Ø§Ø­ Ø§Ù„ØªØ³Ø¬ÙŠÙ„ â†’ /verify-email Ø¥Ø°Ø§ emailVerified=false Ø£Ùˆ Ù„Ø§ ÙŠÙˆØ¬Ø¯ ØªÙˆÙƒÙ†" classname="auth\signup.e2e.spec.ts" time="8.073">
</testcase>
<testcase name="ðŸ“ ØµÙØ­Ø© Ø§Ù„ØªØ³Ø¬ÙŠÙ„ â€º âŒ Ø¨Ø±ÙŠØ¯ Ù…Ø³ØªØ®Ø¯Ù… Ù…Ø³Ø¨Ù‚Ù‹Ø§ (409): Ù†Ø¨Ù‚Ù‰ ÙÙŠ /signup ÙˆÙŠØ¸Ù‡Ø± Ø®Ø·Ø£" classname="auth\signup.e2e.spec.ts" time="19.144">
<failure message="signup.e2e.spec.ts:221:3 âŒ Ø¨Ø±ÙŠØ¯ Ù…Ø³ØªØ®Ø¯Ù… Ù…Ø³Ø¨Ù‚Ù‹Ø§ (409): Ù†Ø¨Ù‚Ù‰ ÙÙŠ /signup ÙˆÙŠØ¸Ù‡Ø± Ø®Ø·Ø£" type="FAILURE">
<![CDATA[  [chromium] â€º auth\signup.e2e.spec.ts:221:3 â€º ðŸ“ ØµÙØ­Ø© Ø§Ù„ØªØ³Ø¬ÙŠÙ„ â€º âŒ Ø¨Ø±ÙŠØ¯ Ù…Ø³ØªØ®Ø¯Ù… Ù…Ø³Ø¨Ù‚Ù‹Ø§ (409): Ù†Ø¨Ù‚Ù‰ ÙÙŠ /signup ÙˆÙŠØ¸Ù‡Ø± Ø®Ø·Ø£ 

    Error: expect(locator).toBeVisible() failed

    Locator:  locator('form').getByRole('textbox', { name: /^(?:Ø§Ù„Ø¨Ø±ÙŠØ¯ Ø§Ù„Ø¥Ù„ÙƒØªØ±ÙˆÙ†ÙŠ|Email)$/i }).locator('xpath=ancestor::div[contains(@class,\'MuiFormControl-root\')][1]').locator('[role=\'alert\'], .MuiFormHelperText-root.Mui-error, .error-text, .helper-text-error').first()
    Expected: visible
    Received: <element(s) not found>
    Timeout:  10000ms

    Call log:
      - Expect "toBeVisible" with timeout 10000ms
      - waiting for locator('form').getByRole('textbox', { name: /^(?:Ø§Ù„Ø¨Ø±ÙŠØ¯ Ø§Ù„Ø¥Ù„ÙƒØªØ±ÙˆÙ†ÙŠ|Email)$/i }).locator('xpath=ancestor::div[contains(@class,\'MuiFormControl-root\')][1]').locator('[role=\'alert\'], .MuiFormHelperText-root.Mui-error, .error-text, .helper-text-error').first()


      51 |     "[role='alert'], .MuiFormHelperText-root.Mui-error, .error-text, .helper-text-error"
      52 |   );
    > 53 |   await expect(fallbackErr.first()).toBeVisible();
         |                                     ^
      54 |   if (opts?.messageRe) {
      55 |     await expect(fallbackErr.first()).toHaveText(opts.messageRe);
      56 |   }
        at expectFieldHasError (D:\kaleem\Front-end\tests\e2e\auth\signup.e2e.spec.ts:53:37)
        at D:\kaleem\Front-end\tests\e2e\auth\signup.e2e.spec.ts:242:7

    attachment #1: screenshot (image/png) â”€â”€â”€â”€â”€â”€â”€â”€â”€â”€â”€â”€â”€â”€â”€â”€â”€â”€â”€â”€â”€â”€â”€â”€â”€â”€â”€â”€â”€â”€â”€â”€â”€â”€â”€â”€â”€â”€â”€â”€â”€â”€â”€â”€â”€â”€â”€â”€â”€â”€â”€â”€â”€â”€â”€â”€â”€â”€
    ..\..\test-results\auth-signup.e2e-ðŸ“-ØµÙØ­Ø©-Ø§Ù„-4163b-09-Ù†Ø¨Ù‚Ù‰-ÙÙŠ-signup-ÙˆÙŠØ¸Ù‡Ø±-Ø®Ø·Ø£-chromium\test-failed-1.png
    â”€â”€â”€â”€â”€â”€â”€â”€â”€â”€â”€â”€â”€â”€â”€â”€â”€â”€â”€â”€â”€â”€â”€â”€â”€â”€â”€â”€â”€â”€â”€â”€â”€â”€â”€â”€â”€â”€â”€â”€â”€â”€â”€â”€â”€â”€â”€â”€â”€â”€â”€â”€â”€â”€â”€â”€â”€â”€â”€â”€â”€â”€â”€â”€â”€â”€â”€â”€â”€â”€â”€â”€â”€â”€â”€â”€â”€â”€â”€â”€â”€â”€â”€â”€â”€â”€â”€â”€â”€â”€â”€â”€â”€â”€â”€â”€

    attachment #2: video (video/webm) â”€â”€â”€â”€â”€â”€â”€â”€â”€â”€â”€â”€â”€â”€â”€â”€â”€â”€â”€â”€â”€â”€â”€â”€â”€â”€â”€â”€â”€â”€â”€â”€â”€â”€â”€â”€â”€â”€â”€â”€â”€â”€â”€â”€â”€â”€â”€â”€â”€â”€â”€â”€â”€â”€â”€â”€â”€â”€â”€â”€â”€â”€
    ..\..\test-results\auth-signup.e2e-ðŸ“-ØµÙØ­Ø©-Ø§Ù„-4163b-09-Ù†Ø¨Ù‚Ù‰-ÙÙŠ-signup-ÙˆÙŠØ¸Ù‡Ø±-Ø®Ø·Ø£-chromium\video.webm
    â”€â”€â”€â”€â”€â”€â”€â”€â”€â”€â”€â”€â”€â”€â”€â”€â”€â”€â”€â”€â”€â”€â”€â”€â”€â”€â”€â”€â”€â”€â”€â”€â”€â”€â”€â”€â”€â”€â”€â”€â”€â”€â”€â”€â”€â”€â”€â”€â”€â”€â”€â”€â”€â”€â”€â”€â”€â”€â”€â”€â”€â”€â”€â”€â”€â”€â”€â”€â”€â”€â”€â”€â”€â”€â”€â”€â”€â”€â”€â”€â”€â”€â”€â”€â”€â”€â”€â”€â”€â”€â”€â”€â”€â”€â”€â”€

    Error Context: ..\..\test-results\auth-signup.e2e-ðŸ“-ØµÙØ­Ø©-Ø§Ù„-4163b-09-Ù†Ø¨Ù‚Ù‰-ÙÙŠ-signup-ÙˆÙŠØ¸Ù‡Ø±-Ø®Ø·Ø£-chromium\error-context.md
]]>
</failure>
<system-out>
<![CDATA[
[[ATTACHMENT|auth-signup.e2e-ðŸ“-ØµÙØ­Ø©-Ø§Ù„-4163b-09-Ù†Ø¨Ù‚Ù‰-ÙÙŠ-signup-ÙˆÙŠØ¸Ù‡Ø±-Ø®Ø·Ø£-chromium\test-failed-1.png]]

[[ATTACHMENT|auth-signup.e2e-ðŸ“-ØµÙØ­Ø©-Ø§Ù„-4163b-09-Ù†Ø¨Ù‚Ù‰-ÙÙŠ-signup-ÙˆÙŠØ¸Ù‡Ø±-Ø®Ø·Ø£-chromium\video.webm]]

[[ATTACHMENT|auth-signup.e2e-ðŸ“-ØµÙØ­Ø©-Ø§Ù„-4163b-09-Ù†Ø¨Ù‚Ù‰-ÙÙŠ-signup-ÙˆÙŠØ¸Ù‡Ø±-Ø®Ø·Ø£-chromium\error-context.md]]
]]>
</system-out>
</testcase>
<testcase name="ðŸ“ ØµÙØ­Ø© Ø§Ù„ØªØ³Ø¬ÙŠÙ„ â€º ðŸ“± ØªØ¬Ø§ÙˆØ¨ Ø§Ù„ÙˆØ§Ø¬Ù‡Ø©" classname="auth\signup.e2e.spec.ts" time="7.876">
</testcase>
<testcase name="ðŸ“ ØµÙØ­Ø© Ø§Ù„ØªØ³Ø¬ÙŠÙ„ â€º ðŸŽ¨ RTL/Lang Ù…ÙˆØ¬ÙˆØ¯Ø©" classname="auth\signup.e2e.spec.ts" time="7.315">
</testcase>
<testcase name="ðŸ“ ØµÙØ­Ø© Ø§Ù„ØªØ³Ø¬ÙŠÙ„ â€º â±ï¸ Ø£Ø¯Ø§Ø¡ Ø£Ø³Ø§Ø³ÙŠ" classname="auth\signup.e2e.spec.ts" time="10.736">
</testcase>
<testcase name="ðŸ“ ØµÙØ­Ø© Ø§Ù„ØªØ³Ø¬ÙŠÙ„ â€º ðŸ§µ ØªØªØ¨Ù‘Ø¹ Playwright (trace) Ù„Ø³ÙŠÙ†Ø§Ø±ÙŠÙˆ Ø§Ù„ØªØ³Ø¬ÙŠÙ„" classname="auth\signup.e2e.spec.ts" time="12.23">
</testcase>
</testsuite>
<testsuite name="auth\signup.e2e.spec.ts" timestamp="2025-09-04T16:36:19.885Z" hostname="firefox" tests="13" failures="4" skipped="0" time="366.225" errors="0">
<testcase name="ðŸ“ ØµÙØ­Ø© Ø§Ù„ØªØ³Ø¬ÙŠÙ„ â€º âœ… ØªØ¹Ø±Ø¶ Ø¹Ù†Ø§ØµØ± Ø§Ù„Ù†Ù…ÙˆØ°Ø¬ Ø§Ù„Ø£Ø³Ø§Ø³ÙŠØ©" classname="auth\signup.e2e.spec.ts" time="25.382">
</testcase>
<testcase name="ðŸ“ ØµÙØ­Ø© Ø§Ù„ØªØ³Ø¬ÙŠÙ„ â€º ðŸ”— Ø±Ø§Ø¨Ø· â€œØªØ³Ø¬ÙŠÙ„ Ø§Ù„Ø¯Ø®ÙˆÙ„â€ ÙŠØ¹Ù…Ù„" classname="auth\signup.e2e.spec.ts" time="28.613">
</testcase>
<testcase name="ðŸ“ ØµÙØ­Ø© Ø§Ù„ØªØ³Ø¬ÙŠÙ„ â€º âŒ Ø¥Ø±Ø³Ø§Ù„ ÙØ§Ø±Øº ÙŠÙØ¸Ù‡Ø± Ø£Ø®Ø·Ø§Ø¡" classname="auth\signup.e2e.spec.ts" time="28.768">
</testcase>
<testcase name="ðŸ“ ØµÙØ­Ø© Ø§Ù„ØªØ³Ø¬ÙŠÙ„ â€º ðŸ“§ Ø¨Ø±ÙŠØ¯ ØºÙŠØ± ØµØ§Ù„Ø­" classname="auth\signup.e2e.spec.ts" time="30.855">
<failure message="signup.e2e.spec.ts:137:3 ðŸ“§ Ø¨Ø±ÙŠØ¯ ØºÙŠØ± ØµØ§Ù„Ø­" type="FAILURE">
<![CDATA[  [firefox] â€º auth\signup.e2e.spec.ts:137:3 â€º ðŸ“ ØµÙØ­Ø© Ø§Ù„ØªØ³Ø¬ÙŠÙ„ â€º ðŸ“§ Ø¨Ø±ÙŠØ¯ ØºÙŠØ± ØµØ§Ù„Ø­ â”€â”€â”€â”€â”€â”€â”€â”€â”€â”€â”€â”€â”€â”€â”€â”€â”€â”€â”€

    Test timeout of 30000ms exceeded.

    Error: expect(locator).toBeVisible() failed

    Locator:  locator('form').getByRole('textbox', { name: /^(?:Ø§Ù„Ø¨Ø±ÙŠØ¯ Ø§Ù„Ø¥Ù„ÙƒØªØ±ÙˆÙ†ÙŠ|Email)$/i }).locator('xpath=ancestor::div[contains(@class,\'MuiFormControl-root\')][1]').locator('[role=\'alert\'], .MuiFormHelperText-root.Mui-error, .error-text, .helper-text-error').first()
    Expected: visible
    Received: <element(s) not found>

    Call log:
      - Expect "toBeVisible" with timeout 10000ms
      - waiting for locator('form').getByRole('textbox', { name: /^(?:Ø§Ù„Ø¨Ø±ÙŠØ¯ Ø§Ù„Ø¥Ù„ÙƒØªØ±ÙˆÙ†ÙŠ|Email)$/i }).locator('xpath=ancestor::div[contains(@class,\'MuiFormControl-root\')][1]').locator('[role=\'alert\'], .MuiFormHelperText-root.Mui-error, .error-text, .helper-text-error').first()


      51 |     "[role='alert'], .MuiFormHelperText-root.Mui-error, .error-text, .helper-text-error"
      52 |   );
    > 53 |   await expect(fallbackErr.first()).toBeVisible();
         |                                     ^
      54 |   if (opts?.messageRe) {
      55 |     await expect(fallbackErr.first()).toHaveText(opts.messageRe);
      56 |   }
        at expectFieldHasError (D:\kaleem\Front-end\tests\e2e\auth\signup.e2e.spec.ts:53:37)
        at D:\kaleem\Front-end\tests\e2e\auth\signup.e2e.spec.ts:143:5

    attachment #1: screenshot (image/png) â”€â”€â”€â”€â”€â”€â”€â”€â”€â”€â”€â”€â”€â”€â”€â”€â”€â”€â”€â”€â”€â”€â”€â”€â”€â”€â”€â”€â”€â”€â”€â”€â”€â”€â”€â”€â”€â”€â”€â”€â”€â”€â”€â”€â”€â”€â”€â”€â”€â”€â”€â”€â”€â”€â”€â”€â”€â”€
    ..\..\test-results\auth-signup.e2e-ðŸ“-ØµÙØ­Ø©-Ø§Ù„ØªØ³Ø¬ÙŠÙ„-ðŸ“§-Ø¨Ø±ÙŠØ¯-ØºÙŠØ±-ØµØ§Ù„Ø­-firefox\test-failed-1.png
    â”€â”€â”€â”€â”€â”€â”€â”€â”€â”€â”€â”€â”€â”€â”€â”€â”€â”€â”€â”€â”€â”€â”€â”€â”€â”€â”€â”€â”€â”€â”€â”€â”€â”€â”€â”€â”€â”€â”€â”€â”€â”€â”€â”€â”€â”€â”€â”€â”€â”€â”€â”€â”€â”€â”€â”€â”€â”€â”€â”€â”€â”€â”€â”€â”€â”€â”€â”€â”€â”€â”€â”€â”€â”€â”€â”€â”€â”€â”€â”€â”€â”€â”€â”€â”€â”€â”€â”€â”€â”€â”€â”€â”€â”€â”€â”€

    attachment #2: video (video/webm) â”€â”€â”€â”€â”€â”€â”€â”€â”€â”€â”€â”€â”€â”€â”€â”€â”€â”€â”€â”€â”€â”€â”€â”€â”€â”€â”€â”€â”€â”€â”€â”€â”€â”€â”€â”€â”€â”€â”€â”€â”€â”€â”€â”€â”€â”€â”€â”€â”€â”€â”€â”€â”€â”€â”€â”€â”€â”€â”€â”€â”€â”€
    ..\..\test-results\auth-signup.e2e-ðŸ“-ØµÙØ­Ø©-Ø§Ù„ØªØ³Ø¬ÙŠÙ„-ðŸ“§-Ø¨Ø±ÙŠØ¯-ØºÙŠØ±-ØµØ§Ù„Ø­-firefox\video.webm
    â”€â”€â”€â”€â”€â”€â”€â”€â”€â”€â”€â”€â”€â”€â”€â”€â”€â”€â”€â”€â”€â”€â”€â”€â”€â”€â”€â”€â”€â”€â”€â”€â”€â”€â”€â”€â”€â”€â”€â”€â”€â”€â”€â”€â”€â”€â”€â”€â”€â”€â”€â”€â”€â”€â”€â”€â”€â”€â”€â”€â”€â”€â”€â”€â”€â”€â”€â”€â”€â”€â”€â”€â”€â”€â”€â”€â”€â”€â”€â”€â”€â”€â”€â”€â”€â”€â”€â”€â”€â”€â”€â”€â”€â”€â”€â”€

    Error Context: ..\..\test-results\auth-signup.e2e-ðŸ“-ØµÙØ­Ø©-Ø§Ù„ØªØ³Ø¬ÙŠÙ„-ðŸ“§-Ø¨Ø±ÙŠØ¯-ØºÙŠØ±-ØµØ§Ù„Ø­-firefox\error-context.md
]]>
</failure>
<system-out>
<![CDATA[
[[ATTACHMENT|auth-signup.e2e-ðŸ“-ØµÙØ­Ø©-Ø§Ù„ØªØ³Ø¬ÙŠÙ„-ðŸ“§-Ø¨Ø±ÙŠØ¯-ØºÙŠØ±-ØµØ§Ù„Ø­-firefox\test-failed-1.png]]

[[ATTACHMENT|auth-signup.e2e-ðŸ“-ØµÙØ­Ø©-Ø§Ù„ØªØ³Ø¬ÙŠÙ„-ðŸ“§-Ø¨Ø±ÙŠØ¯-ØºÙŠØ±-ØµØ§Ù„Ø­-firefox\video.webm]]

[[ATTACHMENT|auth-signup.e2e-ðŸ“-ØµÙØ­Ø©-Ø§Ù„ØªØ³Ø¬ÙŠÙ„-ðŸ“§-Ø¨Ø±ÙŠØ¯-ØºÙŠØ±-ØµØ§Ù„Ø­-firefox\error-context.md]]
]]>
</system-out>
</testcase>
<testcase name="ðŸ“ ØµÙØ­Ø© Ø§Ù„ØªØ³Ø¬ÙŠÙ„ â€º ðŸ”’ ÙƒÙ„Ù…Ø© Ù…Ø±ÙˆØ± Ù‚ØµÙŠØ±Ø©" classname="auth\signup.e2e.spec.ts" time="22.885">
</testcase>
<testcase name="ðŸ“ ØµÙØ­Ø© Ø§Ù„ØªØ³Ø¬ÙŠÙ„ â€º ðŸ§¼ Ø£Ù…Ø§Ù†: Ø§Ù„Ù…Ø¯Ø®Ù„Ø§Øª Ø§Ù„Ø®Ø¨ÙŠØ«Ø© ØªÙÙ†Ø¸Ù‘Ù (Ø¨Ø¯Ù„Ø§Ù‹ Ù…Ù† ØªÙˆÙ‚Ø¹ invalid)" classname="auth\signup.e2e.spec.ts" time="22.785">
</testcase>
<testcase name="ðŸ“ ØµÙØ­Ø© Ø§Ù„ØªØ³Ø¬ÙŠÙ„ â€º ðŸ‘ï¸ Ø¥Ø¸Ù‡Ø§Ø±/Ø¥Ø®ÙØ§Ø¡ ÙƒÙ„Ù…Ø© Ø§Ù„Ù…Ø±ÙˆØ± ÙŠØºÙŠÙ‘Ø± Ø§Ù„Ù†ÙˆØ¹" classname="auth\signup.e2e.spec.ts" time="24.488">
</testcase>
<testcase name="ðŸ“ ØµÙØ­Ø© Ø§Ù„ØªØ³Ø¬ÙŠÙ„ â€º âœ… Ù†Ø¬Ø§Ø­ Ø§Ù„ØªØ³Ø¬ÙŠÙ„ â†’ /verify-email Ø¥Ø°Ø§ emailVerified=false Ø£Ùˆ Ù„Ø§ ÙŠÙˆØ¬Ø¯ ØªÙˆÙƒÙ†" classname="auth\signup.e2e.spec.ts" time="28.808">
</testcase>
<testcase name="ðŸ“ ØµÙØ­Ø© Ø§Ù„ØªØ³Ø¬ÙŠÙ„ â€º âŒ Ø¨Ø±ÙŠØ¯ Ù…Ø³ØªØ®Ø¯Ù… Ù…Ø³Ø¨Ù‚Ù‹Ø§ (409): Ù†Ø¨Ù‚Ù‰ ÙÙŠ /signup ÙˆÙŠØ¸Ù‡Ø± Ø®Ø·Ø£" classname="auth\signup.e2e.spec.ts" time="30.405">
<failure message="signup.e2e.spec.ts:221:3 âŒ Ø¨Ø±ÙŠØ¯ Ù…Ø³ØªØ®Ø¯Ù… Ù…Ø³Ø¨Ù‚Ù‹Ø§ (409): Ù†Ø¨Ù‚Ù‰ ÙÙŠ /signup ÙˆÙŠØ¸Ù‡Ø± Ø®Ø·Ø£" type="FAILURE">
<![CDATA[  [firefox] â€º auth\signup.e2e.spec.ts:221:3 â€º ðŸ“ ØµÙØ­Ø© Ø§Ù„ØªØ³Ø¬ÙŠÙ„ â€º âŒ Ø¨Ø±ÙŠØ¯ Ù…Ø³ØªØ®Ø¯Ù… Ù…Ø³Ø¨Ù‚Ù‹Ø§ (409): Ù†Ø¨Ù‚Ù‰ ÙÙŠ /signup ÙˆÙŠØ¸Ù‡Ø± Ø®Ø·Ø£ 

    Test timeout of 30000ms exceeded.

    Error: expect(locator).toBeVisible() failed

    Locator:  locator('form').getByRole('textbox', { name: /^(?:Ø§Ù„Ø¨Ø±ÙŠØ¯ Ø§Ù„Ø¥Ù„ÙƒØªØ±ÙˆÙ†ÙŠ|Email)$/i }).locator('xpath=ancestor::div[contains(@class,\'MuiFormControl-root\')][1]').locator('[role=\'alert\'], .MuiFormHelperText-root.Mui-error, .error-text, .helper-text-error').first()
    Expected: visible
    Received: <element(s) not found>

    Call log:
      - Expect "toBeVisible" with timeout 10000ms
      - waiting for locator('form').getByRole('textbox', { name: /^(?:Ø§Ù„Ø¨Ø±ÙŠØ¯ Ø§Ù„Ø¥Ù„ÙƒØªØ±ÙˆÙ†ÙŠ|Email)$/i }).locator('xpath=ancestor::div[contains(@class,\'MuiFormControl-root\')][1]').locator('[role=\'alert\'], .MuiFormHelperText-root.Mui-error, .error-text, .helper-text-error').first()


      51 |     "[role='alert'], .MuiFormHelperText-root.Mui-error, .error-text, .helper-text-error"
      52 |   );
    > 53 |   await expect(fallbackErr.first()).toBeVisible();
         |                                     ^
      54 |   if (opts?.messageRe) {
      55 |     await expect(fallbackErr.first()).toHaveText(opts.messageRe);
      56 |   }
        at expectFieldHasError (D:\kaleem\Front-end\tests\e2e\auth\signup.e2e.spec.ts:53:37)
        at D:\kaleem\Front-end\tests\e2e\auth\signup.e2e.spec.ts:242:7

    attachment #1: screenshot (image/png) â”€â”€â”€â”€â”€â”€â”€â”€â”€â”€â”€â”€â”€â”€â”€â”€â”€â”€â”€â”€â”€â”€â”€â”€â”€â”€â”€â”€â”€â”€â”€â”€â”€â”€â”€â”€â”€â”€â”€â”€â”€â”€â”€â”€â”€â”€â”€â”€â”€â”€â”€â”€â”€â”€â”€â”€â”€â”€
    ..\..\test-results\auth-signup.e2e-ðŸ“-ØµÙØ­Ø©-Ø§Ù„-4163b-09-Ù†Ø¨Ù‚Ù‰-ÙÙŠ-signup-ÙˆÙŠØ¸Ù‡Ø±-Ø®Ø·Ø£-firefox\test-failed-1.png
    â”€â”€â”€â”€â”€â”€â”€â”€â”€â”€â”€â”€â”€â”€â”€â”€â”€â”€â”€â”€â”€â”€â”€â”€â”€â”€â”€â”€â”€â”€â”€â”€â”€â”€â”€â”€â”€â”€â”€â”€â”€â”€â”€â”€â”€â”€â”€â”€â”€â”€â”€â”€â”€â”€â”€â”€â”€â”€â”€â”€â”€â”€â”€â”€â”€â”€â”€â”€â”€â”€â”€â”€â”€â”€â”€â”€â”€â”€â”€â”€â”€â”€â”€â”€â”€â”€â”€â”€â”€â”€â”€â”€â”€â”€â”€â”€

    attachment #2: video (video/webm) â”€â”€â”€â”€â”€â”€â”€â”€â”€â”€â”€â”€â”€â”€â”€â”€â”€â”€â”€â”€â”€â”€â”€â”€â”€â”€â”€â”€â”€â”€â”€â”€â”€â”€â”€â”€â”€â”€â”€â”€â”€â”€â”€â”€â”€â”€â”€â”€â”€â”€â”€â”€â”€â”€â”€â”€â”€â”€â”€â”€â”€â”€
    ..\..\test-results\auth-signup.e2e-ðŸ“-ØµÙØ­Ø©-Ø§Ù„-4163b-09-Ù†Ø¨Ù‚Ù‰-ÙÙŠ-signup-ÙˆÙŠØ¸Ù‡Ø±-Ø®Ø·Ø£-firefox\video.webm
    â”€â”€â”€â”€â”€â”€â”€â”€â”€â”€â”€â”€â”€â”€â”€â”€â”€â”€â”€â”€â”€â”€â”€â”€â”€â”€â”€â”€â”€â”€â”€â”€â”€â”€â”€â”€â”€â”€â”€â”€â”€â”€â”€â”€â”€â”€â”€â”€â”€â”€â”€â”€â”€â”€â”€â”€â”€â”€â”€â”€â”€â”€â”€â”€â”€â”€â”€â”€â”€â”€â”€â”€â”€â”€â”€â”€â”€â”€â”€â”€â”€â”€â”€â”€â”€â”€â”€â”€â”€â”€â”€â”€â”€â”€â”€â”€

    Error Context: ..\..\test-results\auth-signup.e2e-ðŸ“-ØµÙØ­Ø©-Ø§Ù„-4163b-09-Ù†Ø¨Ù‚Ù‰-ÙÙŠ-signup-ÙˆÙŠØ¸Ù‡Ø±-Ø®Ø·Ø£-firefox\error-context.md
]]>
</failure>
<system-out>
<![CDATA[
[[ATTACHMENT|auth-signup.e2e-ðŸ“-ØµÙØ­Ø©-Ø§Ù„-4163b-09-Ù†Ø¨Ù‚Ù‰-ÙÙŠ-signup-ÙˆÙŠØ¸Ù‡Ø±-Ø®Ø·Ø£-firefox\test-failed-1.png]]

[[ATTACHMENT|auth-signup.e2e-ðŸ“-ØµÙØ­Ø©-Ø§Ù„-4163b-09-Ù†Ø¨Ù‚Ù‰-ÙÙŠ-signup-ÙˆÙŠØ¸Ù‡Ø±-Ø®Ø·Ø£-firefox\video.webm]]

[[ATTACHMENT|auth-signup.e2e-ðŸ“-ØµÙØ­Ø©-Ø§Ù„-4163b-09-Ù†Ø¨Ù‚Ù‰-ÙÙŠ-signup-ÙˆÙŠØ¸Ù‡Ø±-Ø®Ø·Ø£-firefox\error-context.md]]
]]>
</system-out>
</testcase>
<testcase name="ðŸ“ ØµÙØ­Ø© Ø§Ù„ØªØ³Ø¬ÙŠÙ„ â€º ðŸ“± ØªØ¬Ø§ÙˆØ¨ Ø§Ù„ÙˆØ§Ø¬Ù‡Ø©" classname="auth\signup.e2e.spec.ts" time="25.255">
</testcase>
<testcase name="ðŸ“ ØµÙØ­Ø© Ø§Ù„ØªØ³Ø¬ÙŠÙ„ â€º ðŸŽ¨ RTL/Lang Ù…ÙˆØ¬ÙˆØ¯Ø©" classname="auth\signup.e2e.spec.ts" time="24.162">
</testcase>
<testcase name="ðŸ“ ØµÙØ­Ø© Ø§Ù„ØªØ³Ø¬ÙŠÙ„ â€º â±ï¸ Ø£Ø¯Ø§Ø¡ Ø£Ø³Ø§Ø³ÙŠ" classname="auth\signup.e2e.spec.ts" time="37.3">
<failure message="signup.e2e.spec.ts:268:3 â±ï¸ Ø£Ø¯Ø§Ø¡ Ø£Ø³Ø§Ø³ÙŠ" type="FAILURE">
<![CDATA[  [firefox] â€º auth\signup.e2e.spec.ts:268:3 â€º ðŸ“ ØµÙØ­Ø© Ø§Ù„ØªØ³Ø¬ÙŠÙ„ â€º â±ï¸ Ø£Ø¯Ø§Ø¡ Ø£Ø³Ø§Ø³ÙŠ â”€â”€â”€â”€â”€â”€â”€â”€â”€â”€â”€â”€â”€â”€â”€â”€â”€â”€â”€â”€â”€â”€

    Test timeout of 30000ms exceeded.

    Error: page.goto: Test timeout of 30000ms exceeded.
    Call log:
      - navigating to "http://localhost:5173/signup", waiting until "load"


      268 |   test("â±ï¸ Ø£Ø¯Ø§Ø¡ Ø£Ø³Ø§Ø³ÙŠ", async ({ page }) => {
      269 |     const t0 = Date.now();
    > 270 |     await page.goto("/signup");
          |                ^
      271 |     await expect(formLocator(page)).toBeVisible();
      272 |     expect(Date.now() - t0).toBeLessThan(5000);
      273 |   });
        at D:\kaleem\Front-end\tests\e2e\auth\signup.e2e.spec.ts:270:16

    attachment #1: video (video/webm) â”€â”€â”€â”€â”€â”€â”€â”€â”€â”€â”€â”€â”€â”€â”€â”€â”€â”€â”€â”€â”€â”€â”€â”€â”€â”€â”€â”€â”€â”€â”€â”€â”€â”€â”€â”€â”€â”€â”€â”€â”€â”€â”€â”€â”€â”€â”€â”€â”€â”€â”€â”€â”€â”€â”€â”€â”€â”€â”€â”€â”€â”€
    ..\..\test-results\auth-signup.e2e-ðŸ“-ØµÙØ­Ø©-Ø§Ù„ØªØ³Ø¬ÙŠÙ„-â±ï¸-Ø£Ø¯Ø§Ø¡-Ø£Ø³Ø§Ø³ÙŠ-firefox\video.webm
    â”€â”€â”€â”€â”€â”€â”€â”€â”€â”€â”€â”€â”€â”€â”€â”€â”€â”€â”€â”€â”€â”€â”€â”€â”€â”€â”€â”€â”€â”€â”€â”€â”€â”€â”€â”€â”€â”€â”€â”€â”€â”€â”€â”€â”€â”€â”€â”€â”€â”€â”€â”€â”€â”€â”€â”€â”€â”€â”€â”€â”€â”€â”€â”€â”€â”€â”€â”€â”€â”€â”€â”€â”€â”€â”€â”€â”€â”€â”€â”€â”€â”€â”€â”€â”€â”€â”€â”€â”€â”€â”€â”€â”€â”€â”€â”€

    Error Context: ..\..\test-results\auth-signup.e2e-ðŸ“-ØµÙØ­Ø©-Ø§Ù„ØªØ³Ø¬ÙŠÙ„-â±ï¸-Ø£Ø¯Ø§Ø¡-Ø£Ø³Ø§Ø³ÙŠ-firefox\error-context.md
]]>
</failure>
<system-out>
<![CDATA[
[[ATTACHMENT|auth-signup.e2e-ðŸ“-ØµÙØ­Ø©-Ø§Ù„ØªØ³Ø¬ÙŠÙ„-â±ï¸-Ø£Ø¯Ø§Ø¡-Ø£Ø³Ø§Ø³ÙŠ-firefox\video.webm]]

[[ATTACHMENT|auth-signup.e2e-ðŸ“-ØµÙØ­Ø©-Ø§Ù„ØªØ³Ø¬ÙŠÙ„-â±ï¸-Ø£Ø¯Ø§Ø¡-Ø£Ø³Ø§Ø³ÙŠ-firefox\error-context.md]]
]]>
</system-out>
</testcase>
<testcase name="ðŸ“ ØµÙØ­Ø© Ø§Ù„ØªØ³Ø¬ÙŠÙ„ â€º ðŸ§µ ØªØªØ¨Ù‘Ø¹ Playwright (trace) Ù„Ø³ÙŠÙ†Ø§Ø±ÙŠÙˆ Ø§Ù„ØªØ³Ø¬ÙŠÙ„" classname="auth\signup.e2e.spec.ts" time="36.519">
<failure message="signup.e2e.spec.ts:275:3 ðŸ§µ ØªØªØ¨Ù‘Ø¹ Playwright (trace) Ù„Ø³ÙŠÙ†Ø§Ø±ÙŠÙˆ Ø§Ù„ØªØ³Ø¬ÙŠÙ„" type="FAILURE">
<![CDATA[  [firefox] â€º auth\signup.e2e.spec.ts:275:3 â€º ðŸ“ ØµÙØ­Ø© Ø§Ù„ØªØ³Ø¬ÙŠÙ„ â€º ðŸ§µ ØªØªØ¨Ù‘Ø¹ Playwright (trace) Ù„Ø³ÙŠÙ†Ø§Ø±ÙŠÙˆ Ø§Ù„ØªØ³Ø¬ÙŠÙ„ 

    Test timeout of 30000ms exceeded.

    Error: page.goto: Test timeout of 30000ms exceeded.
    Call log:
      - navigating to "http://localhost:5173/signup", waiting until "load"


      295 |     });
      296 |
    > 297 |     await page.goto("/signup");
          |                ^
      298 |     await expect(formLocator(page)).toBeVisible();
      299 |     await fillSignupForm(page);
      300 |     await formLocator(page)
        at D:\kaleem\Front-end\tests\e2e\auth\signup.e2e.spec.ts:297:16

    attachment #1: video (video/webm) â”€â”€â”€â”€â”€â”€â”€â”€â”€â”€â”€â”€â”€â”€â”€â”€â”€â”€â”€â”€â”€â”€â”€â”€â”€â”€â”€â”€â”€â”€â”€â”€â”€â”€â”€â”€â”€â”€â”€â”€â”€â”€â”€â”€â”€â”€â”€â”€â”€â”€â”€â”€â”€â”€â”€â”€â”€â”€â”€â”€â”€â”€
    ..\..\test-results\auth-signup.e2e-ðŸ“-ØµÙØ­Ø©-Ø§Ù„-29b65-ight-trace-Ù„Ø³ÙŠÙ†Ø§Ø±ÙŠÙˆ-Ø§Ù„ØªØ³Ø¬ÙŠÙ„-firefox\video.webm
    â”€â”€â”€â”€â”€â”€â”€â”€â”€â”€â”€â”€â”€â”€â”€â”€â”€â”€â”€â”€â”€â”€â”€â”€â”€â”€â”€â”€â”€â”€â”€â”€â”€â”€â”€â”€â”€â”€â”€â”€â”€â”€â”€â”€â”€â”€â”€â”€â”€â”€â”€â”€â”€â”€â”€â”€â”€â”€â”€â”€â”€â”€â”€â”€â”€â”€â”€â”€â”€â”€â”€â”€â”€â”€â”€â”€â”€â”€â”€â”€â”€â”€â”€â”€â”€â”€â”€â”€â”€â”€â”€â”€â”€â”€â”€â”€

    Error Context: ..\..\test-results\auth-signup.e2e-ðŸ“-ØµÙØ­Ø©-Ø§Ù„-29b65-ight-trace-Ù„Ø³ÙŠÙ†Ø§Ø±ÙŠÙˆ-Ø§Ù„ØªØ³Ø¬ÙŠÙ„-firefox\error-context.md
]]>
</failure>
<system-out>
<![CDATA[
[[ATTACHMENT|auth-signup.e2e-ðŸ“-ØµÙØ­Ø©-Ø§Ù„-29b65-ight-trace-Ù„Ø³ÙŠÙ†Ø§Ø±ÙŠÙˆ-Ø§Ù„ØªØ³Ø¬ÙŠÙ„-firefox\video.webm]]

[[ATTACHMENT|auth-signup.e2e-ðŸ“-ØµÙØ­Ø©-Ø§Ù„-29b65-ight-trace-Ù„Ø³ÙŠÙ†Ø§Ø±ÙŠÙˆ-Ø§Ù„ØªØ³Ø¬ÙŠÙ„-firefox\error-context.md]]
]]>
</system-out>
</testcase>
</testsuite>
<testsuite name="auth\signup.e2e.spec.ts" timestamp="2025-09-04T16:36:19.885Z" hostname="webkit" tests="13" failures="2" skipped="0" time="121.289" errors="0">
<testcase name="ðŸ“ ØµÙØ­Ø© Ø§Ù„ØªØ³Ø¬ÙŠÙ„ â€º âœ… ØªØ¹Ø±Ø¶ Ø¹Ù†Ø§ØµØ± Ø§Ù„Ù†Ù…ÙˆØ°Ø¬ Ø§Ù„Ø£Ø³Ø§Ø³ÙŠØ©" classname="auth\signup.e2e.spec.ts" time="10.724">
</testcase>
<testcase name="ðŸ“ ØµÙØ­Ø© Ø§Ù„ØªØ³Ø¬ÙŠÙ„ â€º ðŸ”— Ø±Ø§Ø¨Ø· â€œØªØ³Ø¬ÙŠÙ„ Ø§Ù„Ø¯Ø®ÙˆÙ„â€ ÙŠØ¹Ù…Ù„" classname="auth\signup.e2e.spec.ts" time="12.308">
</testcase>
<testcase name="ðŸ“ ØµÙØ­Ø© Ø§Ù„ØªØ³Ø¬ÙŠÙ„ â€º âŒ Ø¥Ø±Ø³Ø§Ù„ ÙØ§Ø±Øº ÙŠÙØ¸Ù‡Ø± Ø£Ø®Ø·Ø§Ø¡" classname="auth\signup.e2e.spec.ts" time="9.726">
</testcase>
<testcase name="ðŸ“ ØµÙØ­Ø© Ø§Ù„ØªØ³Ø¬ÙŠÙ„ â€º ðŸ“§ Ø¨Ø±ÙŠØ¯ ØºÙŠØ± ØµØ§Ù„Ø­" classname="auth\signup.e2e.spec.ts" time="17.735">
<failure message="signup.e2e.spec.ts:137:3 ðŸ“§ Ø¨Ø±ÙŠØ¯ ØºÙŠØ± ØµØ§Ù„Ø­" type="FAILURE">
<![CDATA[  [webkit] â€º auth\signup.e2e.spec.ts:137:3 â€º ðŸ“ ØµÙØ­Ø© Ø§Ù„ØªØ³Ø¬ÙŠÙ„ â€º ðŸ“§ Ø¨Ø±ÙŠØ¯ ØºÙŠØ± ØµØ§Ù„Ø­ â”€â”€â”€â”€â”€â”€â”€â”€â”€â”€â”€â”€â”€â”€â”€â”€â”€â”€â”€â”€

    Error: expect(locator).toBeVisible() failed

    Locator:  locator('form').getByRole('textbox', { name: /^(?:Ø§Ù„Ø¨Ø±ÙŠØ¯ Ø§Ù„Ø¥Ù„ÙƒØªØ±ÙˆÙ†ÙŠ|Email)$/i }).locator('xpath=ancestor::div[contains(@class,\'MuiFormControl-root\')][1]').locator('[role=\'alert\'], .MuiFormHelperText-root.Mui-error, .error-text, .helper-text-error').first()
    Expected: visible
    Received: <element(s) not found>
    Timeout:  10000ms

    Call log:
      - Expect "toBeVisible" with timeout 10000ms
      - waiting for locator('form').getByRole('textbox', { name: /^(?:Ø§Ù„Ø¨Ø±ÙŠØ¯ Ø§Ù„Ø¥Ù„ÙƒØªØ±ÙˆÙ†ÙŠ|Email)$/i }).locator('xpath=ancestor::div[contains(@class,\'MuiFormControl-root\')][1]').locator('[role=\'alert\'], .MuiFormHelperText-root.Mui-error, .error-text, .helper-text-error').first()


      51 |     "[role='alert'], .MuiFormHelperText-root.Mui-error, .error-text, .helper-text-error"
      52 |   );
    > 53 |   await expect(fallbackErr.first()).toBeVisible();
         |                                     ^
      54 |   if (opts?.messageRe) {
      55 |     await expect(fallbackErr.first()).toHaveText(opts.messageRe);
      56 |   }
        at expectFieldHasError (D:\kaleem\Front-end\tests\e2e\auth\signup.e2e.spec.ts:53:37)
        at D:\kaleem\Front-end\tests\e2e\auth\signup.e2e.spec.ts:143:5

    attachment #1: screenshot (image/png) â”€â”€â”€â”€â”€â”€â”€â”€â”€â”€â”€â”€â”€â”€â”€â”€â”€â”€â”€â”€â”€â”€â”€â”€â”€â”€â”€â”€â”€â”€â”€â”€â”€â”€â”€â”€â”€â”€â”€â”€â”€â”€â”€â”€â”€â”€â”€â”€â”€â”€â”€â”€â”€â”€â”€â”€â”€â”€
    ..\..\test-results\auth-signup.e2e-ðŸ“-ØµÙØ­Ø©-Ø§Ù„ØªØ³Ø¬ÙŠÙ„-ðŸ“§-Ø¨Ø±ÙŠØ¯-ØºÙŠØ±-ØµØ§Ù„Ø­-webkit\test-failed-1.png
    â”€â”€â”€â”€â”€â”€â”€â”€â”€â”€â”€â”€â”€â”€â”€â”€â”€â”€â”€â”€â”€â”€â”€â”€â”€â”€â”€â”€â”€â”€â”€â”€â”€â”€â”€â”€â”€â”€â”€â”€â”€â”€â”€â”€â”€â”€â”€â”€â”€â”€â”€â”€â”€â”€â”€â”€â”€â”€â”€â”€â”€â”€â”€â”€â”€â”€â”€â”€â”€â”€â”€â”€â”€â”€â”€â”€â”€â”€â”€â”€â”€â”€â”€â”€â”€â”€â”€â”€â”€â”€â”€â”€â”€â”€â”€â”€

    attachment #2: video (video/webm) â”€â”€â”€â”€â”€â”€â”€â”€â”€â”€â”€â”€â”€â”€â”€â”€â”€â”€â”€â”€â”€â”€â”€â”€â”€â”€â”€â”€â”€â”€â”€â”€â”€â”€â”€â”€â”€â”€â”€â”€â”€â”€â”€â”€â”€â”€â”€â”€â”€â”€â”€â”€â”€â”€â”€â”€â”€â”€â”€â”€â”€â”€
    ..\..\test-results\auth-signup.e2e-ðŸ“-ØµÙØ­Ø©-Ø§Ù„ØªØ³Ø¬ÙŠÙ„-ðŸ“§-Ø¨Ø±ÙŠØ¯-ØºÙŠØ±-ØµØ§Ù„Ø­-webkit\video.webm
    â”€â”€â”€â”€â”€â”€â”€â”€â”€â”€â”€â”€â”€â”€â”€â”€â”€â”€â”€â”€â”€â”€â”€â”€â”€â”€â”€â”€â”€â”€â”€â”€â”€â”€â”€â”€â”€â”€â”€â”€â”€â”€â”€â”€â”€â”€â”€â”€â”€â”€â”€â”€â”€â”€â”€â”€â”€â”€â”€â”€â”€â”€â”€â”€â”€â”€â”€â”€â”€â”€â”€â”€â”€â”€â”€â”€â”€â”€â”€â”€â”€â”€â”€â”€â”€â”€â”€â”€â”€â”€â”€â”€â”€â”€â”€â”€

    Error Context: ..\..\test-results\auth-signup.e2e-ðŸ“-ØµÙØ­Ø©-Ø§Ù„ØªØ³Ø¬ÙŠÙ„-ðŸ“§-Ø¨Ø±ÙŠØ¯-ØºÙŠØ±-ØµØ§Ù„Ø­-webkit\error-context.md
]]>
</failure>
<system-out>
<![CDATA[
[[ATTACHMENT|auth-signup.e2e-ðŸ“-ØµÙØ­Ø©-Ø§Ù„ØªØ³Ø¬ÙŠÙ„-ðŸ“§-Ø¨Ø±ÙŠØ¯-ØºÙŠØ±-ØµØ§Ù„Ø­-webkit\test-failed-1.png]]

[[ATTACHMENT|auth-signup.e2e-ðŸ“-ØµÙØ­Ø©-Ø§Ù„ØªØ³Ø¬ÙŠÙ„-ðŸ“§-Ø¨Ø±ÙŠØ¯-ØºÙŠØ±-ØµØ§Ù„Ø­-webkit\video.webm]]

[[ATTACHMENT|auth-signup.e2e-ðŸ“-ØµÙØ­Ø©-Ø§Ù„ØªØ³Ø¬ÙŠÙ„-ðŸ“§-Ø¨Ø±ÙŠØ¯-ØºÙŠØ±-ØµØ§Ù„Ø­-webkit\error-context.md]]
]]>
</system-out>
</testcase>
<testcase name="ðŸ“ ØµÙØ­Ø© Ø§Ù„ØªØ³Ø¬ÙŠÙ„ â€º ðŸ”’ ÙƒÙ„Ù…Ø© Ù…Ø±ÙˆØ± Ù‚ØµÙŠØ±Ø©" classname="auth\signup.e2e.spec.ts" time="7.843">
</testcase>
<testcase name="ðŸ“ ØµÙØ­Ø© Ø§Ù„ØªØ³Ø¬ÙŠÙ„ â€º ðŸ§¼ Ø£Ù…Ø§Ù†: Ø§Ù„Ù…Ø¯Ø®Ù„Ø§Øª Ø§Ù„Ø®Ø¨ÙŠØ«Ø© ØªÙÙ†Ø¸Ù‘Ù (Ø¨Ø¯Ù„Ø§Ù‹ Ù…Ù† ØªÙˆÙ‚Ø¹ invalid)" classname="auth\signup.e2e.spec.ts" time="5.784">
</testcase>
<testcase name="ðŸ“ ØµÙØ­Ø© Ø§Ù„ØªØ³Ø¬ÙŠÙ„ â€º ðŸ‘ï¸ Ø¥Ø¸Ù‡Ø§Ø±/Ø¥Ø®ÙØ§Ø¡ ÙƒÙ„Ù…Ø© Ø§Ù„Ù…Ø±ÙˆØ± ÙŠØºÙŠÙ‘Ø± Ø§Ù„Ù†ÙˆØ¹" classname="auth\signup.e2e.spec.ts" time="5.223">
</testcase>
<testcase name="ðŸ“ ØµÙØ­Ø© Ø§Ù„ØªØ³Ø¬ÙŠÙ„ â€º âœ… Ù†Ø¬Ø§Ø­ Ø§Ù„ØªØ³Ø¬ÙŠÙ„ â†’ /verify-email Ø¥Ø°Ø§ emailVerified=false Ø£Ùˆ Ù„Ø§ ÙŠÙˆØ¬Ø¯ ØªÙˆÙƒÙ†" classname="auth\signup.e2e.spec.ts" time="7.408">
</testcase>
<testcase name="ðŸ“ ØµÙØ­Ø© Ø§Ù„ØªØ³Ø¬ÙŠÙ„ â€º âŒ Ø¨Ø±ÙŠØ¯ Ù…Ø³ØªØ®Ø¯Ù… Ù…Ø³Ø¨Ù‚Ù‹Ø§ (409): Ù†Ø¨Ù‚Ù‰ ÙÙŠ /signup ÙˆÙŠØ¸Ù‡Ø± Ø®Ø·Ø£" classname="auth\signup.e2e.spec.ts" time="16.914">
<failure message="signup.e2e.spec.ts:221:3 âŒ Ø¨Ø±ÙŠØ¯ Ù…Ø³ØªØ®Ø¯Ù… Ù…Ø³Ø¨Ù‚Ù‹Ø§ (409): Ù†Ø¨Ù‚Ù‰ ÙÙŠ /signup ÙˆÙŠØ¸Ù‡Ø± Ø®Ø·Ø£" type="FAILURE">
<![CDATA[  [webkit] â€º auth\signup.e2e.spec.ts:221:3 â€º ðŸ“ ØµÙØ­Ø© Ø§Ù„ØªØ³Ø¬ÙŠÙ„ â€º âŒ Ø¨Ø±ÙŠØ¯ Ù…Ø³ØªØ®Ø¯Ù… Ù…Ø³Ø¨Ù‚Ù‹Ø§ (409): Ù†Ø¨Ù‚Ù‰ ÙÙŠ /signup ÙˆÙŠØ¸Ù‡Ø± Ø®Ø·Ø£ 

    Error: expect(locator).toBeVisible() failed

    Locator:  locator('form').getByRole('textbox', { name: /^(?:Ø§Ù„Ø¨Ø±ÙŠØ¯ Ø§Ù„Ø¥Ù„ÙƒØªØ±ÙˆÙ†ÙŠ|Email)$/i }).locator('xpath=ancestor::div[contains(@class,\'MuiFormControl-root\')][1]').locator('[role=\'alert\'], .MuiFormHelperText-root.Mui-error, .error-text, .helper-text-error').first()
    Expected: visible
    Received: <element(s) not found>
    Timeout:  10000ms

    Call log:
      - Expect "toBeVisible" with timeout 10000ms
      - waiting for locator('form').getByRole('textbox', { name: /^(?:Ø§Ù„Ø¨Ø±ÙŠØ¯ Ø§Ù„Ø¥Ù„ÙƒØªØ±ÙˆÙ†ÙŠ|Email)$/i }).locator('xpath=ancestor::div[contains(@class,\'MuiFormControl-root\')][1]').locator('[role=\'alert\'], .MuiFormHelperText-root.Mui-error, .error-text, .helper-text-error').first()


      51 |     "[role='alert'], .MuiFormHelperText-root.Mui-error, .error-text, .helper-text-error"
      52 |   );
    > 53 |   await expect(fallbackErr.first()).toBeVisible();
         |                                     ^
      54 |   if (opts?.messageRe) {
      55 |     await expect(fallbackErr.first()).toHaveText(opts.messageRe);
      56 |   }
        at expectFieldHasError (D:\kaleem\Front-end\tests\e2e\auth\signup.e2e.spec.ts:53:37)
        at D:\kaleem\Front-end\tests\e2e\auth\signup.e2e.spec.ts:242:7

    attachment #1: screenshot (image/png) â”€â”€â”€â”€â”€â”€â”€â”€â”€â”€â”€â”€â”€â”€â”€â”€â”€â”€â”€â”€â”€â”€â”€â”€â”€â”€â”€â”€â”€â”€â”€â”€â”€â”€â”€â”€â”€â”€â”€â”€â”€â”€â”€â”€â”€â”€â”€â”€â”€â”€â”€â”€â”€â”€â”€â”€â”€â”€
    ..\..\test-results\auth-signup.e2e-ðŸ“-ØµÙØ­Ø©-Ø§Ù„-4163b-09-Ù†Ø¨Ù‚Ù‰-ÙÙŠ-signup-ÙˆÙŠØ¸Ù‡Ø±-Ø®Ø·Ø£-webkit\test-failed-1.png
    â”€â”€â”€â”€â”€â”€â”€â”€â”€â”€â”€â”€â”€â”€â”€â”€â”€â”€â”€â”€â”€â”€â”€â”€â”€â”€â”€â”€â”€â”€â”€â”€â”€â”€â”€â”€â”€â”€â”€â”€â”€â”€â”€â”€â”€â”€â”€â”€â”€â”€â”€â”€â”€â”€â”€â”€â”€â”€â”€â”€â”€â”€â”€â”€â”€â”€â”€â”€â”€â”€â”€â”€â”€â”€â”€â”€â”€â”€â”€â”€â”€â”€â”€â”€â”€â”€â”€â”€â”€â”€â”€â”€â”€â”€â”€â”€

    attachment #2: video (video/webm) â”€â”€â”€â”€â”€â”€â”€â”€â”€â”€â”€â”€â”€â”€â”€â”€â”€â”€â”€â”€â”€â”€â”€â”€â”€â”€â”€â”€â”€â”€â”€â”€â”€â”€â”€â”€â”€â”€â”€â”€â”€â”€â”€â”€â”€â”€â”€â”€â”€â”€â”€â”€â”€â”€â”€â”€â”€â”€â”€â”€â”€â”€
    ..\..\test-results\auth-signup.e2e-ðŸ“-ØµÙØ­Ø©-Ø§Ù„-4163b-09-Ù†Ø¨Ù‚Ù‰-ÙÙŠ-signup-ÙˆÙŠØ¸Ù‡Ø±-Ø®Ø·Ø£-webkit\video.webm
    â”€â”€â”€â”€â”€â”€â”€â”€â”€â”€â”€â”€â”€â”€â”€â”€â”€â”€â”€â”€â”€â”€â”€â”€â”€â”€â”€â”€â”€â”€â”€â”€â”€â”€â”€â”€â”€â”€â”€â”€â”€â”€â”€â”€â”€â”€â”€â”€â”€â”€â”€â”€â”€â”€â”€â”€â”€â”€â”€â”€â”€â”€â”€â”€â”€â”€â”€â”€â”€â”€â”€â”€â”€â”€â”€â”€â”€â”€â”€â”€â”€â”€â”€â”€â”€â”€â”€â”€â”€â”€â”€â”€â”€â”€â”€â”€

    Error Context: ..\..\test-results\auth-signup.e2e-ðŸ“-ØµÙØ­Ø©-Ø§Ù„-4163b-09-Ù†Ø¨Ù‚Ù‰-ÙÙŠ-signup-ÙˆÙŠØ¸Ù‡Ø±-Ø®Ø·Ø£-webkit\error-context.md
]]>
</failure>
<system-out>
<![CDATA[
[[ATTACHMENT|auth-signup.e2e-ðŸ“-ØµÙØ­Ø©-Ø§Ù„-4163b-09-Ù†Ø¨Ù‚Ù‰-ÙÙŠ-signup-ÙˆÙŠØ¸Ù‡Ø±-Ø®Ø·Ø£-webkit\test-failed-1.png]]

[[ATTACHMENT|auth-signup.e2e-ðŸ“-ØµÙØ­Ø©-Ø§Ù„-4163b-09-Ù†Ø¨Ù‚Ù‰-ÙÙŠ-signup-ÙˆÙŠØ¸Ù‡Ø±-Ø®Ø·Ø£-webkit\video.webm]]

[[ATTACHMENT|auth-signup.e2e-ðŸ“-ØµÙØ­Ø©-Ø§Ù„-4163b-09-Ù†Ø¨Ù‚Ù‰-ÙÙŠ-signup-ÙˆÙŠØ¸Ù‡Ø±-Ø®Ø·Ø£-webkit\error-context.md]]
]]>
</system-out>
</testcase>
<testcase name="ðŸ“ ØµÙØ­Ø© Ø§Ù„ØªØ³Ø¬ÙŠÙ„ â€º ðŸ“± ØªØ¬Ø§ÙˆØ¨ Ø§Ù„ÙˆØ§Ø¬Ù‡Ø©" classname="auth\signup.e2e.spec.ts" time="4.804">
</testcase>
<testcase name="ðŸ“ ØµÙØ­Ø© Ø§Ù„ØªØ³Ø¬ÙŠÙ„ â€º ðŸŽ¨ RTL/Lang Ù…ÙˆØ¬ÙˆØ¯Ø©" classname="auth\signup.e2e.spec.ts" time="5.223">
</testcase>
<testcase name="ðŸ“ ØµÙØ­Ø© Ø§Ù„ØªØ³Ø¬ÙŠÙ„ â€º â±ï¸ Ø£Ø¯Ø§Ø¡ Ø£Ø³Ø§Ø³ÙŠ" classname="auth\signup.e2e.spec.ts" time="7.035">
</testcase>
<testcase name="ðŸ“ ØµÙØ­Ø© Ø§Ù„ØªØ³Ø¬ÙŠÙ„ â€º ðŸ§µ ØªØªØ¨Ù‘Ø¹ Playwright (trace) Ù„Ø³ÙŠÙ†Ø§Ø±ÙŠÙˆ Ø§Ù„ØªØ³Ø¬ÙŠÙ„" classname="auth\signup.e2e.spec.ts" time="10.562">
</testcase>
</testsuite>
</testsuites>