<testsuites id="" name="" tests="39" failures="8" skipped="0" errors="0" time="185.863194">
<testsuite name="auth\signup.e2e.spec.ts" timestamp="2025-09-04T16:36:19.885Z" hostname="chromium" tests="13" failures="2" skipped="0" time="147.858" errors="0">
<testcase name="📝 صفحة التسجيل › ✅ تعرض عناصر النموذج الأساسية" classname="auth\signup.e2e.spec.ts" time="10.221">
</testcase>
<testcase name="📝 صفحة التسجيل › 🔗 رابط “تسجيل الدخول” يعمل" classname="auth\signup.e2e.spec.ts" time="10.134">
</testcase>
<testcase name="📝 صفحة التسجيل › ❌ إرسال فارغ يُظهر أخطاء" classname="auth\signup.e2e.spec.ts" time="10.62">
</testcase>
<testcase name="📝 صفحة التسجيل › 📧 بريد غير صالح" classname="auth\signup.e2e.spec.ts" time="21.68">
<failure message="signup.e2e.spec.ts:137:3 📧 بريد غير صالح" type="FAILURE">
<![CDATA[  [chromium] › auth\signup.e2e.spec.ts:137:3 › 📝 صفحة التسجيل › 📧 بريد غير صالح ──────────────────

    Error: expect(locator).toBeVisible() failed

    Locator:  locator('form').getByRole('textbox', { name: /^(?:البريد الإلكتروني|Email)$/i }).locator('xpath=ancestor::div[contains(@class,\'MuiFormControl-root\')][1]').locator('[role=\'alert\'], .MuiFormHelperText-root.Mui-error, .error-text, .helper-text-error').first()
    Expected: visible
    Received: <element(s) not found>
    Timeout:  10000ms

    Call log:
      - Expect "toBeVisible" with timeout 10000ms
      - waiting for locator('form').getByRole('textbox', { name: /^(?:البريد الإلكتروني|Email)$/i }).locator('xpath=ancestor::div[contains(@class,\'MuiFormControl-root\')][1]').locator('[role=\'alert\'], .MuiFormHelperText-root.Mui-error, .error-text, .helper-text-error').first()


      51 |     "[role='alert'], .MuiFormHelperText-root.Mui-error, .error-text, .helper-text-error"
      52 |   );
    > 53 |   await expect(fallbackErr.first()).toBeVisible();
         |                                     ^
      54 |   if (opts?.messageRe) {
      55 |     await expect(fallbackErr.first()).toHaveText(opts.messageRe);
      56 |   }
        at expectFieldHasError (D:\kaleem\Front-end\tests\e2e\auth\signup.e2e.spec.ts:53:37)
        at D:\kaleem\Front-end\tests\e2e\auth\signup.e2e.spec.ts:143:5

    attachment #1: screenshot (image/png) ──────────────────────────────────────────────────────────
    ..\..\test-results\auth-signup.e2e-📝-صفحة-التسجيل-📧-بريد-غير-صالح-chromium\test-failed-1.png
    ────────────────────────────────────────────────────────────────────────────────────────────────

    attachment #2: video (video/webm) ──────────────────────────────────────────────────────────────
    ..\..\test-results\auth-signup.e2e-📝-صفحة-التسجيل-📧-بريد-غير-صالح-chromium\video.webm
    ────────────────────────────────────────────────────────────────────────────────────────────────

    Error Context: ..\..\test-results\auth-signup.e2e-📝-صفحة-التسجيل-📧-بريد-غير-صالح-chromium\error-context.md
]]>
</failure>
<system-out>
<![CDATA[
[[ATTACHMENT|auth-signup.e2e-📝-صفحة-التسجيل-📧-بريد-غير-صالح-chromium\test-failed-1.png]]

[[ATTACHMENT|auth-signup.e2e-📝-صفحة-التسجيل-📧-بريد-غير-صالح-chromium\video.webm]]

[[ATTACHMENT|auth-signup.e2e-📝-صفحة-التسجيل-📧-بريد-غير-صالح-chromium\error-context.md]]
]]>
</system-out>
</testcase>
<testcase name="📝 صفحة التسجيل › 🔒 كلمة مرور قصيرة" classname="auth\signup.e2e.spec.ts" time="10.354">
</testcase>
<testcase name="📝 صفحة التسجيل › 🧼 أمان: المدخلات الخبيثة تُنظّف (بدلاً من توقع invalid)" classname="auth\signup.e2e.spec.ts" time="10.399">
</testcase>
<testcase name="📝 صفحة التسجيل › 👁️ إظهار/إخفاء كلمة المرور يغيّر النوع" classname="auth\signup.e2e.spec.ts" time="9.076">
</testcase>
<testcase name="📝 صفحة التسجيل › ✅ نجاح التسجيل → /verify-email إذا emailVerified=false أو لا يوجد توكن" classname="auth\signup.e2e.spec.ts" time="8.073">
</testcase>
<testcase name="📝 صفحة التسجيل › ❌ بريد مستخدم مسبقًا (409): نبقى في /signup ويظهر خطأ" classname="auth\signup.e2e.spec.ts" time="19.144">
<failure message="signup.e2e.spec.ts:221:3 ❌ بريد مستخدم مسبقًا (409): نبقى في /signup ويظهر خطأ" type="FAILURE">
<![CDATA[  [chromium] › auth\signup.e2e.spec.ts:221:3 › 📝 صفحة التسجيل › ❌ بريد مستخدم مسبقًا (409): نبقى في /signup ويظهر خطأ 

    Error: expect(locator).toBeVisible() failed

    Locator:  locator('form').getByRole('textbox', { name: /^(?:البريد الإلكتروني|Email)$/i }).locator('xpath=ancestor::div[contains(@class,\'MuiFormControl-root\')][1]').locator('[role=\'alert\'], .MuiFormHelperText-root.Mui-error, .error-text, .helper-text-error').first()
    Expected: visible
    Received: <element(s) not found>
    Timeout:  10000ms

    Call log:
      - Expect "toBeVisible" with timeout 10000ms
      - waiting for locator('form').getByRole('textbox', { name: /^(?:البريد الإلكتروني|Email)$/i }).locator('xpath=ancestor::div[contains(@class,\'MuiFormControl-root\')][1]').locator('[role=\'alert\'], .MuiFormHelperText-root.Mui-error, .error-text, .helper-text-error').first()


      51 |     "[role='alert'], .MuiFormHelperText-root.Mui-error, .error-text, .helper-text-error"
      52 |   );
    > 53 |   await expect(fallbackErr.first()).toBeVisible();
         |                                     ^
      54 |   if (opts?.messageRe) {
      55 |     await expect(fallbackErr.first()).toHaveText(opts.messageRe);
      56 |   }
        at expectFieldHasError (D:\kaleem\Front-end\tests\e2e\auth\signup.e2e.spec.ts:53:37)
        at D:\kaleem\Front-end\tests\e2e\auth\signup.e2e.spec.ts:242:7

    attachment #1: screenshot (image/png) ──────────────────────────────────────────────────────────
    ..\..\test-results\auth-signup.e2e-📝-صفحة-ال-4163b-09-نبقى-في-signup-ويظهر-خطأ-chromium\test-failed-1.png
    ────────────────────────────────────────────────────────────────────────────────────────────────

    attachment #2: video (video/webm) ──────────────────────────────────────────────────────────────
    ..\..\test-results\auth-signup.e2e-📝-صفحة-ال-4163b-09-نبقى-في-signup-ويظهر-خطأ-chromium\video.webm
    ────────────────────────────────────────────────────────────────────────────────────────────────

    Error Context: ..\..\test-results\auth-signup.e2e-📝-صفحة-ال-4163b-09-نبقى-في-signup-ويظهر-خطأ-chromium\error-context.md
]]>
</failure>
<system-out>
<![CDATA[
[[ATTACHMENT|auth-signup.e2e-📝-صفحة-ال-4163b-09-نبقى-في-signup-ويظهر-خطأ-chromium\test-failed-1.png]]

[[ATTACHMENT|auth-signup.e2e-📝-صفحة-ال-4163b-09-نبقى-في-signup-ويظهر-خطأ-chromium\video.webm]]

[[ATTACHMENT|auth-signup.e2e-📝-صفحة-ال-4163b-09-نبقى-في-signup-ويظهر-خطأ-chromium\error-context.md]]
]]>
</system-out>
</testcase>
<testcase name="📝 صفحة التسجيل › 📱 تجاوب الواجهة" classname="auth\signup.e2e.spec.ts" time="7.876">
</testcase>
<testcase name="📝 صفحة التسجيل › 🎨 RTL/Lang موجودة" classname="auth\signup.e2e.spec.ts" time="7.315">
</testcase>
<testcase name="📝 صفحة التسجيل › ⏱️ أداء أساسي" classname="auth\signup.e2e.spec.ts" time="10.736">
</testcase>
<testcase name="📝 صفحة التسجيل › 🧵 تتبّع Playwright (trace) لسيناريو التسجيل" classname="auth\signup.e2e.spec.ts" time="12.23">
</testcase>
</testsuite>
<testsuite name="auth\signup.e2e.spec.ts" timestamp="2025-09-04T16:36:19.885Z" hostname="firefox" tests="13" failures="4" skipped="0" time="366.225" errors="0">
<testcase name="📝 صفحة التسجيل › ✅ تعرض عناصر النموذج الأساسية" classname="auth\signup.e2e.spec.ts" time="25.382">
</testcase>
<testcase name="📝 صفحة التسجيل › 🔗 رابط “تسجيل الدخول” يعمل" classname="auth\signup.e2e.spec.ts" time="28.613">
</testcase>
<testcase name="📝 صفحة التسجيل › ❌ إرسال فارغ يُظهر أخطاء" classname="auth\signup.e2e.spec.ts" time="28.768">
</testcase>
<testcase name="📝 صفحة التسجيل › 📧 بريد غير صالح" classname="auth\signup.e2e.spec.ts" time="30.855">
<failure message="signup.e2e.spec.ts:137:3 📧 بريد غير صالح" type="FAILURE">
<![CDATA[  [firefox] › auth\signup.e2e.spec.ts:137:3 › 📝 صفحة التسجيل › 📧 بريد غير صالح ───────────────────

    Test timeout of 30000ms exceeded.

    Error: expect(locator).toBeVisible() failed

    Locator:  locator('form').getByRole('textbox', { name: /^(?:البريد الإلكتروني|Email)$/i }).locator('xpath=ancestor::div[contains(@class,\'MuiFormControl-root\')][1]').locator('[role=\'alert\'], .MuiFormHelperText-root.Mui-error, .error-text, .helper-text-error').first()
    Expected: visible
    Received: <element(s) not found>

    Call log:
      - Expect "toBeVisible" with timeout 10000ms
      - waiting for locator('form').getByRole('textbox', { name: /^(?:البريد الإلكتروني|Email)$/i }).locator('xpath=ancestor::div[contains(@class,\'MuiFormControl-root\')][1]').locator('[role=\'alert\'], .MuiFormHelperText-root.Mui-error, .error-text, .helper-text-error').first()


      51 |     "[role='alert'], .MuiFormHelperText-root.Mui-error, .error-text, .helper-text-error"
      52 |   );
    > 53 |   await expect(fallbackErr.first()).toBeVisible();
         |                                     ^
      54 |   if (opts?.messageRe) {
      55 |     await expect(fallbackErr.first()).toHaveText(opts.messageRe);
      56 |   }
        at expectFieldHasError (D:\kaleem\Front-end\tests\e2e\auth\signup.e2e.spec.ts:53:37)
        at D:\kaleem\Front-end\tests\e2e\auth\signup.e2e.spec.ts:143:5

    attachment #1: screenshot (image/png) ──────────────────────────────────────────────────────────
    ..\..\test-results\auth-signup.e2e-📝-صفحة-التسجيل-📧-بريد-غير-صالح-firefox\test-failed-1.png
    ────────────────────────────────────────────────────────────────────────────────────────────────

    attachment #2: video (video/webm) ──────────────────────────────────────────────────────────────
    ..\..\test-results\auth-signup.e2e-📝-صفحة-التسجيل-📧-بريد-غير-صالح-firefox\video.webm
    ────────────────────────────────────────────────────────────────────────────────────────────────

    Error Context: ..\..\test-results\auth-signup.e2e-📝-صفحة-التسجيل-📧-بريد-غير-صالح-firefox\error-context.md
]]>
</failure>
<system-out>
<![CDATA[
[[ATTACHMENT|auth-signup.e2e-📝-صفحة-التسجيل-📧-بريد-غير-صالح-firefox\test-failed-1.png]]

[[ATTACHMENT|auth-signup.e2e-📝-صفحة-التسجيل-📧-بريد-غير-صالح-firefox\video.webm]]

[[ATTACHMENT|auth-signup.e2e-📝-صفحة-التسجيل-📧-بريد-غير-صالح-firefox\error-context.md]]
]]>
</system-out>
</testcase>
<testcase name="📝 صفحة التسجيل › 🔒 كلمة مرور قصيرة" classname="auth\signup.e2e.spec.ts" time="22.885">
</testcase>
<testcase name="📝 صفحة التسجيل › 🧼 أمان: المدخلات الخبيثة تُنظّف (بدلاً من توقع invalid)" classname="auth\signup.e2e.spec.ts" time="22.785">
</testcase>
<testcase name="📝 صفحة التسجيل › 👁️ إظهار/إخفاء كلمة المرور يغيّر النوع" classname="auth\signup.e2e.spec.ts" time="24.488">
</testcase>
<testcase name="📝 صفحة التسجيل › ✅ نجاح التسجيل → /verify-email إذا emailVerified=false أو لا يوجد توكن" classname="auth\signup.e2e.spec.ts" time="28.808">
</testcase>
<testcase name="📝 صفحة التسجيل › ❌ بريد مستخدم مسبقًا (409): نبقى في /signup ويظهر خطأ" classname="auth\signup.e2e.spec.ts" time="30.405">
<failure message="signup.e2e.spec.ts:221:3 ❌ بريد مستخدم مسبقًا (409): نبقى في /signup ويظهر خطأ" type="FAILURE">
<![CDATA[  [firefox] › auth\signup.e2e.spec.ts:221:3 › 📝 صفحة التسجيل › ❌ بريد مستخدم مسبقًا (409): نبقى في /signup ويظهر خطأ 

    Test timeout of 30000ms exceeded.

    Error: expect(locator).toBeVisible() failed

    Locator:  locator('form').getByRole('textbox', { name: /^(?:البريد الإلكتروني|Email)$/i }).locator('xpath=ancestor::div[contains(@class,\'MuiFormControl-root\')][1]').locator('[role=\'alert\'], .MuiFormHelperText-root.Mui-error, .error-text, .helper-text-error').first()
    Expected: visible
    Received: <element(s) not found>

    Call log:
      - Expect "toBeVisible" with timeout 10000ms
      - waiting for locator('form').getByRole('textbox', { name: /^(?:البريد الإلكتروني|Email)$/i }).locator('xpath=ancestor::div[contains(@class,\'MuiFormControl-root\')][1]').locator('[role=\'alert\'], .MuiFormHelperText-root.Mui-error, .error-text, .helper-text-error').first()


      51 |     "[role='alert'], .MuiFormHelperText-root.Mui-error, .error-text, .helper-text-error"
      52 |   );
    > 53 |   await expect(fallbackErr.first()).toBeVisible();
         |                                     ^
      54 |   if (opts?.messageRe) {
      55 |     await expect(fallbackErr.first()).toHaveText(opts.messageRe);
      56 |   }
        at expectFieldHasError (D:\kaleem\Front-end\tests\e2e\auth\signup.e2e.spec.ts:53:37)
        at D:\kaleem\Front-end\tests\e2e\auth\signup.e2e.spec.ts:242:7

    attachment #1: screenshot (image/png) ──────────────────────────────────────────────────────────
    ..\..\test-results\auth-signup.e2e-📝-صفحة-ال-4163b-09-نبقى-في-signup-ويظهر-خطأ-firefox\test-failed-1.png
    ────────────────────────────────────────────────────────────────────────────────────────────────

    attachment #2: video (video/webm) ──────────────────────────────────────────────────────────────
    ..\..\test-results\auth-signup.e2e-📝-صفحة-ال-4163b-09-نبقى-في-signup-ويظهر-خطأ-firefox\video.webm
    ────────────────────────────────────────────────────────────────────────────────────────────────

    Error Context: ..\..\test-results\auth-signup.e2e-📝-صفحة-ال-4163b-09-نبقى-في-signup-ويظهر-خطأ-firefox\error-context.md
]]>
</failure>
<system-out>
<![CDATA[
[[ATTACHMENT|auth-signup.e2e-📝-صفحة-ال-4163b-09-نبقى-في-signup-ويظهر-خطأ-firefox\test-failed-1.png]]

[[ATTACHMENT|auth-signup.e2e-📝-صفحة-ال-4163b-09-نبقى-في-signup-ويظهر-خطأ-firefox\video.webm]]

[[ATTACHMENT|auth-signup.e2e-📝-صفحة-ال-4163b-09-نبقى-في-signup-ويظهر-خطأ-firefox\error-context.md]]
]]>
</system-out>
</testcase>
<testcase name="📝 صفحة التسجيل › 📱 تجاوب الواجهة" classname="auth\signup.e2e.spec.ts" time="25.255">
</testcase>
<testcase name="📝 صفحة التسجيل › 🎨 RTL/Lang موجودة" classname="auth\signup.e2e.spec.ts" time="24.162">
</testcase>
<testcase name="📝 صفحة التسجيل › ⏱️ أداء أساسي" classname="auth\signup.e2e.spec.ts" time="37.3">
<failure message="signup.e2e.spec.ts:268:3 ⏱️ أداء أساسي" type="FAILURE">
<![CDATA[  [firefox] › auth\signup.e2e.spec.ts:268:3 › 📝 صفحة التسجيل › ⏱️ أداء أساسي ──────────────────────

    Test timeout of 30000ms exceeded.

    Error: page.goto: Test timeout of 30000ms exceeded.
    Call log:
      - navigating to "http://localhost:5173/signup", waiting until "load"


      268 |   test("⏱️ أداء أساسي", async ({ page }) => {
      269 |     const t0 = Date.now();
    > 270 |     await page.goto("/signup");
          |                ^
      271 |     await expect(formLocator(page)).toBeVisible();
      272 |     expect(Date.now() - t0).toBeLessThan(5000);
      273 |   });
        at D:\kaleem\Front-end\tests\e2e\auth\signup.e2e.spec.ts:270:16

    attachment #1: video (video/webm) ──────────────────────────────────────────────────────────────
    ..\..\test-results\auth-signup.e2e-📝-صفحة-التسجيل-⏱️-أداء-أساسي-firefox\video.webm
    ────────────────────────────────────────────────────────────────────────────────────────────────

    Error Context: ..\..\test-results\auth-signup.e2e-📝-صفحة-التسجيل-⏱️-أداء-أساسي-firefox\error-context.md
]]>
</failure>
<system-out>
<![CDATA[
[[ATTACHMENT|auth-signup.e2e-📝-صفحة-التسجيل-⏱️-أداء-أساسي-firefox\video.webm]]

[[ATTACHMENT|auth-signup.e2e-📝-صفحة-التسجيل-⏱️-أداء-أساسي-firefox\error-context.md]]
]]>
</system-out>
</testcase>
<testcase name="📝 صفحة التسجيل › 🧵 تتبّع Playwright (trace) لسيناريو التسجيل" classname="auth\signup.e2e.spec.ts" time="36.519">
<failure message="signup.e2e.spec.ts:275:3 🧵 تتبّع Playwright (trace) لسيناريو التسجيل" type="FAILURE">
<![CDATA[  [firefox] › auth\signup.e2e.spec.ts:275:3 › 📝 صفحة التسجيل › 🧵 تتبّع Playwright (trace) لسيناريو التسجيل 

    Test timeout of 30000ms exceeded.

    Error: page.goto: Test timeout of 30000ms exceeded.
    Call log:
      - navigating to "http://localhost:5173/signup", waiting until "load"


      295 |     });
      296 |
    > 297 |     await page.goto("/signup");
          |                ^
      298 |     await expect(formLocator(page)).toBeVisible();
      299 |     await fillSignupForm(page);
      300 |     await formLocator(page)
        at D:\kaleem\Front-end\tests\e2e\auth\signup.e2e.spec.ts:297:16

    attachment #1: video (video/webm) ──────────────────────────────────────────────────────────────
    ..\..\test-results\auth-signup.e2e-📝-صفحة-ال-29b65-ight-trace-لسيناريو-التسجيل-firefox\video.webm
    ────────────────────────────────────────────────────────────────────────────────────────────────

    Error Context: ..\..\test-results\auth-signup.e2e-📝-صفحة-ال-29b65-ight-trace-لسيناريو-التسجيل-firefox\error-context.md
]]>
</failure>
<system-out>
<![CDATA[
[[ATTACHMENT|auth-signup.e2e-📝-صفحة-ال-29b65-ight-trace-لسيناريو-التسجيل-firefox\video.webm]]

[[ATTACHMENT|auth-signup.e2e-📝-صفحة-ال-29b65-ight-trace-لسيناريو-التسجيل-firefox\error-context.md]]
]]>
</system-out>
</testcase>
</testsuite>
<testsuite name="auth\signup.e2e.spec.ts" timestamp="2025-09-04T16:36:19.885Z" hostname="webkit" tests="13" failures="2" skipped="0" time="121.289" errors="0">
<testcase name="📝 صفحة التسجيل › ✅ تعرض عناصر النموذج الأساسية" classname="auth\signup.e2e.spec.ts" time="10.724">
</testcase>
<testcase name="📝 صفحة التسجيل › 🔗 رابط “تسجيل الدخول” يعمل" classname="auth\signup.e2e.spec.ts" time="12.308">
</testcase>
<testcase name="📝 صفحة التسجيل › ❌ إرسال فارغ يُظهر أخطاء" classname="auth\signup.e2e.spec.ts" time="9.726">
</testcase>
<testcase name="📝 صفحة التسجيل › 📧 بريد غير صالح" classname="auth\signup.e2e.spec.ts" time="17.735">
<failure message="signup.e2e.spec.ts:137:3 📧 بريد غير صالح" type="FAILURE">
<![CDATA[  [webkit] › auth\signup.e2e.spec.ts:137:3 › 📝 صفحة التسجيل › 📧 بريد غير صالح ────────────────────

    Error: expect(locator).toBeVisible() failed

    Locator:  locator('form').getByRole('textbox', { name: /^(?:البريد الإلكتروني|Email)$/i }).locator('xpath=ancestor::div[contains(@class,\'MuiFormControl-root\')][1]').locator('[role=\'alert\'], .MuiFormHelperText-root.Mui-error, .error-text, .helper-text-error').first()
    Expected: visible
    Received: <element(s) not found>
    Timeout:  10000ms

    Call log:
      - Expect "toBeVisible" with timeout 10000ms
      - waiting for locator('form').getByRole('textbox', { name: /^(?:البريد الإلكتروني|Email)$/i }).locator('xpath=ancestor::div[contains(@class,\'MuiFormControl-root\')][1]').locator('[role=\'alert\'], .MuiFormHelperText-root.Mui-error, .error-text, .helper-text-error').first()


      51 |     "[role='alert'], .MuiFormHelperText-root.Mui-error, .error-text, .helper-text-error"
      52 |   );
    > 53 |   await expect(fallbackErr.first()).toBeVisible();
         |                                     ^
      54 |   if (opts?.messageRe) {
      55 |     await expect(fallbackErr.first()).toHaveText(opts.messageRe);
      56 |   }
        at expectFieldHasError (D:\kaleem\Front-end\tests\e2e\auth\signup.e2e.spec.ts:53:37)
        at D:\kaleem\Front-end\tests\e2e\auth\signup.e2e.spec.ts:143:5

    attachment #1: screenshot (image/png) ──────────────────────────────────────────────────────────
    ..\..\test-results\auth-signup.e2e-📝-صفحة-التسجيل-📧-بريد-غير-صالح-webkit\test-failed-1.png
    ────────────────────────────────────────────────────────────────────────────────────────────────

    attachment #2: video (video/webm) ──────────────────────────────────────────────────────────────
    ..\..\test-results\auth-signup.e2e-📝-صفحة-التسجيل-📧-بريد-غير-صالح-webkit\video.webm
    ────────────────────────────────────────────────────────────────────────────────────────────────

    Error Context: ..\..\test-results\auth-signup.e2e-📝-صفحة-التسجيل-📧-بريد-غير-صالح-webkit\error-context.md
]]>
</failure>
<system-out>
<![CDATA[
[[ATTACHMENT|auth-signup.e2e-📝-صفحة-التسجيل-📧-بريد-غير-صالح-webkit\test-failed-1.png]]

[[ATTACHMENT|auth-signup.e2e-📝-صفحة-التسجيل-📧-بريد-غير-صالح-webkit\video.webm]]

[[ATTACHMENT|auth-signup.e2e-📝-صفحة-التسجيل-📧-بريد-غير-صالح-webkit\error-context.md]]
]]>
</system-out>
</testcase>
<testcase name="📝 صفحة التسجيل › 🔒 كلمة مرور قصيرة" classname="auth\signup.e2e.spec.ts" time="7.843">
</testcase>
<testcase name="📝 صفحة التسجيل › 🧼 أمان: المدخلات الخبيثة تُنظّف (بدلاً من توقع invalid)" classname="auth\signup.e2e.spec.ts" time="5.784">
</testcase>
<testcase name="📝 صفحة التسجيل › 👁️ إظهار/إخفاء كلمة المرور يغيّر النوع" classname="auth\signup.e2e.spec.ts" time="5.223">
</testcase>
<testcase name="📝 صفحة التسجيل › ✅ نجاح التسجيل → /verify-email إذا emailVerified=false أو لا يوجد توكن" classname="auth\signup.e2e.spec.ts" time="7.408">
</testcase>
<testcase name="📝 صفحة التسجيل › ❌ بريد مستخدم مسبقًا (409): نبقى في /signup ويظهر خطأ" classname="auth\signup.e2e.spec.ts" time="16.914">
<failure message="signup.e2e.spec.ts:221:3 ❌ بريد مستخدم مسبقًا (409): نبقى في /signup ويظهر خطأ" type="FAILURE">
<![CDATA[  [webkit] › auth\signup.e2e.spec.ts:221:3 › 📝 صفحة التسجيل › ❌ بريد مستخدم مسبقًا (409): نبقى في /signup ويظهر خطأ 

    Error: expect(locator).toBeVisible() failed

    Locator:  locator('form').getByRole('textbox', { name: /^(?:البريد الإلكتروني|Email)$/i }).locator('xpath=ancestor::div[contains(@class,\'MuiFormControl-root\')][1]').locator('[role=\'alert\'], .MuiFormHelperText-root.Mui-error, .error-text, .helper-text-error').first()
    Expected: visible
    Received: <element(s) not found>
    Timeout:  10000ms

    Call log:
      - Expect "toBeVisible" with timeout 10000ms
      - waiting for locator('form').getByRole('textbox', { name: /^(?:البريد الإلكتروني|Email)$/i }).locator('xpath=ancestor::div[contains(@class,\'MuiFormControl-root\')][1]').locator('[role=\'alert\'], .MuiFormHelperText-root.Mui-error, .error-text, .helper-text-error').first()


      51 |     "[role='alert'], .MuiFormHelperText-root.Mui-error, .error-text, .helper-text-error"
      52 |   );
    > 53 |   await expect(fallbackErr.first()).toBeVisible();
         |                                     ^
      54 |   if (opts?.messageRe) {
      55 |     await expect(fallbackErr.first()).toHaveText(opts.messageRe);
      56 |   }
        at expectFieldHasError (D:\kaleem\Front-end\tests\e2e\auth\signup.e2e.spec.ts:53:37)
        at D:\kaleem\Front-end\tests\e2e\auth\signup.e2e.spec.ts:242:7

    attachment #1: screenshot (image/png) ──────────────────────────────────────────────────────────
    ..\..\test-results\auth-signup.e2e-📝-صفحة-ال-4163b-09-نبقى-في-signup-ويظهر-خطأ-webkit\test-failed-1.png
    ────────────────────────────────────────────────────────────────────────────────────────────────

    attachment #2: video (video/webm) ──────────────────────────────────────────────────────────────
    ..\..\test-results\auth-signup.e2e-📝-صفحة-ال-4163b-09-نبقى-في-signup-ويظهر-خطأ-webkit\video.webm
    ────────────────────────────────────────────────────────────────────────────────────────────────

    Error Context: ..\..\test-results\auth-signup.e2e-📝-صفحة-ال-4163b-09-نبقى-في-signup-ويظهر-خطأ-webkit\error-context.md
]]>
</failure>
<system-out>
<![CDATA[
[[ATTACHMENT|auth-signup.e2e-📝-صفحة-ال-4163b-09-نبقى-في-signup-ويظهر-خطأ-webkit\test-failed-1.png]]

[[ATTACHMENT|auth-signup.e2e-📝-صفحة-ال-4163b-09-نبقى-في-signup-ويظهر-خطأ-webkit\video.webm]]

[[ATTACHMENT|auth-signup.e2e-📝-صفحة-ال-4163b-09-نبقى-في-signup-ويظهر-خطأ-webkit\error-context.md]]
]]>
</system-out>
</testcase>
<testcase name="📝 صفحة التسجيل › 📱 تجاوب الواجهة" classname="auth\signup.e2e.spec.ts" time="4.804">
</testcase>
<testcase name="📝 صفحة التسجيل › 🎨 RTL/Lang موجودة" classname="auth\signup.e2e.spec.ts" time="5.223">
</testcase>
<testcase name="📝 صفحة التسجيل › ⏱️ أداء أساسي" classname="auth\signup.e2e.spec.ts" time="7.035">
</testcase>
<testcase name="📝 صفحة التسجيل › 🧵 تتبّع Playwright (trace) لسيناريو التسجيل" classname="auth\signup.e2e.spec.ts" time="10.562">
</testcase>
</testsuite>
</testsuites>