TN:
SF:src\app.controller.ts
FN:13,(anonymous_2)
FN:16,(anonymous_3)
FN:21,(anonymous_4)
FNF:3
FNH:0
FNDA:0,(anonymous_2)
FNDA:0,(anonymous_3)
FNDA:0,(anonymous_4)
DA:1,0
DA:2,0
DA:4,0
DA:5,0
DA:6,0
DA:12,0
DA:13,0
DA:16,0
DA:17,0
DA:21,0
DA:22,0
LF:11
LH:0
BRF:0
BRH:0
end_of_record
TN:
SF:src\app.module.ts
FN:97,resolveI18nPath
FN:127,(anonymous_12)
FN:170,(anonymous_13)
FN:177,(anonymous_14)
FN:189,(anonymous_15)
FN:203,(anonymous_16)
FN:206,(anonymous_17)
FN:248,(anonymous_18)
FN:291,(anonymous_19)
FNF:9
FNH:0
FNDA:0,resolveI18nPath
FNDA:0,(anonymous_12)
FNDA:0,(anonymous_13)
FNDA:0,(anonymous_14)
FNDA:0,(anonymous_15)
FNDA:0,(anonymous_16)
FNDA:0,(anonymous_17)
FNDA:0,(anonymous_18)
FNDA:0,(anonymous_19)
DA:1,0
DA:2,0
DA:3,0
DA:7,0
DA:8,0
DA:9,0
DA:10,0
DA:11,0
DA:12,0
DA:13,0
DA:14,0
DA:15,0
DA:16,0
DA:23,0
DA:27,0
DA:28,0
DA:29,0
DA:35,0
DA:36,0
DA:37,0
DA:38,0
DA:39,0
DA:40,0
DA:41,0
DA:42,0
DA:43,0
DA:44,0
DA:45,0
DA:46,0
DA:47,0
DA:48,0
DA:49,0
DA:50,0
DA:51,0
DA:52,0
DA:53,0
DA:54,0
DA:55,0
DA:56,0
DA:57,0
DA:58,0
DA:59,0
DA:60,0
DA:61,0
DA:62,0
DA:63,0
DA:64,0
DA:65,0
DA:66,0
DA:67,0
DA:68,0
DA:69,0
DA:70,0
DA:71,0
DA:72,0
DA:73,0
DA:74,0
DA:75,0
DA:76,0
DA:77,0
DA:78,0
DA:79,0
DA:80,0
DA:81,0
DA:82,0
DA:83,0
DA:84,0
DA:85,0
DA:95,0
DA:98,0
DA:99,0
DA:100,0
DA:103,0
DA:104,0
DA:105,0
DA:107,0
DA:116,0
DA:127,0
DA:129,0
DA:130,0
DA:131,0
DA:132,0
DA:133,0
DA:171,0
DA:172,0
DA:173,0
DA:182,0
DA:183,0
DA:184,0
DA:185,0
DA:190,0
DA:191,0
DA:192,0
DA:194,0
DA:195,0
DA:196,0
DA:199,0
DA:203,0
DA:207,0
DA:208,0
DA:209,0
DA:210,0
DA:212,0
DA:248,0
DA:292,0
DA:293,0
DA:294,0
DA:295,0
DA:361,0
LF:109
LH:0
BRDA:100,0,0,0
BRDA:100,0,1,0
BRDA:107,1,0,0
BRDA:107,1,1,0
BRDA:109,2,0,0
BRDA:109,2,1,0
BRDA:111,3,0,0
BRDA:111,3,1,0
BRDA:129,4,0,0
BRDA:129,4,1,0
BRDA:131,5,0,0
BRDA:132,6,0,0
BRDA:141,7,0,0
BRDA:141,7,1,0
BRDA:172,8,0,0
BRDA:172,8,1,0
BRDA:182,9,0,0
BRDA:182,9,1,0
BRDA:183,10,0,0
BRDA:183,11,0,0
BRDA:183,11,1,0
BRDA:184,12,0,0
BRDA:184,13,0,0
BRDA:184,13,1,0
BRDA:191,14,0,0
BRDA:191,15,0,0
BRDA:191,15,1,0
BRDA:195,16,0,0
BRDA:195,17,0,0
BRDA:195,17,1,0
BRDA:210,18,0,0
BRDA:210,18,1,0
BRDA:214,19,0,0
BRDA:214,19,1,0
BRDA:293,20,0,0
BRDA:299,21,0,0
BRDA:299,21,1,0
BRDA:300,22,0,0
BRDA:300,22,1,0
BRF:39
BRH:0
end_of_record
TN:
SF:src\app.service.ts
FN:5,(anonymous_1)
FNF:1
FNH:0
FNDA:0,(anonymous_1)
DA:1,0
DA:4,0
DA:6,0
LF:3
LH:0
BRF:0
BRH:0
end_of_record
TN:
SF:src\configuration.ts
FN:9,(anonymous_0)
FNF:1
FNH:0
FNDA:0,(anonymous_0)
DA:9,0
LF:1
LH:0
BRF:0
BRH:0
end_of_record
TN:
SF:src\polyfills.ts
FNF:0
FNH:0
DA:1,0
LF:1
LH:0
BRF:0
BRH:0
end_of_record
TN:
SF:src\tracing.ts
FNF:0
FNH:0
DA:2,0
DA:3,0
DA:4,0
DA:5,0
DA:6,0
DA:11,0
DA:24,0
LF:7
LH:0
BRDA:14,0,0,0
BRDA:14,0,1,0
BRDA:18,1,0,0
BRDA:18,1,1,0
BRF:4
BRH:0
end_of_record
TN:
SF:src\bootstrap\configure-app-basics.ts
FN:21,ensureCryptoRandomUUID
FN:32,configureAppBasics
FNF:2
FNH:0
FNDA:0,ensureCryptoRandomUUID
FNDA:0,configureAppBasics
DA:1,0
DA:3,0
DA:4,0
DA:6,0
DA:22,0
DA:24,0
DA:25,0
DA:32,0
DA:33,0
DA:34,0
DA:37,0
DA:40,0
DA:41,0
DA:43,0
DA:47,0
DA:50,0
DA:51,0
DA:53,0
LF:18
LH:0
BRDA:24,0,0,0
BRDA:26,1,0,0
BRDA:26,1,1,0
BRF:3
BRH:0
end_of_record
TN:
SF:src\bootstrap\configure-body-parsers.ts
FN:7,configureBodyParsers
FN:8,(anonymous_10)
FN:43,(anonymous_11)
FNF:3
FNH:0
FNDA:0,configureBodyParsers
FNDA:0,(anonymous_10)
FNDA:0,(anonymous_11)
DA:2,0
DA:7,0
DA:8,0
DA:13,0
DA:17,0
DA:25,0
DA:35,0
DA:36,0
DA:37,0
DA:38,0
DA:40,0
DA:41,0
DA:45,0
DA:50,0
LF:14
LH:0
BRDA:13,0,0,0
BRDA:40,1,0,0
BRF:2
BRH:0
end_of_record
TN:
SF:src\bootstrap\configure-csrf.ts
FN:23,isCsrfBypassPath
FN:26,(anonymous_2)
FN:35,hasCsrfToken
FN:39,configureCsrf
FN:51,(anonymous_5)
FN:60,(anonymous_6)
FNF:6
FNH:0
FNDA:0,isCsrfBypassPath
FNDA:0,(anonymous_2)
FNDA:0,hasCsrfToken
FNDA:0,configureCsrf
FNDA:0,(anonymous_5)
FNDA:0,(anonymous_6)
DA:2,0
DA:3,0
DA:11,0
DA:16,0
DA:20,0
DA:21,0
DA:24,0
DA:26,0
DA:36,0
DA:39,0
DA:40,0
DA:41,0
DA:43,0
DA:51,0
DA:52,0
DA:53,0
DA:54,0
DA:55,0
DA:57,0
DA:60,0
DA:61,0
DA:62,0
DA:64,0
LF:23
LH:0
BRDA:25,0,0,0
BRDA:25,0,1,0
BRDA:52,1,0,0
BRDA:52,1,1,0
BRDA:53,2,0,0
BRDA:61,3,0,0
BRF:6
BRH:0
end_of_record
TN:
SF:src\bootstrap\configure-filters.ts
FN:6,configureFilters
FNF:1
FNH:0
FNDA:0,configureFilters
DA:2,0
DA:6,0
DA:7,0
DA:8,0
LF:4
LH:0
BRF:0
BRH:0
end_of_record
TN:
SF:src\bootstrap\configure-interceptors.ts
FN:8,configureInterceptors
FNF:1
FNH:0
FNDA:0,configureInterceptors
DA:2,0
DA:3,0
DA:4,0
DA:8,0
DA:9,0
LF:5
LH:0
BRF:0
BRH:0
end_of_record
TN:
SF:src\bootstrap\configure-logging.ts
FN:6,configureLogging
FNF:1
FNH:0
FNDA:0,configureLogging
DA:2,0
DA:6,0
DA:7,0
DA:8,0
LF:4
LH:0
BRF:0
BRH:0
end_of_record
TN:
SF:src\bootstrap\configure-pipes.ts
FN:6,configurePipes
FNF:1
FNH:0
FNDA:0,configurePipes
DA:2,0
DA:6,0
DA:7,0
LF:3
LH:0
BRF:0
BRH:0
end_of_record
TN:
SF:src\bootstrap\configure-swagger.ts
FN:16,buildSwaggerDoc
FN:54,protectSwaggerWithJwt
FN:55,(anonymous_2)
FN:74,setupSwaggerUI
FN:96,configureSwagger
FNF:5
FNH:0
FNDA:0,buildSwaggerDoc
FNDA:0,protectSwaggerWithJwt
FNDA:0,(anonymous_2)
FNDA:0,setupSwaggerUI
FNDA:0,configureSwagger
DA:2,0
DA:3,0
DA:4,0
DA:6,0
DA:13,0
DA:14,0
DA:20,0
DA:44,0
DA:45,0
DA:46,0
DA:47,0
DA:55,0
DA:56,0
DA:57,0
DA:58,0
DA:62,0
DA:63,0
DA:64,0
DA:65,0
DA:67,0
DA:79,0
DA:93,0
DA:96,0
DA:97,0
DA:98,0
DA:99,0
DA:100,0
LF:27
LH:0
BRDA:23,0,0,0
BRDA:23,0,1,0
BRDA:46,1,0,0
BRDA:46,1,1,0
BRDA:57,2,0,0
BRDA:85,3,0,0
BRDA:85,3,1,0
BRDA:88,4,0,0
BRDA:88,4,1,0
BRDA:89,5,0,0
BRDA:89,5,1,0
BRDA:98,6,0,0
BRF:12
BRH:0
end_of_record
TN:
SF:src\bootstrap\configure-websocket.ts
FN:24,(anonymous_0)
FN:43,(anonymous_1)
FN:68,(anonymous_2)
FN:72,(anonymous_3)
FN:75,(anonymous_4)
FN:85,configureWebsocket
FNF:6
FNH:0
FNDA:0,(anonymous_0)
FNDA:0,(anonymous_1)
FNDA:0,(anonymous_2)
FNDA:0,(anonymous_3)
FNDA:0,(anonymous_4)
FNDA:0,configureWebsocket
DA:2,0
DA:4,0
DA:5,0
DA:26,0
DA:34,0
DA:48,0
DA:49,0
DA:53,0
DA:54,0
DA:57,0
DA:61,0
DA:65,0
DA:72,0
DA:73,0
DA:74,0
DA:75,0
DA:76,0
DA:79,0
DA:85,0
DA:86,0
LF:20
LH:0
BRDA:28,0,0,0
BRDA:28,0,1,0
BRDA:30,1,0,0
BRDA:30,1,1,0
BRDA:48,2,0,0
BRDA:61,3,0,0
BRDA:61,3,1,0
BRDA:73,4,0,0
BRDA:76,5,0,0
BRDA:76,5,1,0
BRF:10
BRH:0
end_of_record
TN:
SF:src\bootstrap\i18nize-swagger.ts
FN:10,i18nizeSwagger
FN:18,(anonymous_1)
FN:35,translatePaths
FN:45,translateOperations
FN:74,translateParameters
FN:85,translateResponses
FN:99,translateTags
FNF:7
FNH:0
FNDA:0,i18nizeSwagger
FNDA:0,(anonymous_1)
FNDA:0,translatePaths
FNDA:0,translateOperations
FNDA:0,translateParameters
FNDA:0,translateResponses
FNDA:0,translateTags
DA:10,0
DA:15,0
DA:16,0
DA:18,0
DA:19,0
DA:20,0
DA:21,0
DA:22,0
DA:24,0
DA:27,0
DA:30,0
DA:31,0
DA:32,0
DA:39,0
DA:40,0
DA:41,0
DA:49,0
DA:60,0
DA:61,0
DA:64,0
DA:66,0
DA:67,0
DA:69,0
DA:70,0
DA:78,0
DA:79,0
DA:80,0
DA:89,0
DA:90,0
DA:91,0
DA:92,0
DA:93,0
DA:103,0
DA:104,0
DA:105,0
DA:106,0
LF:36
LH:0
BRDA:13,0,0,0
BRDA:19,1,0,0
BRDA:19,2,0,0
BRDA:19,2,1,0
BRDA:39,3,0,0
BRDA:39,3,1,0
BRDA:41,4,0,0
BRDA:64,5,0,0
BRDA:78,6,0,0
BRDA:90,7,0,0
BRDA:92,8,0,0
BRDA:104,9,0,0
BRF:12
BRH:0
end_of_record
TN:
SF:src\bootstrap\start-server.ts
FN:6,startServer
FNF:1
FNH:0
FNDA:0,startServer
DA:4,0
DA:6,0
DA:7,0
DA:8,0
DA:10,0
LF:5
LH:0
BRDA:4,0,0,0
BRDA:4,0,1,0
BRDA:7,1,0,0
BRDA:7,1,1,0
BRF:4
BRH:0
end_of_record
TN:
SF:src\common\error-management.module.ts
FN:29,(anonymous_2)
FN:34,(anonymous_3)
FN:39,(anonymous_4)
FNF:3
FNH:0
FNDA:0,(anonymous_2)
FNDA:0,(anonymous_3)
FNDA:0,(anonymous_4)
DA:2,0
DA:3,0
DA:5,0
DA:6,0
DA:7,0
DA:8,0
DA:9,0
DA:28,0
DA:30,0
DA:31,0
DA:36,0
DA:41,0
LF:12
LH:0
BRF:0
BRH:0
end_of_record
TN:
SF:src\common\index.ts
FNF:0
FNH:0
DA:2,0
DA:3,0
DA:4,0
DA:5,0
DA:6,0
DA:9,0
DA:10,0
DA:11,0
DA:12,0
DA:13,0
DA:14,0
LF:11
LH:0
BRF:0
BRH:0
end_of_record
TN:
SF:src\common\cache\cache-warmer.orchestrator.ts
FN:11,(anonymous_2)
FN:17,(anonymous_3)
FN:27,(anonymous_4)
FN:37,(anonymous_5)
FN:40,(anonymous_6)
FN:53,(anonymous_7)
FNF:6
FNH:0
FNDA:0,(anonymous_2)
FNDA:0,(anonymous_3)
FNDA:0,(anonymous_4)
FNDA:0,(anonymous_5)
FNDA:0,(anonymous_6)
FNDA:0,(anonymous_7)
DA:1,0
DA:2,0
DA:7,0
DA:8,0
DA:9,0
DA:12,0
DA:17,0
DA:18,0
DA:19,0
DA:20,0
DA:23,0
DA:24,0
DA:25,0
DA:26,0
DA:27,0
DA:28,0
DA:30,0
DA:32,0
DA:38,0
DA:39,0
DA:40,0
DA:43,0
DA:44,0
DA:45,0
DA:48,0
DA:51,0
DA:52,0
DA:53,0
DA:54,0
DA:56,0
DA:60,0
LF:31
LH:0
BRDA:18,0,0,0
BRDA:39,1,0,0
BRDA:39,1,1,0
BRDA:43,2,0,0
BRDA:43,3,0,0
BRDA:43,3,1,0
BRDA:49,4,0,0
BRDA:49,4,1,0
BRDA:57,5,0,0
BRDA:57,5,1,0
BRF:10
BRH:0
end_of_record
TN:
SF:src\common\cache\cache.controller.ts
FN:24,(anonymous_4)
FN:32,(anonymous_5)
FN:42,(anonymous_6)
FN:53,(anonymous_7)
FN:64,(anonymous_8)
FN:77,(anonymous_9)
FN:90,(anonymous_10)
FN:103,(anonymous_11)
FNF:8
FNH:0
FNDA:0,(anonymous_4)
FNDA:0,(anonymous_5)
FNDA:0,(anonymous_6)
FNDA:0,(anonymous_7)
FNDA:0,(anonymous_8)
FNDA:0,(anonymous_9)
FNDA:0,(anonymous_10)
FNDA:0,(anonymous_11)
DA:1,0
DA:10,0
DA:12,0
DA:13,0
DA:14,0
DA:16,0
DA:17,0
DA:23,0
DA:25,0
DA:26,0
DA:32,0
DA:33,0
DA:42,0
DA:43,0
DA:44,0
DA:53,0
DA:54,0
DA:55,0
DA:64,0
DA:67,0
DA:68,0
DA:77,0
DA:80,0
DA:81,0
DA:90,0
DA:93,0
DA:94,0
DA:103,0
DA:121,0
DA:122,0
DA:123,0
DA:126,0
DA:127,0
DA:128,0
DA:131,0
DA:134,0
DA:143,0
LF:37
LH:0
BRDA:96,0,0,0
BRDA:96,0,1,0
BRDA:131,1,0,0
BRDA:131,1,1,0
BRDA:137,2,0,0
BRDA:137,2,1,0
BRF:6
BRH:0
end_of_record
TN:
SF:src\common\cache\cache.metrics.ts
FN:18,(anonymous_2)
FN:64,(anonymous_3)
FN:74,(anonymous_4)
FN:81,(anonymous_5)
FN:88,(anonymous_6)
FN:95,(anonymous_7)
FN:109,(anonymous_8)
FN:119,(anonymous_9)
FNF:8
FNH:0
FNDA:0,(anonymous_2)
FNDA:0,(anonymous_3)
FNDA:0,(anonymous_4)
FNDA:0,(anonymous_5)
FNDA:0,(anonymous_6)
FNDA:0,(anonymous_7)
FNDA:0,(anonymous_8)
FNDA:0,(anonymous_9)
DA:1,0
DA:2,0
DA:4,0
DA:11,0
DA:20,0
DA:28,0
DA:36,0
DA:44,0
DA:52,0
DA:65,0
DA:75,0
DA:82,0
DA:89,0
DA:100,0
DA:110,0
DA:120,0
DA:121,0
LF:17
LH:0
BRDA:121,0,0,0
BRDA:121,0,1,0
BRF:2
BRH:0
end_of_record
TN:
SF:src\common\cache\cache.module.ts
FN:37,(anonymous_10)
FN:79,(anonymous_11)
FN:94,(anonymous_12)
FNF:3
FNH:0
FNDA:0,(anonymous_10)
FNDA:0,(anonymous_11)
FNDA:0,(anonymous_12)
DA:2,0
DA:3,0
DA:4,0
DA:5,0
DA:6,0
DA:9,0
DA:12,0
DA:13,0
DA:14,0
DA:15,0
DA:16,0
DA:24,0
DA:25,0
DA:26,0
DA:27,0
DA:38,0
DA:39,0
DA:40,0
DA:43,0
DA:45,0
DA:84,0
DA:95,0
DA:102,0
LF:23
LH:0
BRDA:39,0,0,0
BRDA:48,1,0,0
BRDA:48,1,1,0
BRDA:49,2,0,0
BRDA:49,2,1,0
BRDA:59,3,0,0
BRDA:59,3,1,0
BRF:7
BRH:0
end_of_record
TN:
SF:src\common\cache\cache.service.ts
FN:53,isFunction
FN:57,isObject
FN:61,isRedisClient
FN:71,pickCandidateFromCacheManager
FN:113,(anonymous_8)
FN:122,(anonymous_9)
FN:143,(anonymous_10)
FN:165,(anonymous_11)
FN:178,(anonymous_12)
FN:219,(anonymous_13)
FN:230,(anonymous_14)
FN:241,(anonymous_15)
FN:254,(anonymous_16)
FN:264,(anonymous_17)
FN:290,(anonymous_18)
FN:303,(anonymous_19)
FN:340,(anonymous_20)
FN:346,(anonymous_21)
FN:361,(anonymous_22)
FN:362,(anonymous_23)
FN:374,(anonymous_24)
FN:383,(anonymous_25)
FN:402,(anonymous_26)
FN:420,(anonymous_27)
FN:442,(anonymous_28)
FN:469,(anonymous_29)
FN:483,(anonymous_30)
FN:503,(anonymous_31)
FN:510,(anonymous_32)
FN:517,(anonymous_33)
FN:527,(anonymous_34)
FN:528,(anonymous_35)
FN:535,(anonymous_36)
FNF:33
FNH:0
FNDA:0,isFunction
FNDA:0,isObject
FNDA:0,isRedisClient
FNDA:0,pickCandidateFromCacheManager
FNDA:0,(anonymous_8)
FNDA:0,(anonymous_9)
FNDA:0,(anonymous_10)
FNDA:0,(anonymous_11)
FNDA:0,(anonymous_12)
FNDA:0,(anonymous_13)
FNDA:0,(anonymous_14)
FNDA:0,(anonymous_15)
FNDA:0,(anonymous_16)
FNDA:0,(anonymous_17)
FNDA:0,(anonymous_18)
FNDA:0,(anonymous_19)
FNDA:0,(anonymous_20)
FNDA:0,(anonymous_21)
FNDA:0,(anonymous_22)
FNDA:0,(anonymous_23)
FNDA:0,(anonymous_24)
FNDA:0,(anonymous_25)
FNDA:0,(anonymous_26)
FNDA:0,(anonymous_27)
FNDA:0,(anonymous_28)
FNDA:0,(anonymous_29)
FNDA:0,(anonymous_30)
FNDA:0,(anonymous_31)
FNDA:0,(anonymous_32)
FNDA:0,(anonymous_33)
FNDA:0,(anonymous_34)
FNDA:0,(anonymous_35)
FNDA:0,(anonymous_36)
DA:2,0
DA:3,0
DA:4,0
DA:5,0
DA:9,0
DA:10,0
DA:54,0
DA:58,0
DA:62,0
DA:63,0
DA:73,0
DA:79,0
DA:82,0
DA:85,0
DA:86,0
DA:95,0
DA:96,0
DA:97,0
DA:98,0
DA:101,0
DA:110,0
DA:111,0
DA:114,0
DA:115,0
DA:116,0
DA:119,0
DA:123,0
DA:124,0
DA:125,0
DA:126,0
DA:128,0
DA:131,0
DA:133,0
DA:136,0
DA:144,0
DA:146,0
DA:148,0
DA:149,0
DA:152,0
DA:153,0
DA:155,0
DA:158,0
DA:159,0
DA:161,0
DA:166,0
DA:167,0
DA:169,0
DA:170,0
DA:171,0
DA:172,0
DA:175,0
DA:179,0
DA:180,0
DA:181,0
DA:182,0
DA:185,0
DA:186,0
DA:187,0
DA:188,0
DA:189,0
DA:190,0
DA:193,0
DA:194,0
DA:196,0
DA:197,0
DA:199,0
DA:200,0
DA:201,0
DA:202,0
DA:203,0
DA:207,0
DA:208,0
DA:209,0
DA:211,0
DA:214,0
DA:215,0
DA:220,0
DA:221,0
DA:223,0
DA:226,0
DA:231,0
DA:232,0
DA:234,0
DA:238,0
DA:242,0
DA:244,0
DA:245,0
DA:247,0
DA:250,0
DA:251,0
DA:255,0
DA:256,0
DA:257,0
DA:258,0
DA:265,0
DA:266,0
DA:268,0
DA:270,0
DA:273,0
DA:274,0
DA:277,0
DA:278,0
DA:280,0
DA:283,0
DA:295,0
DA:296,0
DA:299,0
DA:300,0
DA:301,0
DA:302,0
DA:303,0
DA:304,0
DA:305,0
DA:307,0
DA:308,0
DA:309,0
DA:310,0
DA:312,0
DA:313,0
DA:315,0
DA:324,0
DA:325,0
DA:326,0
DA:327,0
DA:328,0
DA:330,0
DA:333,0
DA:341,0
DA:342,0
DA:345,0
DA:346,0
DA:347,0
DA:349,0
DA:352,0
DA:353,0
DA:357,0
DA:358,0
DA:359,0
DA:361,0
DA:362,0
DA:363,0
DA:364,0
DA:365,0
DA:366,0
DA:367,0
DA:368,0
DA:369,0
DA:370,0
DA:374,0
DA:375,0
DA:376,0
DA:377,0
DA:378,0
DA:380,0
DA:383,0
DA:387,0
DA:388,0
DA:392,0
DA:395,0
DA:403,0
DA:404,0
DA:405,0
DA:406,0
DA:408,0
DA:410,0
DA:413,0
DA:421,0
DA:422,0
DA:424,0
DA:425,0
DA:426,0
DA:427,0
DA:432,0
DA:434,0
DA:435,0
DA:452,0
DA:454,0
DA:458,0
DA:470,0
DA:484,0
DA:485,0
DA:487,0
DA:488,0
DA:489,0
DA:490,0
DA:494,0
DA:495,0
DA:503,0
DA:504,0
DA:511,0
DA:518,0
DA:519,0
DA:520,0
DA:521,0
DA:528,0
DA:535,0
DA:536,0
DA:537,0
DA:541,0
DA:542,0
LF:200
LH:0
BRDA:58,0,0,0
BRDA:58,0,1,0
BRDA:62,1,0,0
BRDA:64,2,0,0
BRDA:64,2,1,0
BRDA:64,2,2,0
BRDA:64,2,3,0
BRDA:79,3,0,0
BRDA:79,3,1,0
BRDA:81,4,0,0
BRDA:81,4,1,0
BRDA:82,5,0,0
BRDA:87,6,0,0
BRDA:87,6,1,0
BRDA:87,7,0,0
BRDA:87,7,1,0
BRDA:87,8,0,0
BRDA:87,8,1,0
BRDA:125,9,0,0
BRDA:149,10,0,0
BRDA:169,11,0,0
BRDA:169,12,0,0
BRDA:169,12,1,0
BRDA:179,13,0,0
BRDA:187,14,0,0
BRDA:194,15,0,0
BRDA:199,16,0,0
BRDA:199,17,0,0
BRDA:199,17,1,0
BRDA:244,18,0,0
BRDA:244,18,1,0
BRDA:273,19,0,0
BRDA:296,20,0,0
BRDA:299,21,0,0
BRDA:302,22,0,0
BRDA:302,22,1,0
BRDA:305,23,0,0
BRDA:352,24,0,0
BRDA:363,25,0,0
BRDA:363,26,0,0
BRDA:363,26,1,0
BRDA:367,27,0,0
BRDA:375,28,0,0
BRDA:405,29,0,0
BRDA:424,30,0,0
BRDA:424,30,1,0
BRDA:424,31,0,0
BRDA:424,31,1,0
BRDA:426,32,0,0
BRDA:454,33,0,0
BRDA:454,33,1,0
BRDA:488,34,0,0
BRDA:494,35,0,0
BRDA:536,36,0,0
BRDA:536,36,1,0
BRF:55
BRH:0
end_of_record
TN:
SF:src\common\cache\constant.ts
FNF:0
FNH:0
DA:2,0
DA:3,0
DA:4,0
DA:5,0
DA:7,0
DA:8,0
DA:9,0
DA:10,0
DA:12,0
DA:22,0
DA:23,0
DA:24,0
DA:25,0
DA:26,0
DA:27,0
DA:28,0
DA:30,0
DA:31,0
DA:32,0
DA:33,0
DA:34,0
DA:36,0
DA:37,0
DA:38,0
DA:39,0
DA:40,0
LF:26
LH:0
BRF:0
BRH:0
end_of_record
TN:
SF:src\common\cache\index.ts
FNF:0
FNH:0
DA:1,0
DA:2,0
DA:3,0
DA:4,0
DA:5,0
LF:5
LH:0
BRF:0
BRH:0
end_of_record
TN:
SF:src\common\cache\warmers\categories.warmer.ts
FN:14,(anonymous_2)
FN:16,(anonymous_3)
FN:20,(anonymous_4)
FN:24,(anonymous_5)
FN:34,(anonymous_6)
FN:37,(anonymous_7)
FN:41,(anonymous_8)
FNF:7
FNH:0
FNDA:0,(anonymous_2)
FNDA:0,(anonymous_3)
FNDA:0,(anonymous_4)
FNDA:0,(anonymous_5)
FNDA:0,(anonymous_6)
FNDA:0,(anonymous_7)
FNDA:0,(anonymous_8)
DA:1,0
DA:3,0
DA:5,0
DA:10,0
DA:11,0
DA:12,0
DA:14,0
DA:17,0
DA:18,0
DA:19,0
DA:21,0
DA:24,0
DA:28,0
DA:30,0
DA:35,0
DA:37,0
DA:44,0
LF:17
LH:0
BRF:0
BRH:0
end_of_record
TN:
SF:src\common\cache\warmers\merchants.warmer.ts
FN:14,(anonymous_2)
FN:16,(anonymous_3)
FN:20,(anonymous_4)
FN:24,(anonymous_5)
FN:34,(anonymous_6)
FN:37,(anonymous_7)
FN:41,(anonymous_8)
FNF:7
FNH:0
FNDA:0,(anonymous_2)
FNDA:0,(anonymous_3)
FNDA:0,(anonymous_4)
FNDA:0,(anonymous_5)
FNDA:0,(anonymous_6)
FNDA:0,(anonymous_7)
FNDA:0,(anonymous_8)
DA:1,0
DA:3,0
DA:5,0
DA:10,0
DA:11,0
DA:12,0
DA:14,0
DA:17,0
DA:18,0
DA:19,0
DA:21,0
DA:24,0
DA:28,0
DA:30,0
DA:35,0
DA:37,0
DA:42,0
LF:17
LH:0
BRF:0
BRH:0
end_of_record
TN:
SF:src\common\cache\warmers\plans.warmer.ts
FN:14,(anonymous_2)
FN:16,(anonymous_3)
FN:21,(anonymous_4)
FN:29,(anonymous_5)
FNF:4
FNH:0
FNDA:0,(anonymous_2)
FNDA:0,(anonymous_3)
FNDA:0,(anonymous_4)
FNDA:0,(anonymous_5)
DA:1,0
DA:3,0
DA:5,0
DA:10,0
DA:11,0
DA:12,0
DA:14,0
DA:17,0
DA:18,0
DA:21,0
DA:23,0
DA:25,0
DA:30,0
LF:13
LH:0
BRF:0
BRH:0
end_of_record
TN:
SF:src\common\cache\warmers\products.warmer.ts
FN:14,(anonymous_2)
FN:16,(anonymous_3)
FN:20,(anonymous_4)
FN:32,(anonymous_5)
FN:38,(anonymous_6)
FN:48,(anonymous_7)
FN:51,(anonymous_8)
FN:55,(anonymous_9)
FN:64,(anonymous_10)
FNF:9
FNH:0
FNDA:0,(anonymous_2)
FNDA:0,(anonymous_3)
FNDA:0,(anonymous_4)
FNDA:0,(anonymous_5)
FNDA:0,(anonymous_6)
FNDA:0,(anonymous_7)
FNDA:0,(anonymous_8)
FNDA:0,(anonymous_9)
FNDA:0,(anonymous_10)
DA:1,0
DA:3,0
DA:5,0
DA:10,0
DA:11,0
DA:12,0
DA:14,0
DA:17,0
DA:18,0
DA:19,0
DA:21,0
DA:32,0
DA:35,0
DA:38,0
DA:42,0
DA:44,0
DA:49,0
DA:51,0
DA:56,0
DA:65,0
LF:20
LH:0
BRF:0
BRH:0
end_of_record
TN:
SF:src\common\config\app.config.ts
FN:17,setupApp
FN:30,(anonymous_2)
FN:91,(anonymous_3)
FNF:3
FNH:0
FNDA:0,setupApp
FNDA:0,(anonymous_2)
FNDA:0,(anonymous_3)
DA:2,0
DA:3,0
DA:5,0
DA:7,0
DA:17,0
DA:27,0
DA:29,0
DA:35,0
DA:36,0
DA:40,0
DA:82,0
DA:83,0
DA:90,0
DA:93,0
LF:14
LH:0
BRDA:43,0,0,0
BRDA:43,0,1,0
BRF:2
BRH:0
end_of_record
TN:
SF:src\common\config\common.module.ts
FNF:0
FNH:0
DA:2,0
DA:3,0
DA:4,0
DA:6,0
DA:12,0
DA:13,0
DA:14,0
DA:66,0
LF:8
LH:0
BRDA:20,0,0,0
BRDA:20,0,1,0
BRF:2
BRH:0
end_of_record
TN:
SF:src\common\config\cors.config.ts
FN:8,(anonymous_0)
FN:11,(anonymous_1)
FN:16,(anonymous_2)
FN:19,(anonymous_3)
FN:24,(anonymous_4)
FN:54,(anonymous_5)
FNF:6
FNH:0
FNDA:0,(anonymous_0)
FNDA:0,(anonymous_1)
FNDA:0,(anonymous_2)
FNDA:0,(anonymous_3)
FNDA:0,(anonymous_4)
FNDA:0,(anonymous_5)
DA:1,0
DA:8,0
DA:9,0
DA:11,0
DA:13,0
DA:16,0
DA:17,0
DA:19,0
DA:20,0
DA:21,0
DA:24,0
DA:27,0
DA:35,0
DA:38,0
DA:42,0
DA:44,0
DA:50,0
DA:51,0
DA:53,0
DA:55,0
DA:58,0
DA:61,0
DA:64,0
DA:67,0
LF:24
LH:0
BRDA:8,0,0,0
BRDA:9,1,0,0
BRDA:9,1,1,0
BRDA:13,2,0,0
BRDA:13,2,1,0
BRDA:16,3,0,0
BRDA:17,4,0,0
BRDA:17,4,1,0
BRDA:19,5,0,0
BRDA:21,6,0,0
BRDA:21,6,1,0
BRDA:36,7,0,0
BRDA:36,7,1,0
BRDA:42,8,0,0
BRDA:42,8,1,0
BRDA:55,9,0,0
BRDA:58,10,0,0
BRDA:64,11,0,0
BRDA:64,11,1,0
BRDA:67,12,0,0
BRDA:67,12,1,0
BRF:21
BRH:0
end_of_record
TN:
SF:src\common\config\index.ts
FNF:0
FNH:0
DA:2,0
DA:3,0
DA:4,0
DA:5,0
LF:4
LH:0
BRF:0
BRH:0
end_of_record
TN:
SF:src\common\config\sentry.config.ts
FN:8,(anonymous_0)
FN:23,(anonymous_1)
FNF:2
FNH:0
FNDA:0,(anonymous_0)
FNDA:0,(anonymous_1)
DA:2,0
DA:4,0
DA:8,0
DA:25,0
DA:26,0
DA:27,0
DA:28,0
DA:33,0
DA:34,0
DA:35,0
DA:36,0
DA:39,0
LF:12
LH:0
BRDA:10,0,0,0
BRDA:10,0,1,0
BRDA:11,1,0,0
BRDA:11,1,1,0
BRDA:15,2,0,0
BRDA:15,2,1,0
BRDA:17,3,0,0
BRDA:17,3,1,0
BRDA:25,4,0,0
BRDA:27,5,0,0
BRDA:33,6,0,0
BRDA:45,7,0,0
BRDA:45,7,1,0
BRF:13
BRH:0
end_of_record
TN:
SF:src\common\config\vars.config.ts
FN:4,(anonymous_0)
FN:26,(anonymous_1)
FN:33,(anonymous_2)
FN:46,(anonymous_3)
FN:76,(anonymous_4)
FN:83,(anonymous_5)
FN:97,(anonymous_6)
FN:112,(anonymous_7)
FNF:8
FNH:0
FNDA:0,(anonymous_0)
FNDA:0,(anonymous_1)
FNDA:0,(anonymous_2)
FNDA:0,(anonymous_3)
FNDA:0,(anonymous_4)
FNDA:0,(anonymous_5)
FNDA:0,(anonymous_6)
FNDA:0,(anonymous_7)
DA:1,0
DA:4,0
DA:7,0
DA:9,0
DA:26,0
DA:33,0
DA:46,0
DA:76,0
DA:83,0
DA:97,0
DA:112,0
LF:11
LH:0
BRDA:7,0,0,0
BRDA:7,0,1,0
BRDA:35,1,0,0
BRDA:35,1,1,0
BRDA:36,2,0,0
BRDA:36,2,1,0
BRDA:37,3,0,0
BRDA:37,3,1,0
BRDA:73,4,0,0
BRDA:73,4,1,0
BRDA:90,5,0,0
BRDA:90,5,1,0
BRDA:92,6,0,0
BRDA:92,6,1,0
BRF:14
BRH:0
end_of_record
TN:
SF:src\common\constants\brand.ts
FN:22,(anonymous_0)
FNF:1
FNH:0
FNDA:0,(anonymous_0)
DA:2,0
DA:21,0
DA:22,0
DA:23,0
LF:4
LH:0
BRDA:23,0,0,0
BRDA:23,0,1,0
BRF:2
BRH:0
end_of_record
TN:
SF:src\common\constants\common.ts
FNF:0
FNH:0
DA:1,0
DA:2,0
DA:3,0
DA:4,0
DA:5,0
DA:6,0
DA:9,0
DA:11,0
DA:12,0
DA:14,0
DA:15,0
DA:16,0
DA:17,0
DA:18,0
DA:19,0
DA:20,0
DA:22,0
DA:23,0
DA:24,0
DA:25,0
DA:26,0
DA:27,0
DA:28,0
DA:29,0
DA:30,0
DA:31,0
DA:32,0
DA:33,0
DA:34,0
DA:37,0
DA:40,0
DA:41,0
DA:42,0
DA:44,0
DA:46,0
DA:47,0
DA:48,0
DA:49,0
DA:50,0
DA:51,0
DA:52,0
DA:53,0
DA:54,0
DA:55,0
DA:56,0
DA:57,0
DA:58,0
DA:61,0
DA:64,0
DA:65,0
DA:66,0
DA:67,0
DA:68,0
LF:53
LH:0
BRF:0
BRH:0
end_of_record
TN:
SF:src\common\constants\error-codes.ts
FNF:0
FNH:0
DA:4,0
LF:1
LH:0
BRF:0
BRH:0
end_of_record
TN:
SF:src\common\constants\http-status.ts
FNF:0
FNH:0
DA:2,0
DA:5,0
LF:2
LH:0
BRF:0
BRH:0
end_of_record
TN:
SF:src\common\controllers\error-monitoring.controller.ts
FN:21,(anonymous_4)
FN:33,(anonymous_5)
FN:58,(anonymous_6)
FN:77,(anonymous_7)
FNF:4
FNH:0
FNDA:0,(anonymous_4)
FNDA:0,(anonymous_5)
FNDA:0,(anonymous_6)
FNDA:0,(anonymous_7)
DA:2,0
DA:3,0
DA:10,0
DA:11,0
DA:12,0
DA:13,0
DA:14,0
DA:20,0
DA:22,0
DA:23,0
DA:33,0
DA:40,0
DA:48,0
DA:58,0
DA:63,0
DA:77,0
DA:91,0
DA:93,0
LF:18
LH:0
BRDA:44,0,0,0
BRDA:44,0,1,0
BRDA:45,1,0,0
BRDA:45,1,1,0
BRDA:102,2,0,0
BRDA:102,2,1,0
BRF:6
BRH:0
end_of_record
TN:
SF:src\common\decorators\allow-unverified.decorator.ts
FN:3,(anonymous_0)
FNF:1
FNH:0
FNDA:0,(anonymous_0)
DA:2,0
DA:3,0
DA:4,0
LF:3
LH:0
BRF:0
BRH:0
end_of_record
TN:
SF:src\common\decorators\api-response.decorator.ts
FN:11,ApiResponse
FN:37,ApiSuccessResponse
FN:45,ApiCreatedResponse
FN:53,ApiDeletedResponse
FNF:4
FNH:0
FNDA:0,ApiResponse
FNDA:0,ApiSuccessResponse
FNDA:0,ApiCreatedResponse
FNDA:0,ApiDeletedResponse
DA:2,0
DA:3,0
DA:11,0
DA:16,0
DA:37,0
DA:41,0
DA:45,0
DA:49,0
DA:53,0
DA:56,0
LF:10
LH:0
BRDA:13,0,0,0
BRDA:41,1,0,0
BRDA:41,1,1,0
BRDA:49,2,0,0
BRDA:49,2,1,0
BRDA:59,3,0,0
BRDA:59,3,1,0
BRF:7
BRH:0
end_of_record
TN:
SF:src\common\decorators\current-user.decorator.ts
FN:22,(anonymous_0)
FN:36,(anonymous_1)
FN:46,(anonymous_2)
FN:56,(anonymous_3)
FNF:4
FNH:0
FNDA:0,(anonymous_0)
FNDA:0,(anonymous_1)
FNDA:0,(anonymous_2)
FNDA:0,(anonymous_3)
DA:3,0
DA:18,0
DA:26,0
DA:27,0
DA:28,0
DA:30,0
DA:35,0
DA:37,0
DA:38,0
DA:39,0
DA:40,0
DA:45,0
DA:47,0
DA:48,0
DA:49,0
DA:50,0
DA:55,0
DA:57,0
DA:58,0
DA:59,0
DA:60,0
LF:21
LH:0
BRDA:28,0,0,0
BRDA:30,1,0,0
BRDA:30,1,1,0
BRDA:39,2,0,0
BRDA:49,3,0,0
BRDA:50,4,0,0
BRDA:50,4,1,0
BRDA:59,5,0,0
BRF:8
BRH:0
end_of_record
TN:
SF:src\common\decorators\index.ts
FNF:0
FNH:0
DA:2,0
DA:3,0
DA:4,0
DA:5,0
DA:6,0
DA:7,0
DA:8,0
LF:7
LH:0
BRF:0
BRH:0
end_of_record
TN:
SF:src\common\decorators\match.decorator.ts
FN:13,(anonymous_1)
FN:22,(anonymous_2)
FN:30,Match
FN:34,(anonymous_4)
FNF:4
FNH:0
FNDA:0,(anonymous_1)
FNDA:0,(anonymous_2)
FNDA:0,Match
FNDA:0,(anonymous_4)
DA:3,0
DA:12,0
DA:14,0
DA:17,0
DA:18,0
DA:19,0
DA:23,0
DA:26,0
DA:30,0
DA:34,0
DA:35,0
LF:11
LH:0
BRF:0
BRH:0
end_of_record
TN:
SF:src\common\decorators\public.decorator.ts
FN:3,(anonymous_0)
FNF:1
FNH:0
FNDA:0,(anonymous_0)
DA:2,0
DA:3,0
DA:4,0
LF:3
LH:0
BRF:0
BRH:0
end_of_record
TN:
SF:src\common\decorators\roles.decorator.ts
FN:5,(anonymous_0)
FNF:1
FNH:0
FNDA:0,(anonymous_0)
DA:2,0
DA:4,0
DA:5,0
DA:6,0
DA:9,0
LF:5
LH:0
BRF:0
BRH:0
end_of_record
TN:
SF:src\common\decorators\skip-merchant-check.decorator.ts
FN:3,(anonymous_0)
FNF:1
FNH:0
FNDA:0,(anonymous_0)
DA:2,0
DA:3,0
DA:4,0
LF:3
LH:0
BRF:0
BRH:0
end_of_record
TN:
SF:src\common\errors\business-error.service.ts
FN:10,(anonymous_2)
FN:15,(anonymous_3)
FN:28,(anonymous_4)
FN:41,(anonymous_5)
FN:48,(anonymous_6)
FN:55,(anonymous_7)
FN:65,(anonymous_8)
FN:78,(anonymous_9)
FN:88,(anonymous_10)
FN:101,(anonymous_11)
FN:108,(anonymous_12)
FN:121,(anonymous_13)
FN:134,(anonymous_14)
FNF:13
FNH:0
FNDA:0,(anonymous_2)
FNDA:0,(anonymous_3)
FNDA:0,(anonymous_4)
FNDA:0,(anonymous_5)
FNDA:0,(anonymous_6)
FNDA:0,(anonymous_7)
FNDA:0,(anonymous_8)
FNDA:0,(anonymous_9)
FNDA:0,(anonymous_10)
FNDA:0,(anonymous_11)
FNDA:0,(anonymous_12)
FNDA:0,(anonymous_13)
FNDA:0,(anonymous_14)
DA:1,0
DA:3,0
DA:9,0
DA:10,0
DA:19,0
DA:32,0
DA:42,0
DA:49,0
DA:59,0
DA:69,0
DA:82,0
DA:92,0
DA:102,0
DA:112,0
DA:125,0
DA:138,0
LF:16
LH:0
BRF:0
BRH:0
end_of_record
TN:
SF:src\common\errors\business-errors.ts
FN:11,(anonymous_2)
FN:24,(anonymous_3)
FN:40,(anonymous_4)
FN:58,(anonymous_5)
FN:73,(anonymous_6)
FN:91,(anonymous_7)
FN:107,(anonymous_8)
FN:123,(anonymous_9)
FN:138,(anonymous_10)
FN:153,(anonymous_11)
FN:172,(anonymous_12)
FN:189,(anonymous_13)
FN:207,(anonymous_14)
FN:223,(anonymous_15)
FN:240,(anonymous_16)
FN:256,(anonymous_17)
FN:274,(anonymous_18)
FN:289,(anonymous_19)
FN:305,(anonymous_20)
FN:323,(anonymous_21)
FN:338,(anonymous_22)
FN:354,(anonymous_23)
FN:371,(anonymous_24)
FN:389,(anonymous_25)
FN:404,(anonymous_26)
FN:422,(anonymous_27)
FN:439,(anonymous_28)
FN:456,(anonymous_29)
FN:474,(anonymous_30)
FN:492,(anonymous_31)
FN:508,(anonymous_32)
FN:526,(anonymous_33)
FN:543,(anonymous_34)
FN:560,(anonymous_35)
FN:578,(anonymous_36)
FN:595,(anonymous_37)
FN:612,(anonymous_38)
FN:630,(anonymous_39)
FN:647,(anonymous_40)
FN:666,(anonymous_41)
FN:684,(anonymous_42)
FNF:41
FNH:0
FNDA:0,(anonymous_2)
FNDA:0,(anonymous_3)
FNDA:0,(anonymous_4)
FNDA:0,(anonymous_5)
FNDA:0,(anonymous_6)
FNDA:0,(anonymous_7)
FNDA:0,(anonymous_8)
FNDA:0,(anonymous_9)
FNDA:0,(anonymous_10)
FNDA:0,(anonymous_11)
FNDA:0,(anonymous_12)
FNDA:0,(anonymous_13)
FNDA:0,(anonymous_14)
FNDA:0,(anonymous_15)
FNDA:0,(anonymous_16)
FNDA:0,(anonymous_17)
FNDA:0,(anonymous_18)
FNDA:0,(anonymous_19)
FNDA:0,(anonymous_20)
FNDA:0,(anonymous_21)
FNDA:0,(anonymous_22)
FNDA:0,(anonymous_23)
FNDA:0,(anonymous_24)
FNDA:0,(anonymous_25)
FNDA:0,(anonymous_26)
FNDA:0,(anonymous_27)
FNDA:0,(anonymous_28)
FNDA:0,(anonymous_29)
FNDA:0,(anonymous_30)
FNDA:0,(anonymous_31)
FNDA:0,(anonymous_32)
FNDA:0,(anonymous_33)
FNDA:0,(anonymous_34)
FNDA:0,(anonymous_35)
FNDA:0,(anonymous_36)
FNDA:0,(anonymous_37)
FNDA:0,(anonymous_38)
FNDA:0,(anonymous_39)
FNDA:0,(anonymous_40)
FNDA:0,(anonymous_41)
FNDA:0,(anonymous_42)
DA:2,0
DA:4,0
DA:5,0
DA:7,0
DA:10,0
DA:17,0
DA:23,0
DA:26,0
DA:28,0
DA:39,0
DA:43,0
DA:45,0
DA:57,0
DA:60,0
DA:62,0
DA:72,0
DA:76,0
DA:78,0
DA:90,0
DA:93,0
DA:95,0
DA:106,0
DA:109,0
DA:111,0
DA:122,0
DA:125,0
DA:127,0
DA:137,0
DA:140,0
DA:142,0
DA:152,0
DA:157,0
DA:159,0
DA:171,0
DA:175,0
DA:177,0
DA:188,0
DA:192,0
DA:194,0
DA:206,0
DA:209,0
DA:211,0
DA:222,0
DA:226,0
DA:228,0
DA:239,0
DA:242,0
DA:244,0
DA:255,0
DA:259,0
DA:261,0
DA:273,0
DA:276,0
DA:278,0
DA:288,0
DA:291,0
DA:293,0
DA:304,0
DA:308,0
DA:310,0
DA:322,0
DA:325,0
DA:327,0
DA:337,0
DA:340,0
DA:342,0
DA:353,0
DA:356,0
DA:358,0
DA:370,0
DA:374,0
DA:376,0
DA:388,0
DA:391,0
DA:393,0
DA:403,0
DA:407,0
DA:409,0
DA:421,0
DA:425,0
DA:427,0
DA:438,0
DA:442,0
DA:444,0
DA:455,0
DA:459,0
DA:461,0
DA:473,0
DA:477,0
DA:479,0
DA:491,0
DA:494,0
DA:496,0
DA:507,0
DA:511,0
DA:513,0
DA:525,0
DA:529,0
DA:531,0
DA:542,0
DA:545,0
DA:547,0
DA:559,0
DA:563,0
DA:565,0
DA:577,0
DA:581,0
DA:583,0
DA:594,0
DA:598,0
DA:600,0
DA:611,0
DA:615,0
DA:617,0
DA:629,0
DA:633,0
DA:635,0
DA:646,0
DA:651,0
DA:653,0
DA:665,0
DA:670,0
DA:672,0
DA:683,0
DA:687,0
DA:689,0
LF:126
LH:0
BRDA:14,0,0,0
BRDA:30,1,0,0
BRDA:30,1,1,0
BRDA:42,2,0,0
BRDA:47,3,0,0
BRDA:47,3,1,0
BRDA:64,4,0,0
BRDA:64,4,1,0
BRDA:80,5,0,0
BRDA:80,5,1,0
BRDA:97,6,0,0
BRDA:97,6,1,0
BRDA:113,7,0,0
BRDA:113,7,1,0
BRDA:129,8,0,0
BRDA:129,8,1,0
BRDA:144,9,0,0
BRDA:144,9,1,0
BRDA:161,10,0,0
BRDA:161,10,1,0
BRDA:179,11,0,0
BRDA:179,11,1,0
BRDA:196,12,0,0
BRDA:196,12,1,0
BRDA:213,13,0,0
BRDA:213,13,1,0
BRDA:230,14,0,0
BRDA:230,14,1,0
BRDA:246,15,0,0
BRDA:246,15,1,0
BRDA:263,16,0,0
BRDA:263,16,1,0
BRDA:280,17,0,0
BRDA:280,17,1,0
BRDA:295,18,0,0
BRDA:295,18,1,0
BRDA:312,19,0,0
BRDA:312,19,1,0
BRDA:329,20,0,0
BRDA:329,20,1,0
BRDA:344,21,0,0
BRDA:344,21,1,0
BRDA:360,22,0,0
BRDA:360,22,1,0
BRDA:378,23,0,0
BRDA:378,23,1,0
BRDA:395,24,0,0
BRDA:395,24,1,0
BRDA:411,25,0,0
BRDA:411,25,1,0
BRDA:429,26,0,0
BRDA:429,26,1,0
BRDA:446,27,0,0
BRDA:446,27,1,0
BRDA:463,28,0,0
BRDA:463,28,1,0
BRDA:481,29,0,0
BRDA:481,29,1,0
BRDA:498,30,0,0
BRDA:498,30,1,0
BRDA:515,31,0,0
BRDA:515,31,1,0
BRDA:533,32,0,0
BRDA:533,32,1,0
BRDA:549,33,0,0
BRDA:549,33,1,0
BRDA:567,34,0,0
BRDA:567,34,1,0
BRDA:585,35,0,0
BRDA:585,35,1,0
BRDA:602,36,0,0
BRDA:602,36,1,0
BRDA:619,37,0,0
BRDA:619,37,1,0
BRDA:637,38,0,0
BRDA:637,38,1,0
BRDA:655,39,0,0
BRDA:655,39,1,0
BRDA:674,40,0,0
BRDA:674,40,1,0
BRDA:691,41,0,0
BRDA:691,41,1,0
BRF:82
BRH:0
end_of_record
TN:
SF:src\common\errors\domain-error.ts
FN:6,(anonymous_0)
FN:18,(anonymous_1)
FNF:2
FNH:0
FNDA:0,(anonymous_0)
FNDA:0,(anonymous_1)
DA:2,0
DA:5,0
DA:12,0
DA:17,0
DA:19,0
LF:5
LH:0
BRDA:9,0,0,0
BRF:1
BRH:0
end_of_record
TN:
SF:src\common\errors\index.ts
FNF:0
FNH:0
DA:2,0
DA:3,0
LF:2
LH:0
BRF:0
BRH:0
end_of_record
TN:
SF:src\common\exceptions\payment-required.exception.ts
FN:5,(anonymous_0)
FNF:1
FNH:0
FNDA:0,(anonymous_0)
DA:2,0
DA:4,0
DA:6,0
LF:3
LH:0
BRDA:5,0,0,0
BRF:1
BRH:0
end_of_record
TN:
SF:src\common\filters\all-exceptions.filter.ts
FN:38,isObject
FN:42,isAxiosError
FN:46,hasName
FN:50,isMongoValidationError
FN:54,isMongoCastError
FN:58,isMongoServerError
FN:62,isJwtError
FN:70,(anonymous_8)
FN:73,(anonymous_9)
FN:133,(anonymous_10)
FN:169,(anonymous_11)
FN:221,(anonymous_12)
FN:242,(anonymous_13)
FN:268,(anonymous_14)
FN:293,(anonymous_15)
FNF:15
FNH:0
FNDA:0,isObject
FNDA:0,isAxiosError
FNDA:0,hasName
FNDA:0,isMongoValidationError
FNDA:0,isMongoCastError
FNDA:0,isMongoServerError
FNDA:0,isJwtError
FNDA:0,(anonymous_8)
FNDA:0,(anonymous_9)
FNDA:0,(anonymous_10)
FNDA:0,(anonymous_11)
FNDA:0,(anonymous_12)
FNDA:0,(anonymous_13)
FNDA:0,(anonymous_14)
FNDA:0,(anonymous_15)
DA:4,0
DA:14,0
DA:39,0
DA:43,0
DA:47,0
DA:51,0
DA:55,0
DA:59,0
DA:63,0
DA:70,0
DA:71,0
DA:74,0
DA:75,0
DA:76,0
DA:77,0
DA:78,0
DA:81,0
DA:82,0
DA:83,0
DA:84,0
DA:85,0
DA:89,0
DA:94,0
DA:95,0
DA:96,0
DA:97,0
DA:101,0
DA:102,0
DA:103,0
DA:104,0
DA:105,0
DA:109,0
DA:113,0
DA:114,0
DA:115,0
DA:116,0
DA:120,0
DA:127,0
DA:128,0
DA:138,0
DA:139,0
DA:142,0
DA:143,0
DA:147,0
DA:148,0
DA:160,0
DA:174,0
DA:175,0
DA:185,0
DA:186,0
DA:197,0
DA:201,0
DA:211,0
DA:226,0
DA:227,0
DA:247,0
DA:248,0
DA:257,0
DA:273,0
DA:288,0
DA:299,0
DA:301,0
DA:302,0
DA:303,0
DA:304,0
DA:305,0
DA:312,0
LF:67
LH:0
BRDA:39,0,0,0
BRDA:39,0,1,0
BRDA:43,1,0,0
BRDA:43,1,1,0
BRDA:47,2,0,0
BRDA:47,2,1,0
BRDA:81,3,0,0
BRDA:89,4,0,0
BRDA:90,5,0,0
BRDA:90,5,1,0
BRDA:90,5,2,0
BRDA:101,6,0,0
BRDA:109,7,0,0
BRDA:110,8,0,0
BRDA:110,8,1,0
BRDA:142,9,0,0
BRDA:142,10,0,0
BRDA:142,10,1,0
BRDA:151,11,0,0
BRDA:151,11,1,0
BRDA:151,12,0,0
BRDA:151,12,1,0
BRDA:154,13,0,0
BRDA:154,13,1,0
BRDA:163,14,0,0
BRDA:163,14,1,0
BRDA:174,15,0,0
BRDA:185,16,0,0
BRDA:197,17,0,0
BRDA:198,18,0,0
BRDA:198,18,1,0
BRDA:205,19,0,0
BRDA:205,19,1,0
BRDA:226,20,0,0
BRDA:226,20,1,0
BRDA:247,21,0,0
BRDA:283,22,0,0
BRDA:283,22,1,0
BRDA:284,23,0,0
BRDA:284,23,1,0
BRDA:301,24,0,0
BRDA:301,24,1,0
BRDA:304,25,0,0
BRF:43
BRH:0
end_of_record
TN:
SF:src\common\filters\constants.ts
FNF:0
FNH:0
DA:2,0
DA:3,0
DA:4,0
DA:5,0
DA:6,0
DA:7,0
DA:8,0
DA:9,0
DA:10,0
DA:11,0
LF:10
LH:0
BRF:0
BRH:0
end_of_record
TN:
SF:src\common\filters\index.ts
FNF:0
FNH:0
DA:2,0
DA:3,0
LF:2
LH:0
BRF:0
BRH:0
end_of_record
TN:
SF:src\common\filters\ws-exceptions.filter.ts
FN:11,isEmittable
FN:24,(anonymous_2)
FNF:2
FNH:0
FNDA:0,isEmittable
FNDA:0,(anonymous_2)
DA:4,0
DA:5,0
DA:12,0
DA:23,0
DA:25,0
DA:26,0
DA:29,0
DA:36,0
DA:37,0
DA:38,0
LF:10
LH:0
BRDA:13,0,0,0
BRDA:13,0,1,0
BRDA:13,0,2,0
BRDA:29,1,0,0
BRDA:29,1,1,0
BRDA:36,2,0,0
BRF:6
BRH:0
end_of_record
TN:
SF:src\common\guards\account-state.guard.ts
FN:14,(anonymous_2)
FN:16,(anonymous_3)
FNF:2
FNH:0
FNDA:0,(anonymous_2)
FNDA:0,(anonymous_3)
DA:2,0
DA:8,0
DA:13,0
DA:14,0
DA:17,0
DA:21,0
DA:23,0
DA:28,0
DA:29,0
DA:31,0
DA:33,0
DA:34,0
DA:37,0
DA:38,0
DA:43,0
LF:15
LH:0
BRDA:21,0,0,0
BRDA:31,1,0,0
BRDA:33,2,0,0
BRDA:37,3,0,0
BRDA:37,4,0,0
BRDA:37,4,1,0
BRF:6
BRH:0
end_of_record
TN:
SF:src\common\guards\auth.guard.ts
FN:16,(anonymous_2)
FN:21,(anonymous_3)
FN:43,(anonymous_4)
FNF:3
FNH:0
FNDA:0,(anonymous_2)
FNDA:0,(anonymous_3)
FNDA:0,(anonymous_4)
DA:2,0
DA:8,0
DA:9,0
DA:15,0
DA:17,0
DA:18,0
DA:22,0
DA:23,0
DA:25,0
DA:26,0
DA:29,0
DA:30,0
DA:35,0
DA:37,0
DA:40,0
DA:44,0
DA:45,0
LF:17
LH:0
BRDA:25,0,0,0
BRDA:44,1,0,0
BRDA:44,1,1,0
BRDA:45,2,0,0
BRDA:45,2,1,0
BRF:5
BRH:0
end_of_record
TN:
SF:src\common\guards\identity.guard.ts
FN:21,(anonymous_4)
FN:27,(anonymous_5)
FNF:2
FNH:0
FNDA:0,(anonymous_4)
FNDA:0,(anonymous_5)
DA:2,0
DA:8,0
DA:9,0
DA:10,0
DA:12,0
DA:16,0
DA:20,0
DA:22,0
DA:23,0
DA:24,0
DA:28,0
DA:32,0
DA:34,0
DA:35,0
DA:36,0
DA:38,0
DA:43,0
DA:45,0
DA:53,0
DA:54,0
DA:58,0
DA:66,0
DA:69,0
LF:23
LH:0
BRDA:32,0,0,0
BRDA:36,1,0,0
BRDA:43,2,0,0
BRDA:50,3,0,0
BRDA:50,3,1,0
BRDA:53,4,0,0
BRDA:53,4,1,0
BRDA:58,5,0,0
BRDA:58,5,1,0
BRDA:62,6,0,0
BRDA:62,6,1,0
BRF:11
BRH:0
end_of_record
TN:
SF:src\common\guards\index.ts
FNF:0
FNH:0
DA:2,0
DA:3,0
DA:4,0
DA:5,0
DA:6,0
DA:7,0
DA:8,0
LF:7
LH:0
BRF:0
BRH:0
end_of_record
TN:
SF:src\common\guards\jwt-auth.guard.ts
FN:30,(anonymous_4)
FN:38,(anonymous_5)
FN:51,(anonymous_6)
FN:81,(anonymous_7)
FN:93,(anonymous_8)
FNF:5
FNH:0
FNDA:0,(anonymous_4)
FNDA:0,(anonymous_5)
FNDA:0,(anonymous_6)
FNDA:0,(anonymous_7)
FNDA:0,(anonymous_8)
DA:2,0
DA:3,0
DA:9,0
DA:10,0
DA:11,0
DA:17,0
DA:19,0
DA:29,0
DA:31,0
DA:32,0
DA:33,0
DA:35,0
DA:40,0
DA:44,0
DA:47,0
DA:48,0
DA:49,0
DA:51,0
DA:52,0
DA:57,0
DA:58,0
DA:59,0
DA:63,0
DA:64,0
DA:65,0
DA:67,0
DA:68,0
DA:69,0
DA:70,0
DA:75,0
DA:82,0
DA:83,0
DA:84,0
DA:87,0
DA:94,0
DA:95,0
DA:100,0
DA:101,0
DA:104,0
DA:107,0
DA:108,0
DA:111,0
DA:113,0
LF:43
LH:0
BRDA:44,0,0,0
BRDA:47,1,0,0
BRDA:49,2,0,0
BRDA:49,2,1,0
BRDA:49,2,2,0
BRDA:51,3,0,0
BRDA:51,4,0,0
BRDA:51,4,1,0
BRDA:58,5,0,0
BRDA:63,6,0,0
BRDA:67,7,0,0
BRDA:69,8,0,0
BRDA:83,9,0,0
BRDA:83,10,0,0
BRDA:83,10,1,0
BRDA:100,11,0,0
BRDA:101,12,0,0
BRDA:107,13,0,0
BRDA:107,14,0,0
BRDA:107,14,1,0
BRDA:107,14,2,0
BRF:21
BRH:0
end_of_record
TN:
SF:src\common\guards\merchant-state.guard.ts
FN:14,(anonymous_2)
FN:16,(anonymous_3)
FNF:2
FNH:0
FNDA:0,(anonymous_2)
FNDA:0,(anonymous_3)
DA:2,0
DA:8,0
DA:13,0
DA:14,0
DA:17,0
DA:21,0
DA:23,0
DA:27,0
DA:29,0
DA:30,0
DA:31,0
DA:33,0
DA:36,0
DA:39,0
DA:40,0
DA:43,0
DA:44,0
DA:47,0
DA:48,0
DA:51,0
LF:20
LH:0
BRDA:21,0,0,0
BRDA:27,1,0,0
BRDA:33,2,0,0
BRDA:36,3,0,0
BRDA:39,4,0,0
BRDA:43,5,0,0
BRDA:47,6,0,0
BRDA:47,7,0,0
BRDA:47,7,1,0
BRF:9
BRH:0
end_of_record
TN:
SF:src\common\guards\roles.guard.ts
FN:15,(anonymous_2)
FN:17,(anonymous_3)
FNF:2
FNH:0
FNDA:0,(anonymous_2)
FNDA:0,(anonymous_3)
DA:1,0
DA:8,0
DA:10,0
DA:14,0
DA:15,0
DA:19,0
DA:23,0
DA:26,0
DA:32,0
DA:35,0
DA:36,0
DA:38,0
DA:40,0
DA:44,0
DA:45,0
DA:48,0
LF:16
LH:0
BRDA:23,0,0,0
BRDA:32,1,0,0
BRDA:32,2,0,0
BRDA:32,2,1,0
BRDA:38,3,0,0
BRDA:44,4,0,0
BRF:6
BRH:0
end_of_record
TN:
SF:src\common\guards\throttler-tenant.guard.ts
FN:31,firstHeader
FN:38,(anonymous_2)
FN:55,(anonymous_3)
FN:59,(anonymous_4)
FN:63,(anonymous_5)
FN:69,(anonymous_6)
FNF:6
FNH:0
FNDA:0,firstHeader
FNDA:0,(anonymous_2)
FNDA:0,(anonymous_3)
FNDA:0,(anonymous_4)
FNDA:0,(anonymous_5)
FNDA:0,(anonymous_6)
DA:4,0
DA:5,0
DA:32,0
DA:36,0
DA:39,0
DA:40,0
DA:41,0
DA:43,0
DA:44,0
DA:46,0
DA:47,0
DA:49,0
DA:50,0
DA:52,0
DA:56,0
DA:60,0
DA:64,0
DA:65,0
DA:71,0
DA:72,0
DA:76,0
DA:77,0
DA:80,0
DA:81,0
DA:82,0
DA:83,0
DA:87,0
LF:27
LH:0
BRDA:32,0,0,0
BRDA:32,0,1,0
BRDA:43,1,0,0
BRDA:43,2,0,0
BRDA:43,2,1,0
BRDA:46,3,0,0
BRDA:49,4,0,0
BRDA:56,5,0,0
BRDA:56,5,1,0
BRDA:60,6,0,0
BRDA:60,6,1,0
BRDA:64,7,0,0
BRDA:64,7,1,0
BRDA:65,8,0,0
BRDA:65,8,1,0
BRDA:71,9,0,0
BRDA:71,10,0,0
BRDA:71,10,1,0
BRDA:77,11,0,0
BRDA:81,12,0,0
BRDA:83,13,0,0
BRDA:87,14,0,0
BRDA:87,14,1,0
BRDA:87,14,2,0
BRF:24
BRH:0
end_of_record
TN:
SF:src\common\guards\trial.guard.ts
FN:16,(anonymous_1)
FNF:1
FNH:0
FNDA:0,(anonymous_1)
DA:3,0
DA:11,0
DA:15,0
DA:17,0
DA:18,0
DA:21,0
DA:22,0
DA:25,0
DA:27,0
DA:28,0
DA:32,0
DA:33,0
DA:36,0
LF:13
LH:0
BRDA:21,0,0,0
BRDA:27,1,0,0
BRDA:32,2,0,0
BRF:3
BRH:0
end_of_record
TN:
SF:src\common\guards\webhook-signature.guard.ts
FN:31,timingSafeEqStr
FN:40,(anonymous_14)
FN:45,(anonymous_15)
FN:86,(anonymous_16)
FN:112,(anonymous_17)
FN:120,(anonymous_18)
FN:141,(anonymous_19)
FN:151,(anonymous_20)
FNF:8
FNH:0
FNDA:0,timingSafeEqStr
FNDA:0,(anonymous_14)
FNDA:0,(anonymous_15)
FNDA:0,(anonymous_16)
FNDA:0,(anonymous_17)
FNDA:0,(anonymous_18)
FNDA:0,(anonymous_19)
FNDA:0,(anonymous_20)
DA:1,0
DA:3,0
DA:16,0
DA:17,0
DA:32,0
DA:33,0
DA:34,0
DA:35,0
DA:39,0
DA:42,0
DA:46,0
DA:47,0
DA:49,0
DA:50,0
DA:53,0
DA:54,0
DA:55,0
DA:59,0
DA:60,0
DA:63,0
DA:64,0
DA:66,0
DA:67,0
DA:69,0
DA:70,0
DA:72,0
DA:73,0
DA:76,0
DA:77,0
DA:81,0
DA:82,0
DA:83,0
DA:88,0
DA:89,0
DA:91,0
DA:92,0
DA:97,0
DA:98,0
DA:103,0
DA:104,0
DA:109,0
DA:116,0
DA:124,0
DA:125,0
DA:126,0
DA:128,0
DA:129,0
DA:131,0
DA:132,0
DA:133,0
DA:135,0
DA:143,0
DA:146,0
DA:147,0
DA:152,0
DA:156,0
DA:157,0
LF:57
LH:0
BRDA:32,0,0,0
BRDA:32,1,0,0
BRDA:32,1,1,0
BRDA:35,2,0,0
BRDA:35,2,1,0
BRDA:49,3,0,0
BRDA:49,4,0,0
BRDA:49,4,1,0
BRDA:54,5,0,0
BRDA:54,6,0,0
BRDA:54,6,1,0
BRDA:54,6,2,0
BRDA:59,7,0,0
BRDA:64,8,0,0
BRDA:64,8,1,0
BRDA:64,8,2,0
BRDA:76,9,0,0
BRDA:88,10,0,0
BRDA:88,10,1,0
BRDA:88,11,0,0
BRDA:88,11,1,0
BRDA:89,12,0,0
BRDA:89,12,1,0
BRDA:91,13,0,0
BRDA:97,14,0,0
BRDA:103,15,0,0
BRDA:125,16,0,0
BRDA:125,17,0,0
BRDA:125,17,1,0
BRDA:126,18,0,0
BRDA:129,19,0,0
BRDA:129,20,0,0
BRDA:129,20,1,0
BRDA:136,21,0,0
BRDA:136,21,1,0
BRDA:146,22,0,0
BRDA:146,22,1,0
BRDA:152,23,0,0
BRDA:152,23,1,0
BRDA:156,24,0,0
BRDA:156,24,1,0
BRDA:156,24,2,0
BRF:42
BRH:0
end_of_record
TN:
SF:src\common\interceptors\bypass.util.ts
FN:37,getEnvRegexes
FN:42,(anonymous_1)
FN:44,(anonymous_2)
FN:51,(anonymous_3)
FN:56,shouldBypassByMethod
FN:61,shouldBypassByUserAgent
FN:67,shouldBypassByUrl
FN:72,(anonymous_7)
FN:77,(anonymous_8)
FN:80,shouldBypassByHeader
FN:88,shouldBypass
FNF:11
FNH:0
FNDA:0,getEnvRegexes
FNDA:0,(anonymous_1)
FNDA:0,(anonymous_2)
FNDA:0,(anonymous_3)
FNDA:0,shouldBypassByMethod
FNDA:0,shouldBypassByUserAgent
FNDA:0,shouldBypassByUrl
FNDA:0,(anonymous_7)
FNDA:0,(anonymous_8)
FNDA:0,shouldBypassByHeader
FNDA:0,shouldBypass
DA:14,0
DA:24,0
DA:30,0
DA:34,0
DA:38,0
DA:39,0
DA:40,0
DA:42,0
DA:45,0
DA:46,0
DA:48,0
DA:51,0
DA:54,0
DA:57,0
DA:58,0
DA:62,0
DA:63,0
DA:64,0
DA:69,0
DA:72,0
DA:73,0
DA:77,0
DA:81,0
DA:82,0
DA:85,0
DA:88,0
DA:89,0
DA:90,0
DA:92,0
DA:93,0
DA:94,0
DA:96,0
LF:32
LH:0
BRDA:39,0,0,0
BRDA:57,1,0,0
BRDA:57,1,1,0
BRDA:63,2,0,0
BRDA:63,2,1,0
BRDA:63,3,0,0
BRDA:63,3,1,0
BRDA:69,4,0,0
BRDA:72,5,0,0
BRDA:72,6,0,0
BRDA:72,6,1,0
BRDA:82,7,0,0
BRDA:82,7,1,0
BRDA:85,8,0,0
BRDA:85,8,1,0
BRDA:89,9,0,0
BRDA:90,10,0,0
BRDA:92,11,0,0
BRDA:92,11,1,0
BRDA:92,12,0,0
BRDA:92,12,1,0
BRDA:92,12,2,0
BRDA:93,13,0,0
BRDA:94,14,0,0
BRF:24
BRH:0
end_of_record
TN:
SF:src\common\interceptors\error-logging.interceptor.ts
FN:44,firstHeader
FN:48,isHttpContext
FN:52,getRequest
FN:56,getUrl
FN:60,getRequestId
FN:64,safeToString
FN:70,getUserIdFromAuth
FN:75,getUserIdFromJwt
FN:80,getMerchantIdFromAuth
FN:85,getMerchantIdFromJwt
FN:90,buildMeta
FN:110,(anonymous_13)
FN:114,(anonymous_14)
FN:127,(anonymous_15)
FN:129,(anonymous_16)
FN:136,(anonymous_17)
FNF:16
FNH:0
FNDA:0,firstHeader
FNDA:0,isHttpContext
FNDA:0,getRequest
FNDA:0,getUrl
FNDA:0,getRequestId
FNDA:0,safeToString
FNDA:0,getUserIdFromAuth
FNDA:0,getUserIdFromJwt
FNDA:0,getMerchantIdFromAuth
FNDA:0,getMerchantIdFromJwt
FNDA:0,buildMeta
FNDA:0,(anonymous_13)
FNDA:0,(anonymous_14)
FNDA:0,(anonymous_15)
FNDA:0,(anonymous_16)
FNDA:0,(anonymous_17)
DA:4,0
DA:11,0
DA:12,0
DA:15,0
DA:17,0
DA:45,0
DA:49,0
DA:53,0
DA:57,0
DA:61,0
DA:65,0
DA:71,0
DA:72,0
DA:76,0
DA:77,0
DA:81,0
DA:82,0
DA:86,0
DA:87,0
DA:91,0
DA:92,0
DA:93,0
DA:94,0
DA:95,0
DA:98,0
DA:99,0
DA:101,0
DA:107,0
DA:108,0
DA:111,0
DA:115,0
DA:116,0
DA:119,0
DA:120,0
DA:121,0
DA:124,0
DA:126,0
DA:128,0
DA:129,0
DA:130,0
DA:137,0
DA:138,0
DA:142,0
DA:144,0
DA:145,0
LF:45
LH:0
BRDA:45,0,0,0
BRDA:45,0,1,0
BRDA:57,1,0,0
BRDA:57,1,1,0
BRDA:57,1,2,0
BRDA:61,2,0,0
BRDA:61,2,1,0
BRDA:65,3,0,0
BRDA:65,3,1,0
BRDA:72,4,0,0
BRDA:72,4,1,0
BRDA:77,5,0,0
BRDA:77,5,1,0
BRDA:82,6,0,0
BRDA:82,6,1,0
BRDA:87,7,0,0
BRDA:87,7,1,0
BRDA:92,8,0,0
BRDA:92,8,1,0
BRDA:93,9,0,0
BRDA:93,9,1,0
BRDA:98,10,0,0
BRDA:98,10,1,0
BRDA:99,11,0,0
BRDA:99,11,1,0
BRDA:115,12,0,0
BRDA:120,13,0,0
BRDA:130,14,0,0
BRDA:130,14,1,0
BRDA:144,15,0,0
BRDA:144,15,1,0
BRF:31
BRH:0
end_of_record
TN:
SF:src\common\interceptors\http-metrics.interceptor.ts
FN:48,isHttpContext
FN:52,getHttp
FN:63,firstHeader
FN:67,extractRoute
FN:79,categorizeError
FN:88,formatErrorForLog
FN:98,generateRequestId
FN:111,(anonymous_11)
FN:122,(anonymous_12)
FN:143,(anonymous_13)
FN:148,(anonymous_14)
FN:162,(anonymous_15)
FN:172,(anonymous_16)
FN:196,(anonymous_17)
FNF:14
FNH:0
FNDA:0,isHttpContext
FNDA:0,getHttp
FNDA:0,firstHeader
FNDA:0,extractRoute
FNDA:0,categorizeError
FNDA:0,formatErrorForLog
FNDA:0,generateRequestId
FNDA:0,(anonymous_11)
FNDA:0,(anonymous_12)
FNDA:0,(anonymous_13)
FNDA:0,(anonymous_14)
FNDA:0,(anonymous_15)
FNDA:0,(anonymous_16)
FNDA:0,(anonymous_17)
DA:2,0
DA:5,0
DA:13,0
DA:14,0
DA:17,0
DA:22,0
DA:30,0
DA:31,0
DA:49,0
DA:56,0
DA:57,0
DA:64,0
DA:68,0
DA:69,0
DA:71,0
DA:72,0
DA:73,0
DA:80,0
DA:81,0
DA:82,0
DA:83,0
DA:84,0
DA:85,0
DA:92,0
DA:93,0
DA:95,0
DA:99,0
DA:108,0
DA:109,0
DA:113,0
DA:116,0
DA:119,0
DA:123,0
DA:125,0
DA:126,0
DA:128,0
DA:131,0
DA:132,0
DA:133,0
DA:134,0
DA:138,0
DA:139,0
DA:140,0
DA:142,0
DA:144,0
DA:149,0
DA:150,0
DA:151,0
DA:153,0
DA:155,0
DA:158,0
DA:159,0
DA:162,0
DA:163,0
DA:178,0
DA:180,0
DA:181,0
DA:183,0
DA:184,0
DA:186,0
DA:187,0
DA:197,0
DA:198,0
LF:63
LH:0
BRDA:64,0,0,0
BRDA:64,0,1,0
BRDA:68,1,0,0
BRDA:71,2,0,0
BRDA:71,2,1,0
BRDA:71,2,2,0
BRDA:80,3,0,0
BRDA:81,4,0,0
BRDA:82,5,0,0
BRDA:83,6,0,0
BRDA:84,7,0,0
BRDA:92,8,0,0
BRDA:123,9,0,0
BRDA:126,10,0,0
BRDA:133,11,0,0
BRDA:133,11,1,0
BRDA:134,12,0,0
BRDA:134,12,1,0
BRDA:134,12,2,0
BRDA:138,13,0,0
BRDA:138,13,1,0
BRDA:149,14,0,0
BRDA:149,14,1,0
BRDA:158,15,0,0
BRDA:163,16,0,0
BRDA:163,16,1,0
BRDA:186,17,0,0
BRF:27
BRH:0
end_of_record
TN:
SF:src\common\interceptors\index.ts
FNF:0
FNH:0
DA:2,0
DA:3,0
DA:4,0
DA:5,0
DA:6,0
DA:7,0
LF:6
LH:0
BRF:0
BRH:0
end_of_record
TN:
SF:src\common\interceptors\logging.interceptor.ts
FN:19,(anonymous_1)
FN:22,(anonymous_2)
FN:52,(anonymous_3)
FN:58,(anonymous_4)
FNF:4
FNH:0
FNDA:0,(anonymous_1)
FNDA:0,(anonymous_2)
FNDA:0,(anonymous_3)
FNDA:0,(anonymous_4)
DA:2,0
DA:10,0
DA:12,0
DA:14,0
DA:19,0
DA:20,0
DA:23,0
DA:26,0
DA:27,0
DA:28,0
DA:30,0
DA:31,0
DA:32,0
DA:33,0
DA:34,0
DA:35,0
DA:38,0
DA:43,0
DA:44,0
DA:45,0
DA:50,0
DA:53,0
DA:54,0
DA:59,0
DA:61,0
DA:62,0
LF:26
LH:0
BRDA:27,0,0,0
BRDA:34,1,0,0
BRDA:34,1,1,0
BRDA:43,2,0,0
BRDA:43,3,0,0
BRDA:43,3,1,0
BRDA:61,4,0,0
BRDA:61,4,1,0
BRF:8
BRH:0
end_of_record
TN:
SF:src\common\interceptors\performance-tracking.interceptor.ts
FN:50,firstHeader
FN:53,isHttpContext
FN:56,getReqRes
FN:66,extractUrl
FN:69,getRequestId
FN:74,getUserIdFromAuth
FN:85,getUserIdFromJwt
FN:89,getMerchantIdFromAuth
FN:100,getMerchantIdFromJwt
FN:104,buildUserIds
FN:113,performanceTag
FN:118,asTransaction
FN:128,tagBase
FN:153,(anonymous_15)
FN:155,(anonymous_16)
FN:194,(anonymous_17)
FN:203,(anonymous_18)
FN:212,(anonymous_19)
FNF:18
FNH:0
FNDA:0,firstHeader
FNDA:0,isHttpContext
FNDA:0,getReqRes
FNDA:0,extractUrl
FNDA:0,getRequestId
FNDA:0,getUserIdFromAuth
FNDA:0,getUserIdFromJwt
FNDA:0,getMerchantIdFromAuth
FNDA:0,getMerchantIdFromJwt
FNDA:0,buildUserIds
FNDA:0,performanceTag
FNDA:0,asTransaction
FNDA:0,tagBase
FNDA:0,(anonymous_15)
FNDA:0,(anonymous_16)
FNDA:0,(anonymous_17)
FNDA:0,(anonymous_18)
FNDA:0,(anonymous_19)
DA:4,0
DA:7,0
DA:15,0
DA:18,0
DA:20,0
DA:28,0
DA:29,0
DA:30,0
DA:51,0
DA:54,0
DA:60,0
DA:61,0
DA:67,0
DA:70,0
DA:75,0
DA:76,0
DA:77,0
DA:78,0
DA:79,0
DA:80,0
DA:82,0
DA:86,0
DA:87,0
DA:90,0
DA:91,0
DA:92,0
DA:93,0
DA:94,0
DA:95,0
DA:97,0
DA:101,0
DA:102,0
DA:108,0
DA:114,0
DA:115,0
DA:116,0
DA:119,0
DA:120,0
DA:136,0
DA:137,0
DA:138,0
DA:139,0
DA:140,0
DA:141,0
DA:150,0
DA:151,0
DA:153,0
DA:156,0
DA:158,0
DA:159,0
DA:161,0
DA:162,0
DA:163,0
DA:164,0
DA:165,0
DA:166,0
DA:167,0
DA:169,0
DA:170,0
DA:187,0
DA:189,0
DA:190,0
DA:192,0
DA:195,0
DA:196,0
DA:197,0
DA:198,0
DA:204,0
DA:205,0
DA:209,0
DA:213,0
DA:214,0
DA:215,0
DA:216,0
DA:217,0
DA:218,0
DA:219,0
DA:220,0
DA:222,0
DA:223,0
DA:237,0
LF:81
LH:0
BRDA:51,0,0,0
BRDA:51,0,1,0
BRDA:67,1,0,0
BRDA:67,1,1,0
BRDA:67,1,2,0
BRDA:71,2,0,0
BRDA:71,2,1,0
BRDA:71,2,2,0
BRDA:76,3,0,0
BRDA:76,4,0,0
BRDA:76,4,1,0
BRDA:78,5,0,0
BRDA:79,6,0,0
BRDA:87,7,0,0
BRDA:87,7,1,0
BRDA:91,8,0,0
BRDA:91,9,0,0
BRDA:91,9,1,0
BRDA:93,10,0,0
BRDA:94,11,0,0
BRDA:102,12,0,0
BRDA:102,12,1,0
BRDA:109,13,0,0
BRDA:109,13,1,0
BRDA:110,14,0,0
BRDA:110,14,1,0
BRDA:114,15,0,0
BRDA:115,16,0,0
BRDA:120,17,0,0
BRDA:120,17,1,0
BRDA:120,18,0,0
BRDA:120,18,1,0
BRDA:120,18,2,0
BRDA:120,18,3,0
BRDA:120,18,4,0
BRDA:140,19,0,0
BRDA:141,20,0,0
BRDA:156,21,0,0
BRDA:159,22,0,0
BRDA:187,23,0,0
BRDA:207,24,0,0
BRDA:207,24,1,0
BRDA:209,25,0,0
BRDA:209,25,1,0
BRDA:216,26,0,0
BRDA:222,27,0,0
BRDA:222,27,1,0
BRF:47
BRH:0
end_of_record
TN:
SF:src\common\interceptors\response.interceptor.ts
FN:27,(anonymous_1)
FN:42,(anonymous_2)
FNF:2
FNH:0
FNDA:0,(anonymous_1)
FNDA:0,(anonymous_2)
DA:2,0
DA:9,0
DA:11,0
DA:24,0
DA:31,0
DA:36,0
DA:37,0
DA:40,0
DA:41,0
DA:42,0
LF:10
LH:0
BRDA:36,0,0,0
BRF:1
BRH:0
end_of_record
TN:
SF:src\common\locks\index.ts
FNF:0
FNH:0
DA:1,0
LF:1
LH:0
BRF:0
BRH:0
end_of_record
TN:
SF:src\common\locks\redis-lock.service.ts
FN:10,(anonymous_4)
FN:12,(anonymous_5)
FN:21,(anonymous_6)
FNF:3
FNH:0
FNDA:0,(anonymous_4)
FNDA:0,(anonymous_5)
FNDA:0,(anonymous_6)
DA:1,0
DA:2,0
DA:4,0
DA:9,0
DA:10,0
DA:17,0
DA:18,0
DA:22,0
LF:8
LH:0
BRDA:14,0,0,0
BRF:1
BRH:0
end_of_record
TN:
SF:src\common\middlewares\request-id.middleware.ts
FN:10,(anonymous_1)
FNF:1
FNH:0
FNDA:0,(anonymous_1)
DA:2,0
DA:4,0
DA:9,0
DA:15,0
DA:16,0
DA:17,0
DA:18,0
LF:7
LH:0
BRDA:15,0,0,0
BRDA:15,0,1,0
BRF:2
BRH:0
end_of_record
TN:
SF:src\common\outbox\outbox.dispatcher.ts
FN:13,(anonymous_2)
FN:19,(anonymous_3)
FN:24,(anonymous_4)
FNF:3
FNH:0
FNDA:0,(anonymous_2)
FNDA:0,(anonymous_3)
FNDA:0,(anonymous_4)
DA:1,0
DA:2,0
DA:4,0
DA:6,0
DA:9,0
DA:10,0
DA:11,0
DA:14,0
DA:15,0
DA:19,0
DA:20,0
DA:24,0
DA:25,0
DA:26,0
DA:28,0
DA:29,0
DA:30,0
DA:31,0
DA:46,0
DA:48,0
DA:49,0
DA:50,0
LF:22
LH:0
BRDA:26,0,0,0
BRDA:29,1,0,0
BRDA:29,1,1,0
BRDA:48,2,0,0
BRDA:48,2,1,0
BRF:5
BRH:0
end_of_record
TN:
SF:src\common\outbox\outbox.module.ts
FNF:0
FNH:0
DA:1,0
DA:2,0
DA:4,0
DA:5,0
DA:16,0
LF:5
LH:0
BRF:0
BRH:0
end_of_record
TN:
SF:src\common\outbox\outbox.service.ts
FN:26,(anonymous_4)
FN:31,(anonymous_5)
FN:46,(anonymous_6)
FN:79,(anonymous_7)
FN:109,(anonymous_8)
FN:120,(anonymous_9)
FN:128,(anonymous_10)
FN:144,(anonymous_11)
FNF:8
FNH:0
FNDA:0,(anonymous_4)
FNDA:0,(anonymous_5)
FNDA:0,(anonymous_6)
FNDA:0,(anonymous_7)
FNDA:0,(anonymous_8)
FNDA:0,(anonymous_9)
FNDA:0,(anonymous_10)
FNDA:0,(anonymous_11)
DA:1,0
DA:2,0
DA:3,0
DA:5,0
DA:7,0
DA:9,0
DA:10,0
DA:25,0
DA:28,0
DA:35,0
DA:42,0
DA:43,0
DA:50,0
DA:58,0
DA:59,0
DA:60,0
DA:62,0
DA:64,0
DA:66,0
DA:67,0
DA:72,0
DA:74,0
DA:83,0
DA:84,0
DA:85,0
DA:86,0
DA:103,0
DA:104,0
DA:106,0
DA:110,0
DA:121,0
DA:125,0
DA:129,0
DA:147,0
DA:148,0
LF:35
LH:0
BRDA:40,0,0,0
BRDA:40,0,1,0
BRDA:55,1,0,0
BRDA:55,1,1,0
BRDA:59,2,0,0
BRDA:59,2,1,0
BRDA:67,3,0,0
BRDA:68,4,0,0
BRDA:68,4,1,0
BRDA:80,5,0,0
BRDA:81,6,0,0
BRDA:103,7,0,0
BRDA:145,8,0,0
BRF:13
BRH:0
end_of_record
TN:
SF:src\common\outbox\outbox.workers.module.ts
FNF:0
FNH:0
DA:2,0
DA:4,0
DA:5,0
DA:11,0
LF:4
LH:0
BRF:0
BRH:0
end_of_record
TN:
SF:src\common\pipes\parse-objectid.pipe.ts
FN:8,(anonymous_0)
FNF:1
FNH:0
FNDA:0,(anonymous_0)
DA:2,0
DA:3,0
DA:7,0
DA:9,0
DA:10,0
DA:12,0
LF:6
LH:0
BRDA:9,0,0,0
BRF:1
BRH:0
end_of_record
TN:
SF:src\common\services\common-services.module.ts
FNF:0
FNH:0
DA:1,0
DA:3,0
DA:4,0
DA:5,0
DA:22,0
LF:5
LH:0
BRF:0
BRH:0
end_of_record
TN:
SF:src\common\services\environment-validator.service.ts
FN:21,(anonymous_2)
FN:26,(anonymous_3)
FN:32,(anonymous_4)
FN:38,(anonymous_5)
FN:44,(anonymous_6)
FN:52,(anonymous_7)
FN:61,(anonymous_8)
FN:67,(anonymous_9)
FN:73,(anonymous_10)
FN:81,(anonymous_11)
FN:90,(anonymous_12)
FN:99,(anonymous_13)
FN:111,(anonymous_14)
FN:163,(anonymous_15)
FN:172,(anonymous_16)
FN:179,(anonymous_17)
FN:190,(anonymous_18)
FNF:17
FNH:0
FNDA:0,(anonymous_2)
FNDA:0,(anonymous_3)
FNDA:0,(anonymous_4)
FNDA:0,(anonymous_5)
FNDA:0,(anonymous_6)
FNDA:0,(anonymous_7)
FNDA:0,(anonymous_8)
FNDA:0,(anonymous_9)
FNDA:0,(anonymous_10)
FNDA:0,(anonymous_11)
FNDA:0,(anonymous_12)
FNDA:0,(anonymous_13)
FNDA:0,(anonymous_14)
FNDA:0,(anonymous_15)
FNDA:0,(anonymous_16)
FNDA:0,(anonymous_17)
FNDA:0,(anonymous_18)
DA:2,0
DA:3,0
DA:5,0
DA:6,0
DA:7,0
DA:18,0
DA:19,0
DA:21,0
DA:27,0
DA:32,0
DA:38,0
DA:44,0
DA:53,0
DA:62,0
DA:67,0
DA:73,0
DA:82,0
DA:91,0
DA:100,0
DA:101,0
DA:112,0
DA:113,0
DA:115,0
DA:117,0
DA:118,0
DA:119,0
DA:122,0
DA:123,0
DA:124,0
DA:130,0
DA:131,0
DA:134,0
DA:138,0
DA:139,0
DA:142,0
DA:146,0
DA:147,0
DA:150,0
DA:151,0
DA:155,0
DA:157,0
DA:158,0
DA:162,0
DA:163,0
DA:166,0
DA:173,0
DA:175,0
DA:176,0
DA:179,0
DA:180,0
DA:183,0
DA:191,0
DA:192,0
DA:194,0
DA:196,0
DA:197,0
DA:198,0
DA:199,0
DA:200,0
DA:203,0
DA:207,0
DA:208,0
DA:210,0
LF:63
LH:0
BRDA:53,0,0,0
BRDA:53,0,1,0
BRDA:62,1,0,0
BRDA:62,1,1,0
BRDA:82,2,0,0
BRDA:82,2,1,0
BRDA:101,3,0,0
BRDA:101,3,1,0
BRDA:101,3,2,0
BRDA:122,4,0,0
BRDA:122,5,0,0
BRDA:122,5,1,0
BRDA:125,6,0,0
BRDA:125,6,1,0
BRDA:130,7,0,0
BRDA:138,8,0,0
BRDA:138,9,0,0
BRDA:138,9,1,0
BRDA:146,10,0,0
BRDA:146,10,1,0
BRDA:150,11,0,0
BRDA:150,11,1,0
BRDA:157,12,0,0
BRDA:157,12,1,0
BRDA:175,13,0,0
BRDA:191,14,0,0
BRDA:191,14,1,0
BRDA:192,15,0,0
BRDA:192,15,1,0
BRDA:194,16,0,0
BRDA:194,16,1,0
BRDA:201,17,0,0
BRDA:201,17,1,0
BRDA:204,18,0,0
BRDA:204,18,1,0
BRDA:207,19,0,0
BRDA:207,19,1,0
BRF:37
BRH:0
end_of_record
TN:
SF:src\common\services\error-management.service.ts
FN:53,(anonymous_2)
FN:58,(anonymous_3)
FN:110,(anonymous_4)
FN:159,(anonymous_5)
FN:213,(anonymous_6)
FN:265,(anonymous_7)
FN:277,(anonymous_8)
FN:307,(anonymous_9)
FN:312,(anonymous_10)
FN:325,(anonymous_11)
FN:329,(anonymous_12)
FN:337,(anonymous_13)
FN:389,(anonymous_14)
FN:457,(anonymous_15)
FN:467,(anonymous_16)
FN:471,(anonymous_17)
FN:485,(anonymous_18)
FNF:17
FNH:0
FNDA:0,(anonymous_2)
FNDA:0,(anonymous_3)
FNDA:0,(anonymous_4)
FNDA:0,(anonymous_5)
FNDA:0,(anonymous_6)
FNDA:0,(anonymous_7)
FNDA:0,(anonymous_8)
FNDA:0,(anonymous_9)
FNDA:0,(anonymous_10)
FNDA:0,(anonymous_11)
FNDA:0,(anonymous_12)
FNDA:0,(anonymous_13)
FNDA:0,(anonymous_14)
FNDA:0,(anonymous_15)
FNDA:0,(anonymous_16)
FNDA:0,(anonymous_17)
FNDA:0,(anonymous_18)
DA:4,0
DA:7,0
DA:9,0
DA:12,0
DA:13,0
DA:50,0
DA:51,0
DA:53,0
DA:59,0
DA:60,0
DA:61,0
DA:62,0
DA:63,0
DA:64,0
DA:66,0
DA:80,0
DA:82,0
DA:83,0
DA:91,0
DA:95,0
DA:96,0
DA:97,0
DA:103,0
DA:104,0
DA:111,0
DA:112,0
DA:114,0
DA:124,0
DA:129,0
DA:146,0
DA:152,0
DA:153,0
DA:164,0
DA:165,0
DA:166,0
DA:168,0
DA:178,0
DA:183,0
DA:201,0
DA:206,0
DA:207,0
DA:218,0
DA:219,0
DA:221,0
DA:231,0
DA:236,0
DA:237,0
DA:251,0
DA:258,0
DA:259,0
DA:270,0
DA:274,0
DA:295,0
DA:297,0
DA:308,0
DA:309,0
DA:313,0
DA:314,0
DA:315,0
DA:317,0
DA:318,0
DA:326,0
DA:330,0
DA:331,0
DA:332,0
DA:334,0
DA:340,0
DA:345,0
DA:351,0
DA:357,0
DA:365,0
DA:366,0
DA:375,0
DA:376,0
DA:385,0
DA:386,0
DA:392,0
DA:400,0
DA:409,0
DA:417,0
DA:428,0
DA:429,0
DA:441,0
DA:442,0
DA:453,0
DA:454,0
DA:458,0
DA:468,0
DA:474,0
DA:493,0
LF:90
LH:0
BRDA:58,0,0,0
BRDA:61,1,0,0
BRDA:61,1,1,0
BRDA:72,2,0,0
BRDA:72,2,1,0
BRDA:82,3,0,0
BRDA:96,4,0,0
BRDA:110,5,0,0
BRDA:162,6,0,0
BRDA:166,7,0,0
BRDA:166,7,1,0
BRDA:197,8,0,0
BRDA:197,8,1,0
BRDA:216,9,0,0
BRDA:236,10,0,0
BRDA:268,11,0,0
BRDA:278,12,0,0
BRDA:307,13,0,0
BRDA:317,14,0,0
BRDA:317,14,1,0
BRDA:330,15,0,0
BRDA:332,16,0,0
BRDA:357,17,0,0
BRDA:366,18,0,0
BRDA:376,19,0,0
BRDA:417,20,0,0
BRDA:429,21,0,0
BRDA:442,22,0,0
BRF:28
BRH:0
end_of_record
TN:
SF:src\common\services\pagination.service.ts
FN:32,firstOrUndefined
FN:36,isRecord
FN:40,toTimestamp
FN:49,extractNextCursor
FN:76,(anonymous_5)
FN:146,(anonymous_6)
FN:167,(anonymous_7)
FNF:7
FNH:0
FNDA:0,firstOrUndefined
FNDA:0,isRecord
FNDA:0,toTimestamp
FNDA:0,extractNextCursor
FNDA:0,(anonymous_5)
FNDA:0,(anonymous_6)
FNDA:0,(anonymous_7)
DA:4,0
DA:6,0
DA:25,0
DA:26,0
DA:27,0
DA:28,0
DA:33,0
DA:37,0
DA:41,0
DA:42,0
DA:43,0
DA:44,0
DA:46,0
DA:53,0
DA:54,0
DA:56,0
DA:58,0
DA:61,0
DA:63,0
DA:72,0
DA:94,0
DA:97,0
DA:105,0
DA:111,0
DA:114,0
DA:118,0
DA:119,0
DA:122,0
DA:125,0
DA:126,0
DA:129,0
DA:133,0
DA:152,0
DA:158,0
DA:173,0
LF:35
LH:0
BRDA:33,0,0,0
BRDA:33,0,1,0
BRDA:37,1,0,0
BRDA:37,1,1,0
BRDA:41,2,0,0
BRDA:42,3,0,0
BRDA:42,4,0,0
BRDA:42,4,1,0
BRDA:44,5,0,0
BRDA:44,5,1,0
BRDA:54,6,0,0
BRDA:58,7,0,0
BRDA:58,7,1,0
BRDA:58,8,0,0
BRDA:58,8,1,0
BRDA:60,9,0,0
BRDA:60,9,1,0
BRDA:61,10,0,0
BRDA:61,11,0,0
BRDA:61,11,1,0
BRDA:79,12,0,0
BRDA:80,13,0,0
BRDA:89,14,0,0
BRDA:90,15,0,0
BRDA:93,16,0,0
BRDA:111,17,0,0
BRDA:111,17,1,0
BRDA:118,18,0,0
BRDA:119,19,0,0
BRDA:122,20,0,0
BRDA:122,20,1,0
BRDA:126,21,0,0
BRDA:126,21,1,0
BRDA:129,22,0,0
BRDA:129,22,1,0
BRDA:149,23,0,0
BRDA:154,24,0,0
BRDA:154,24,1,0
BRDA:155,25,0,0
BRDA:155,25,1,0
BRDA:170,26,0,0
BRDA:171,27,0,0
BRF:42
BRH:0
end_of_record
TN:
SF:src\common\services\sentry.service.ts
FN:26,(anonymous_11)
FN:31,(anonymous_12)
FN:84,(anonymous_13)
FN:110,(anonymous_14)
FN:159,(anonymous_15)
FN:203,(anonymous_16)
FN:235,(anonymous_17)
FN:238,(anonymous_18)
FN:241,(anonymous_19)
FN:244,(anonymous_20)
FN:257,(anonymous_21)
FN:272,(anonymous_22)
FN:287,(anonymous_23)
FN:307,(anonymous_24)
FN:322,(anonymous_25)
FN:339,(anonymous_26)
FN:346,(anonymous_27)
FNF:17
FNH:0
FNDA:0,(anonymous_11)
FNDA:0,(anonymous_12)
FNDA:0,(anonymous_13)
FNDA:0,(anonymous_14)
FNDA:0,(anonymous_15)
FNDA:0,(anonymous_16)
FNDA:0,(anonymous_17)
FNDA:0,(anonymous_18)
FNDA:0,(anonymous_19)
FNDA:0,(anonymous_20)
FNDA:0,(anonymous_21)
FNDA:0,(anonymous_22)
FNDA:0,(anonymous_23)
FNDA:0,(anonymous_24)
FNDA:0,(anonymous_25)
FNDA:0,(anonymous_26)
FNDA:0,(anonymous_27)
DA:2,0
DA:3,0
DA:4,0
DA:5,0
DA:7,0
DA:22,0
DA:23,0
DA:24,0
DA:26,0
DA:32,0
DA:33,0
DA:34,0
DA:38,0
DA:39,0
DA:40,0
DA:41,0
DA:44,0
DA:45,0
DA:49,0
DA:51,0
DA:52,0
DA:53,0
DA:57,0
DA:63,0
DA:70,0
DA:72,0
DA:73,0
DA:85,0
DA:86,0
DA:87,0
DA:89,0
DA:90,0
DA:91,0
DA:93,0
DA:98,0
DA:99,0
DA:103,0
DA:111,0
DA:112,0
DA:113,0
DA:116,0
DA:117,0
DA:148,0
DA:149,0
DA:151,0
DA:152,0
DA:164,0
DA:165,0
DA:166,0
DA:169,0
DA:170,0
DA:192,0
DA:193,0
DA:195,0
DA:196,0
DA:208,0
DA:209,0
DA:210,0
DA:213,0
DA:215,0
DA:216,0
DA:219,0
DA:229,0
DA:231,0
DA:236,0
DA:239,0
DA:242,0
DA:245,0
DA:249,0
DA:250,0
DA:258,0
DA:259,0
DA:262,0
DA:263,0
DA:265,0
DA:273,0
DA:274,0
DA:277,0
DA:278,0
DA:280,0
DA:293,0
DA:294,0
DA:297,0
DA:298,0
DA:300,0
DA:308,0
DA:309,0
DA:312,0
DA:313,0
DA:315,0
DA:323,0
DA:324,0
DA:327,0
DA:328,0
DA:329,0
DA:330,0
DA:332,0
DA:340,0
DA:347,0
DA:348,0
DA:351,0
DA:354,0
DA:356,0
DA:357,0
LF:104
LH:0
BRDA:32,0,0,0
BRDA:39,1,0,0
BRDA:51,2,0,0
BRDA:60,3,0,0
BRDA:60,3,1,0
BRDA:66,4,0,0
BRDA:66,4,1,0
BRDA:80,5,0,0
BRDA:80,5,1,0
BRDA:85,6,0,0
BRDA:87,7,0,0
BRDA:89,8,0,0
BRDA:110,9,0,0
BRDA:111,10,0,0
BRDA:123,11,0,0
BRDA:123,11,1,0
BRDA:161,12,0,0
BRDA:162,13,0,0
BRDA:164,14,0,0
BRDA:176,15,0,0
BRDA:176,15,1,0
BRDA:206,16,0,0
BRDA:208,17,0,0
BRDA:258,18,0,0
BRDA:273,19,0,0
BRDA:293,20,0,0
BRDA:308,21,0,0
BRDA:323,22,0,0
BRDA:347,23,0,0
BRF:29
BRH:0
end_of_record
TN:
SF:src\common\services\translation.service.ts
FN:10,(anonymous_2)
FN:15,(anonymous_3)
FN:28,(anonymous_4)
FN:35,(anonymous_5)
FN:42,(anonymous_6)
FN:52,(anonymous_7)
FN:59,(anonymous_8)
FN:66,(anonymous_9)
FN:73,(anonymous_10)
FN:80,(anonymous_11)
FN:91,(anonymous_12)
FN:102,(anonymous_13)
FN:113,(anonymous_14)
FN:123,(anonymous_15)
FN:130,(anonymous_16)
FN:140,(anonymous_17)
FN:148,(anonymous_18)
FN:161,(anonymous_19)
FN:175,(anonymous_20)
FN:187,(anonymous_21)
FN:188,(anonymous_22)
FNF:21
FNH:0
FNDA:0,(anonymous_2)
FNDA:0,(anonymous_3)
FNDA:0,(anonymous_4)
FNDA:0,(anonymous_5)
FNDA:0,(anonymous_6)
FNDA:0,(anonymous_7)
FNDA:0,(anonymous_8)
FNDA:0,(anonymous_9)
FNDA:0,(anonymous_10)
FNDA:0,(anonymous_11)
FNDA:0,(anonymous_12)
FNDA:0,(anonymous_13)
FNDA:0,(anonymous_14)
FNDA:0,(anonymous_15)
FNDA:0,(anonymous_16)
FNDA:0,(anonymous_17)
FNDA:0,(anonymous_18)
FNDA:0,(anonymous_19)
FNDA:0,(anonymous_20)
FNDA:0,(anonymous_21)
FNDA:0,(anonymous_22)
DA:1,0
DA:2,0
DA:7,0
DA:8,0
DA:10,0
DA:16,0
DA:17,0
DA:19,0
DA:21,0
DA:29,0
DA:36,0
DA:46,0
DA:53,0
DA:60,0
DA:67,0
DA:74,0
DA:85,0
DA:96,0
DA:107,0
DA:117,0
DA:124,0
DA:134,0
DA:142,0
DA:149,0
DA:150,0
DA:152,0
DA:154,0
DA:165,0
DA:166,0
DA:167,0
DA:169,0
DA:180,0
DA:181,0
DA:188,0
LF:34
LH:0
BRDA:181,0,0,0
BRDA:181,0,1,0
BRF:2
BRH:0
end_of_record
TN:
SF:src\common\swagger\swagger.factory.ts
FN:21,createSwaggerConfig
FN:48,createBaseDoc
FN:72,addSLOExtensions
FN:86,addWebhookSchemas
FN:119,addWebhookPaths
FN:163,buildOpenApiDoc
FN:180,mountSwagger
FN:212,(anonymous_16)
FN:219,jsonToYaml
FN:220,(anonymous_18)
FN:226,(anonymous_19)
FN:231,(anonymous_20)
FNF:12
FNH:0
FNDA:0,createSwaggerConfig
FNDA:0,createBaseDoc
FNDA:0,addSLOExtensions
FNDA:0,addWebhookSchemas
FNDA:0,addWebhookPaths
FNDA:0,buildOpenApiDoc
FNDA:0,mountSwagger
FNDA:0,(anonymous_16)
FNDA:0,jsonToYaml
FNDA:0,(anonymous_18)
FNDA:0,(anonymous_19)
FNDA:0,(anonymous_20)
DA:2,0
DA:3,0
DA:5,0
DA:11,0
DA:12,0
DA:13,0
DA:14,0
DA:15,0
DA:16,0
DA:17,0
DA:22,0
DA:52,0
DA:55,0
DA:57,0
DA:67,0
DA:68,0
DA:69,0
DA:73,0
DA:79,0
DA:87,0
DA:96,0
DA:120,0
DA:163,0
DA:167,0
DA:168,0
DA:170,0
DA:171,0
DA:173,0
DA:174,0
DA:175,0
DA:177,0
DA:180,0
DA:185,0
DA:194,0
DA:196,0
DA:197,0
DA:198,0
DA:203,0
DA:204,0
DA:205,0
DA:210,0
DA:213,0
DA:220,0
DA:221,0
DA:222,0
DA:223,0
DA:224,0
DA:227,0
DA:230,0
DA:233,0
DA:236,0
LF:51
LH:0
BRDA:25,0,0,0
BRDA:25,0,1,0
BRDA:58,1,0,0
BRDA:58,1,1,0
BRDA:168,2,0,0
BRDA:168,2,1,0
BRDA:183,3,0,0
BRDA:219,4,0,0
BRDA:221,5,0,0
BRDA:222,6,0,0
BRDA:223,7,0,0
BRDA:233,8,0,0
BRDA:233,8,1,0
BRDA:233,9,0,0
BRDA:233,9,1,0
BRF:15
BRH:0
end_of_record
TN:
SF:src\common\swagger\swagger.ts
FN:13,(anonymous_0)
FN:34,(anonymous_1)
FNF:2
FNH:0
FNDA:0,(anonymous_0)
FNDA:0,(anonymous_1)
DA:2,0
DA:3,0
DA:9,0
DA:13,0
DA:17,0
DA:34,0
DA:38,0
LF:7
LH:0
BRDA:15,0,0,0
BRDA:36,1,0,0
BRF:2
BRH:0
end_of_record
TN:
SF:src\common\utils\file-guard.util.ts
FN:24,ensureMimeAllowed
FN:36,ensureSizeAllowed
FN:52,formatBytes
FNF:3
FNH:0
FNDA:0,ensureMimeAllowed
FNDA:0,ensureSizeAllowed
FNDA:0,formatBytes
DA:1,0
DA:3,0
DA:5,0
DA:24,0
DA:28,0
DA:29,0
DA:36,0
DA:40,0
DA:42,0
DA:44,0
DA:45,0
DA:52,0
DA:53,0
DA:54,0
DA:55,0
DA:56,0
DA:57,0
DA:58,0
DA:60,0
LF:19
LH:0
BRDA:26,0,0,0
BRDA:28,1,0,0
BRDA:28,2,0,0
BRDA:28,2,1,0
BRDA:31,3,0,0
BRDA:31,3,1,0
BRDA:38,4,0,0
BRDA:40,5,0,0
BRDA:40,6,0,0
BRDA:40,6,1,0
BRDA:44,7,0,0
BRDA:56,8,0,0
BRDA:56,8,1,0
BRF:13
BRH:0
end_of_record
TN:
SF:src\common\utils\idempotency.util.ts
FN:9,preventDuplicates
FN:24,idemKey
FN:41,sanitize
FNF:3
FNH:0
FNDA:0,preventDuplicates
FNDA:0,idemKey
FNDA:0,sanitize
DA:3,0
DA:9,0
DA:15,0
DA:16,0
DA:19,0
DA:20,0
DA:24,0
DA:30,0
DA:38,0
DA:42,0
LF:10
LH:0
BRDA:12,0,0,0
BRDA:16,1,0,0
BRDA:34,2,0,0
BRDA:34,2,1,0
BRDA:35,3,0,0
BRDA:35,3,1,0
BRF:6
BRH:0
end_of_record
TN:
SF:src\common\utils\logger.utils.ts
FN:6,sanitizeHeaders
FN:35,sanitizeBody
FN:52,(anonymous_2)
FN:61,(anonymous_3)
FN:76,isObject
FNF:5
FNH:0
FNDA:0,sanitizeHeaders
FNDA:0,sanitizeBody
FNDA:0,(anonymous_2)
FNDA:0,(anonymous_3)
FNDA:0,isObject
DA:6,0
DA:9,0
DA:21,0
DA:22,0
DA:24,0
DA:25,0
DA:26,0
DA:29,0
DA:35,0
DA:36,0
DA:38,0
DA:51,0
DA:52,0
DA:55,0
DA:56,0
DA:58,0
DA:59,0
DA:61,0
DA:62,0
DA:63,0
DA:65,0
DA:67,0
DA:71,0
DA:77,0
LF:24
LH:0
BRDA:21,0,0,0
BRDA:21,0,1,0
BRDA:26,1,0,0
BRDA:26,1,1,0
BRDA:36,2,0,0
BRDA:51,3,0,0
BRDA:61,4,0,0
BRDA:61,4,1,0
BRDA:63,5,0,0
BRDA:63,5,1,0
BRDA:77,6,0,0
BRDA:77,6,1,0
BRF:12
BRH:0
end_of_record
TN:
SF:src\common\validators\i18n-validator.ts
FN:19,(anonymous_0)
FN:30,I18nMessageWithContext
FN:35,(anonymous_2)
FN:42,(anonymous_3)
FN:46,(anonymous_4)
FN:91,getTranslatedMessage
FNF:6
FNH:0
FNDA:0,(anonymous_0)
FNDA:0,I18nMessageWithContext
FNDA:0,(anonymous_2)
FNDA:0,(anonymous_3)
FNDA:0,(anonymous_4)
FNDA:0,getTranslatedMessage
DA:1,0
DA:2,0
DA:19,0
DA:22,0
DA:30,0
DA:35,0
DA:36,0
DA:43,0
DA:47,0
DA:49,0
DA:52,0
DA:53,0
DA:55,0
DA:58,0
DA:69,0
DA:70,0
DA:71,0
DA:72,0
DA:73,0
DA:74,0
DA:75,0
DA:76,0
DA:77,0
DA:78,0
DA:79,0
DA:80,0
DA:81,0
DA:82,0
DA:83,0
DA:84,0
DA:85,0
DA:91,0
DA:95,0
DA:97,0
DA:100,0
DA:101,0
DA:104,0
DA:106,0
LF:38
LH:0
BRDA:21,0,0,0
BRDA:52,1,0,0
BRDA:52,1,1,0
BRDA:100,2,0,0
BRDA:104,3,0,0
BRDA:104,3,1,0
BRDA:106,4,0,0
BRDA:106,4,1,0
BRF:8
BRH:0
end_of_record
TN:
SF:src\config\database.config.ts
FN:36,(anonymous_1)
FN:39,(anonymous_2)
FN:51,(anonymous_3)
FN:93,(anonymous_4)
FNF:4
FNH:0
FNDA:0,(anonymous_1)
FNDA:0,(anonymous_2)
FNDA:0,(anonymous_3)
FNDA:0,(anonymous_4)
DA:2,0
DA:3,0
DA:4,0
DA:5,0
DA:6,0
DA:8,0
DA:9,0
DA:13,0
DA:14,0
DA:15,0
DA:16,0
DA:17,0
DA:18,0
DA:19,0
DA:20,0
DA:23,0
DA:30,0
DA:36,0
DA:41,0
DA:43,0
DA:45,0
DA:50,0
DA:51,0
DA:52,0
DA:55,0
DA:56,0
DA:58,0
DA:64,0
DA:93,0
DA:100,0
LF:30
LH:0
BRDA:41,0,0,0
BRDA:41,0,1,0
BRDA:43,1,0,0
BRDA:43,1,1,0
BRDA:45,2,0,0
BRDA:45,2,1,0
BRDA:45,2,2,0
BRDA:45,2,3,0
BRDA:58,3,0,0
BRDA:58,3,1,0
BRDA:58,3,2,0
BRDA:58,3,3,0
BRDA:58,3,4,0
BRDA:77,4,0,0
BRDA:77,4,1,0
BRF:15
BRH:0
end_of_record
TN:
SF:src\config\redis.config.ts
FN:11,(anonymous_2)
FNF:1
FNH:0
FNDA:0,(anonymous_2)
DA:2,0
DA:3,0
DA:8,0
DA:11,0
DA:12,0
DA:13,0
DA:15,0
DA:17,0
LF:8
LH:0
BRDA:13,0,0,0
BRDA:21,1,0,0
BRDA:21,1,1,0
BRDA:22,2,0,0
BRDA:22,2,1,0
BRDA:24,3,0,0
BRDA:24,3,1,0
BRF:7
BRH:0
end_of_record
TN:
SF:src\config\redis.module.ts
FNF:0
FNH:0
DA:2,0
DA:4,0
DA:11,0
LF:3
LH:0
BRF:0
BRH:0
end_of_record
TN:
SF:src\infra\dispatchers\dispatchers.module.ts
FNF:0
FNH:0
DA:2,0
DA:3,0
DA:4,0
DA:6,0
DA:12,0
LF:5
LH:0
BRF:0
BRH:0
end_of_record
TN:
SF:src\infra\dispatchers\reply-dispatchers.ts
FN:10,(anonymous_2)
FN:15,(anonymous_3)
FN:20,(anonymous_4)
FN:27,(anonymous_5)
FN:34,(anonymous_6)
FN:42,(anonymous_7)
FNF:6
FNH:0
FNDA:0,(anonymous_2)
FNDA:0,(anonymous_3)
FNDA:0,(anonymous_4)
FNDA:0,(anonymous_5)
FNDA:0,(anonymous_6)
FNDA:0,(anonymous_7)
DA:2,0
DA:4,0
DA:5,0
DA:8,0
DA:9,0
DA:11,0
DA:12,0
DA:16,0
DA:17,0
DA:20,0
DA:24,0
DA:27,0
DA:31,0
DA:34,0
DA:38,0
DA:46,0
DA:52,0
DA:53,0
DA:54,0
LF:19
LH:0
BRF:0
BRH:0
end_of_record
TN:
SF:src\infra\rabbit\rabbit.module.ts
FNF:0
FNH:0
DA:1,0
DA:2,0
DA:4,0
DA:12,0
LF:4
LH:0
BRF:0
BRH:0
end_of_record
TN:
SF:src\infra\rabbit\rabbit.service.ts
FN:87,isObject
FN:91,safeJsonParse
FN:99,toStringSafe
FN:103,pickHeaders
FN:113,resolveDeadLetter
FN:131,assertDeadLetter
FN:144,queueArgumentsForDL
FN:182,(anonymous_10)
FN:188,(anonymous_11)
FN:192,(anonymous_12)
FN:205,(anonymous_13)
FN:240,(anonymous_14)
FN:241,(anonymous_15)
FN:246,(anonymous_16)
FN:260,(anonymous_17)
FN:272,(anonymous_18)
FN:287,(anonymous_19)
FN:290,(anonymous_20)
FN:296,(anonymous_21)
FN:299,(anonymous_22)
FN:335,(anonymous_23)
FN:340,(anonymous_24)
FN:361,(anonymous_25)
FN:391,(anonymous_26)
FN:433,(anonymous_27)
FN:443,(anonymous_28)
FN:444,(anonymous_29)
FNF:27
FNH:0
FNDA:0,isObject
FNDA:0,safeJsonParse
FNDA:0,toStringSafe
FNDA:0,pickHeaders
FNDA:0,resolveDeadLetter
FNDA:0,assertDeadLetter
FNDA:0,queueArgumentsForDL
FNDA:0,(anonymous_10)
FNDA:0,(anonymous_11)
FNDA:0,(anonymous_12)
FNDA:0,(anonymous_13)
FNDA:0,(anonymous_14)
FNDA:0,(anonymous_15)
FNDA:0,(anonymous_16)
FNDA:0,(anonymous_17)
FNDA:0,(anonymous_18)
FNDA:0,(anonymous_19)
FNDA:0,(anonymous_20)
FNDA:0,(anonymous_21)
FNDA:0,(anonymous_22)
FNDA:0,(anonymous_23)
FNDA:0,(anonymous_24)
FNDA:0,(anonymous_25)
FNDA:0,(anonymous_26)
FNDA:0,(anonymous_27)
FNDA:0,(anonymous_28)
FNDA:0,(anonymous_29)
DA:4,0
DA:7,0
DA:13,0
DA:14,0
DA:73,0
DA:74,0
DA:75,0
DA:76,0
DA:77,0
DA:78,0
DA:79,0
DA:80,0
DA:81,0
DA:82,0
DA:83,0
DA:88,0
DA:92,0
DA:93,0
DA:95,0
DA:100,0
DA:104,0
DA:117,0
DA:118,0
DA:119,0
DA:125,0
DA:126,0
DA:127,0
DA:128,0
DA:135,0
DA:136,0
DA:137,0
DA:138,0
DA:139,0
DA:140,0
DA:147,0
DA:148,0
DA:149,0
DA:158,0
DA:159,0
DA:168,0
DA:171,0
DA:182,0
DA:183,0
DA:189,0
DA:193,0
DA:194,0
DA:196,0
DA:211,0
DA:213,0
DA:214,0
DA:216,0
DA:217,0
DA:219,0
DA:231,0
DA:234,0
DA:238,0
DA:241,0
DA:252,0
DA:253,0
DA:254,0
DA:255,0
DA:261,0
DA:262,0
DA:264,0
DA:265,0
DA:266,0
DA:268,0
DA:273,0
DA:277,0
DA:278,0
DA:279,0
DA:280,0
DA:282,0
DA:287,0
DA:288,0
DA:290,0
DA:291,0
DA:292,0
DA:295,0
DA:296,0
DA:297,0
DA:299,0
DA:300,0
DA:304,0
DA:307,0
DA:308,0
DA:312,0
DA:313,0
DA:316,0
DA:317,0
DA:319,0
DA:320,0
DA:325,0
DA:330,0
DA:336,0
DA:337,0
DA:341,0
DA:342,0
DA:344,0
DA:345,0
DA:346,0
DA:348,0
DA:351,0
DA:352,0
DA:353,0
DA:359,0
DA:362,0
DA:364,0
DA:365,0
DA:366,0
DA:367,0
DA:371,0
DA:373,0
DA:378,0
DA:384,0
DA:385,0
DA:395,0
DA:398,0
DA:399,0
DA:400,0
DA:404,0
DA:405,0
DA:406,0
DA:409,0
DA:410,0
DA:413,0
DA:415,0
DA:417,0
DA:418,0
DA:420,0
DA:421,0
DA:424,0
DA:426,0
DA:430,0
DA:434,0
DA:435,0
DA:436,0
DA:437,0
DA:444,0
LF:139
LH:0
BRDA:88,0,0,0
BRDA:88,0,1,0
BRDA:100,1,0,0
BRDA:100,1,1,0
BRDA:104,2,0,0
BRDA:104,2,1,0
BRDA:117,3,0,0
BRDA:118,4,0,0
BRDA:125,5,0,0
BRDA:125,5,1,0
BRDA:126,6,0,0
BRDA:126,6,1,0
BRDA:127,7,0,0
BRDA:127,7,1,0
BRDA:135,8,0,0
BRDA:137,9,0,0
BRDA:147,10,0,0
BRDA:184,11,0,0
BRDA:184,11,1,0
BRDA:209,12,0,0
BRDA:216,13,0,0
BRDA:216,13,1,0
BRDA:223,14,0,0
BRDA:223,14,1,0
BRDA:234,15,0,0
BRDA:234,15,1,0
BRDA:234,15,2,0
BRDA:250,16,0,0
BRDA:261,17,0,0
BRDA:261,18,0,0
BRDA:261,18,1,0
BRDA:262,19,0,0
BRDA:345,20,0,0
BRDA:345,21,0,0
BRDA:345,21,1,0
BRDA:351,22,0,0
BRDA:362,23,0,0
BRDA:378,24,0,0
BRDA:378,24,1,0
BRDA:395,25,0,0
BRDA:395,26,0,0
BRDA:398,27,0,0
BRDA:404,28,0,0
BRDA:420,29,0,0
BRDA:420,29,1,0
BRDA:434,30,0,0
BRDA:438,31,0,0
BRDA:438,31,1,0
BRF:48
BRH:0
end_of_record
TN:
SF:src\metrics\amqp.metrics.ts
FN:26,(anonymous_4)
FN:34,(anonymous_5)
FN:37,(anonymous_6)
FN:40,(anonymous_7)
FNF:4
FNH:0
FNDA:0,(anonymous_4)
FNDA:0,(anonymous_5)
FNDA:0,(anonymous_6)
FNDA:0,(anonymous_7)
DA:2,0
DA:3,0
DA:4,0
DA:6,0
DA:25,0
DA:28,0
DA:30,0
DA:32,0
DA:35,0
DA:38,0
DA:41,0
LF:11
LH:0
BRF:0
BRH:0
end_of_record
TN:
SF:src\metrics\business.metrics.ts
FN:31,(anonymous_4)
FN:44,(anonymous_5)
FN:47,(anonymous_6)
FN:50,(anonymous_7)
FN:53,(anonymous_8)
FN:56,(anonymous_9)
FNF:6
FNH:0
FNDA:0,(anonymous_4)
FNDA:0,(anonymous_5)
FNDA:0,(anonymous_6)
FNDA:0,(anonymous_7)
FNDA:0,(anonymous_8)
FNDA:0,(anonymous_9)
DA:2,0
DA:3,0
DA:4,0
DA:6,0
DA:30,0
DA:33,0
DA:35,0
DA:37,0
DA:39,0
DA:41,0
DA:45,0
DA:48,0
DA:51,0
DA:54,0
DA:57,0
LF:15
LH:0
BRF:0
BRH:0
end_of_record
TN:
SF:src\metrics\metrics.module.ts
FN:79,(anonymous_1)
FN:84,(anonymous_2)
FN:89,(anonymous_3)
FN:112,(anonymous_4)
FN:117,(anonymous_5)
FN:122,(anonymous_6)
FNF:6
FNH:0
FNDA:0,(anonymous_1)
FNDA:0,(anonymous_2)
FNDA:0,(anonymous_3)
FNDA:0,(anonymous_4)
FNDA:0,(anonymous_5)
FNDA:0,(anonymous_6)
DA:2,0
DA:3,0
DA:9,0
DA:13,0
DA:14,0
DA:15,0
DA:22,0
DA:23,0
DA:27,0
DA:32,0
DA:38,0
DA:44,0
DA:79,0
DA:84,0
DA:89,0
DA:112,0
DA:117,0
DA:122,0
DA:133,0
LF:19
LH:0
BRF:0
BRH:0
end_of_record
TN:
SF:src\metrics\metrics.providers.ts
FN:14,(anonymous_0)
FN:23,(anonymous_1)
FN:32,(anonymous_2)
FN:41,(anonymous_3)
FNF:4
FNH:0
FNDA:0,(anonymous_0)
FNDA:0,(anonymous_1)
FNDA:0,(anonymous_2)
FNDA:0,(anonymous_3)
DA:1,0
DA:5,0
DA:6,0
DA:7,0
DA:8,0
DA:9,0
DA:11,0
DA:15,0
DA:24,0
DA:33,0
DA:42,0
LF:11
LH:0
BRF:0
BRH:0
end_of_record
TN:
SF:src\metrics\mongoose-metrics.plugin.ts
FN:21,(anonymous_4)
FN:28,(anonymous_5)
FN:43,(anonymous_6)
FN:44,(anonymous_7)
FN:51,(anonymous_8)
FN:71,(anonymous_9)
FNF:6
FNH:0
FNDA:0,(anonymous_4)
FNDA:0,(anonymous_5)
FNDA:0,(anonymous_6)
FNDA:0,(anonymous_7)
FNDA:0,(anonymous_8)
FNDA:0,(anonymous_9)
DA:2,0
DA:3,0
DA:4,0
DA:9,0
DA:20,0
DA:22,0
DA:25,0
DA:29,0
DA:30,0
DA:43,0
DA:44,0
DA:45,0
DA:46,0
DA:49,0
DA:53,0
DA:57,0
DA:58,0
DA:60,0
DA:61,0
DA:66,0
DA:71,0
DA:72,0
DA:75,0
LF:23
LH:0
BRDA:53,0,0,0
BRDA:53,0,1,0
BRDA:53,0,2,0
BRDA:58,1,0,0
BRF:4
BRH:0
end_of_record
TN:
SF:src\metrics\product.metrics.ts
FN:25,(anonymous_4)
FN:34,(anonymous_5)
FN:40,(anonymous_6)
FN:46,(anonymous_7)
FNF:4
FNH:0
FNDA:0,(anonymous_4)
FNDA:0,(anonymous_5)
FNDA:0,(anonymous_6)
FNDA:0,(anonymous_7)
DA:1,0
DA:2,0
DA:3,0
DA:5,0
DA:24,0
DA:27,0
DA:29,0
DA:31,0
DA:35,0
DA:41,0
DA:47,0
LF:11
LH:0
BRDA:36,0,0,0
BRDA:36,0,1,0
BRDA:37,1,0,0
BRDA:37,1,1,0
BRDA:42,2,0,0
BRDA:42,2,1,0
BRDA:43,3,0,0
BRDA:43,3,1,0
BRDA:48,4,0,0
BRDA:48,4,1,0
BRDA:49,5,0,0
BRDA:49,5,1,0
BRF:12
BRH:0
end_of_record
TN:
SF:src\metrics\security.metrics.ts
FN:48,(anonymous_4)
FN:62,(anonymous_5)
FN:71,(anonymous_6)
FN:80,(anonymous_7)
FN:93,(anonymous_8)
FN:106,(anonymous_9)
FNF:6
FNH:0
FNDA:0,(anonymous_4)
FNDA:0,(anonymous_5)
FNDA:0,(anonymous_6)
FNDA:0,(anonymous_7)
FNDA:0,(anonymous_8)
FNDA:0,(anonymous_9)
DA:2,0
DA:3,0
DA:4,0
DA:7,0
DA:47,0
DA:50,0
DA:52,0
DA:54,0
DA:56,0
DA:58,0
DA:67,0
DA:76,0
DA:85,0
DA:98,0
DA:115,0
LF:15
LH:0
BRDA:88,0,0,0
BRDA:88,0,1,0
BRF:2
BRH:0
end_of_record
TN:
SF:src\modules\ai\ai.module.ts
FN:11,(anonymous_1)
FNF:1
FNH:0
FNDA:0,(anonymous_1)
DA:2,0
DA:3,0
DA:4,0
DA:6,0
DA:11,0
DA:16,0
LF:6
LH:0
BRF:0
BRH:0
end_of_record
TN:
SF:src\modules\ai\gemini.service.ts
FN:11,(anonymous_2)
FN:16,(anonymous_3)
FN:32,(anonymous_4)
FNF:3
FNH:0
FNDA:0,(anonymous_2)
FNDA:0,(anonymous_3)
FNDA:0,(anonymous_4)
DA:1,0
DA:2,0
DA:4,0
DA:7,0
DA:9,0
DA:11,0
DA:12,0
DA:20,0
DA:23,0
DA:30,0
DA:33,0
DA:38,0
DA:39,0
DA:42,0
DA:44,0
DA:45,0
DA:46,0
DA:47,0
DA:48,0
DA:50,0
DA:51,0
DA:54,0
DA:55,0
DA:58,0
DA:60,0
DA:61,0
LF:26
LH:0
BRDA:44,0,0,0
BRDA:44,1,0,0
BRDA:44,1,1,0
BRDA:47,2,0,0
BRDA:47,2,1,0
BRF:5
BRH:0
end_of_record
TN:
SF:src\modules\analytics\analytics.admin.controller.ts
FN:23,(anonymous_4)
FN:26,(anonymous_5)
FN:33,(anonymous_6)
FN:42,(anonymous_7)
FNF:4
FNH:0
FNDA:0,(anonymous_4)
FNDA:0,(anonymous_5)
FNDA:0,(anonymous_6)
FNDA:0,(anonymous_7)
DA:2,0
DA:11,0
DA:12,0
DA:13,0
DA:15,0
DA:16,0
DA:22,0
DA:23,0
DA:26,0
DA:29,0
DA:33,0
DA:38,0
DA:42,0
DA:43,0
LF:14
LH:0
BRDA:43,0,0,0
BRDA:43,0,1,0
BRF:2
BRH:0
end_of_record
TN:
SF:src\modules\analytics\analytics.controller.ts
FN:90,parseIntSafe
FN:95,clamp
FN:99,buildListQuery
FN:130,(anonymous_7)
FN:181,(anonymous_8)
FN:231,(anonymous_9)
FN:284,(anonymous_10)
FN:316,(anonymous_11)
FN:350,(anonymous_12)
FN:430,(anonymous_13)
FN:463,(anonymous_14)
FN:506,(anonymous_15)
FN:542,(anonymous_16)
FN:604,(anonymous_17)
FN:667,(anonymous_18)
FN:707,(anonymous_19)
FNF:16
FNH:0
FNDA:0,parseIntSafe
FNDA:0,clamp
FNDA:0,buildListQuery
FNDA:0,(anonymous_7)
FNDA:0,(anonymous_8)
FNDA:0,(anonymous_9)
FNDA:0,(anonymous_10)
FNDA:0,(anonymous_11)
FNDA:0,(anonymous_12)
FNDA:0,(anonymous_13)
FNDA:0,(anonymous_14)
FNDA:0,(anonymous_15)
FNDA:0,(anonymous_16)
FNDA:0,(anonymous_17)
FNDA:0,(anonymous_18)
FNDA:0,(anonymous_19)
DA:4,0
DA:15,0
DA:26,0
DA:27,0
DA:28,0
DA:30,0
DA:31,0
DA:33,0
DA:39,0
DA:40,0
DA:41,0
DA:45,0
DA:46,0
DA:47,0
DA:48,0
DA:49,0
DA:50,0
DA:51,0
DA:52,0
DA:53,0
DA:54,0
DA:57,0
DA:58,0
DA:59,0
DA:60,0
DA:61,0
DA:62,0
DA:63,0
DA:64,0
DA:65,0
DA:66,0
DA:91,0
DA:92,0
DA:96,0
DA:101,0
DA:102,0
DA:103,0
DA:104,0
DA:105,0
DA:108,0
DA:111,0
DA:129,0
DA:131,0
DA:132,0
DA:181,0
DA:185,0
DA:186,0
DA:188,0
DA:231,0
DA:236,0
DA:237,0
DA:239,0
DA:244,0
DA:284,0
DA:289,0
DA:290,0
DA:292,0
DA:316,0
DA:319,0
DA:320,0
DA:322,0
DA:323,0
DA:350,0
DA:353,0
DA:354,0
DA:430,0
DA:434,0
DA:435,0
DA:437,0
DA:438,0
DA:463,0
DA:467,0
DA:468,0
DA:506,0
DA:509,0
DA:510,0
DA:542,0
DA:548,0
DA:549,0
DA:551,0
DA:604,0
DA:610,0
DA:611,0
DA:613,0
DA:614,0
DA:616,0
DA:617,0
DA:623,0
DA:667,0
DA:672,0
DA:673,0
DA:675,0
DA:680,0
DA:707,0
DA:710,0
DA:711,0
LF:96
LH:0
BRDA:91,0,0,0
BRDA:91,0,1,0
BRDA:92,1,0,0
BRDA:92,1,1,0
BRDA:103,2,0,0
BRDA:103,2,1,0
BRDA:105,3,0,0
BRDA:114,4,0,0
BRDA:114,4,1,0
BRDA:115,5,0,0
BRDA:115,5,1,0
BRDA:117,6,0,0
BRDA:117,6,1,0
BRDA:118,7,0,0
BRDA:118,7,1,0
BRDA:119,8,0,0
BRDA:119,8,1,0
BRDA:183,9,0,0
BRDA:185,10,0,0
BRDA:233,11,0,0
BRDA:234,12,0,0
BRDA:236,13,0,0
BRDA:286,14,0,0
BRDA:287,15,0,0
BRDA:289,16,0,0
BRDA:319,17,0,0
BRDA:434,18,0,0
BRDA:548,19,0,0
BRDA:610,20,0,0
BRDA:616,21,0,0
BRDA:616,22,0,0
BRDA:616,22,1,0
BRDA:669,23,0,0
BRDA:670,24,0,0
BRDA:672,25,0,0
BRF:35
BRH:0
end_of_record
TN:
SF:src\modules\analytics\analytics.module.ts
FN:42,(anonymous_1)
FNF:1
FNH:0
FNDA:0,(anonymous_1)
DA:2,0
DA:3,0
DA:5,0
DA:6,0
DA:7,0
DA:8,0
DA:9,0
DA:13,0
DA:14,0
DA:15,0
DA:16,0
DA:18,0
DA:19,0
DA:20,0
DA:21,0
DA:22,0
DA:26,0
DA:42,0
DA:54,0
LF:19
LH:0
BRF:0
BRH:0
end_of_record
TN:
SF:src\modules\analytics\analytics.service.ts
FN:69,buildBaseQuery
FN:73,applyResolvedFilter
FN:79,applyChannelFilter
FN:85,applyTypeFilter
FN:91,applyDateFilter
FN:98,applySearchFilter
FN:111,(anonymous_11)
FN:118,(anonymous_12)
FN:129,(anonymous_13)
FN:144,(anonymous_14)
FN:165,(anonymous_15)
FN:170,(anonymous_16)
FN:218,(anonymous_17)
FN:220,(anonymous_18)
FN:252,(anonymous_19)
FN:266,(anonymous_20)
FN:280,(anonymous_21)
FN:284,(anonymous_22)
FN:290,(anonymous_23)
FN:326,(anonymous_24)
FN:333,(anonymous_25)
FN:341,(anonymous_26)
FN:347,(anonymous_27)
FN:388,(anonymous_28)
FN:394,(anonymous_29)
FN:408,(anonymous_30)
FN:452,(anonymous_31)
FN:464,(anonymous_32)
FN:468,(anonymous_33)
FNF:29
FNH:0
FNDA:0,buildBaseQuery
FNDA:0,applyResolvedFilter
FNDA:0,applyChannelFilter
FNDA:0,applyTypeFilter
FNDA:0,applyDateFilter
FNDA:0,applySearchFilter
FNDA:0,(anonymous_11)
FNDA:0,(anonymous_12)
FNDA:0,(anonymous_13)
FNDA:0,(anonymous_14)
FNDA:0,(anonymous_15)
FNDA:0,(anonymous_16)
FNDA:0,(anonymous_17)
FNDA:0,(anonymous_18)
FNDA:0,(anonymous_19)
FNDA:0,(anonymous_20)
FNDA:0,(anonymous_21)
FNDA:0,(anonymous_22)
FNDA:0,(anonymous_23)
FNDA:0,(anonymous_24)
FNDA:0,(anonymous_25)
FNDA:0,(anonymous_26)
FNDA:0,(anonymous_27)
FNDA:0,(anonymous_28)
FNDA:0,(anonymous_29)
FNDA:0,(anonymous_30)
FNDA:0,(anonymous_31)
FNDA:0,(anonymous_32)
FNDA:0,(anonymous_33)
DA:1,0
DA:7,0
DA:8,0
DA:10,0
DA:11,0
DA:70,0
DA:74,0
DA:75,0
DA:80,0
DA:81,0
DA:86,0
DA:87,0
DA:92,0
DA:93,0
DA:94,0
DA:95,0
DA:99,0
DA:100,0
DA:110,0
DA:113,0
DA:114,0
DA:115,0
DA:119,0
DA:120,0
DA:121,0
DA:122,0
DA:123,0
DA:124,0
DA:125,0
DA:126,0
DA:133,0
DA:134,0
DA:135,0
DA:136,0
DA:137,0
DA:141,0
DA:151,0
DA:156,0
DA:157,0
DA:158,0
DA:159,0
DA:161,0
DA:164,0
DA:165,0
DA:167,0
DA:174,0
DA:175,0
DA:176,0
DA:178,0
DA:183,0
DA:187,0
DA:193,0
DA:198,0
DA:201,0
DA:206,0
DA:208,0
DA:213,0
DA:218,0
DA:220,0
DA:223,0
DA:231,0
DA:233,0
DA:257,0
DA:258,0
DA:271,0
DA:272,0
DA:281,0
DA:287,0
DA:306,0
DA:308,0
DA:310,0
DA:311,0
DA:312,0
DA:313,0
DA:314,0
DA:316,0
DA:317,0
DA:323,0
DA:330,0
DA:338,0
DA:342,0
DA:343,0
DA:344,0
DA:358,0
DA:361,0
DA:366,0
DA:367,0
DA:368,0
DA:369,0
DA:371,0
DA:375,0
DA:377,0
DA:380,0
DA:391,0
DA:399,0
DA:400,0
DA:421,0
DA:422,0
DA:423,0
DA:424,0
DA:425,0
DA:426,0
DA:427,0
DA:428,0
DA:429,0
DA:434,0
DA:435,0
DA:443,0
DA:444,0
DA:449,0
DA:461,0
DA:465,0
DA:473,0
DA:474,0
DA:475,0
DA:483,0
DA:484,0
DA:489,0
DA:491,0
DA:500,0
LF:120
LH:0
BRDA:74,0,0,0
BRDA:80,1,0,0
BRDA:86,2,0,0
BRDA:92,3,0,0
BRDA:92,4,0,0
BRDA:92,4,1,0
BRDA:94,5,0,0
BRDA:95,6,0,0
BRDA:99,7,0,0
BRDA:120,8,0,0
BRDA:122,9,0,0
BRDA:134,10,0,0
BRDA:136,11,0,0
BRDA:157,12,0,0
BRDA:157,12,1,0
BRDA:158,13,0,0
BRDA:158,13,1,0
BRDA:160,14,0,0
BRDA:160,14,1,0
BRDA:161,15,0,0
BRDA:183,16,0,0
BRDA:183,16,1,0
BRDA:198,17,0,0
BRDA:198,17,1,0
BRDA:220,18,0,0
BRDA:220,18,1,0
BRDA:231,19,0,0
BRDA:231,19,1,0
BRDA:245,20,0,0
BRDA:245,20,1,0
BRDA:246,21,0,0
BRDA:246,21,1,0
BRDA:254,22,0,0
BRDA:255,23,0,0
BRDA:269,24,0,0
BRDA:298,25,0,0
BRDA:299,26,0,0
BRDA:300,27,0,0
BRDA:301,28,0,0
BRDA:302,29,0,0
BRDA:341,30,0,0
BRDA:367,31,0,0
BRDA:368,32,0,0
BRDA:377,33,0,0
BRDA:377,33,1,0
BRDA:397,34,0,0
BRDA:423,35,0,0
BRDA:424,36,0,0
BRDA:425,37,0,0
BRDA:426,38,0,0
BRDA:427,39,0,0
BRDA:428,40,0,0
BRDA:428,41,0,0
BRDA:428,41,1,0
BRDA:430,42,0,0
BRDA:430,42,1,0
BRDA:431,43,0,0
BRDA:431,43,1,0
BRDA:434,44,0,0
BRDA:473,45,0,0
BRDA:487,46,0,0
BRDA:487,46,1,0
BRDA:496,47,0,0
BRDA:496,47,1,0
BRF:64
BRH:0
end_of_record
TN:
SF:src\modules\analytics\repositories\mongo-analytics.repository.ts
FN:43,(anonymous_4)
FN:57,(anonymous_5)
FN:68,(anonymous_6)
FN:83,(anonymous_7)
FN:94,(anonymous_8)
FN:111,(anonymous_9)
FN:129,(anonymous_10)
FN:146,(anonymous_11)
FN:195,(anonymous_12)
FN:198,(anonymous_13)
FN:232,(anonymous_14)
FN:244,(anonymous_15)
FN:284,(anonymous_16)
FN:356,(anonymous_17)
FN:363,(anonymous_18)
FN:373,(anonymous_19)
FN:390,(anonymous_20)
FN:402,(anonymous_21)
FN:408,(anonymous_22)
FN:414,(anonymous_23)
FN:450,(anonymous_24)
FN:462,(anonymous_25)
FN:466,(anonymous_26)
FN:488,(anonymous_27)
FN:497,(anonymous_28)
FN:508,(anonymous_29)
FN:525,(anonymous_30)
FN:553,(anonymous_31)
FNF:28
FNH:0
FNDA:0,(anonymous_4)
FNDA:0,(anonymous_5)
FNDA:0,(anonymous_6)
FNDA:0,(anonymous_7)
FNDA:0,(anonymous_8)
FNDA:0,(anonymous_9)
FNDA:0,(anonymous_10)
FNDA:0,(anonymous_11)
FNDA:0,(anonymous_12)
FNDA:0,(anonymous_13)
FNDA:0,(anonymous_14)
FNDA:0,(anonymous_15)
FNDA:0,(anonymous_16)
FNDA:0,(anonymous_17)
FNDA:0,(anonymous_18)
FNDA:0,(anonymous_19)
FNDA:0,(anonymous_20)
FNDA:0,(anonymous_21)
FNDA:0,(anonymous_22)
FNDA:0,(anonymous_23)
FNDA:0,(anonymous_24)
FNDA:0,(anonymous_25)
FNDA:0,(anonymous_26)
FNDA:0,(anonymous_27)
FNDA:0,(anonymous_28)
FNDA:0,(anonymous_29)
FNDA:0,(anonymous_30)
FNDA:0,(anonymous_31)
DA:1,0
DA:2,0
DA:3,0
DA:5,0
DA:7,0
DA:13,0
DA:17,0
DA:18,0
DA:25,0
DA:29,0
DA:42,0
DA:45,0
DA:47,0
DA:48,0
DA:50,0
DA:52,0
DA:54,0
DA:62,0
DA:73,0
DA:80,0
DA:88,0
DA:99,0
DA:106,0
DA:107,0
DA:108,0
DA:116,0
DA:126,0
DA:135,0
DA:152,0
DA:195,0
DA:201,0
DA:219,0
DA:220,0
DA:221,0
DA:222,0
DA:223,0
DA:227,0
DA:229,0
DA:237,0
DA:249,0
DA:280,0
DA:281,0
DA:290,0
DA:352,0
DA:353,0
DA:357,0
DA:366,0
DA:378,0
DA:387,0
DA:394,0
DA:399,0
DA:406,0
DA:407,0
DA:408,0
DA:411,0
DA:415,0
DA:447,0
DA:455,0
DA:463,0
DA:472,0
DA:473,0
DA:494,0
DA:500,0
DA:501,0
DA:502,0
DA:513,0
DA:522,0
DA:533,0
DA:550,0
DA:554,0
DA:558,0
LF:71
LH:0
BRDA:80,0,0,0
BRDA:80,0,1,0
BRDA:126,1,0,0
BRDA:126,1,1,0
BRDA:221,2,0,0
BRDA:221,2,1,0
BRDA:222,3,0,0
BRDA:222,3,1,0
BRDA:223,4,0,0
BRDA:224,5,0,0
BRDA:224,5,1,0
BRDA:280,6,0,0
BRDA:280,6,1,0
BRDA:281,7,0,0
BRDA:281,7,1,0
BRDA:281,8,0,0
BRDA:281,8,1,0
BRDA:352,9,0,0
BRDA:352,9,1,0
BRDA:353,10,0,0
BRDA:353,10,1,0
BRDA:353,11,0,0
BRDA:353,11,1,0
BRDA:369,12,0,0
BRDA:369,12,1,0
BRDA:396,13,0,0
BRDA:396,13,1,0
BRDA:409,14,0,0
BRDA:409,14,1,0
BRDA:472,15,0,0
BRDA:472,15,1,0
BRDA:500,16,0,0
BRDA:500,16,1,0
BRDA:501,17,0,0
BRDA:504,18,0,0
BRDA:504,18,1,0
BRDA:537,19,0,0
BRDA:537,19,1,0
BRDA:540,20,0,0
BRDA:540,20,1,0
BRDA:543,21,0,0
BRDA:543,21,1,0
BRF:42
BRH:0
end_of_record
TN:
SF:src\modules\auth\auth.controller.ts
FN:103,isRecord
FN:107,getHeaderString
FN:112,getCookieString
FN:119,extractJti
FN:125,extractSub
FN:135,(anonymous_9)
FN:211,(anonymous_10)
FN:271,(anonymous_11)
FN:324,(anonymous_12)
FN:359,(anonymous_13)
FN:404,(anonymous_14)
FN:436,(anonymous_15)
FN:467,(anonymous_16)
FN:491,(anonymous_17)
FN:543,(anonymous_18)
FN:589,(anonymous_19)
FN:667,(anonymous_20)
FN:709,(anonymous_21)
FN:723,(anonymous_22)
FN:733,(anonymous_23)
FN:747,(anonymous_24)
FN:764,(anonymous_25)
FN:778,(anonymous_26)
FN:817,(anonymous_27)
FN:837,(anonymous_28)
FNF:25
FNH:0
FNDA:0,isRecord
FNDA:0,getHeaderString
FNDA:0,getCookieString
FNDA:0,extractJti
FNDA:0,extractSub
FNDA:0,(anonymous_9)
FNDA:0,(anonymous_10)
FNDA:0,(anonymous_11)
FNDA:0,(anonymous_12)
FNDA:0,(anonymous_13)
FNDA:0,(anonymous_14)
FNDA:0,(anonymous_15)
FNDA:0,(anonymous_16)
FNDA:0,(anonymous_17)
FNDA:0,(anonymous_18)
FNDA:0,(anonymous_19)
FNDA:0,(anonymous_20)
FNDA:0,(anonymous_21)
FNDA:0,(anonymous_22)
FNDA:0,(anonymous_23)
FNDA:0,(anonymous_24)
FNDA:0,(anonymous_25)
FNDA:0,(anonymous_26)
FNDA:0,(anonymous_27)
FNDA:0,(anonymous_28)
DA:2,0
DA:17,0
DA:18,0
DA:19,0
DA:32,0
DA:33,0
DA:34,0
DA:35,0
DA:37,0
DA:38,0
DA:40,0
DA:41,0
DA:43,0
DA:44,0
DA:45,0
DA:46,0
DA:47,0
DA:48,0
DA:49,0
DA:50,0
DA:51,0
DA:52,0
DA:53,0
DA:60,0
DA:61,0
DA:62,0
DA:63,0
DA:72,0
DA:81,0
DA:104,0
DA:108,0
DA:109,0
DA:113,0
DA:114,0
DA:115,0
DA:116,0
DA:120,0
DA:121,0
DA:122,0
DA:126,0
DA:127,0
DA:128,0
DA:134,0
DA:136,0
DA:137,0
DA:138,0
DA:139,0
DA:140,0
DA:141,0
DA:211,0
DA:223,0
DA:224,0
DA:271,0
DA:288,0
DA:289,0
DA:290,0
DA:292,0
DA:293,0
DA:295,0
DA:324,0
DA:327,0
DA:328,0
DA:359,0
DA:371,0
DA:372,0
DA:404,0
DA:408,0
DA:409,0
DA:436,0
DA:440,0
DA:441,0
DA:467,0
DA:471,0
DA:472,0
DA:491,0
DA:503,0
DA:504,0
DA:543,0
DA:550,0
DA:551,0
DA:589,0
DA:606,0
DA:607,0
DA:610,0
DA:611,0
DA:612,0
DA:619,0
DA:620,0
DA:636,0
DA:637,0
DA:639,0
DA:667,0
DA:675,0
DA:676,0
DA:678,0
DA:679,0
DA:680,0
DA:683,0
DA:684,0
DA:686,0
DA:709,0
DA:715,0
DA:716,0
DA:717,0
DA:727,0
[...]
DA:100,0
DA:103,0
LF:35
LH:0
BRDA:54,0,0,0
BRDA:78,1,0,0
BRDA:96,2,0,0
BRDA:99,3,0,0
BRDA:62,4,0,0
BRDA:62,4,1,0
BRDA:63,5,0,0
BRDA:63,5,1,0
BRF:8
BRH:0
end_of_record
TN:
SF:src\modules\webhooks\whatsapp-qr.webhook.controller.ts
FN:45,(anonymous_4)
FN:67,(anonymous_5)
FN:90,(anonymous_6)
FN:113,(anonymous_7)
FN:122,(anonymous_8)
FN:131,(anonymous_9)
FN:148,(anonymous_10)
FN:152,(anonymous_11)
FN:172,(anonymous_12)
FNF:9
FNH:0
FNDA:0,(anonymous_4)
FNDA:0,(anonymous_5)
FNDA:0,(anonymous_6)
FNDA:0,(anonymous_7)
FNDA:0,(anonymous_8)
FNDA:0,(anonymous_9)
FNDA:0,(anonymous_10)
FNDA:0,(anonymous_11)
FNDA:0,(anonymous_12)
DA:2,0
DA:3,0
DA:16,0
DA:17,0
DA:19,0
DA:20,0
DA:21,0
DA:23,0
DA:26,0
DA:31,0
DA:33,0
DA:34,0
DA:35,0
DA:44,0
DA:47,0
DA:48,0
DA:49,0
DA:67,0
DA:72,0
DA:90,0
DA:95,0
DA:113,0
DA:119,0
DA:123,0
DA:135,0
DA:137,0
DA:138,0
DA:140,0
DA:141,0
DA:142,0
DA:143,0
DA:144,0
DA:149,0
DA:157,0
DA:158,0
DA:160,0
DA:161,0
DA:163,0
DA:169,0
DA:178,0
DA:179,0
DA:181,0
DA:182,0
DA:184,0
DA:185,0
DA:186,0
DA:189,0
LF:47
LH:0
BRDA:124,0,0,0
BRDA:124,0,1,0
BRDA:124,0,2,0
BRDA:124,0,3,0
BRDA:135,1,0,0
BRDA:138,2,0,0
BRDA:141,3,0,0
BRDA:143,4,0,0
BRDA:149,5,0,0
BRDA:149,5,1,0
BRDA:158,6,0,0
BRDA:158,7,0,0
BRDA:158,7,1,0
BRDA:160,8,0,0
BRDA:160,8,1,0
BRDA:161,9,0,0
BRDA:179,10,0,0
BRDA:185,11,0,0
BRDA:56,12,0,0
BRDA:56,12,1,0
BRDA:57,13,0,0
BRDA:57,13,1,0
BRDA:79,14,0,0
BRDA:79,14,1,0
BRDA:80,15,0,0
BRDA:80,15,1,0
BRDA:102,16,0,0
BRDA:102,16,1,0
BRDA:103,17,0,0
BRDA:103,17,1,0
BRF:30
BRH:0
end_of_record
TN:
SF:src\modules\webhooks\helpers\intent.ts
FN:4,detectOrderIntent
FNF:1
FNH:0
FNDA:0,detectOrderIntent
DA:4,0
DA:9,0
DA:10,0
DA:12,0
DA:14,0
DA:15,0
DA:16,0
DA:17,0
DA:18,0
DA:20,0
DA:21,0
DA:22,0
DA:23,0
DA:25,0
LF:14
LH:0
BRDA:14,0,0,0
BRDA:14,0,1,0
BRDA:16,1,0,0
BRDA:18,2,0,0
BRDA:20,3,0,0
BRDA:20,3,1,0
BRDA:22,4,0,0
BRF:7
BRH:0
end_of_record
TN:
SF:src\modules\webhooks\helpers\order-format.ts
FN:6,buildOrdersListMessage
FN:13,(anonymous_1)
FN:21,buildOrderDetailsMessage
FN:33,(anonymous_3)
FNF:4
FNH:0
FNDA:0,buildOrdersListMessage
FNDA:0,(anonymous_1)
FNDA:0,buildOrderDetailsMessage
FNDA:0,(anonymous_3)
DA:6,0
DA:7,0
DA:8,0
DA:12,0
DA:13,0
DA:14,0
DA:16,0
DA:17,0
DA:21,0
DA:24,0
DA:25,0
DA:26,0
DA:27,0
DA:28,0
DA:29,0
DA:30,0
DA:31,0
DA:32,0
DA:33,0
DA:34,0
DA:36,0
LF:21
LH:0
BRDA:7,0,0,0
BRDA:7,1,0,0
BRDA:7,1,1,0
BRDA:24,2,0,0
BRDA:29,3,0,0
BRDA:29,3,1,0
BRDA:30,4,0,0
BRDA:30,4,1,0
BRDA:31,5,0,0
BRDA:31,5,1,0
BRDA:33,6,0,0
BRDA:33,6,1,0
BRDA:34,7,0,0
BRDA:34,7,1,0
BRF:14
BRH:0
end_of_record
TN:
SF:src\modules\webhooks\helpers\order-map.ts
FN:7,isRecord
FN:12,isDate
FN:17,isObjectIdLike
FN:25,isMongoHexString
FN:30,safeString
FN:57,toIdString
FN:65,toNumber
FN:73,mapOrderDocumentToOrder
FN:110,(anonymous_8)
FNF:9
FNH:0
FNDA:0,isRecord
FNDA:0,isDate
FNDA:0,isObjectIdLike
FNDA:0,isMongoHexString
FNDA:0,safeString
FNDA:0,toIdString
FNDA:0,toNumber
FNDA:0,mapOrderDocumentToOrder
FNDA:0,(anonymous_8)
DA:8,0
DA:13,0
DA:18,0
DA:26,0
DA:31,0
DA:32,0
DA:33,0
DA:38,0
DA:40,0
DA:44,0
DA:45,0
DA:46,0
DA:48,0
DA:50,0
DA:53,0
DA:58,0
DA:59,0
DA:61,0
DA:66,0
DA:67,0
DA:68,0
DA:73,0
DA:76,0
DA:80,0
DA:85,0
DA:86,0
DA:91,0
DA:94,0
DA:108,0
DA:109,0
DA:111,0
DA:112,0
DA:120,0
LF:33
LH:0
BRDA:8,0,0,0
BRDA:8,0,1,0
BRDA:13,1,0,0
BRDA:13,1,1,0
BRDA:19,2,0,0
BRDA:19,2,1,0
BRDA:26,3,0,0
BRDA:26,3,1,0
BRDA:31,4,0,0
BRDA:31,5,0,0
BRDA:31,5,1,0
BRDA:32,6,0,0
BRDA:33,7,0,0
BRDA:34,8,0,0
BRDA:34,8,1,0
BRDA:34,8,2,0
BRDA:40,9,0,0
BRDA:44,10,0,0
BRDA:48,11,0,0
BRDA:48,11,1,0
BRDA:58,12,0,0
BRDA:59,13,0,0
BRDA:61,14,0,0
BRDA:61,14,1,0
BRDA:65,15,0,0
BRDA:66,16,0,0
BRDA:66,17,0,0
BRDA:66,17,1,0
BRDA:68,18,0,0
BRDA:68,18,1,0
BRDA:76,19,0,0
BRDA:76,19,1,0
BRDA:80,20,0,0
BRDA:80,20,1,0
BRDA:86,21,0,0
BRDA:86,21,1,0
BRDA:96,22,0,0
BRDA:96,22,1,0
BRDA:98,23,0,0
BRDA:98,23,1,0
BRDA:102,24,0,0
BRDA:102,24,1,0
BRDA:109,25,0,0
BRDA:109,25,1,0
BRDA:111,26,0,0
BRDA:111,26,1,0
BRF:46
BRH:0
end_of_record
TN:
SF:src\modules\webhooks\interceptors\webhook-logging.interceptor.ts
FN:10,redact
FN:22,(anonymous_2)
FN:27,(anonymous_3)
FN:42,(anonymous_4)
FN:88,(anonymous_5)
FNF:5
FNH:0
FNDA:0,redact
FNDA:0,(anonymous_2)
FNDA:0,(anonymous_3)
FNDA:0,(anonymous_4)
FNDA:0,(anonymous_5)
DA:1,0
DA:8,0
DA:21,0
DA:22,0
DA:23,0
DA:24,0
DA:26,0
DA:28,0
DA:34,0
DA:36,0
DA:41,0
DA:43,0
DA:44,0
DA:46,0
DA:47,0
DA:85,0
DA:87,0
DA:89,0
DA:91,0
LF:19
LH:0
BRDA:12,0,0,0
BRDA:23,1,0,0
BRDA:23,2,0,0
BRDA:23,2,1,0
BRDA:43,3,0,0
BRDA:50,4,0,0
BRDA:50,4,1,0
BRDA:52,5,0,0
BRDA:52,5,1,0
BRDA:54,6,0,0
BRDA:54,6,1,0
BRDA:54,7,0,0
BRDA:54,7,1,0
BRDA:60,8,0,0
BRDA:60,8,1,0
BRDA:68,9,0,0
BRDA:68,9,1,0
BRDA:71,10,0,0
BRDA:71,10,1,0
BRDA:76,11,0,0
BRDA:76,11,1,0
BRDA:79,12,0,0
BRDA:79,12,1,0
BRDA:98,13,0,0
BRDA:98,13,1,0
BRDA:98,14,0,0
BRDA:98,14,1,0
BRDA:98,14,2,0
BRF:28
BRH:0
end_of_record
TN:
SF:src\modules\webhooks\repositories\channel.mongo.repository.ts
FN:15,(anonymous_4)
FN:20,(anonymous_5)
FN:29,(anonymous_6)
FN:39,(anonymous_7)
FN:52,(anonymous_8)
FN:62,(anonymous_9)
FNF:6
FNH:0
FNDA:0,(anonymous_4)
FNDA:0,(anonymous_5)
FNDA:0,(anonymous_6)
FNDA:0,(anonymous_7)
FNDA:0,(anonymous_8)
FNDA:0,(anonymous_9)
DA:1,0
DA:2,0
DA:3,0
DA:5,0
DA:14,0
DA:17,0
DA:21,0
DA:33,0
DA:44,0
DA:45,0
DA:55,0
DA:65,0
LF:12
LH:0
BRF:0
BRH:0
end_of_record
TN:
SF:src\modules\webhooks\repositories\webhook.mongo.repository.ts
FN:11,(anonymous_4)
FN:16,(anonymous_5)
FNF:2
FNH:0
FNDA:0,(anonymous_4)
FNDA:0,(anonymous_5)
DA:1,0
DA:2,0
DA:3,0
DA:5,0
DA:10,0
DA:13,0
DA:20,0
DA:23,0
LF:8
LH:0
BRF:0
BRH:0
end_of_record
TN:
SF:src\modules\webhooks\utils\cache.util.ts
FN:6,getIdempotency
FN:14,setIdempotency
FNF:2
FNH:0
FNDA:0,getIdempotency
FNDA:0,setIdempotency
DA:4,0
DA:6,0
DA:10,0
DA:11,0
DA:14,0
DA:19,0
DA:20,0
LF:7
LH:0
BRF:0
BRH:0
end_of_record
TN:
SF:src\modules\webhooks\utils\channels.util.ts
FN:5,toProvider
FN:12,isBotEnabled
FNF:2
FNH:0
FNDA:0,toProvider
FNDA:0,isBotEnabled
DA:5,0
DA:6,0
DA:7,0
DA:8,0
DA:9,0
DA:12,0
DA:17,0
DA:18,0
DA:19,0
DA:20,0
LF:10
LH:0
BRDA:6,0,0,0
BRDA:7,1,0,0
BRDA:8,2,0,0
BRDA:18,3,0,0
BRF:4
BRH:0
end_of_record
TN:
SF:src\modules\webhooks\utils\download-files.ts
FN:50,headersToBag
FN:63,(anonymous_11)
FN:75,getHeader
FN:79,sanitizeFilename
FN:85,validateSecureUrl
FN:93,validateMimeType
FN:101,validateFileSize
FN:112,guessMimeFromExt
FN:134,resolveMime
FN:150,downloadTelegramFile
FN:182,(anonymous_20)
FN:212,downloadRemoteFile
FN:224,(anonymous_22)
FNF:13
FNH:0
FNDA:0,headersToBag
FNDA:0,(anonymous_11)
FNDA:0,getHeader
FNDA:0,sanitizeFilename
FNDA:0,validateSecureUrl
FNDA:0,validateMimeType
FNDA:0,validateFileSize
FNDA:0,guessMimeFromExt
FNDA:0,resolveMime
FNDA:0,downloadTelegramFile
FNDA:0,(anonymous_20)
FNDA:0,downloadRemoteFile
FNDA:0,(anonymous_22)
DA:1,0
DA:2,0
DA:4,0
DA:5,0
DA:10,0
DA:11,0
DA:12,0
DA:13,0
DA:14,0
DA:15,0
DA:17,0
DA:57,0
DA:58,0
DA:59,0
DA:60,0
DA:62,0
DA:63,0
DA:64,0
DA:65,0
DA:66,0
DA:67,0
DA:69,0
DA:72,0
DA:76,0
DA:80,0
DA:81,0
DA:86,0
DA:87,0
DA:88,0
DA:94,0
DA:95,0
DA:96,0
DA:102,0
DA:103,0
DA:104,0
DA:105,0
DA:113,0
DA:114,0
DA:130,0
DA:139,0
DA:140,0
DA:141,0
DA:145,0
DA:146,0
DA:150,0
DA:155,0
DA:159,0
DA:165,0
DA:168,0
DA:169,0
DA:172,0
DA:175,0
DA:177,0
DA:180,0
DA:182,0
DA:184,0
DA:185,0
DA:188,0
DA:195,0
DA:196,0
DA:197,0
DA:200,0
DA:201,0
DA:203,0
DA:205,0
DA:206,0
DA:208,0
DA:212,0
DA:216,0
DA:218,0
DA:219,0
DA:222,0
DA:224,0
DA:226,0
DA:227,0
DA:230,0
DA:237,0
DA:238,0
DA:239,0
DA:241,0
DA:242,0
DA:244,0
DA:246,0
DA:247,0
DA:249,0
LF:85
LH:0
BRDA:58,0,0,0
BRDA:62,1,0,0
BRDA:62,1,1,0
BRDA:64,2,0,0
BRDA:64,2,1,0
BRDA:66,3,0,0
BRDA:66,3,1,0
BRDA:66,4,0,0
BRDA:66,4,1,0
BRDA:81,5,0,0
BRDA:81,5,1,0
BRDA:87,6,0,0
BRDA:95,7,0,0
BRDA:102,8,0,0
BRDA:102,8,1,0
BRDA:103,9,0,0
BRDA:103,9,1,0
BRDA:103,10,0,0
BRDA:103,10,1,0
BRDA:104,11,0,0
BRDA:113,12,0,0
BRDA:113,12,1,0
BRDA:130,13,0,0
BRDA:130,13,1,0
BRDA:141,14,0,0
BRDA:145,15,0,0
BRDA:145,16,0,0
BRDA:145,16,1,0
BRDA:146,17,0,0
BRDA:146,17,1,0
BRDA:165,18,0,0
BRDA:165,18,1,0
BRDA:168,19,0,0
BRDA:168,20,0,0
BRDA:168,20,1,0
BRDA:218,21,0,0
BRDA:218,21,1,0
BRDA:219,22,0,0
BRDA:219,22,1,0
BRF:39
BRH:0
end_of_record
TN:
SF:src\modules\webhooks\utils\intents.ts
FN:8,detectOrderIntent
FNF:1
FNH:0
FNDA:0,detectOrderIntent
DA:8,0
DA:9,0
DA:10,0
DA:11,0
DA:13,0
DA:15,0
DA:16,0
DA:17,0
DA:20,0
DA:21,0
DA:23,0
LF:11
LH:0
BRDA:11,0,0,0
BRDA:11,0,1,0
BRDA:13,1,0,0
BRDA:15,2,0,0
BRDA:17,3,0,0
BRDA:20,4,0,0
BRDA:21,5,0,0
BRF:7
BRH:0
end_of_record
TN:
SF:src\modules\webhooks\utils\normalize-incoming.ts
FN:31,isRecord
FN:34,isString
FN:37,isArray
FN:40,toStringSafe
FN:49,(anonymous_4)
FN:52,(anonymous_5)
FN:55,inferMediaType
FN:63,(anonymous_7)
FN:67,(anonymous_8)
FN:71,(anonymous_9)
FN:75,(anonymous_10)
FN:85,(anonymous_11)
FN:91,(anonymous_12)
FN:102,(anonymous_13)
FN:108,(anonymous_14)
FN:111,(anonymous_15)
FN:114,(anonymous_16)
FN:121,(anonymous_17)
FN:132,(anonymous_18)
FN:145,(anonymous_19)
FN:146,(anonymous_20)
FN:154,(anonymous_21)
FN:155,(anonymous_22)
FN:162,(anonymous_23)
FN:163,(anonymous_24)
FN:195,(anonymous_25)
FN:214,(anonymous_26)
FN:218,(anonymous_27)
FN:228,(anonymous_28)
FN:241,(anonymous_29)
FN:244,(anonymous_30)
FN:248,(anonymous_31)
FN:260,(anonymous_32)
FN:272,(anonymous_33)
FN:284,(anonymous_34)
FN:318,parseTelegram
FN:356,parseWhatsappCloud
FN:400,(anonymous_37)
FN:409,(anonymous_38)
FN:427,(anonymous_39)
FN:438,(anonymous_40)
FN:448,(anonymous_41)
FN:449,(anonymous_42)
FN:459,(anonymous_43)
FN:460,(anonymous_44)
FN:470,(anonymous_45)
FN:471,(anonymous_46)
FN:493,parseWhatsappQrNew
FN:534,(anonymous_48)
FN:543,(anonymous_49)
FN:552,(anonymous_50)
FN:563,(anonymous_51)
FN:571,(anonymous_52)
FN:573,(anonymous_53)
FN:583,(anonymous_54)
FN:585,(anonymous_55)
FN:595,(anonymous_56)
FN:597,(anonymous_57)
FN:619,parseWhatsappQrOld
FN:662,normalizeIncomingMessage
FNF:60
FNH:0
FNDA:0,isRecord
FNDA:0,isString
FNDA:0,isArray
FNDA:0,toStringSafe
FNDA:0,(anonymous_4)
FNDA:0,(anonymous_5)
FNDA:0,inferMediaType
FNDA:0,(anonymous_7)
FNDA:0,(anonymous_8)
FNDA:0,(anonymous_9)
FNDA:0,(anonymous_10)
FNDA:0,(anonymous_11)
FNDA:0,(anonymous_12)
FNDA:0,(anonymous_13)
FNDA:0,(anonymous_14)
FNDA:0,(anonymous_15)
FNDA:0,(anonymous_16)
FNDA:0,(anonymous_17)
FNDA:0,(anonymous_18)
FNDA:0,(anonymous_19)
FNDA:0,(anonymous_20)
FNDA:0,(anonymous_21)
FNDA:0,(anonymous_22)
FNDA:0,(anonymous_23)
FNDA:0,(anonymous_24)
FNDA:0,(anonymous_25)
FNDA:0,(anonymous_26)
FNDA:0,(anonymous_27)
FNDA:0,(anonymous_28)
FNDA:0,(anonymous_29)
FNDA:0,(anonymous_30)
FNDA:0,(anonymous_31)
FNDA:0,(anonymous_32)
FNDA:0,(anonymous_33)
FNDA:0,(anonymous_34)
FNDA:0,parseTelegram
FNDA:0,parseWhatsappCloud
FNDA:0,(anonymous_37)
FNDA:0,(anonymous_38)
FNDA:0,(anonymous_39)
FNDA:0,(anonymous_40)
FNDA:0,(anonymous_41)
FNDA:0,(anonymous_42)
FNDA:0,(anonymous_43)
FNDA:0,(anonymous_44)
FNDA:0,(anonymous_45)
FNDA:0,(anonymous_46)
FNDA:0,parseWhatsappQrNew
FNDA:0,(anonymous_48)
FNDA:0,(anonymous_49)
FNDA:0,(anonymous_50)
FNDA:0,(anonymous_51)
FNDA:0,(anonymous_52)
FNDA:0,(anonymous_53)
FNDA:0,(anonymous_54)
FNDA:0,(anonymous_55)
FNDA:0,(anonymous_56)
FNDA:0,(anonymous_57)
FNDA:0,parseWhatsappQrOld
FNDA:0,normalizeIncomingMessage
DA:32,0
DA:35,0
DA:38,0
DA:41,0
DA:42,0
DA:43,0
DA:44,0
DA:45,0
DA:46,0
DA:47,0
DA:49,0
DA:52,0
DA:53,0
DA:55,0
DA:56,0
DA:57,0
DA:58,0
DA:60,0
DA:63,0
DA:67,0
DA:71,0
DA:75,0
DA:79,0
DA:80,0
DA:82,0
DA:85,0
DA:86,0
DA:87,0
DA:88,0
DA:91,0
DA:92,0
DA:93,0
DA:94,0
DA:95,0
DA:96,0
DA:97,0
DA:98,0
DA:102,0
DA:103,0
DA:108,0
DA:109,0
DA:111,0
DA:112,0
DA:114,0
DA:115,0
DA:121,0
DA:122,0
DA:123,0
DA:132,0
DA:133,0
DA:136,0
DA:139,0
DA:143,0
DA:145,0
DA:147,0
DA:149,0
DA:150,0
DA:154,0
DA:156,0
DA:157,0
DA:158,0
DA:162,0
DA:164,0
DA:167,0
DA:170,0
DA:173,0
DA:183,0
DA:184,0
DA:186,0
DA:195,0
DA:196,0
DA:200,0
DA:204,0
DA:208,0
DA:211,0
DA:214,0
DA:215,0
DA:218,0
DA:222,0
DA:224,0
DA:225,0
DA:228,0
DA:229,0
DA:241,0
DA:242,0
DA:244,0
DA:245,0
DA:249,0
DA:251,0
DA:261,0
DA:263,0
DA:273,0
DA:275,0
DA:286,0
DA:294,0
DA:295,0
DA:296,0
DA:297,0
DA:307,0
DA:308,0
DA:310,0
DA:322,0
DA:324,0
DA:325,0
DA:326,0
DA:327,0
DA:328,0
DA:329,0
DA:331,0
DA:360,0
DA:362,0
DA:363,0
DA:365,0
DA:366,0
DA:367,0
DA:368,0
DA:369,0
DA:370,0
DA:373,0
DA:374,0
DA:376,0
DA:400,0
DA:401,0
DA:403,0
DA:406,0
DA:409,0
DA:413,0
DA:414,0
DA:415,0
DA:416,0
DA:419,0
DA:424,0
DA:427,0
DA:428,0
DA:438,0
DA:446,0
DA:448,0
DA:450,0
DA:451,0
DA:452,0
DA:453,0
DA:454,0
DA:455,0
DA:459,0
DA:461,0
DA:462,0
DA:463,0
DA:464,0
DA:465,0
DA:466,0
DA:470,0
DA:472,0
DA:473,0
DA:474,0
DA:475,0
DA:476,0
DA:477,0
DA:482,0
DA:483,0
DA:484,0
DA:485,0
DA:489,0
DA:497,0
DA:498,0
DA:500,0
DA:501,0
DA:502,0
DA:503,0
DA:507,0
DA:513,0
DA:514,0
DA:516,0
DA:534,0
DA:535,0
DA:537,0
DA:540,0
DA:543,0
DA:544,0
DA:547,0
DA:548,0
DA:549,0
DA:552,0
DA:553,0
DA:563,0
DA:569,0
DA:572,0
DA:574,0
DA:576,0
DA:577,0
DA:578,0
DA:579,0
DA:584,0
DA:586,0
DA:588,0
DA:589,0
DA:590,0
DA:591,0
DA:596,0
DA:598,0
DA:600,0
DA:601,0
DA:602,0
DA:603,0
DA:608,0
DA:609,0
DA:610,0
DA:611,0
DA:615,0
DA:623,0
DA:624,0
DA:625,0
DA:627,0
DA:629,0
DA:632,0
DA:633,0
DA:636,0
DA:637,0
DA:639,0
DA:662,0
DA:666,0
DA:668,0
LF:221
LH:0
BRDA:32,0,0,0
BRDA:32,0,1,0
BRDA:41,1,0,0
BRDA:42,2,0,0
BRDA:43,3,0,0
BRDA:44,4,0,0
BRDA:45,5,0,0
BRDA:46,6,0,0
BRDA:53,7,0,0
BRDA:53,7,1,0
BRDA:56,8,0,0
BRDA:56,8,1,0
BRDA:57,9,0,0
BRDA:57,9,1,0
BRDA:58,10,0,0
BRDA:58,11,0,0
BRDA:58,11,1,0
BRDA:63,12,0,0
BRDA:63,12,1,0
BRDA:67,13,0,0
BRDA:67,13,1,0
BRDA:71,14,0,0
BRDA:71,14,1,0
BRDA:75,15,0,0
BRDA:75,15,1,0
BRDA:80,16,0,0
BRDA:86,17,0,0
BRDA:86,17,1,0
BRDA:87,18,0,0
BRDA:87,18,1,0
BRDA:88,19,0,0
BRDA:88,19,1,0
BRDA:92,20,0,0
BRDA:92,20,1,0
BRDA:94,21,0,0
BRDA:96,22,0,0
BRDA:103,23,0,0
BRDA:103,23,1,0
BRDA:103,23,2,0
BRDA:103,23,3,0
BRDA:116,24,0,0
BRDA:116,24,1,0
BRDA:116,24,2,0
BRDA:123,25,0,0
BRDA:123,25,1,0
BRDA:133,26,0,0
BRDA:133,26,1,0
BRDA:136,27,0,0
BRDA:136,27,1,0
BRDA:139,28,0,0
BRDA:139,28,1,0
BRDA:149,29,0,0
BRDA:149,29,1,0
BRDA:149,30,0,0
BRDA:149,30,1,0
BRDA:156,31,0,0
BRDA:156,31,1,0
BRDA:157,32,0,0
BRDA:157,32,1,0
BRDA:164,33,0,0
BRDA:164,33,1,0
BRDA:167,34,0,0
BRDA:167,34,1,0
BRDA:170,35,0,0
BRDA:170,35,1,0
BRDA:184,36,0,0
BRDA:196,37,0,0
BRDA:196,37,1,0
BRDA:200,38,0,0
BRDA:200,38,1,0
BRDA:200,39,0,0
BRDA:200,39,1,0
BRDA:204,40,0,0
BRDA:204,40,1,0
BRDA:204,41,0,0
BRDA:204,41,1,0
BRDA:204,41,2,0
BRDA:208,42,0,0
BRDA:208,42,1,0
BRDA:208,43,0,0
BRDA:208,43,1,0
BRDA:211,44,0,0
BRDA:211,44,1,0
BRDA:211,45,0,0
BRDA:211,45,1,0
BRDA:215,46,0,0
BRDA:215,46,1,0
BRDA:224,47,0,0
BRDA:224,47,1,0
BRDA:225,48,0,0
BRDA:225,48,1,0
BRDA:225,48,2,0
BRDA:229,49,0,0
BRDA:229,49,1,0
BRDA:229,49,2,0
BRDA:229,49,3,0
BRDA:229,49,4,0
BRDA:308,50,0,0
BRDA:322,51,0,0
BRDA:329,52,0,0
BRDA:329,52,1,0
BRDA:360,53,0,0
BRDA:363,54,0,0
BRDA:366,55,0,0
BRDA:366,55,1,0
BRDA:371,56,0,0
BRDA:371,56,1,0
BRDA:374,57,0,0
BRDA:374,57,1,0
BRDA:401,58,0,0
BRDA:401,58,1,0
BRDA:403,59,0,0
BRDA:403,59,1,0
BRDA:403,60,0,0
BRDA:403,60,1,0
BRDA:413,61,0,0
BRDA:413,61,1,0
BRDA:414,62,0,0
BRDA:414,62,1,0
BRDA:419,63,0,0
BRDA:419,63,1,0
BRDA:421,64,0,0
BRDA:421,64,1,0
BRDA:428,65,0,0
BRDA:428,65,1,0
BRDA:428,65,2,0
BRDA:428,65,3,0
BRDA:454,66,0,0
BRDA:465,67,0,0
BRDA:476,68,0,0
BRDA:483,69,0,0
BRDA:498,70,0,0
BRDA:501,71,0,0
BRDA:501,71,1,0
BRDA:504,72,0,0
BRDA:504,72,1,0
BRDA:514,73,0,0
BRDA:514,73,1,0
BRDA:535,74,0,0
BRDA:535,74,1,0
BRDA:537,75,0,0
BRDA:537,75,1,0
BRDA:537,76,0,0
BRDA:537,76,1,0
BRDA:544,77,0,0
BRDA:544,77,1,0
BRDA:547,78,0,0
BRDA:553,79,0,0
BRDA:553,79,1,0
BRDA:553,79,2,0
BRDA:553,79,3,0
BRDA:609,80,0,0
BRDA:625,81,0,0
BRDA:629,82,0,0
BRDA:629,82,1,0
BRDA:629,83,0,0
BRDA:629,83,1,0
BRDA:634,84,0,0
BRDA:634,84,1,0
BRDA:637,85,0,0
BRDA:637,85,1,0
BRDA:666,86,0,0
BRDA:666,86,1,0
BRDA:669,87,0,0
BRDA:669,87,1,0
BRDA:669,87,2,0
BRDA:669,87,3,0
BRDA:669,87,4,0
BRF:168
BRH:0
end_of_record
TN:
SF:src\modules\webhooks\utils\replies.util.ts
FN:11,sendToWebchat
FN:23,sendToTelegram
FN:39,sendToWhatsAppCloud
FN:72,sendToWhatsAppQR
FN:97,sendReplyToChannel
FNF:5
FNH:0
FNDA:0,sendToWebchat
FNDA:0,sendToTelegram
FNDA:0,sendToWhatsAppCloud
FNDA:0,sendToWhatsAppQR
FNDA:0,sendReplyToChannel
DA:2,0
DA:4,0
DA:16,0
DA:29,0
DA:30,0
DA:31,0
DA:32,0
DA:33,0
DA:45,0
DA:49,0
DA:54,0
DA:57,0
DA:67,0
DA:69,0
DA:79,0
DA:83,0
DA:87,0
DA:92,0
DA:94,0
DA:97,0
DA:108,0
DA:110,0
DA:111,0
DA:112,0
DA:115,0
DA:116,0
DA:117,0
DA:121,0
DA:127,0
DA:129,0
DA:136,0
DA:138,0
LF:32
LH:0
BRDA:31,0,0,0
BRDA:49,1,0,0
BRDA:50,2,0,0
BRDA:50,2,1,0
BRDA:50,2,2,0
BRDA:83,3,0,0
BRDA:84,4,0,0
BRDA:84,4,1,0
BRDA:110,5,0,0
BRDA:110,6,0,0
BRDA:110,6,1,0
BRDA:115,7,0,0
BRDA:127,8,0,0
BRDA:136,9,0,0
BRF:14
BRH:0
end_of_record
TN:
SF:src\modules\webhooks\utils\signature.util.ts
FN:9,verifyMetaSignature
FNF:1
FNH:0
FNDA:0,verifyMetaSignature
DA:2,0
DA:4,0
DA:9,0
DA:14,0
DA:15,0
DA:17,0
DA:18,0
DA:20,0
DA:21,0
DA:23,0
DA:24,0
DA:25,0
LF:12
LH:0
BRDA:15,0,0,0
BRDA:15,1,0,0
BRDA:15,1,1,0
BRDA:20,2,0,0
BRDA:20,2,1,0
BRDA:21,3,0,0
BRDA:21,4,0,0
BRDA:21,4,1,0
BRDA:21,4,2,0
BRDA:23,5,0,0
BRDA:23,5,1,0
BRDA:25,6,0,0
BRDA:25,6,1,0
BRF:13
BRH:0
end_of_record
TN:
SF:src\modules\webhooks\utils\tx.util.ts
FN:4,tryWithTx
FN:12,(anonymous_1)
FNF:2
FNH:0
FNDA:0,tryWithTx
FNDA:0,(anonymous_1)
DA:4,0
DA:9,0
DA:10,0
DA:12,0
DA:14,0
DA:15,0
DA:19,0
DA:21,0
DA:23,0
DA:24,0
LF:10
LH:0
BRDA:14,0,0,0
BRDA:14,0,1,0
BRDA:15,1,0,0
BRDA:16,2,0,0
BRDA:16,2,1,0
BRF:5
BRH:0
end_of_record
TN:
SF:src\modules\workflow-history\workflow-history.module.ts
FNF:0
FNH:0
DA:3,0
DA:4,0
DA:6,0
DA:10,0
DA:21,0
LF:5
LH:0
BRF:0
BRH:0
end_of_record
TN:
SF:src\modules\workflow-history\workflow-history.service.ts
FN:9,(anonymous_4)
FN:15,(anonymous_5)
FN:22,(anonymous_6)
FN:30,(anonymous_7)
FNF:4
FNH:0
FNDA:0,(anonymous_4)
FNDA:0,(anonymous_5)
FNDA:0,(anonymous_6)
FNDA:0,(anonymous_7)
DA:1,0
DA:2,0
DA:3,0
DA:5,0
DA:8,0
DA:11,0
DA:18,0
DA:23,0
DA:34,0
LF:9
LH:0
BRF:0
BRH:0
end_of_record
TN:
SF:src\workers\ai-bridge.consumer.ts
FN:5,(anonymous_2)
FN:14,(anonymous_3)
FNF:2
FNH:0
FNDA:0,(anonymous_2)
FNDA:0,(anonymous_3)
DA:2,0
DA:3,0
DA:5,0
DA:6,0
DA:7,0
DA:12,0
DA:22,0
DA:23,0
DA:25,0
DA:26,0
DA:30,0
DA:31,0
LF:12
LH:0
BRDA:8,0,0,0
BRDA:8,0,1,0
BRDA:8,0,2,0
BRDA:22,1,0,0
BRDA:22,1,1,0
BRDA:33,2,0,0
BRDA:33,2,1,0
BRDA:33,2,2,0
BRF:8
BRH:0
end_of_record
TN:
SF:src\workers\ai-incoming.consumer.ts
FN:23,(anonymous_3)
FN:25,(anonymous_4)
FN:47,(anonymous_5)
FN:52,(anonymous_6)
FNF:4
FNH:0
FNDA:0,(anonymous_3)
FNDA:0,(anonymous_4)
FNDA:0,(anonymous_5)
FNDA:0,(anonymous_6)
DA:2,0
DA:3,0
DA:4,0
DA:5,0
DA:17,0
DA:18,0
DA:20,0
DA:21,0
DA:23,0
DA:26,0
DA:27,0
DA:28,0
DA:29,0
DA:33,0
DA:36,0
DA:39,0
DA:47,0
DA:53,0
DA:55,0
DA:56,0
DA:57,0
DA:61,0
DA:67,0
DA:68,0
DA:70,0
DA:74,0
DA:76,0
DA:77,0
DA:79,0
LF:29
LH:0
BRDA:27,0,0,0
BRDA:53,1,0,0
BRDA:53,2,0,0
BRDA:53,2,1,0
BRDA:62,3,0,0
BRDA:62,3,1,0
BRDA:62,3,2,0
BRDA:67,4,0,0
BRDA:67,4,1,0
BRDA:71,5,0,0
BRDA:71,5,1,0
BRDA:76,6,0,0
BRDA:76,6,1,0
BRF:13
BRH:0
end_of_record
TN:
SF:src\workers\ai-reply.worker.module.ts
FNF:0
FNH:0
DA:1,0
DA:2,0
DA:4,0
DA:10,0
LF:4
LH:0
BRF:0
BRH:0
end_of_record
TN:
SF:src\workers\ai-reply.worker.ts
FN:9,bootstrap
FN:14,(anonymous_1)
FNF:2
FNH:0
FNDA:0,bootstrap
FNDA:0,(anonymous_1)
DA:1,0
DA:2,0
DA:4,0
DA:5,0
DA:7,0
DA:10,0
DA:11,0
DA:12,0
DA:15,0
DA:16,0
DA:20,0
LF:11
LH:0
BRDA:10,0,0,0
BRDA:10,0,1,0
BRF:2
BRH:0
end_of_record
TN:
SF:src\workers\webhook-dispatcher.worker.module.ts
FNF:0
FNH:0
DA:1,0
DA:2,0
DA:4,0
DA:10,0
LF:4
LH:0
BRF:0
BRH:0
end_of_record
TN:
SF:src\workers\webhook-dispatcher.worker.ts
FN:8,bootstrap
FN:15,(anonymous_1)
FNF:2
FNH:0
FNDA:0,bootstrap
FNDA:0,(anonymous_1)
DA:1,0
DA:2,0
DA:3,0
DA:5,0
DA:6,0
DA:9,0
DA:12,0
DA:13,0
DA:16,0
DA:17,0
DA:21,0
LF:11
LH:0
BRDA:10,0,0,0
BRDA:10,0,1,0
BRF:2
BRH:0
end_of_record
TN:
SF:src\workers\shared\metrics.ts
FN:7,startMetricsServer
FN:8,(anonymous_11)
FN:25,(anonymous_12)
FN:26,(anonymous_13)
FNF:4
FNH:0
FNDA:0,startMetricsServer
FNDA:0,(anonymous_11)
FNDA:0,(anonymous_12)
FNDA:0,(anonymous_13)
DA:1,0
DA:3,0
DA:5,0
DA:7,0
DA:8,0
DA:9,0
DA:10,0
DA:11,0
DA:12,0
DA:13,0
DA:15,0
DA:16,0
DA:17,0
DA:20,0
DA:21,0
DA:25,0
DA:26,0
LF:17
LH:0
BRDA:9,0,0,0
BRDA:9,0,1,0
BRF:2
BRH:0
end_of_record
