TN:
SF:src\app.controller.ts
FN:13,(anonymous_2)
FN:16,(anonymous_3)
FN:21,(anonymous_4)
FNF:3
FNH:0
FNDA:0,(anonymous_2)
FNDA:0,(anonymous_3)
FNDA:0,(anonymous_4)
DA:1,1
DA:2,1
DA:4,1
DA:5,1
DA:6,1
DA:12,1
DA:13,0
DA:16,1
DA:17,0
DA:21,1
DA:22,0
LF:11
LH:8
BRF:0
BRH:0
end_of_record
TN:
SF:src\app.module.ts
FN:109,(anonymous_11)
FN:112,(anonymous_12)
FN:115,(anonymous_13)
FN:143,(anonymous_14)
FN:173,(anonymous_15)
FNF:5
FNH:0
FNDA:0,(anonymous_11)
FNDA:0,(anonymous_12)
FNDA:0,(anonymous_13)
FNDA:0,(anonymous_14)
FNDA:0,(anonymous_15)
DA:3,0
DA:4,0
DA:6,0
DA:7,0
DA:8,0
DA:9,0
DA:10,0
DA:12,0
DA:14,0
DA:15,0
DA:17,0
DA:18,0
DA:19,0
DA:20,0
DA:21,0
DA:22,0
DA:24,0
DA:25,0
DA:26,0
DA:27,0
DA:28,0
DA:29,0
DA:30,0
DA:31,0
DA:32,0
DA:33,0
DA:34,0
DA:35,0
DA:36,0
DA:37,0
DA:38,0
DA:39,0
DA:40,0
DA:41,0
DA:42,0
DA:43,0
DA:44,0
DA:45,0
DA:46,0
DA:47,0
DA:48,0
DA:49,0
DA:50,0
DA:51,0
DA:52,0
DA:53,0
DA:54,0
DA:55,0
DA:56,0
DA:57,0
DA:58,0
DA:59,0
DA:60,0
DA:61,0
DA:62,0
DA:63,0
DA:64,0
DA:65,0
DA:66,0
DA:67,0
DA:68,0
DA:69,0
DA:70,0
DA:111,0
DA:112,0
DA:116,0
DA:117,0
DA:118,0
DA:119,0
DA:121,0
DA:143,0
DA:174,0
DA:175,0
DA:176,0
DA:177,0
DA:244,0
LF:76
LH:0
BRDA:77,0,0,0
BRDA:77,0,1,0
BRDA:116,1,0,0
BRDA:116,1,1,0
BRDA:116,2,0,0
BRDA:116,2,1,0
BRDA:118,3,0,0
BRDA:118,4,0,0
BRDA:118,4,1,0
BRDA:161,5,0,0
BRDA:161,5,1,0
BRDA:175,6,0,0
BRDA:181,7,0,0
BRDA:181,7,1,0
BRDA:182,8,0,0
BRDA:182,8,1,0
BRF:16
BRH:0
end_of_record
TN:
SF:src\app.service.ts
FN:5,(anonymous_1)
FNF:1
FNH:0
FNDA:0,(anonymous_1)
DA:1,2
DA:4,2
DA:6,0
LF:3
LH:2
BRF:0
BRH:0
end_of_record
TN:
SF:src\configuration.ts
FN:2,(anonymous_0)
FNF:1
FNH:0
FNDA:0,(anonymous_0)
DA:2,0
LF:1
LH:0
BRF:0
BRH:0
end_of_record
TN:
SF:src\main.worker.ts
FN:4,bootstrap
FNF:1
FNH:0
FNDA:0,bootstrap
DA:1,0
DA:2,0
DA:5,0
DA:6,0
DA:10,0
LF:5
LH:0
BRF:0
BRH:0
end_of_record
TN:
SF:src\polyfills.ts
FNF:0
FNH:0
DA:1,0
LF:1
LH:0
BRF:0
BRH:0
end_of_record
TN:
SF:src\tracing.ts
FNF:0
FNH:0
DA:2,0
DA:3,0
DA:4,0
DA:5,0
DA:6,0
DA:11,0
DA:24,0
LF:7
LH:0
BRDA:14,0,0,0
BRDA:14,0,1,0
BRDA:18,1,0,0
BRDA:18,1,1,0
BRF:4
BRH:0
end_of_record
TN:
SF:src\common\error-management.module.ts
FN:31,(anonymous_2)
FN:36,(anonymous_3)
FN:41,(anonymous_4)
FNF:3
FNH:0
FNDA:0,(anonymous_2)
FNDA:0,(anonymous_3)
FNDA:0,(anonymous_4)
DA:2,4
DA:3,4
DA:4,4
DA:5,4
DA:6,4
DA:7,4
DA:8,4
DA:9,4
DA:30,4
DA:32,0
DA:33,0
DA:38,0
DA:43,0
LF:13
LH:9
BRF:0
BRH:0
end_of_record
TN:
SF:src\common\index.ts
FN:43,(anonymous_4)
FNF:1
FNH:0
FNDA:0,(anonymous_4)
DA:4,4
DA:5,4
DA:6,4
DA:9,4
DA:10,4
DA:13,4
DA:14,4
DA:17,4
DA:20,4
DA:21,4
DA:22,4
DA:23,4
DA:26,4
DA:27,4
DA:28,4
DA:31,4
DA:32,4
DA:35,4
DA:38,4
DA:41,4
DA:42,4
DA:43,4
DA:46,4
LF:23
LH:23
BRF:0
BRH:0
end_of_record
TN:
SF:src\common\config\app.config.ts
FN:9,setupApp
FN:14,(anonymous_2)
FN:85,(anonymous_3)
FNF:3
FNH:0
FNDA:0,setupApp
FNDA:0,(anonymous_2)
FNDA:0,(anonymous_3)
DA:2,4
DA:3,4
DA:4,4
DA:6,4
DA:7,4
DA:9,4
DA:11,0
DA:14,0
DA:15,0
DA:16,0
DA:19,0
DA:61,0
DA:75,0
DA:77,0
DA:84,4
DA:87,0
LF:16
LH:7
BRDA:23,0,0,0
BRDA:23,0,1,0
BRF:2
BRH:0
end_of_record
TN:
SF:src\common\config\common.module.ts
FNF:0
FNH:0
DA:2,4
DA:3,4
DA:4,4
DA:5,4
DA:12,4
DA:54,4
LF:6
LH:6
BRDA:18,0,0,4
BRDA:18,0,1,4
BRF:2
BRH:2
end_of_record
TN:
SF:src\common\config\cors.config.ts
FN:14,(anonymous_0)
FNF:1
FNH:0
FNDA:0,(anonymous_0)
DA:3,4
DA:11,4
DA:13,4
DA:16,0
DA:19,0
DA:22,0
LF:6
LH:3
BRDA:16,0,0,0
BRDA:19,1,0,0
BRDA:19,1,1,0
BRDA:22,2,0,0
BRDA:22,2,1,0
BRF:5
BRH:0
end_of_record
TN:
SF:src\common\config\sentry.config.ts
FN:4,(anonymous_0)
FN:17,(anonymous_1)
FNF:2
FNH:0
FNDA:0,(anonymous_0)
FNDA:0,(anonymous_1)
DA:2,0
DA:4,0
DA:19,0
DA:20,0
DA:21,0
DA:22,0
DA:27,0
DA:28,0
DA:29,0
DA:30,0
DA:33,0
LF:11
LH:0
BRDA:6,0,0,0
BRDA:6,0,1,0
BRDA:7,1,0,0
BRDA:7,1,1,0
BRDA:10,2,0,0
BRDA:10,2,1,0
BRDA:11,3,0,0
BRDA:11,3,1,0
BRDA:19,4,0,0
BRDA:21,5,0,0
BRDA:27,6,0,0
BRDA:39,7,0,0
BRDA:39,7,1,0
BRF:13
BRH:0
end_of_record
TN:
SF:src\common\constants\brand.ts
FN:13,(anonymous_0)
FNF:1
FNH:0
FNDA:0,(anonymous_0)
DA:2,4
DA:12,4
DA:13,4
LF:3
LH:3
BRDA:13,0,0,0
BRDA:13,0,1,0
BRF:2
BRH:0
end_of_record
TN:
SF:src\common\constants\error-codes.ts
FNF:0
FNH:0
DA:4,4
LF:1
LH:1
BRF:0
BRH:0
end_of_record
TN:
SF:src\common\constants\http-status.ts
FNF:0
FNH:0
DA:2,4
DA:5,4
LF:2
LH:2
BRF:0
BRH:0
end_of_record
TN:
SF:src\common\controllers\error-monitoring.controller.ts
FN:15,(anonymous_4)
FN:24,(anonymous_5)
FN:46,(anonymous_6)
FN:58,(anonymous_7)
FNF:4
FNH:0
FNDA:0,(anonymous_4)
FNDA:0,(anonymous_5)
FNDA:0,(anonymous_6)
FNDA:0,(anonymous_7)
DA:2,4
DA:3,4
DA:4,4
DA:5,4
DA:6,4
DA:7,4
DA:8,4
DA:14,4
DA:16,0
DA:17,0
DA:24,4
DA:31,0
DA:39,0
DA:46,4
DA:47,0
DA:58,4
DA:59,0
DA:61,0
LF:18
LH:11
BRDA:35,0,0,0
BRDA:35,0,1,0
BRDA:36,1,0,0
BRDA:36,1,1,0
BRDA:70,2,0,0
BRDA:70,2,1,0
BRF:6
BRH:0
end_of_record
TN:
SF:src\common\decorators\allow-unverified.decorator.ts
FN:3,(anonymous_0)
FNF:1
FNH:0
FNDA:0,(anonymous_0)
DA:2,0
DA:3,0
DA:4,0
LF:3
LH:0
BRF:0
BRH:0
end_of_record
TN:
SF:src\common\decorators\api-response.decorator.ts
FN:9,ApiResponse
FN:35,ApiSuccessResponse
FN:43,ApiCreatedResponse
FN:51,ApiDeletedResponse
FNF:4
FNH:3
FNDA:3,ApiResponse
FNDA:1,ApiSuccessResponse
FNDA:2,ApiCreatedResponse
FNDA:0,ApiDeletedResponse
DA:2,4
DA:3,4
DA:9,4
DA:14,3
DA:35,4
DA:39,1
DA:43,4
DA:47,2
DA:51,4
DA:52,0
LF:10
LH:9
BRDA:11,0,0,0
BRDA:39,1,0,1
BRDA:39,1,1,0
BRDA:47,2,0,2
BRDA:47,2,1,0
BRDA:55,3,0,0
BRDA:55,3,1,0
BRF:7
BRH:2
end_of_record
TN:
SF:src\common\decorators\current-user.decorator.ts
FN:17,(anonymous_0)
FN:31,(anonymous_1)
FN:41,(anonymous_2)
FN:51,(anonymous_3)
FNF:4
FNH:0
FNDA:0,(anonymous_0)
FNDA:0,(anonymous_1)
FNDA:0,(anonymous_2)
FNDA:0,(anonymous_3)
DA:2,4
DA:16,4
DA:21,0
DA:22,0
DA:23,0
DA:25,0
DA:30,4
DA:32,0
DA:33,0
DA:34,0
DA:35,0
DA:40,4
DA:42,0
DA:43,0
DA:44,0
DA:45,0
DA:50,4
DA:52,0
DA:53,0
DA:54,0
DA:55,0
LF:21
LH:5
BRDA:23,0,0,0
BRDA:25,1,0,0
BRDA:25,1,1,0
BRDA:34,2,0,0
BRDA:44,3,0,0
BRDA:45,4,0,0
BRDA:45,4,1,0
BRDA:54,5,0,0
BRF:8
BRH:0
end_of_record
TN:
SF:src\common\decorators\match.decorator.ts
FN:13,(anonymous_1)
FN:19,(anonymous_2)
FN:25,Match
FN:26,(anonymous_4)
FNF:4
FNH:0
FNDA:0,(anonymous_1)
FNDA:0,(anonymous_2)
FNDA:0,Match
FNDA:0,(anonymous_4)
DA:3,0
DA:12,0
DA:14,0
DA:15,0
DA:16,0
DA:20,0
DA:21,0
DA:25,0
DA:26,0
DA:27,0
LF:10
LH:0
BRF:0
BRH:0
end_of_record
TN:
SF:src\common\decorators\public.decorator.ts
FN:3,(anonymous_0)
FNF:1
FNH:1
FNDA:9,(anonymous_0)
DA:2,4
DA:3,9
LF:2
LH:2
BRF:0
BRH:0
end_of_record
TN:
SF:src\common\decorators\roles.decorator.ts
FN:5,(anonymous_0)
FNF:1
FNH:1
FNDA:22,(anonymous_0)
DA:2,7
DA:4,7
DA:5,22
LF:3
LH:3
BRF:0
BRH:0
end_of_record
TN:
SF:src\common\decorators\skip-merchant-check.decorator.ts
FN:3,(anonymous_0)
FNF:1
FNH:0
FNDA:0,(anonymous_0)
DA:2,0
DA:3,0
LF:2
LH:0
BRF:0
BRH:0
end_of_record
TN:
SF:src\common\errors\business-errors.ts
FN:8,(anonymous_0)
FN:20,(anonymous_1)
FN:31,(anonymous_2)
FN:43,(anonymous_3)
FN:54,(anonymous_4)
FN:66,(anonymous_5)
FN:77,(anonymous_6)
FN:88,(anonymous_7)
FN:99,(anonymous_8)
FN:110,(anonymous_9)
FN:122,(anonymous_10)
FN:133,(anonymous_11)
FN:145,(anonymous_12)
FN:156,(anonymous_13)
FN:167,(anonymous_14)
FN:178,(anonymous_15)
FN:190,(anonymous_16)
FN:201,(anonymous_17)
FN:212,(anonymous_18)
FN:224,(anonymous_19)
FN:235,(anonymous_20)
FN:247,(anonymous_21)
FN:259,(anonymous_22)
FN:271,(anonymous_23)
FN:282,(anonymous_24)
FN:294,(anonymous_25)
FN:305,(anonymous_26)
FN:316,(anonymous_27)
FN:328,(anonymous_28)
FN:340,(anonymous_29)
FN:351,(anonymous_30)
FN:363,(anonymous_31)
FN:374,(anonymous_32)
FN:386,(anonymous_33)
FN:398,(anonymous_34)
FN:409,(anonymous_35)
FN:420,(anonymous_36)
FN:432,(anonymous_37)
FN:443,(anonymous_38)
FN:455,(anonymous_39)
FN:466,(anonymous_40)
FNF:41
FNH:2
FNDA:2,(anonymous_0)
FNDA:0,(anonymous_1)
FNDA:0,(anonymous_2)
FNDA:0,(anonymous_3)
FNDA:0,(anonymous_4)
FNDA:0,(anonymous_5)
FNDA:2,(anonymous_6)
FNDA:0,(anonymous_7)
FNDA:0,(anonymous_8)
FNDA:0,(anonymous_9)
FNDA:0,(anonymous_10)
FNDA:0,(anonymous_11)
FNDA:0,(anonymous_12)
FNDA:0,(anonymous_13)
FNDA:0,(anonymous_14)
FNDA:0,(anonymous_15)
FNDA:0,(anonymous_16)
FNDA:0,(anonymous_17)
FNDA:0,(anonymous_18)
FNDA:0,(anonymous_19)
FNDA:0,(anonymous_20)
FNDA:0,(anonymous_21)
FNDA:0,(anonymous_22)
FNDA:0,(anonymous_23)
FNDA:0,(anonymous_24)
FNDA:0,(anonymous_25)
FNDA:0,(anonymous_26)
FNDA:0,(anonymous_27)
FNDA:0,(anonymous_28)
FNDA:0,(anonymous_29)
FNDA:0,(anonymous_30)
FNDA:0,(anonymous_31)
FNDA:0,(anonymous_32)
FNDA:0,(anonymous_33)
FNDA:0,(anonymous_34)
FNDA:0,(anonymous_35)
FNDA:0,(anonymous_36)
FNDA:0,(anonymous_37)
FNDA:0,(anonymous_38)
FNDA:0,(anonymous_39)
FNDA:0,(anonymous_40)
DA:2,4
DA:3,4
DA:4,4
DA:7,4
DA:14,2
DA:19,4
DA:21,0
DA:30,4
DA:32,0
DA:42,4
DA:44,0
DA:53,4
DA:55,0
DA:65,4
DA:67,0
DA:76,4
DA:78,2
DA:87,4
DA:89,0
DA:98,4
DA:100,0
DA:109,4
DA:111,0
DA:121,4
DA:123,0
DA:132,4
DA:134,0
DA:144,4
DA:146,0
DA:155,4
DA:157,0
DA:166,4
DA:168,0
DA:177,4
DA:179,0
DA:189,4
DA:191,0
DA:200,4
DA:202,0
DA:211,4
DA:213,0
DA:223,4
DA:225,0
DA:234,4
DA:236,0
DA:246,4
DA:248,0
DA:258,4
DA:260,0
DA:270,4
DA:272,0
DA:281,4
DA:283,0
DA:293,4
DA:295,0
DA:304,4
DA:306,0
DA:315,4
DA:317,0
DA:327,4
DA:329,0
DA:339,4
DA:341,0
DA:350,4
DA:352,0
DA:362,4
DA:364,0
DA:373,4
DA:375,0
DA:385,4
DA:387,0
DA:397,4
DA:399,0
DA:408,4
DA:410,0
DA:419,4
DA:421,0
DA:431,4
DA:433,0
DA:442,4
DA:444,0
DA:454,4
DA:456,0
DA:465,4
DA:467,0
LF:85
LH:46
BRDA:11,0,0,0
BRDA:31,1,0,0
BRF:2
BRH:0
end_of_record
TN:
SF:src\common\errors\domain-error.ts
FN:6,(anonymous_0)
FN:18,(anonymous_1)
FNF:2
FNH:1
FNDA:2,(anonymous_0)
FNDA:0,(anonymous_1)
DA:2,4
DA:5,4
DA:12,2
DA:17,4
DA:19,0
LF:5
LH:4
BRDA:9,0,0,0
BRF:1
BRH:0
end_of_record
TN:
SF:src\common\examples\app-module.example.ts
FNF:0
FNH:0
DA:2,0
DA:3,0
DA:4,0
DA:24,0
LF:4
LH:0
BRF:0
BRH:0
end_of_record
TN:
SF:src\common\examples\main.example.ts
FN:8,bootstrap
FNF:1
FNH:0
FNDA:0,bootstrap
DA:2,0
DA:3,0
DA:4,0
DA:5,0
DA:6,0
DA:9,0
DA:12,0
DA:15,0
DA:27,0
DA:37,0
DA:38,0
DA:47,0
DA:49,0
DA:50,0
DA:52,0
DA:53,0
DA:56,0
LF:17
LH:0
BRDA:49,0,0,0
BRDA:49,0,1,0
BRF:2
BRH:0
end_of_record
TN:
SF:src\common\examples\product-controller.example.ts
FN:43,(anonymous_4)
FN:48,(anonymous_5)
FN:58,(anonymous_6)
FN:73,(anonymous_7)
FN:83,(anonymous_8)
FN:103,(anonymous_9)
FN:114,(anonymous_10)
FNF:7
FNH:0
FNDA:0,(anonymous_4)
FNDA:0,(anonymous_5)
FNDA:0,(anonymous_6)
FNDA:0,(anonymous_7)
FNDA:0,(anonymous_8)
FNDA:0,(anonymous_9)
FNDA:0,(anonymous_10)
DA:2,0
DA:15,0
DA:20,0
DA:34,0
DA:42,0
DA:43,0
DA:48,0
DA:52,0
DA:58,0
DA:59,0
DA:60,0
DA:62,0
DA:64,0
DA:66,0
DA:73,0
DA:77,0
DA:83,0
DA:88,0
DA:89,0
DA:90,0
DA:92,0
DA:94,0
DA:96,0
DA:103,0
DA:108,0
DA:114,0
DA:116,0
LF:27
LH:0
BRDA:62,0,0,0
BRDA:92,1,0,0
BRF:2
BRH:0
end_of_record
TN:
SF:src\common\examples\product-service.example.ts
FN:39,(anonymous_4)
FN:52,(anonymous_5)
FN:64,(anonymous_6)
FN:97,(anonymous_7)
FN:111,(anonymous_8)
FN:116,(anonymous_9)
FN:121,(anonymous_10)
FN:126,(anonymous_11)
FN:131,(anonymous_12)
FNF:9
FNH:0
FNDA:0,(anonymous_4)
FNDA:0,(anonymous_5)
FNDA:0,(anonymous_6)
FNDA:0,(anonymous_7)
FNDA:0,(anonymous_8)
FNDA:0,(anonymous_9)
FNDA:0,(anonymous_10)
FNDA:0,(anonymous_11)
FNDA:0,(anonymous_12)
DA:2,0
DA:7,0
DA:18,0
DA:25,0
DA:37,0
DA:41,0
DA:43,0
DA:45,0
DA:48,0
DA:53,0
DA:55,0
DA:56,0
DA:60,0
DA:68,0
DA:71,0
DA:80,0
DA:81,0
DA:83,0
DA:97,0
DA:102,0
DA:107,0
DA:113,0
DA:118,0
DA:123,0
DA:128,0
LF:25
LH:0
BRDA:43,0,0,0
BRDA:55,1,0,0
BRDA:68,2,0,0
BRDA:68,3,0,0
BRF:4
BRH:0
end_of_record
TN:
SF:src\common\exceptions\payment-required.exception.ts
FN:5,(anonymous_0)
FNF:1
FNH:0
FNDA:0,(anonymous_0)
DA:2,0
DA:4,0
DA:6,0
LF:3
LH:0
BRDA:5,0,0,0
BRF:1
BRH:0
end_of_record
TN:
SF:src\common\filters\all-exceptions.filter.ts
FN:10,(anonymous_1)
FN:13,(anonymous_2)
FN:175,(anonymous_3)
FN:179,(anonymous_4)
FNF:4
FNH:0
FNDA:0,(anonymous_1)
FNDA:0,(anonymous_2)
FNDA:0,(anonymous_3)
FNDA:0,(anonymous_4)
DA:2,4
DA:6,4
DA:10,4
DA:11,0
DA:14,0
DA:15,0
DA:16,0
DA:17,0
DA:19,0
DA:20,0
DA:29,0
DA:30,0
DA:31,0
DA:34,0
DA:35,0
DA:42,0
DA:52,0
DA:53,0
DA:55,0
DA:57,0
DA:58,0
DA:66,0
DA:69,0
DA:70,0
DA:78,0
DA:81,0
DA:82,0
DA:83,0
DA:92,0
DA:93,0
DA:102,0
DA:106,0
DA:107,0
DA:118,0
DA:119,0
DA:120,0
DA:121,0
DA:136,0
DA:137,0
DA:138,0
DA:139,0
DA:140,0
DA:147,0
DA:148,0
DA:149,0
DA:160,0
DA:172,0
DA:176,0
DA:178,0
DA:179,0
DA:180,0
DA:181,0
DA:189,0
LF:53
LH:3
BRDA:29,0,0,0
BRDA:29,0,1,0
BRDA:34,1,0,0
BRDA:34,1,1,0
BRDA:34,2,0,0
BRDA:34,2,1,0
BRDA:34,2,2,0
BRDA:45,3,0,0
BRDA:45,3,1,0
BRDA:45,4,0,0
BRDA:45,4,1,0
BRDA:52,5,0,0
BRDA:52,5,1,0
BRDA:52,6,0,0
BRDA:52,6,1,0
BRDA:52,6,2,0
BRDA:55,7,0,0
BRDA:55,7,1,0
BRDA:55,7,2,0
BRDA:55,7,3,0
BRDA:81,8,0,0
BRDA:81,8,1,0
BRDA:87,9,0,0
BRDA:87,9,1,0
BRDA:118,10,0,0
BRDA:118,10,1,0
BRDA:118,11,0,0
BRDA:118,11,1,0
BRDA:118,11,2,0
BRDA:120,12,0,0
BRDA:120,12,1,0
BRDA:136,13,0,0
BRDA:136,14,0,0
BRDA:136,14,1,0
BRDA:136,14,2,0
BRDA:138,15,0,0
BRDA:138,15,1,0
BRDA:147,16,0,0
BRDA:168,17,0,0
BRDA:168,17,1,0
BRDA:178,18,0,0
BRF:41
BRH:0
end_of_record
TN:
SF:src\common\filters\ws-exceptions.filter.ts
FN:8,(anonymous_1)
FNF:1
FNH:0
FNDA:0,(anonymous_1)
DA:2,4
DA:3,4
DA:7,4
DA:9,0
DA:10,0
DA:11,0
DA:12,0
DA:13,0
LF:8
LH:3
BRDA:11,0,0,0
BRDA:11,0,1,0
BRF:2
BRH:0
end_of_record
TN:
SF:src\common\guards\account-state.guard.ts
FN:13,(anonymous_2)
FN:15,(anonymous_3)
FNF:2
FNH:0
FNDA:0,(anonymous_2)
FNDA:0,(anonymous_3)
DA:2,0
DA:8,0
DA:12,0
DA:13,0
DA:16,0
DA:20,0
DA:22,0
DA:27,0
DA:28,0
DA:30,0
DA:32,0
DA:33,0
DA:36,0
DA:37,0
DA:42,0
LF:15
LH:0
BRDA:20,0,0,0
BRDA:30,1,0,0
BRDA:32,2,0,0
BRDA:36,3,0,0
BRDA:36,4,0,0
BRDA:36,4,1,0
BRF:6
BRH:0
end_of_record
TN:
SF:src\common\guards\auth.guard.ts
FN:14,(anonymous_2)
FN:19,(anonymous_3)
FN:41,(anonymous_4)
FNF:3
FNH:0
FNDA:0,(anonymous_2)
FNDA:0,(anonymous_3)
FNDA:0,(anonymous_4)
DA:2,4
DA:8,4
DA:9,4
DA:13,4
DA:15,0
DA:16,0
DA:20,0
DA:21,0
DA:23,0
DA:24,0
DA:27,0
DA:28,0
DA:33,0
DA:35,0
DA:38,0
DA:42,0
DA:43,0
LF:17
LH:4
BRDA:23,0,0,0
BRDA:42,1,0,0
BRDA:42,1,1,0
BRDA:43,2,0,0
BRDA:43,2,1,0
BRF:5
BRH:0
end_of_record
TN:
SF:src\common\guards\identity.guard.ts
FN:20,(anonymous_4)
FN:26,(anonymous_5)
FNF:2
FNH:0
FNDA:0,(anonymous_4)
FNDA:0,(anonymous_5)
DA:2,0
DA:8,0
DA:9,0
DA:10,0
DA:12,0
DA:13,0
DA:19,0
DA:21,0
DA:22,0
DA:23,0
DA:27,0
DA:31,0
DA:33,0
DA:34,0
DA:35,0
DA:37,0
DA:42,0
DA:44,0
DA:52,0
DA:53,0
DA:57,0
DA:65,0
DA:68,0
LF:23
LH:0
BRDA:31,0,0,0
BRDA:35,1,0,0
BRDA:42,2,0,0
BRDA:49,3,0,0
BRDA:49,3,1,0
BRDA:52,4,0,0
BRDA:52,4,1,0
BRDA:57,5,0,0
BRDA:57,5,1,0
BRDA:61,6,0,0
BRDA:61,6,1,0
BRF:11
BRH:0
end_of_record
TN:
SF:src\common\guards\jwt-auth.guard.ts
FN:26,(anonymous_4)
FN:34,(anonymous_5)
FN:47,(anonymous_6)
FN:77,(anonymous_7)
FN:95,(anonymous_8)
FNF:5
FNH:0
FNDA:0,(anonymous_4)
FNDA:0,(anonymous_5)
FNDA:0,(anonymous_6)
FNDA:0,(anonymous_7)
FNDA:0,(anonymous_8)
DA:2,12
DA:8,12
DA:9,12
DA:10,12
DA:12,12
DA:15,12
DA:25,12
DA:27,0
DA:28,0
DA:29,0
DA:31,0
DA:36,0
DA:40,0
DA:43,0
DA:44,0
DA:45,0
DA:47,0
DA:48,0
DA:53,0
DA:54,0
DA:55,0
DA:59,0
DA:60,0
DA:61,0
DA:63,0
DA:64,0
DA:65,0
DA:66,0
DA:71,0
DA:78,0
DA:79,0
DA:80,0
DA:84,0
DA:85,0
DA:86,0
DA:89,0
DA:96,0
DA:97,0
DA:98,0
DA:99,0
DA:103,0
DA:104,0
DA:106,0
DA:107,0
DA:112,0
DA:114,0
LF:46
LH:7
BRDA:40,0,0,0
BRDA:43,1,0,0
BRDA:45,2,0,0
BRDA:45,2,1,0
BRDA:45,2,2,0
BRDA:47,3,0,0
BRDA:47,4,0,0
BRDA:47,4,1,0
BRDA:54,5,0,0
BRDA:59,6,0,0
BRDA:63,7,0,0
BRDA:65,8,0,0
BRDA:79,9,0,0
BRDA:79,10,0,0
BRDA:79,10,1,0
BRDA:85,11,0,0
BRDA:98,12,0,0
BRDA:106,13,0,0
BRF:18
BRH:0
end_of_record
TN:
SF:src\common\guards\merchant-state.guard.ts
FN:13,(anonymous_2)
FN:15,(anonymous_3)
FNF:2
FNH:0
FNDA:0,(anonymous_2)
FNDA:0,(anonymous_3)
DA:2,0
DA:8,0
DA:12,0
DA:13,0
DA:16,0
DA:20,0
DA:22,0
DA:26,0
DA:28,0
DA:29,0
DA:30,0
DA:32,0
DA:35,0
DA:38,0
DA:39,0
DA:42,0
DA:43,0
DA:46,0
DA:47,0
DA:50,0
LF:20
LH:0
BRDA:20,0,0,0
BRDA:26,1,0,0
BRDA:32,2,0,0
BRDA:35,3,0,0
BRDA:38,4,0,0
BRDA:42,5,0,0
BRDA:46,6,0,0
BRDA:46,7,0,0
BRDA:46,7,1,0
BRF:9
BRH:0
end_of_record
TN:
SF:src\common\guards\roles.guard.ts
FN:14,(anonymous_2)
FN:16,(anonymous_3)
FNF:2
FNH:1
FNDA:1,(anonymous_2)
FNDA:0,(anonymous_3)
DA:1,7
DA:8,7
DA:9,7
DA:13,7
DA:14,1
DA:18,0
DA:22,0
DA:26,0
DA:32,0
DA:35,0
DA:36,0
DA:38,0
DA:40,0
DA:44,0
DA:45,0
DA:48,0
LF:16
LH:5
BRDA:22,0,0,0
BRDA:32,1,0,0
BRDA:32,2,0,0
BRDA:32,2,1,0
BRDA:38,3,0,0
BRDA:44,4,0,0
BRF:6
BRH:0
end_of_record
TN:
SF:src\common\guards\trial.guard.ts
FN:14,(anonymous_1)
FNF:1
FNH:0
FNDA:0,(anonymous_1)
DA:3,0
DA:10,0
DA:13,0
DA:15,0
DA:16,0
DA:19,0
DA:20,0
DA:23,0
DA:25,0
DA:26,0
DA:30,0
DA:31,0
DA:34,0
LF:13
LH:0
BRDA:19,0,0,0
BRDA:25,1,0,0
BRDA:30,2,0,0
BRF:3
BRH:0
end_of_record
TN:
SF:src\common\interceptors\bypass.util.ts
FN:6,shouldBypass
FN:8,(anonymous_1)
FNF:2
FNH:0
FNDA:0,shouldBypass
FNDA:0,(anonymous_1)
DA:4,5
DA:6,5
DA:7,0
DA:8,0
LF:4
LH:2
BRDA:7,0,0,0
BRDA:7,0,1,0
BRDA:7,0,2,0
BRDA:8,1,0,0
BRDA:8,1,1,0
BRF:5
BRH:0
end_of_record
TN:
SF:src\common\interceptors\error-logging.interceptor.ts
FN:19,(anonymous_2)
FN:23,(anonymous_3)
FN:52,(anonymous_4)
FN:64,(anonymous_5)
FN:67,(anonymous_6)
FN:73,(anonymous_7)
FNF:6
FNH:0
FNDA:0,(anonymous_2)
FNDA:0,(anonymous_3)
FNDA:0,(anonymous_4)
FNDA:0,(anonymous_5)
FNDA:0,(anonymous_6)
FNDA:0,(anonymous_7)
DA:2,4
DA:9,4
DA:10,4
DA:11,4
DA:13,4
DA:16,4
DA:17,0
DA:20,0
DA:24,0
DA:25,0
DA:28,0
DA:29,0
DA:30,0
DA:33,0
DA:34,0
DA:35,0
DA:36,0
DA:38,0
DA:43,0
DA:44,0
DA:45,0
DA:47,0
DA:51,0
DA:54,0
DA:65,0
DA:69,0
DA:73,0
LF:27
LH:6
BRDA:24,0,0,0
BRDA:29,1,0,0
BRDA:33,2,0,0
BRDA:33,2,1,0
BRDA:33,2,2,0
BRDA:38,3,0,0
BRDA:38,3,1,0
BRDA:38,3,2,0
BRDA:45,4,0,0
BRDA:45,4,1,0
BRDA:45,4,2,0
BRDA:47,5,0,0
BRDA:47,5,1,0
BRDA:47,5,2,0
BRF:14
BRH:0
end_of_record
TN:
SF:src\common\interceptors\http-metrics.interceptor.ts
FN:17,(anonymous_4)
FN:26,(anonymous_5)
FN:41,(anonymous_6)
FN:61,(anonymous_7)
FN:75,(anonymous_8)
FNF:5
FNH:0
FNDA:0,(anonymous_4)
FNDA:0,(anonymous_5)
FNDA:0,(anonymous_6)
FNDA:0,(anonymous_7)
FNDA:0,(anonymous_8)
DA:2,0
DA:8,0
DA:9,0
DA:11,0
DA:12,0
DA:13,0
DA:16,0
DA:19,0
DA:21,0
DA:23,0
DA:27,0
DA:28,0
DA:29,0
DA:32,0
DA:33,0
DA:34,0
DA:37,0
DA:38,0
DA:40,0
DA:42,0
DA:43,0
DA:44,0
DA:47,0
DA:48,0
DA:51,0
DA:52,0
DA:53,0
DA:62,0
DA:63,0
DA:66,0
DA:67,0
DA:68,0
DA:75,0
LF:33
LH:0
BRDA:28,0,0,0
BRDA:33,1,0,0
BRDA:33,1,1,0
BRDA:33,1,2,0
BRDA:51,2,0,0
BRDA:52,3,0,0
BRDA:52,3,1,0
BRDA:63,4,0,0
BRDA:63,4,1,0
BRF:9
BRH:0
end_of_record
TN:
SF:src\common\interceptors\logging.interceptor.ts
FN:16,(anonymous_1)
FN:19,(anonymous_2)
FN:46,(anonymous_3)
FN:52,(anonymous_4)
FNF:4
FNH:0
FNDA:0,(anonymous_1)
FNDA:0,(anonymous_2)
FNDA:0,(anonymous_3)
FNDA:0,(anonymous_4)
DA:2,5
DA:10,5
DA:12,5
DA:13,5
DA:16,5
DA:17,0
DA:20,0
DA:23,0
DA:24,0
DA:25,0
DA:27,0
DA:28,0
DA:29,0
DA:32,0
DA:37,0
DA:38,0
DA:39,0
DA:44,0
DA:47,0
DA:48,0
DA:53,0
DA:54,0
LF:22
LH:5
BRDA:24,0,0,0
BRDA:28,1,0,0
BRDA:28,1,1,0
BRDA:37,2,0,0
BRDA:37,3,0,0
BRDA:37,3,1,0
BRF:6
BRH:0
end_of_record
TN:
SF:src\common\interceptors\performance-tracking.interceptor.ts
FN:20,(anonymous_2)
FN:22,(anonymous_3)
FN:90,(anonymous_4)
FN:102,(anonymous_5)
FN:108,(anonymous_6)
FNF:5
FNH:0
FNDA:0,(anonymous_2)
FNDA:0,(anonymous_3)
FNDA:0,(anonymous_4)
FNDA:0,(anonymous_5)
FNDA:0,(anonymous_6)
DA:2,4
DA:11,4
DA:12,4
DA:14,4
DA:17,4
DA:18,0
DA:20,0
DA:24,0
DA:25,0
DA:28,0
DA:29,0
DA:31,0
DA:32,0
DA:35,0
DA:36,0
DA:37,0
DA:38,0
DA:40,0
DA:45,0
DA:46,0
DA:47,0
DA:49,0
DA:53,0
DA:54,0
DA:56,0
DA:70,0
DA:72,0
DA:75,0
DA:78,0
DA:79,0
DA:80,0
DA:81,0
DA:82,0
DA:83,0
DA:88,0
DA:91,0
DA:94,0
DA:95,0
DA:97,0
DA:103,0
DA:104,0
DA:105,0
DA:109,0
DA:112,0
DA:115,0
DA:116,0
DA:117,0
DA:120,0
DA:121,0
DA:122,0
DA:123,0
DA:125,0
DA:128,0
DA:131,0
DA:132,0
DA:145,0
LF:56
LH:5
BRDA:24,0,0,0
BRDA:31,1,0,0
BRDA:35,2,0,0
BRDA:35,2,1,0
BRDA:35,2,2,0
BRDA:40,3,0,0
BRDA:40,3,1,0
BRDA:40,3,2,0
BRDA:47,4,0,0
BRDA:47,4,1,0
BRDA:47,4,2,0
BRDA:49,5,0,0
BRDA:49,5,1,0
BRDA:49,5,2,0
BRDA:70,6,0,0
BRDA:81,7,0,0
BRDA:82,8,0,0
BRDA:83,9,0,0
BRDA:104,10,0,0
BRDA:104,10,1,0
BRDA:105,11,0,0
BRDA:105,11,1,0
BRDA:112,12,0,0
BRDA:112,12,1,0
BRDA:116,13,0,0
BRDA:117,14,0,0
BRDA:120,15,0,0
BRDA:120,15,1,0
BRDA:122,16,0,0
BRDA:122,16,1,0
BRDA:131,17,0,0
BRDA:131,17,1,0
BRF:32
BRH:0
end_of_record
TN:
SF:src\common\interceptors\response.interceptor.ts
FN:25,(anonymous_1)
FN:37,(anonymous_2)
FNF:2
FNH:0
FNDA:0,(anonymous_1)
FNDA:0,(anonymous_2)
DA:2,4
DA:9,4
DA:11,4
DA:22,4
DA:26,0
DA:31,0
DA:32,0
DA:35,0
DA:36,0
DA:37,0
LF:10
LH:4
BRDA:31,0,0,0
BRF:1
BRH:0
end_of_record
TN:
SF:src\common\middlewares\request-id.middleware.ts
FN:8,(anonymous_1)
FNF:1
FNH:0
FNDA:0,(anonymous_1)
DA:2,4
DA:4,4
DA:7,4
DA:9,0
DA:10,0
DA:11,0
DA:12,0
LF:7
LH:3
BRDA:9,0,0,0
BRDA:9,0,1,0
BRF:2
BRH:0
end_of_record
TN:
SF:src\common\outbox\outbox.dispatcher.ts
FN:23,(anonymous_2)
FN:29,(anonymous_3)
FNF:2
FNH:0
FNDA:0,(anonymous_2)
FNDA:0,(anonymous_3)
DA:2,0
DA:3,0
DA:4,0
DA:5,0
DA:20,0
DA:21,0
DA:24,0
DA:25,0
DA:29,0
DA:30,0
DA:31,0
DA:33,0
DA:34,0
DA:35,0
DA:36,0
DA:42,0
DA:44,0
DA:45,0
DA:46,0
LF:19
LH:0
BRDA:31,0,0,0
BRDA:34,1,0,0
BRDA:34,1,1,0
BRDA:44,2,0,0
BRDA:44,2,1,0
BRF:5
BRH:0
end_of_record
TN:
SF:src\common\outbox\outbox.module.ts
FNF:0
FNH:0
DA:1,0
DA:2,0
DA:3,0
DA:4,0
DA:15,0
LF:5
LH:0
BRF:0
BRH:0
end_of_record
TN:
SF:src\common\outbox\outbox.service.ts
FN:20,(anonymous_4)
FN:25,(anonymous_5)
FN:39,(anonymous_6)
FN:55,(anonymous_7)
FN:62,(anonymous_8)
FN:69,(anonymous_9)
FNF:6
FNH:0
FNDA:0,(anonymous_4)
FNDA:0,(anonymous_5)
FNDA:0,(anonymous_6)
FNDA:0,(anonymous_7)
FNDA:0,(anonymous_8)
FNDA:0,(anonymous_9)
DA:2,0
DA:3,0
DA:4,0
DA:5,0
DA:19,0
DA:22,0
DA:29,0
DA:35,0
DA:36,0
DA:43,0
DA:45,0
DA:51,0
DA:52,0
DA:56,0
DA:63,0
DA:70,0
LF:16
LH:0
BRDA:33,0,0,0
BRDA:33,0,1,0
BRDA:43,1,0,0
BRDA:49,2,0,0
BRDA:49,2,1,0
BRDA:69,3,0,0
BRF:6
BRH:0
end_of_record
TN:
SF:src\common\pipes\parse-objectid.pipe.ts
FN:6,(anonymous_0)
FNF:1
FNH:0
FNDA:0,(anonymous_0)
DA:2,2
DA:3,2
DA:5,2
DA:7,0
DA:8,0
DA:10,0
LF:6
LH:3
BRDA:7,0,0,0
BRF:1
BRH:0
end_of_record
TN:
SF:src\common\services\environment-validator.service.ts
FN:17,(anonymous_2)
FN:22,(anonymous_3)
FN:28,(anonymous_4)
FN:34,(anonymous_5)
FN:40,(anonymous_6)
FN:48,(anonymous_7)
FN:57,(anonymous_8)
FN:63,(anonymous_9)
FN:69,(anonymous_10)
FN:77,(anonymous_11)
FN:86,(anonymous_12)
FN:95,(anonymous_13)
FN:107,(anonymous_14)
FN:157,(anonymous_15)
FN:166,(anonymous_16)
FN:173,(anonymous_17)
FN:184,(anonymous_18)
FNF:17
FNH:0
FNDA:0,(anonymous_2)
FNDA:0,(anonymous_3)
FNDA:0,(anonymous_4)
FNDA:0,(anonymous_5)
FNDA:0,(anonymous_6)
FNDA:0,(anonymous_7)
FNDA:0,(anonymous_8)
FNDA:0,(anonymous_9)
FNDA:0,(anonymous_10)
FNDA:0,(anonymous_11)
FNDA:0,(anonymous_12)
FNDA:0,(anonymous_13)
FNDA:0,(anonymous_14)
FNDA:0,(anonymous_15)
FNDA:0,(anonymous_16)
FNDA:0,(anonymous_17)
FNDA:0,(anonymous_18)
DA:2,4
DA:3,4
DA:14,4
DA:15,0
DA:17,0
DA:23,0
DA:28,0
DA:34,0
DA:40,0
DA:49,0
DA:58,0
DA:63,0
DA:69,0
DA:78,0
DA:87,0
DA:96,0
DA:97,0
DA:108,0
DA:109,0
DA:111,0
DA:113,0
DA:114,0
DA:115,0
DA:118,0
DA:119,0
DA:120,0
DA:126,0
DA:127,0
DA:130,0
DA:134,0
DA:135,0
DA:138,0
DA:142,0
DA:143,0
DA:145,0
DA:149,0
DA:151,0
DA:152,0
DA:156,0
DA:157,0
DA:160,0
DA:167,0
DA:169,0
DA:170,0
DA:173,0
DA:174,0
DA:177,0
DA:185,0
DA:186,0
DA:188,0
DA:190,0
DA:191,0
DA:192,0
DA:193,0
DA:194,0
DA:197,0
DA:201,0
DA:202,0
DA:204,0
LF:59
LH:3
BRDA:49,0,0,0
BRDA:49,0,1,0
BRDA:58,1,0,0
BRDA:58,1,1,0
BRDA:78,2,0,0
BRDA:78,2,1,0
BRDA:97,3,0,0
BRDA:97,3,1,0
BRDA:97,3,2,0
BRDA:118,4,0,0
BRDA:118,5,0,0
BRDA:118,5,1,0
BRDA:121,6,0,0
BRDA:121,6,1,0
BRDA:126,7,0,0
BRDA:134,8,0,0
BRDA:134,9,0,0
BRDA:134,9,1,0
BRDA:142,10,0,0
BRDA:142,10,1,0
BRDA:151,11,0,0
BRDA:151,11,1,0
BRDA:169,12,0,0
BRDA:185,13,0,0
BRDA:185,13,1,0
BRDA:186,14,0,0
BRDA:186,14,1,0
BRDA:188,15,0,0
BRDA:188,15,1,0
BRDA:195,16,0,0
BRDA:195,16,1,0
BRDA:198,17,0,0
BRDA:198,17,1,0
BRDA:201,18,0,0
BRDA:201,18,1,0
BRF:35
BRH:0
end_of_record
TN:
SF:src\common\services\error-management.service.ts
FN:40,(anonymous_2)
FN:45,(anonymous_3)
FN:114,(anonymous_4)
FN:175,(anonymous_5)
FN:235,(anonymous_6)
FN:297,(anonymous_7)
FN:322,(anonymous_8)
FN:350,(anonymous_9)
FN:359,(anonymous_10)
FN:368,(anonymous_11)
FN:372,(anonymous_12)
FN:388,(anonymous_13)
FN:415,(anonymous_14)
FN:450,(anonymous_15)
FN:461,(anonymous_16)
FNF:15
FNH:0
FNDA:0,(anonymous_2)
FNDA:0,(anonymous_3)
FNDA:0,(anonymous_4)
FNDA:0,(anonymous_5)
FNDA:0,(anonymous_6)
FNDA:0,(anonymous_7)
FNDA:0,(anonymous_8)
FNDA:0,(anonymous_9)
FNDA:0,(anonymous_10)
FNDA:0,(anonymous_11)
FNDA:0,(anonymous_12)
FNDA:0,(anonymous_13)
FNDA:0,(anonymous_14)
FNDA:0,(anonymous_15)
FNDA:0,(anonymous_16)
DA:2,4
DA:3,4
DA:4,4
DA:37,4
DA:38,0
DA:40,0
DA:49,0
DA:50,0
DA:52,0
DA:53,0
DA:54,0
DA:55,0
DA:57,0
DA:69,0
DA:75,0
DA:76,0
DA:97,0
DA:98,0
DA:100,0
DA:101,0
DA:106,0
DA:108,0
DA:118,0
DA:119,0
DA:121,0
DA:132,0
DA:138,0
DA:161,0
DA:166,0
DA:168,0
DA:169,0
DA:180,0
DA:181,0
DA:182,0
DA:184,0
DA:195,0
DA:201,0
DA:225,0
DA:226,0
DA:228,0
DA:229,0
DA:240,0
DA:241,0
DA:243,0
DA:254,0
DA:260,0
DA:261,0
DA:282,0
DA:287,0
DA:290,0
DA:291,0
DA:302,0
DA:316,0
DA:337,0
DA:352,0
DA:353,0
DA:360,0
DA:361,0
DA:362,0
DA:364,0
DA:369,0
DA:373,0
DA:374,0
DA:378,0
DA:379,0
DA:380,0
DA:381,0
DA:385,0
DA:389,0
DA:395,0
DA:402,0
DA:409,0
DA:410,0
DA:411,0
DA:412,0
DA:416,0
DA:425,0
DA:435,0
DA:444,0
DA:445,0
DA:446,0
DA:447,0
DA:452,0
DA:458,0
DA:464,0
LF:85
LH:4
BRDA:47,0,0,0
BRDA:52,1,0,0
BRDA:52,1,1,0
BRDA:62,2,0,0
BRDA:62,2,1,0
BRDA:75,3,0,0
BRDA:100,4,0,0
BRDA:116,5,0,0
BRDA:178,6,0,0
BRDA:182,7,0,0
BRDA:182,7,1,0
BRDA:221,8,0,0
BRDA:221,8,1,0
BRDA:238,9,0,0
BRDA:260,10,0,0
BRDA:300,11,0,0
BRDA:322,12,0,0
BRDA:350,13,0,0
BRDA:373,14,0,0
BRDA:380,15,0,0
BRDA:409,16,0,0
BRDA:410,17,0,0
BRDA:411,18,0,0
BRDA:444,19,0,0
BRDA:445,20,0,0
BRDA:446,21,0,0
BRF:26
BRH:0
end_of_record
TN:
SF:src\common\services\sentry.service.ts
FN:24,(anonymous_11)
FN:29,(anonymous_12)
FN:63,(anonymous_13)
FN:100,(anonymous_14)
FN:149,(anonymous_15)
FN:193,(anonymous_16)
FN:225,(anonymous_17)
FN:228,(anonymous_18)
FN:231,(anonymous_19)
FN:234,(anonymous_20)
FN:247,(anonymous_21)
FN:262,(anonymous_22)
FN:277,(anonymous_23)
FN:297,(anonymous_24)
FN:312,(anonymous_25)
FN:329,(anonymous_26)
FN:336,(anonymous_27)
FNF:17
FNH:0
FNDA:0,(anonymous_11)
FNDA:0,(anonymous_12)
FNDA:0,(anonymous_13)
FNDA:0,(anonymous_14)
FNDA:0,(anonymous_15)
FNDA:0,(anonymous_16)
FNDA:0,(anonymous_17)
FNDA:0,(anonymous_18)
FNDA:0,(anonymous_19)
FNDA:0,(anonymous_20)
FNDA:0,(anonymous_21)
FNDA:0,(anonymous_22)
FNDA:0,(anonymous_23)
FNDA:0,(anonymous_24)
FNDA:0,(anonymous_25)
FNDA:0,(anonymous_26)
FNDA:0,(anonymous_27)
DA:2,4
DA:3,4
DA:4,4
DA:5,4
DA:20,4
DA:21,0
DA:22,0
DA:24,0
DA:30,0
DA:31,0
DA:32,0
DA:36,0
DA:37,0
DA:41,0
DA:43,0
DA:44,0
DA:45,0
DA:48,0
DA:49,0
DA:65,0
DA:66,0
DA:67,0
DA:69,0
DA:74,0
DA:75,0
DA:76,0
DA:79,0
DA:90,0
DA:91,0
DA:93,0
DA:101,0
DA:102,0
DA:103,0
DA:106,0
DA:107,0
DA:138,0
DA:139,0
DA:141,0
DA:142,0
DA:154,0
DA:155,0
DA:156,0
DA:159,0
DA:160,0
DA:182,0
DA:183,0
DA:185,0
DA:186,0
DA:198,0
DA:199,0
DA:200,0
DA:203,0
DA:205,0
DA:206,0
DA:209,0
DA:219,0
DA:221,0
DA:226,0
DA:229,0
DA:232,0
DA:235,0
DA:239,0
DA:240,0
DA:248,0
DA:249,0
DA:252,0
DA:253,0
DA:255,0
DA:263,0
DA:264,0
DA:267,0
DA:268,0
DA:270,0
DA:283,0
DA:284,0
DA:287,0
DA:288,0
DA:290,0
DA:298,0
DA:299,0
DA:302,0
DA:303,0
DA:305,0
DA:313,0
DA:314,0
DA:317,0
DA:318,0
DA:319,0
DA:320,0
DA:322,0
DA:330,0
DA:337,0
DA:338,0
DA:341,0
DA:344,0
DA:346,0
DA:347,0
LF:97
LH:5
BRDA:30,0,0,0
BRDA:43,1,0,0
BRDA:59,2,0,0
BRDA:59,2,1,0
BRDA:60,3,0,0
BRDA:60,3,1,0
BRDA:65,4,0,0
BRDA:67,5,0,0
BRDA:74,6,0,0
BRDA:100,7,0,0
BRDA:101,8,0,0
BRDA:113,9,0,0
BRDA:113,9,1,0
BRDA:151,10,0,0
BRDA:152,11,0,0
BRDA:154,12,0,0
BRDA:166,13,0,0
BRDA:166,13,1,0
BRDA:196,14,0,0
BRDA:198,15,0,0
BRDA:248,16,0,0
BRDA:263,17,0,0
BRDA:283,18,0,0
BRDA:298,19,0,0
BRDA:313,20,0,0
BRDA:337,21,0,0
BRF:26
BRH:0
end_of_record
TN:
SF:src\common\utils\logger.utils.ts
FN:6,sanitizeHeaders
FN:39,sanitizeBody
FN:62,(anonymous_2)
FNF:3
FNH:0
FNDA:0,sanitizeHeaders
FNDA:0,sanitizeBody
FNDA:0,(anonymous_2)
DA:6,5
DA:9,0
DA:21,0
DA:23,0
DA:24,0
DA:26,0
DA:27,0
DA:29,0
DA:33,0
DA:39,5
DA:40,0
DA:41,0
DA:44,0
DA:57,0
DA:59,0
DA:60,0
DA:62,0
DA:63,0
DA:64,0
DA:66,0
DA:68,0
DA:72,0
LF:22
LH:2
BRDA:23,0,0,0
BRDA:23,0,1,0
BRDA:26,1,0,0
BRDA:26,1,1,0
BRDA:40,2,0,0
BRDA:40,3,0,0
BRDA:40,3,1,0
BRDA:57,4,0,0
BRDA:57,4,1,0
BRDA:62,5,0,0
BRDA:62,5,1,0
BRDA:64,6,0,0
BRDA:64,6,1,0
BRDA:64,7,0,0
BRDA:64,7,1,0
BRF:15
BRH:0
end_of_record
TN:
SF:src\config\database.config.ts
FN:11,(anonymous_1)
FNF:1
FNH:0
FNDA:0,(anonymous_1)
DA:2,0
DA:3,0
DA:4,0
DA:11,0
DA:21,0
LF:5
LH:0
BRF:0
BRH:0
end_of_record
TN:
SF:src\config\redis.config.ts
FN:10,(anonymous_2)
FNF:1
FNH:0
FNDA:0,(anonymous_2)
DA:2,1
DA:3,1
DA:7,1
DA:10,0
DA:11,0
DA:12,0
DA:14,0
DA:16,0
LF:8
LH:3
BRDA:12,0,0,0
BRDA:20,1,0,0
BRDA:20,1,1,0
BRDA:21,2,0,0
BRDA:21,2,1,0
BRDA:23,3,0,0
BRDA:23,3,1,0
BRF:7
BRH:0
end_of_record
TN:
SF:src\config\redis.module.ts
FNF:0
FNH:0
DA:2,0
DA:3,0
DA:10,0
LF:3
LH:0
BRF:0
BRH:0
end_of_record
TN:
SF:src\infra\dispatchers\dispatchers.module.ts
FNF:0
FNH:0
DA:2,0
DA:3,0
DA:4,0
DA:5,0
DA:11,0
LF:5
LH:0
BRF:0
BRH:0
end_of_record
TN:
SF:src\infra\dispatchers\reply-dispatchers.ts
FN:9,(anonymous_2)
FN:14,(anonymous_3)
FN:19,(anonymous_4)
FN:26,(anonymous_5)
FN:33,(anonymous_6)
FN:38,(anonymous_7)
FNF:6
FNH:0
FNDA:0,(anonymous_2)
FNDA:0,(anonymous_3)
FNDA:0,(anonymous_4)
FNDA:0,(anonymous_5)
FNDA:0,(anonymous_6)
FNDA:0,(anonymous_7)
DA:2,0
DA:3,0
DA:4,0
DA:7,0
DA:8,0
DA:10,0
DA:11,0
DA:16,0
DA:19,0
DA:23,0
DA:26,0
DA:30,0
DA:33,0
DA:39,0
DA:40,0
DA:41,0
LF:16
LH:0
BRDA:39,0,0,0
BRDA:39,0,1,0
BRF:2
BRH:0
end_of_record
TN:
SF:src\infra\rabbit\rabbit.module.ts
FNF:0
FNH:0
DA:1,0
DA:2,0
DA:3,0
DA:11,0
LF:4
LH:0
BRF:0
BRH:0
end_of_record
TN:
SF:src\infra\rabbit\rabbit.service.ts
FN:18,(anonymous_3)
FN:24,(anonymous_4)
FN:28,(anonymous_5)
FN:41,(anonymous_6)
FN:45,(anonymous_7)
FN:70,(anonymous_8)
FN:77,(anonymous_9)
FN:80,(anonymous_10)
FN:80,(anonymous_11)
FN:82,(anonymous_12)
FN:112,(anonymous_13)
FN:126,(anonymous_14)
FN:139,(anonymous_15)
FNF:13
FNH:0
FNDA:0,(anonymous_3)
FNDA:0,(anonymous_4)
FNDA:0,(anonymous_5)
FNDA:0,(anonymous_6)
FNDA:0,(anonymous_7)
FNDA:0,(anonymous_8)
FNDA:0,(anonymous_9)
FNDA:0,(anonymous_10)
FNDA:0,(anonymous_11)
FNDA:0,(anonymous_12)
FNDA:0,(anonymous_13)
FNDA:0,(anonymous_14)
FNDA:0,(anonymous_15)
DA:1,0
DA:7,0
DA:8,0
DA:11,0
DA:12,0
DA:15,0
DA:18,0
DA:19,0
DA:25,0
DA:29,0
DA:30,0
DA:31,0
DA:33,0
DA:35,0
DA:36,0
DA:37,0
DA:38,0
DA:39,0
DA:41,0
DA:42,0
DA:43,0
DA:45,0
DA:46,0
DA:47,0
DA:51,0
DA:60,0
DA:61,0
DA:64,0
DA:65,0
DA:67,0
DA:70,0
DA:74,0
DA:78,0
DA:79,0
DA:80,0
DA:88,0
DA:90,0
DA:94,0
DA:96,0
DA:97,0
DA:100,0
DA:104,0
DA:107,0
DA:108,0
DA:110,0
DA:113,0
DA:114,0
DA:115,0
DA:116,0
DA:117,0
DA:119,0
DA:127,0
DA:128,0
DA:129,0
DA:131,0
DA:132,0
DA:136,0
DA:140,0
DA:141,0
DA:142,0
DA:144,0
LF:61
LH:0
BRDA:20,0,0,0
BRDA:20,0,1,0
BRDA:28,1,0,0
BRDA:29,2,0,0
BRDA:86,3,0,0
BRDA:88,4,0,0
BRDA:94,5,0,0
BRDA:94,5,1,0
BRDA:108,6,0,0
BRDA:113,7,0,0
BRDA:127,8,0,0
BRF:11
BRH:0
end_of_record
TN:
SF:src\metrics\amqp.metrics.ts
FN:26,(anonymous_4)
FN:34,(anonymous_5)
FN:37,(anonymous_6)
FN:40,(anonymous_7)
FNF:4
FNH:0
FNDA:0,(anonymous_4)
FNDA:0,(anonymous_5)
FNDA:0,(anonymous_6)
FNDA:0,(anonymous_7)
DA:2,0
DA:3,0
DA:4,0
DA:6,0
DA:25,0
DA:28,0
DA:30,0
DA:32,0
DA:35,0
DA:38,0
DA:41,0
LF:11
LH:0
BRF:0
BRH:0
end_of_record
TN:
SF:src\metrics\business.metrics.ts
FN:31,(anonymous_4)
FN:44,(anonymous_5)
FN:47,(anonymous_6)
FN:50,(anonymous_7)
FN:53,(anonymous_8)
FN:56,(anonymous_9)
FNF:6
FNH:0
FNDA:0,(anonymous_4)
FNDA:0,(anonymous_5)
FNDA:0,(anonymous_6)
FNDA:0,(anonymous_7)
FNDA:0,(anonymous_8)
FNDA:0,(anonymous_9)
DA:2,0
DA:3,0
DA:4,0
DA:6,0
DA:30,0
DA:33,0
DA:35,0
DA:37,0
DA:39,0
DA:41,0
DA:45,0
DA:48,0
DA:51,0
DA:54,0
DA:57,0
LF:15
LH:0
BRF:0
BRH:0
end_of_record
TN:
SF:src\metrics\metrics.module.ts
FNF:0
FNH:0
DA:2,0
DA:3,0
DA:9,0
DA:10,0
DA:11,0
DA:13,0
DA:21,0
DA:27,0
DA:33,0
DA:68,0
LF:10
LH:0
BRF:0
BRH:0
end_of_record
TN:
SF:src\metrics\security.metrics.ts
FN:66,(anonymous_4)
FN:84,(anonymous_5)
FN:93,(anonymous_6)
FN:102,(anonymous_7)
FN:115,(anonymous_8)
FN:128,(anonymous_9)
FN:141,(anonymous_10)
FN:150,(anonymous_11)
FNF:8
FNH:0
FNDA:0,(anonymous_4)
FNDA:0,(anonymous_5)
FNDA:0,(anonymous_6)
FNDA:0,(anonymous_7)
FNDA:0,(anonymous_8)
FNDA:0,(anonymous_9)
FNDA:0,(anonymous_10)
FNDA:0,(anonymous_11)
DA:2,0
DA:8,0
DA:9,0
DA:12,0
DA:65,0
DA:68,0
DA:70,0
DA:72,0
DA:74,0
DA:76,0
DA:78,0
DA:80,0
DA:89,0
DA:98,0
DA:107,0
DA:120,0
DA:137,0
DA:146,0
DA:156,0
LF:19
LH:0
BRDA:110,0,0,0
BRDA:110,0,1,0
BRF:2
BRH:0
end_of_record
TN:
SF:src\modules\ai\ai.module.ts
FN:10,(anonymous_1)
FNF:1
FNH:0
FNDA:0,(anonymous_1)
DA:2,0
DA:3,0
DA:4,0
DA:5,0
DA:10,0
DA:15,0
LF:6
LH:0
BRF:0
BRH:0
end_of_record
TN:
SF:src\modules\ai\gemini.service.ts
FN:10,(anonymous_2)
FN:15,(anonymous_3)
FN:31,(anonymous_4)
FNF:3
FNH:0
FNDA:0,(anonymous_2)
FNDA:0,(anonymous_3)
FNDA:0,(anonymous_4)
DA:1,0
DA:2,0
DA:3,0
DA:6,0
DA:8,0
DA:10,0
DA:11,0
DA:19,0
DA:22,0
DA:29,0
DA:32,0
DA:37,0
DA:38,0
DA:41,0
DA:43,0
DA:44,0
DA:45,0
DA:46,0
DA:47,0
DA:49,0
DA:50,0
DA:53,0
DA:54,0
DA:57,0
DA:59,0
DA:60,0
LF:26
LH:0
BRDA:43,0,0,0
BRDA:43,1,0,0
BRDA:43,1,1,0
BRDA:46,2,0,0
BRDA:46,2,1,0
BRF:5
BRH:0
end_of_record
TN:
SF:src\modules\analytics\analytics.admin.controller.ts
FN:21,(anonymous_4)
FN:24,(anonymous_5)
FN:29,(anonymous_6)
FN:38,(anonymous_7)
FNF:4
FNH:0
FNDA:0,(anonymous_4)
FNDA:0,(anonymous_5)
FNDA:0,(anonymous_6)
FNDA:0,(anonymous_7)
DA:2,0
DA:11,0
DA:12,0
DA:13,0
DA:14,0
DA:15,0
DA:20,0
DA:21,0
DA:24,0
DA:25,0
DA:29,0
DA:34,0
DA:38,0
DA:39,0
LF:14
LH:0
BRDA:39,0,0,0
BRDA:39,0,1,0
BRF:2
BRH:0
end_of_record
TN:
SF:src\modules\analytics\analytics.controller.ts
FN:42,(anonymous_4)
FN:54,(anonymous_5)
FN:78,(anonymous_6)
FN:104,(anonymous_7)
FN:117,(anonymous_8)
FN:129,(anonymous_9)
FN:137,(anonymous_10)
FN:158,(anonymous_11)
FN:166,(anonymous_12)
FN:177,(anonymous_13)
FN:195,(anonymous_14)
FN:226,(anonymous_15)
FN:239,(anonymous_16)
FNF:13
FNH:0
FNDA:0,(anonymous_4)
FNDA:0,(anonymous_5)
FNDA:0,(anonymous_6)
FNDA:0,(anonymous_7)
FNDA:0,(anonymous_8)
FNDA:0,(anonymous_9)
FNDA:0,(anonymous_10)
FNDA:0,(anonymous_11)
FNDA:0,(anonymous_12)
FNDA:0,(anonymous_13)
FNDA:0,(anonymous_14)
FNDA:0,(anonymous_15)
FNDA:0,(anonymous_16)
DA:2,0
DA:4,0
DA:16,0
DA:22,0
DA:24,0
DA:25,0
DA:33,0
DA:34,0
DA:35,0
DA:41,0
DA:42,0
DA:54,0
DA:58,0
DA:59,0
DA:78,0
DA:83,0
DA:84,0
DA:85,0
DA:104,0
DA:109,0
DA:110,0
DA:117,0
DA:120,0
DA:121,0
DA:129,0
DA:130,0
DA:131,0
DA:137,0
DA:141,0
DA:142,0
DA:158,0
DA:159,0
DA:160,0
DA:166,0
DA:167,0
DA:168,0
DA:177,0
DA:183,0
DA:184,0
DA:195,0
DA:201,0
DA:202,0
DA:203,0
DA:205,0
DA:206,0
DA:212,0
DA:226,0
DA:231,0
DA:232,0
DA:233,0
DA:239,0
DA:240,0
DA:241,0
LF:53
LH:0
BRDA:56,0,0,0
BRDA:58,1,0,0
BRDA:80,2,0,0
BRDA:81,3,0,0
BRDA:83,4,0,0
BRDA:84,5,0,0
BRDA:84,5,1,0
BRDA:106,6,0,0
BRDA:107,7,0,0
BRDA:109,8,0,0
BRDA:120,9,0,0
BRDA:141,10,0,0
BRDA:144,11,0,0
BRDA:144,11,1,0
BRDA:145,12,0,0
BRDA:145,12,1,0
BRDA:146,13,0,0
BRDA:146,13,1,0
BRDA:147,14,0,0
BRDA:147,14,1,0
BRDA:148,15,0,0
BRDA:148,15,1,0
BRDA:149,16,0,0
BRDA:149,16,1,0
BRDA:183,17,0,0
BRDA:201,18,0,0
BRDA:202,19,0,0
BRDA:202,19,1,0
BRDA:205,20,0,0
BRDA:205,21,0,0
BRDA:205,21,1,0
BRDA:228,22,0,0
BRDA:229,23,0,0
BRDA:231,24,0,0
BRDA:232,25,0,0
BRDA:232,25,1,0
BRF:36
BRH:0
end_of_record
TN:
SF:src\modules\analytics\analytics.module.ts
FN:38,(anonymous_1)
FNF:1
FNH:0
FNDA:0,(anonymous_1)
DA:2,0
DA:3,0
DA:4,0
DA:8,0
DA:9,0
DA:10,0
DA:11,0
DA:12,0
DA:13,0
DA:14,0
DA:18,0
DA:22,0
DA:23,0
DA:24,0
DA:25,0
DA:38,0
DA:47,0
LF:17
LH:0
BRF:0
BRH:0
end_of_record
TN:
SF:src\modules\analytics\analytics.service.ts
FN:78,(anonymous_5)
FN:99,(anonymous_6)
FN:117,(anonymous_7)
FN:135,(anonymous_8)
FN:169,(anonymous_9)
FN:210,(anonymous_10)
FN:282,(anonymous_11)
FN:289,(anonymous_12)
FN:314,(anonymous_13)
FN:449,(anonymous_14)
FN:451,(anonymous_15)
FN:481,(anonymous_16)
FN:505,(anonymous_17)
FN:523,(anonymous_18)
FN:526,(anonymous_19)
FN:531,(anonymous_20)
FN:540,(anonymous_21)
FN:598,(anonymous_22)
FN:606,(anonymous_23)
FN:609,(anonymous_24)
FN:615,(anonymous_25)
FN:655,(anonymous_26)
FN:687,(anonymous_27)
FN:699,(anonymous_28)
FN:750,(anonymous_29)
FN:753,(anonymous_30)
FN:802,(anonymous_31)
FN:827,(anonymous_32)
FN:835,(anonymous_33)
FN:856,(anonymous_34)
FN:861,(anonymous_35)
FNF:31
FNH:0
FNDA:0,(anonymous_5)
FNDA:0,(anonymous_6)
FNDA:0,(anonymous_7)
FNDA:0,(anonymous_8)
FNDA:0,(anonymous_9)
FNDA:0,(anonymous_10)
FNDA:0,(anonymous_11)
FNDA:0,(anonymous_12)
FNDA:0,(anonymous_13)
FNDA:0,(anonymous_14)
FNDA:0,(anonymous_15)
FNDA:0,(anonymous_16)
FNDA:0,(anonymous_17)
FNDA:0,(anonymous_18)
FNDA:0,(anonymous_19)
FNDA:0,(anonymous_20)
FNDA:0,(anonymous_21)
FNDA:0,(anonymous_22)
FNDA:0,(anonymous_23)
FNDA:0,(anonymous_24)
FNDA:0,(anonymous_25)
FNDA:0,(anonymous_26)
FNDA:0,(anonymous_27)
FNDA:0,(anonymous_28)
FNDA:0,(anonymous_29)
FNDA:0,(anonymous_30)
FNDA:0,(anonymous_31)
FNDA:0,(anonymous_32)
FNDA:0,(anonymous_33)
FNDA:0,(anonymous_34)
FNDA:0,(anonymous_35)
DA:2,0
DA:7,0
DA:8,0
DA:9,0
DA:11,0
DA:15,0
DA:19,0
DA:20,0
DA:23,0
DA:28,0
DA:33,0
DA:35,0
DA:38,0
DA:77,0
DA:80,0
DA:82,0
DA:84,0
DA:86,0
DA:88,0
DA:90,0
DA:93,0
DA:94,0
DA:95,0
DA:103,0
DA:104,0
DA:105,0
DA:107,0
DA:108,0
DA:110,0
DA:111,0
DA:112,0
DA:113,0
DA:121,0
DA:122,0
DA:123,0
DA:125,0
DA:126,0
DA:131,0
DA:138,0
DA:156,0
DA:157,0
DA:158,0
DA:159,0
DA:163,0
DA:164,0
DA:166,0
DA:174,0
DA:205,0
DA:206,0
DA:216,0
DA:278,0
DA:279,0
DA:283,0
DA:294,0
DA:299,0
DA:309,0
DA:310,0
DA:311,0
DA:318,0
DA:319,0
DA:320,0
DA:323,0
DA:334,0
DA:339,0
DA:347,0
DA:350,0
DA:361,0
DA:365,0
DA:369,0
DA:370,0
DA:372,0
DA:382,0
DA:385,0
DA:396,0
DA:440,0
DA:443,0
DA:449,0
DA:451,0
DA:455,0
DA:462,0
DA:486,0
DA:487,0
DA:488,0
DA:490,0
DA:510,0
DA:511,0
DA:513,0
DA:523,0
DA:527,0
DA:528,0
DA:532,0
DA:533,0
DA:561,0
DA:563,0
DA:564,0
DA:565,0
DA:566,0
DA:568,0
DA:569,0
DA:570,0
DA:571,0
DA:574,0
DA:575,0
DA:584,0
DA:585,0
DA:595,0
DA:599,0
DA:607,0
DA:608,0
DA:609,0
DA:612,0
DA:616,0
DA:617,0
DA:619,0
DA:652,0
DA:661,0
DA:663,0
DA:664,0
DA:666,0
DA:667,0
DA:670,0
DA:674,0
DA:675,0
DA:676,0
DA:677,0
DA:679,0
DA:690,0
DA:691,0
DA:693,0
DA:704,0
DA:705,0
DA:707,0
DA:750,0
DA:764,0
DA:766,0
DA:767,0
DA:768,0
DA:769,0
DA:770,0
DA:771,0
DA:773,0
DA:774,0
DA:775,0
DA:776,0
DA:779,0
DA:780,0
DA:788,0
DA:789,0
DA:799,0
DA:808,0
DA:828,0
DA:832,0
DA:842,0
DA:847,0
DA:848,0
DA:849,0
DA:850,0
DA:852,0
DA:855,0
DA:856,0
DA:858,0
DA:866,0
DA:867,0
DA:868,0
DA:870,0
DA:871,0
DA:876,0
DA:878,0
DA:887,0
LF:169
LH:0
BRDA:104,0,0,0
BRDA:107,1,0,0
BRDA:122,2,0,0
BRDA:125,3,0,0
BRDA:158,4,0,0
BRDA:158,4,1,0
BRDA:159,5,0,0
BRDA:159,5,1,0
BRDA:160,6,0,0
BRDA:160,6,1,0
BRDA:164,7,0,0
BRDA:205,8,0,0
BRDA:205,8,1,0
BRDA:206,9,0,0
BRDA:206,9,1,0
BRDA:206,10,0,0
BRDA:206,10,1,0
BRDA:278,11,0,0
BRDA:278,11,1,0
BRDA:279,12,0,0
BRDA:279,12,1,0
BRDA:279,13,0,0
BRDA:279,13,1,0
BRDA:309,14,0,0
BRDA:309,14,1,0
BRDA:310,15,0,0
BRDA:310,15,1,0
BRDA:334,16,0,0
BRDA:334,16,1,0
BRDA:347,17,0,0
BRDA:347,17,1,0
BRDA:361,18,0,0
BRDA:361,18,1,0
BRDA:382,19,0,0
BRDA:382,19,1,0
BRDA:451,20,0,0
BRDA:451,20,1,0
BRDA:474,21,0,0
BRDA:474,21,1,0
BRDA:475,22,0,0
BRDA:475,22,1,0
BRDA:483,23,0,0
BRDA:484,24,0,0
BRDA:488,25,0,0
BRDA:488,25,1,0
BRDA:508,26,0,0
BRDA:536,27,0,0
BRDA:536,27,1,0
BRDA:553,28,0,0
BRDA:554,29,0,0
BRDA:555,30,0,0
BRDA:556,31,0,0
BRDA:557,32,0,0
BRDA:564,33,0,0
BRDA:565,34,0,0
BRDA:566,35,0,0
BRDA:568,36,0,0
BRDA:568,37,0,0
BRDA:568,37,1,0
BRDA:570,38,0,0
BRDA:571,39,0,0
BRDA:574,40,0,0
BRDA:574,41,0,0
BRDA:574,41,1,0
BRDA:601,42,0,0
BRDA:601,42,1,0
BRDA:610,43,0,0
BRDA:610,43,1,0
BRDA:615,44,0,0
BRDA:664,45,0,0
BRDA:666,46,0,0
BRDA:676,47,0,0
BRDA:676,47,1,0
BRDA:690,48,0,0
BRDA:690,48,1,0
BRDA:691,49,0,0
BRDA:695,50,0,0
BRDA:695,50,1,0
BRDA:702,51,0,0
BRDA:767,52,0,0
BRDA:768,53,0,0
BRDA:769,54,0,0
BRDA:770,55,0,0
BRDA:771,56,0,0
BRDA:773,57,0,0
BRDA:773,58,0,0
BRDA:773,58,1,0
BRDA:775,59,0,0
BRDA:776,60,0,0
BRDA:779,61,0,0
BRDA:812,62,0,0
BRDA:812,62,1,0
BRDA:815,63,0,0
BRDA:815,63,1,0
BRDA:818,64,0,0
BRDA:818,64,1,0
BRDA:848,65,0,0
BRDA:848,65,1,0
BRDA:849,66,0,0
BRDA:849,66,1,0
BRDA:851,67,0,0
BRDA:851,67,1,0
BRDA:852,68,0,0
BRDA:866,69,0,0
BRDA:874,70,0,0
BRDA:874,70,1,0
BRDA:883,71,0,0
BRDA:883,71,1,0
BRF:108
BRH:0
end_of_record
TN:
SF:src\modules\auth\auth.controller.ts
FN:47,(anonymous_4)
FN:61,(anonymous_5)
FN:74,(anonymous_6)
FN:111,(anonymous_7)
FN:123,(anonymous_8)
FN:128,(anonymous_9)
FN:136,(anonymous_10)
FN:146,(anonymous_11)
FN:152,(anonymous_12)
FN:158,(anonymous_13)
FN:183,(anonymous_14)
FN:238,(anonymous_15)
FN:260,(anonymous_16)
FNF:13
FNH:0
FNDA:0,(anonymous_4)
FNDA:0,(anonymous_5)
FNDA:0,(anonymous_6)
FNDA:0,(anonymous_7)
FNDA:0,(anonymous_8)
FNDA:0,(anonymous_9)
FNDA:0,(anonymous_10)
FNDA:0,(anonymous_11)
FNDA:0,(anonymous_12)
FNDA:0,(anonymous_13)
FNDA:0,(anonymous_14)
FNDA:0,(anonymous_15)
FNDA:0,(anonymous_16)
DA:1,0
DA:15,0
DA:16,0
DA:17,0
DA:18,0
DA:20,0
DA:29,0
DA:30,0
DA:36,0
DA:37,0
DA:38,0
DA:39,0
DA:40,0
DA:41,0
DA:42,0
DA:46,0
DA:48,0
DA:49,0
DA:61,0
DA:62,0
DA:74,0
DA:79,0
DA:84,0
DA:87,0
DA:88,0
DA:90,0
DA:95,0
DA:101,0
DA:111,0
DA:112,0
DA:113,0
DA:123,0
DA:124,0
DA:128,0
DA:129,0
DA:130,0
DA:136,0
DA:140,0
DA:141,0
DA:146,0
DA:147,0
DA:148,0
DA:152,0
DA:153,0
DA:158,0
DA:159,0
DA:160,0
DA:183,0
DA:188,0
DA:194,0
DA:196,0
DA:197,0
DA:200,0
DA:206,0
DA:207,0
DA:209,0
DA:214,0
DA:220,0
DA:238,0
DA:244,0
DA:246,0
DA:247,0
DA:251,0
DA:253,0
DA:260,0
DA:264,0
DA:267,0
DA:269,0
LF:68
LH:0
BRDA:194,0,0,0
BRDA:194,0,1,0
BRDA:196,1,0,0
BRDA:244,2,0,0
BRDA:244,2,1,0
BRDA:246,3,0,0
BRF:6
BRH:0
end_of_record
TN:
SF:src\modules\auth\auth.module.ts
FN:37,(anonymous_1)
FNF:1
FNH:0
FNDA:0,(anonymous_1)
DA:3,0
DA:4,0
DA:5,0
DA:6,0
DA:7,0
DA:9,0
DA:10,0
DA:11,0
DA:12,0
DA:13,0
DA:15,0
DA:16,0
DA:18,0
DA:19,0
DA:20,0
DA:21,0
DA:22,0
DA:26,0
DA:37,0
DA:64,0
LF:20
LH:0
BRF:0
BRH:0
end_of_record
TN:
SF:src\modules\auth\auth.service.ts
FN:52,(anonymous_13)
FN:67,(anonymous_14)
FN:127,(anonymous_15)
FN:196,(anonymous_16)
FN:204,(anonymous_17)
FN:218,(anonymous_18)
FN:224,(anonymous_19)
FN:286,(anonymous_20)
FN:317,(anonymous_21)
FN:354,(anonymous_22)
FN:369,(anonymous_23)
FN:408,(anonymous_24)
FN:433,(anonymous_25)
FNF:13
FNH:0
FNDA:0,(anonymous_13)
FNDA:0,(anonymous_14)
FNDA:0,(anonymous_15)
FNDA:0,(anonymous_16)
FNDA:0,(anonymous_17)
FNDA:0,(anonymous_18)
FNDA:0,(anonymous_19)
FNDA:0,(anonymous_20)
FNDA:0,(anonymous_21)
FNDA:0,(anonymous_22)
FNDA:0,(anonymous_23)
FNDA:0,(anonymous_24)
FNDA:0,(anonymous_25)
DA:1,0
DA:8,0
DA:9,0
DA:10,0
DA:11,0
DA:13,0
DA:14,0
DA:19,0
DA:23,0
DA:24,0
DA:29,0
DA:34,0
DA:36,0
DA:37,0
DA:38,0
DA:44,0
DA:46,0
DA:49,0
DA:50,0
DA:53,0
DA:54,0
DA:56,0
DA:58,0
DA:59,0
DA:60,0
DA:61,0
DA:62,0
DA:63,0
DA:64,0
DA:68,0
DA:69,0
DA:70,0
DA:73,0
DA:75,0
DA:86,0
DA:87,0
DA:94,0
DA:95,0
DA:96,0
DA:98,0
DA:101,0
DA:106,0
DA:120,0
DA:121,0
DA:123,0
DA:131,0
DA:133,0
DA:139,0
DA:142,0
DA:143,0
DA:146,0
DA:147,0
DA:150,0
DA:151,0
DA:157,0
DA:158,0
DA:163,0
DA:164,0
DA:169,0
DA:175,0
DA:180,0
DA:200,0
DA:205,0
DA:206,0
DA:207,0
DA:208,0
DA:210,0
DA:213,0
DA:219,0
DA:220,0
DA:236,0
DA:237,0
DA:238,0
DA:240,0
DA:245,0
DA:246,0
DA:248,0
DA:249,0
DA:252,0
DA:253,0
DA:254,0
DA:255,0
DA:259,0
DA:260,0
DA:261,0
DA:263,0
DA:265,0
DA:270,0
DA:272,0
DA:287,0
DA:288,0
DA:289,0
DA:290,0
DA:291,0
DA:294,0
DA:299,0
DA:301,0
DA:304,0
DA:305,0
DA:311,0
DA:312,0
DA:314,0
DA:318,0
DA:319,0
DA:322,0
DA:325,0
DA:330,0
DA:331,0
DA:335,0
DA:336,0
DA:338,0
DA:344,0
DA:348,0
DA:350,0
DA:352,0
DA:358,0
DA:359,0
DA:360,0
DA:364,0
DA:365,0
DA:366,0
DA:370,0
DA:372,0
DA:373,0
DA:376,0
DA:381,0
DA:383,0
DA:387,0
DA:389,0
DA:390,0
DA:393,0
DA:394,0
DA:397,0
DA:398,0
DA:399,0
DA:402,0
DA:403,0
DA:404,0
DA:409,0
DA:410,0
DA:411,0
DA:414,0
DA:418,0
DA:420,0
DA:421,0
DA:423,0
DA:424,0
DA:425,0
DA:428,0
DA:430,0
DA:434,0
DA:435,0
DA:438,0
DA:439,0
DA:443,0
DA:444,0
DA:445,0
DA:449,0
DA:450,0
DA:451,0
DA:452,0
DA:455,0
DA:456,0
DA:457,0
DA:462,0
DA:467,0
LF:166
LH:0
BRDA:69,0,0,0
BRDA:120,1,0,0
BRDA:120,2,0,0
BRDA:120,2,1,0
BRDA:139,3,0,0
BRDA:142,4,0,0
BRDA:147,5,0,0
BRDA:150,6,0,0
BRDA:157,7,0,0
BRDA:157,8,0,0
BRDA:157,8,1,0
BRDA:163,9,0,0
BRDA:163,10,0,0
BRDA:163,10,1,0
BRDA:163,10,2,0
BRDA:172,11,0,0
BRDA:172,11,1,0
BRDA:188,12,0,0
BRDA:188,12,1,0
BRDA:207,13,0,0
BRDA:238,14,0,0
BRDA:245,15,0,0
BRDA:245,16,0,0
BRDA:245,16,1,0
BRDA:248,17,0,0
BRDA:259,18,0,0
BRDA:268,19,0,0
BRDA:268,19,1,0
BRDA:289,20,0,0
BRDA:290,21,0,0
BRDA:299,22,0,0
BRDA:299,23,0,0
BRDA:299,23,1,0
BRDA:322,24,0,0
BRDA:330,25,0,0
BRDA:330,26,0,0
BRDA:330,26,1,0
BRDA:344,27,0,0
BRDA:344,27,1,0
BRDA:359,28,0,0
BRDA:364,29,0,0
BRDA:365,30,0,0
BRDA:372,31,0,0
BRDA:381,32,0,0
BRDA:387,33,0,0
BRDA:389,34,0,0
BRDA:394,35,0,0
BRDA:410,36,0,0
BRDA:418,37,0,0
BRDA:421,38,0,0
BRDA:435,39,0,0
BRDA:438,40,0,0
BRDA:438,40,1,0
BRDA:443,41,0,0
BRDA:444,42,0,0
BRDA:444,43,0,0
BRDA:444,43,1,0
BRDA:449,44,0,0
BRDA:450,45,0,0
BRDA:455,46,0,0
BRF:60
BRH:0
end_of_record
TN:
SF:src\modules\auth\services\cookie.service.ts
FN:17,(anonymous_2)
FN:22,(anonymous_3)
FN:37,(anonymous_4)
FN:53,(anonymous_5)
FN:69,(anonymous_6)
FN:79,(anonymous_7)
FN:96,(anonymous_8)
FN:104,(anonymous_9)
FNF:8
FNH:0
FNDA:0,(anonymous_2)
FNDA:0,(anonymous_3)
FNDA:0,(anonymous_4)
FNDA:0,(anonymous_5)
FNDA:0,(anonymous_6)
FNDA:0,(anonymous_7)
FNDA:0,(anonymous_8)
FNDA:0,(anonymous_9)
DA:2,0
DA:3,0
DA:16,0
DA:17,0
DA:23,0
DA:25,0
DA:42,0
DA:47,0
DA:58,0
DA:63,0
DA:70,0
DA:72,0
DA:73,0
DA:85,0
DA:90,0
DA:97,0
DA:98,0
DA:105,0
DA:110,0
LF:19
LH:0
BRDA:28,0,0,0
BRDA:28,0,1,0
BRDA:29,1,0,0
BRDA:29,1,1,0
BRDA:87,2,0,0
BRDA:87,2,1,0
BRF:6
BRH:0
end_of_record
TN:
SF:src\modules\auth\services\token.service.ts
FN:38,(anonymous_4)
FN:55,(anonymous_5)
FN:79,(anonymous_6)
FN:135,(anonymous_7)
FN:188,(anonymous_8)
FN:206,(anonymous_9)
FN:231,(anonymous_10)
FN:256,(anonymous_11)
FN:284,(anonymous_12)
FNF:9
FNH:6
FNDA:14,(anonymous_4)
FNDA:33,(anonymous_5)
FNDA:4,(anonymous_6)
FNDA:5,(anonymous_7)
FNDA:4,(anonymous_8)
FNDA:0,(anonymous_9)
FNDA:0,(anonymous_10)
FNDA:3,(anonymous_11)
FNDA:0,(anonymous_12)
DA:2,1
DA:3,1
DA:4,1
DA:5,1
DA:7,1
DA:34,1
DA:39,14
DA:40,14
DA:41,14
DA:44,14
DA:47,14
DA:56,33
DA:57,33
DA:59,32
DA:60,32
DA:62,32
DA:64,1
DA:66,15
DA:68,1
DA:70,15
DA:72,0
DA:83,4
DA:84,4
DA:86,4
DA:89,4
DA:97,4
DA:104,4
DA:108,4
DA:113,4
DA:123,4
DA:129,4
DA:139,5
DA:141,5
DA:142,5
DA:143,1
DA:147,4
DA:148,4
DA:150,4
DA:151,2
DA:155,2
DA:158,2
DA:159,0
DA:163,2
DA:166,2
DA:167,2
DA:176,2
DA:178,3
DA:179,3
DA:181,0
DA:189,4
DA:190,4
DA:193,4
DA:196,4
DA:212,0
DA:213,0
DA:215,0
DA:216,0
DA:219,0
DA:220,0
DA:224,0
DA:232,0
DA:233,0
DA:235,0
DA:236,0
DA:240,0
DA:241,0
DA:243,0
DA:244,0
DA:247,0
DA:249,0
DA:257,3
DA:258,3
DA:260,3
DA:261,1
DA:264,2
DA:265,2
DA:268,1
DA:269,1
DA:275,1
DA:277,1
DA:285,0
DA:286,0
DA:288,0
DA:289,0
DA:290,0
DA:293,0
DA:295,0
LF:87
LH:60
BRDA:45,0,0,14
BRDA:45,0,1,14
BRDA:48,1,0,14
BRDA:48,1,1,14
BRDA:57,2,0,1
BRDA:62,3,0,1
BRDA:62,3,1,15
BRDA:62,3,2,1
BRDA:62,3,3,15
BRDA:62,3,4,0
BRDA:142,4,0,1
BRDA:150,5,0,2
BRDA:158,6,0,0
BRDA:178,7,0,3
BRDA:215,8,0,0
BRDA:235,9,0,0
BRDA:243,10,0,0
BRDA:260,11,0,1
BRDA:289,12,0,0
BRF:19
BRH:13
end_of_record
TN:
SF:src\modules\auth\strategies\jwt.strategy.ts
FN:16,cookieExtractor
FN:25,(anonymous_3)
FN:44,(anonymous_4)
FNF:3
FNH:0
FNDA:0,cookieExtractor
FNDA:0,(anonymous_3)
FNDA:0,(anonymous_4)
DA:2,1
DA:3,1
DA:4,1
DA:5,1
DA:17,0
DA:24,1
DA:26,0
DA:27,0
DA:29,0
DA:45,0
LF:10
LH:5
BRDA:18,0,0,0
BRDA:18,0,1,0
BRDA:18,0,2,0
BRDA:18,0,3,0
BRDA:27,1,0,0
BRDA:37,2,0,0
BRDA:37,2,1,0
BRDA:38,3,0,0
BRDA:38,3,1,0
BRDA:48,4,0,0
BRDA:48,4,1,0
BRF:11
BRH:0
end_of_record
TN:
SF:src\modules\auth\utils\id.ts
FN:3,(anonymous_0)
FNF:1
FNH:0
FNDA:0,(anonymous_0)
DA:3,0
LF:1
LH:0
BRDA:3,0,0,0
BRDA:3,0,1,0
BRF:2
BRH:0
end_of_record
TN:
SF:src\modules\auth\utils\password-reset.ts
FN:3,generateSecureToken
FN:6,sha256
FN:9,minutesFromNow
FNF:3
FNH:0
FNDA:0,generateSecureToken
FNDA:0,sha256
FNDA:0,minutesFromNow
DA:1,0
DA:3,0
DA:4,0
DA:6,0
DA:7,0
DA:9,0
DA:10,0
LF:7
LH:0
BRDA:3,0,0,0
BRF:1
BRH:0
end_of_record
TN:
SF:src\modules\auth\utils\verification-code.ts
FN:3,generateNumericCode
FN:9,sha256
FN:13,minutesFromNow
FNF:3
FNH:0
FNDA:0,generateNumericCode
FNDA:0,sha256
FNDA:0,minutesFromNow
DA:1,0
DA:3,0
DA:4,0
DA:5,0
DA:6,0
DA:9,0
DA:10,0
DA:13,0
DA:14,0
LF:9
LH:0
BRDA:3,0,0,0
BRF:1
BRH:0
end_of_record
TN:
SF:src\modules\catalog\catalog.consumer.ts
FN:10,(anonymous_2)
FN:16,(anonymous_3)
FN:17,(anonymous_4)
FNF:3
FNH:0
FNDA:0,(anonymous_2)
FNDA:0,(anonymous_3)
FNDA:0,(anonymous_4)
DA:1,0
DA:2,0
DA:3,0
DA:4,0
DA:7,0
DA:8,0
DA:11,0
DA:12,0
DA:13,0
DA:17,0
DA:18,0
DA:19,0
DA:21,0
DA:22,0
DA:30,0
DA:32,0
DA:41,0
DA:42,0
LF:18
LH:0
BRDA:18,0,0,0
BRDA:18,0,1,0
BRDA:19,1,0,0
BRDA:25,2,0,0
BRDA:25,2,1,0
BRDA:41,3,0,0
BRDA:41,3,1,0
BRDA:45,4,0,0
BRDA:45,4,1,0
BRF:9
BRH:0
end_of_record
TN:
SF:src\modules\catalog\catalog.controller.ts
FN:9,(anonymous_4)
FN:30,(anonymous_5)
FNF:2
FNH:2
FNDA:1,(anonymous_4)
FNDA:1,(anonymous_5)
DA:2,1
DA:3,1
DA:4,1
DA:8,1
DA:9,1
DA:30,1
DA:31,1
LF:7
LH:7
BRF:0
BRH:0
end_of_record
TN:
SF:src\modules\catalog\catalog.module.ts
FN:22,(anonymous_1)
FN:23,(anonymous_2)
FN:24,(anonymous_3)
FNF:3
FNH:0
FNDA:0,(anonymous_1)
FNDA:0,(anonymous_2)
FNDA:0,(anonymous_3)
DA:2,0
DA:3,0
DA:5,0
DA:6,0
DA:8,0
DA:13,0
DA:14,0
DA:15,0
DA:22,0
DA:23,0
DA:24,0
DA:30,0
LF:12
LH:0
BRF:0
BRH:0
end_of_record
TN:
SF:src\modules\catalog\catalog.service.ts
FN:15,(anonymous_4)
FN:22,(anonymous_5)
FNF:2
FNH:2
FNDA:4,(anonymous_4)
FNDA:4,(anonymous_5)
DA:2,1
DA:3,1
DA:4,1
DA:5,1
DA:9,1
DA:10,1
DA:11,1
DA:14,1
DA:16,4
DA:17,4
DA:18,4
DA:19,4
DA:23,4
DA:24,4
DA:26,3
DA:27,3
DA:29,3
DA:30,1
DA:33,1
DA:34,3
DA:39,3
DA:40,1
DA:42,2
DA:43,1
DA:46,1
DA:47,2
DA:52,2
DA:53,1
DA:59,3
LF:29
LH:29
BRDA:24,0,0,1
BRDA:29,1,0,1
BRDA:29,1,1,2
BRDA:39,2,0,2
BRDA:39,2,1,1
BRDA:42,3,0,1
BRDA:42,3,1,1
BRDA:52,4,0,1
BRDA:52,4,1,1
BRF:9
BRH:9
end_of_record
TN:
SF:src\modules\categories\categories.controller.ts
FN:42,(anonymous_5)
FN:47,(anonymous_6)
FN:56,(anonymous_7)
FN:67,(anonymous_8)
FN:73,(anonymous_9)
FN:82,(anonymous_10)
FN:91,(anonymous_11)
FN:102,(anonymous_12)
FN:137,(anonymous_13)
FN:154,(anonymous_14)
FN:126,(anonymous_15)
FN:132,(anonymous_16)
FNF:12
FNH:0
FNDA:0,(anonymous_5)
FNDA:0,(anonymous_6)
FNDA:0,(anonymous_7)
FNDA:0,(anonymous_8)
FNDA:0,(anonymous_9)
FNDA:0,(anonymous_10)
FNDA:0,(anonymous_11)
FNDA:0,(anonymous_12)
FNDA:0,(anonymous_13)
FNDA:0,(anonymous_14)
FNDA:0,(anonymous_15)
FNDA:0,(anonymous_16)
DA:2,0
DA:16,0
DA:17,0
DA:18,0
DA:19,0
DA:20,0
DA:29,0
DA:30,0
DA:36,0
DA:37,0
DA:41,0
DA:42,0
DA:47,0
DA:48,0
DA:56,0
DA:60,0
DA:67,0
DA:68,0
DA:73,0
DA:77,0
DA:82,0
DA:83,0
DA:91,0
DA:96,0
DA:102,0
DA:107,0
DA:127,0
DA:128,0
DA:133,0
DA:134,0
DA:137,0
DA:142,0
DA:143,0
DA:144,0
DA:154,0
DA:159,0
LF:36
LH:0
BRDA:60,0,0,0
BRDA:60,0,1,0
BRDA:142,1,0,0
BRDA:127,2,0,0
BRDA:127,2,1,0
BRDA:134,3,0,0
BRDA:134,3,1,0
BRF:7
BRH:0
end_of_record
TN:
SF:src\modules\categories\categories.module.ts
FN:25,(anonymous_10)
FNF:1
FNH:0
FNDA:0,(anonymous_10)
DA:3,0
DA:4,0
DA:5,0
DA:6,0
DA:7,0
DA:8,0
DA:9,0
DA:10,0
DA:26,0
DA:37,0
LF:10
LH:0
BRDA:28,0,0,0
BRDA:28,0,1,0
BRF:2
BRH:0
end_of_record
TN:
SF:src\modules\categories\categories.service.ts
FN:29,(anonymous_14)
FN:37,(anonymous_15)
FN:62,(anonymous_16)
FN:74,(anonymous_17)
FN:97,(anonymous_18)
FN:104,(anonymous_19)
FN:107,(anonymous_20)
FN:109,(anonymous_21)
FN:117,(anonymous_22)
FN:119,(anonymous_23)
FN:127,(anonymous_24)
FN:140,(anonymous_25)
FN:152,(anonymous_26)
FN:153,(anonymous_27)
FN:160,(anonymous_28)
FN:167,(anonymous_29)
FN:228,(anonymous_30)
FN:249,(anonymous_31)
FN:254,(anonymous_32)
FN:261,(anonymous_33)
FN:281,(anonymous_34)
FN:307,(anonymous_35)
FN:339,(anonymous_36)
FN:352,(anonymous_37)
FN:375,(anonymous_38)
FN:401,(anonymous_39)
FN:407,(anonymous_40)
FN:450,(anonymous_41)
FN:451,(anonymous_42)
FN:455,(anonymous_43)
FN:456,(anonymous_44)
FN:465,(anonymous_45)
FN:476,(anonymous_46)
FN:486,(anonymous_47)
FNF:34
FNH:0
FNDA:0,(anonymous_14)
FNDA:0,(anonymous_15)
FNDA:0,(anonymous_16)
FNDA:0,(anonymous_17)
FNDA:0,(anonymous_18)
FNDA:0,(anonymous_19)
FNDA:0,(anonymous_20)
FNDA:0,(anonymous_21)
FNDA:0,(anonymous_22)
FNDA:0,(anonymous_23)
FNDA:0,(anonymous_24)
FNDA:0,(anonymous_25)
FNDA:0,(anonymous_26)
FNDA:0,(anonymous_27)
FNDA:0,(anonymous_28)
FNDA:0,(anonymous_29)
FNDA:0,(anonymous_30)
FNDA:0,(anonymous_31)
FNDA:0,(anonymous_32)
FNDA:0,(anonymous_33)
FNDA:0,(anonymous_34)
FNDA:0,(anonymous_35)
FNDA:0,(anonymous_36)
FNDA:0,(anonymous_37)
FNDA:0,(anonymous_38)
FNDA:0,(anonymous_39)
FNDA:0,(anonymous_40)
FNDA:0,(anonymous_41)
FNDA:0,(anonymous_42)
FNDA:0,(anonymous_43)
FNDA:0,(anonymous_44)
FNDA:0,(anonymous_45)
FNDA:0,(anonymous_46)
FNDA:0,(anonymous_47)
DA:2,0
DA:10,0
DA:11,0
DA:12,0
DA:13,0
DA:14,0
DA:15,0
DA:19,0
DA:20,0
DA:21,0
DA:23,0
DA:26,0
DA:27,0
DA:31,0
DA:32,0
DA:34,0
DA:42,0
DA:43,0
DA:44,0
DA:45,0
DA:46,0
DA:52,0
DA:53,0
DA:55,0
DA:56,0
DA:57,0
DA:59,0
DA:60,0
DA:65,0
DA:68,0
DA:71,0
DA:72,0
DA:75,0
DA:77,0
DA:79,0
DA:85,0
DA:94,0
DA:98,0
DA:105,0
DA:106,0
DA:107,0
DA:108,0
DA:109,0
DA:110,0
DA:111,0
DA:113,0
DA:117,0
DA:118,0
DA:119,0
DA:121,0
DA:123,0
DA:124,0
DA:128,0
DA:129,0
DA:132,0
DA:133,0
DA:134,0
DA:141,0
DA:142,0
DA:145,0
DA:147,0
DA:151,0
DA:152,0
DA:153,0
DA:154,0
DA:155,0
DA:158,0
DA:161,0
DA:162,0
DA:163,0
DA:164,0
DA:172,0
DA:175,0
DA:176,0
DA:179,0
DA:182,0
DA:183,0
DA:187,0
DA:188,0
DA:191,0
DA:193,0
DA:196,0
DA:197,0
DA:200,0
DA:205,0
DA:206,0
DA:208,0
DA:210,0
DA:219,0
DA:220,0
DA:221,0
DA:222,0
DA:223,0
DA:225,0
DA:226,0
DA:237,0
DA:242,0
DA:244,0
DA:245,0
DA:246,0
DA:248,0
DA:249,0
DA:250,0
DA:251,0
DA:253,0
DA:254,0
DA:255,0
DA:256,0
DA:258,0
DA:266,0
DA:269,0
DA:270,0
DA:271,0
DA:282,0
DA:284,0
DA:288,0
DA:290,0
DA:296,0
DA:297,0
DA:302,0
DA:303,0
DA:306,0
DA:307,0
DA:308,0
DA:316,0
DA:318,0
DA:319,0
DA:322,0
DA:328,0
DA:329,0
DA:330,0
DA:333,0
DA:335,0
DA:340,0
DA:341,0
DA:344,0
DA:346,0
DA:352,0
DA:354,0
DA:358,0
DA:359,0
DA:361,0
DA:362,0
DA:363,0
DA:367,0
DA:368,0
DA:379,0
DA:380,0
DA:381,0
DA:382,0
DA:383,0
DA:386,0
DA:387,0
DA:391,0
DA:392,0
DA:395,0
DA:399,0
DA:400,0
DA:401,0
DA:402,0
DA:404,0
DA:412,0
DA:416,0
DA:418,0
DA:419,0
DA:420,0
DA:421,0
DA:422,0
DA:424,0
DA:428,0
DA:429,0
DA:431,0
DA:435,0
DA:437,0
DA:438,0
DA:442,0
DA:443,0
DA:444,0
DA:445,0
DA:447,0
DA:448,0
DA:450,0
DA:451,0
DA:456,0
DA:457,0
DA:458,0
DA:466,0
DA:467,0
DA:471,0
DA:472,0
DA:474,0
DA:480,0
DA:481,0
DA:482,0
DA:486,0
LF:195
LH:0
BRDA:45,0,0,0
BRDA:52,1,0,0
BRDA:55,2,0,0
BRDA:55,2,1,0
BRDA:57,3,0,0
BRDA:57,3,1,0
BRDA:59,4,0,0
BRDA:59,4,1,0
BRDA:65,5,0,0
BRDA:65,5,1,0
BRDA:65,5,2,0
BRDA:68,6,0,0
BRDA:77,7,0,0
BRDA:77,7,1,0
BRDA:81,8,0,0
BRDA:81,8,1,0
BRDA:92,9,0,0
BRDA:92,9,1,0
BRDA:110,10,0,0
BRDA:110,10,1,0
BRDA:119,11,0,0
BRDA:119,11,1,0
BRDA:132,12,0,0
BRDA:145,13,0,0
BRDA:154,14,0,0
BRDA:163,15,0,0
BRDA:176,16,0,0
BRDA:179,17,0,0
BRDA:182,18,0,0
BRDA:183,19,0,0
BRDA:183,19,1,0
BRDA:187,20,0,0
BRDA:187,21,0,0
BRDA:187,21,1,0
BRDA:191,22,0,0
BRDA:191,22,1,0
BRDA:196,23,0,0
BRDA:205,24,0,0
BRDA:219,25,0,0
BRDA:220,26,0,0
BRDA:222,27,0,0
BRDA:223,28,0,0
BRDA:242,29,0,0
BRDA:244,30,0,0
BRDA:248,31,0,0
BRDA:250,32,0,0
BRDA:253,33,0,0
BRDA:255,34,0,0
BRDA:270,35,0,0
BRDA:288,36,0,0
BRDA:290,37,0,0
BRDA:290,37,1,0
BRDA:291,38,0,0
BRDA:291,38,1,0
BRDA:294,39,0,0
BRDA:294,39,1,0
BRDA:296,40,0,0
BRDA:302,41,0,0
BRDA:310,42,0,0
BRDA:310,42,1,0
BRDA:311,43,0,0
BRDA:311,43,1,0
BRDA:312,44,0,0
BRDA:312,44,1,0
BRDA:316,45,0,0
BRDA:316,45,1,0
BRDA:317,46,0,0
BRDA:317,46,1,0
BRDA:318,47,0,0
BRDA:329,48,0,0
BRDA:339,49,0,0
BRDA:344,50,0,0
BRDA:358,51,0,0
BRDA:362,52,0,0
BRDA:362,53,0,0
BRDA:362,53,1,0
BRDA:369,54,0,0
BRDA:369,54,1,0
BRDA:377,55,0,0
BRDA:381,56,0,0
BRDA:381,57,0,0
BRDA:381,57,1,0
BRDA:392,58,0,0
BRDA:400,59,0,0
BRDA:416,60,0,0
BRDA:420,61,0,0
BRDA:457,62,0,0
BRDA:460,63,0,0
BRDA:460,63,1,0
BRDA:466,64,0,0
BRDA:466,64,1,0
BRDA:467,65,0,0
BRDA:467,65,1,0
BRDA:471,66,0,0
BRDA:472,67,0,0
BRF:95
BRH:0
end_of_record
TN:
SF:src\modules\channels\channels-dispatcher.service.ts
FN:21,(anonymous_4)
FN:30,(anonymous_5)
FN:44,(anonymous_6)
FNF:3
FNH:0
FNDA:0,(anonymous_4)
FNDA:0,(anonymous_5)
FNDA:0,(anonymous_6)
DA:2,0
DA:3,0
DA:4,0
DA:6,0
DA:11,0
DA:12,0
DA:13,0
DA:14,0
DA:20,0
DA:23,0
DA:24,0
DA:25,0
DA:26,0
DA:27,0
DA:34,0
DA:51,0
DA:52,0
DA:57,0
DA:60,0
DA:61,0
DA:62,0
DA:63,0
DA:64,0
DA:67,0
DA:69,0
DA:71,0
DA:72,0
DA:73,0
DA:74,0
DA:77,0
DA:81,0
DA:82,0
DA:83,0
DA:87,0
DA:88,0
DA:89,0
DA:90,0
LF:37
LH:0
BRDA:51,0,0,0
BRDA:60,1,0,0
BRDA:62,2,0,0
BRDA:67,3,0,0
BRDA:69,4,0,0
BRDA:69,4,1,0
BRDA:71,5,0,0
BRDA:81,6,0,0
BRDA:88,7,0,0
BRF:9
BRH:0
end_of_record
TN:
SF:src\modules\channels\channels.controller.ts
FN:34,(anonymous_4)
FN:38,(anonymous_5)
FN:48,(anonymous_6)
FN:57,(anonymous_7)
FN:63,(anonymous_8)
FN:70,(anonymous_9)
FN:76,(anonymous_10)
FN:82,(anonymous_11)
FN:94,(anonymous_12)
FN:109,(anonymous_13)
FN:115,(anonymous_14)
FNF:11
FNH:0
FNDA:0,(anonymous_4)
FNDA:0,(anonymous_5)
FNDA:0,(anonymous_6)
FNDA:0,(anonymous_7)
FNDA:0,(anonymous_8)
FNDA:0,(anonymous_9)
FNDA:0,(anonymous_10)
FNDA:0,(anonymous_11)
FNDA:0,(anonymous_12)
FNDA:0,(anonymous_13)
FNDA:0,(anonymous_14)
DA:1,0
DA:13,0
DA:22,0
DA:23,0
DA:25,0
DA:26,0
DA:27,0
DA:33,0
DA:34,0
DA:38,0
DA:42,0
DA:48,0
DA:52,0
DA:57,0
DA:58,0
DA:63,0
DA:64,0
DA:70,0
DA:71,0
DA:76,0
DA:77,0
DA:82,0
DA:83,0
DA:94,0
DA:104,0
DA:109,0
DA:110,0
DA:115,0
DA:116,0
LF:29
LH:0
BRDA:104,0,0,0
BRDA:104,0,1,0
BRF:2
BRH:0
end_of_record
TN:
SF:src\modules\channels\channels.module.ts
FN:20,(anonymous_1)
FNF:1
FNH:0
FNDA:0,(anonymous_1)
DA:1,0
DA:2,0
DA:3,0
DA:4,0
DA:5,0
DA:6,0
DA:7,0
DA:8,0
DA:9,0
DA:10,0
DA:11,0
DA:12,0
DA:13,0
DA:14,0
DA:20,0
DA:35,0
LF:16
LH:0
BRF:0
BRH:0
end_of_record
TN:
SF:src\modules\channels\channels.service.ts
FN:16,(anonymous_4)
FN:24,(anonymous_5)
FN:34,(anonymous_6)
FN:56,(anonymous_7)
FN:62,(anonymous_8)
FN:68,(anonymous_9)
FN:77,(anonymous_10)
FN:84,(anonymous_11)
FN:91,(anonymous_12)
FN:96,(anonymous_13)
FN:102,(anonymous_14)
FN:107,(anonymous_15)
FNF:12
FNH:0
FNDA:0,(anonymous_4)
FNDA:0,(anonymous_5)
FNDA:0,(anonymous_6)
FNDA:0,(anonymous_7)
FNDA:0,(anonymous_8)
FNDA:0,(anonymous_9)
FNDA:0,(anonymous_10)
FNDA:0,(anonymous_11)
FNDA:0,(anonymous_12)
FNDA:0,(anonymous_13)
FNDA:0,(anonymous_14)
FNDA:0,(anonymous_15)
DA:2,0
DA:3,0
DA:4,0
DA:5,0
DA:8,0
DA:9,0
DA:10,0
DA:11,0
DA:15,0
DA:17,0
DA:18,0
DA:19,0
DA:20,0
DA:21,0
DA:25,0
DA:26,0
DA:27,0
DA:28,0
DA:29,0
DA:30,0
DA:35,0
DA:45,0
DA:46,0
DA:52,0
DA:53,0
DA:57,0
DA:58,0
DA:59,0
DA:63,0
DA:64,0
DA:65,0
DA:69,0
DA:70,0
DA:71,0
DA:72,0
DA:73,0
DA:74,0
DA:78,0
DA:79,0
DA:80,0
DA:81,0
DA:85,0
DA:86,0
DA:87,0
DA:88,0
DA:92,0
DA:93,0
DA:97,0
DA:98,0
DA:99,0
DA:103,0
DA:104,0
DA:108,0
DA:109,0
DA:110,0
LF:55
LH:0
BRDA:25,0,0,0
BRDA:25,0,1,0
BRDA:25,0,2,0
BRDA:25,0,3,0
BRDA:25,0,4,0
BRDA:45,1,0,0
BRDA:58,2,0,0
BRDA:64,3,0,0
BRDA:70,4,0,0
BRDA:71,5,0,0
BRDA:72,6,0,0
BRDA:84,7,0,0
BRDA:87,8,0,0
BRF:13
BRH:0
end_of_record
TN:
SF:src\modules\channels\whatsapp-cloud.service.ts
FN:17,(anonymous_5)
FN:26,(anonymous_6)
FN:46,(anonymous_7)
FN:58,(anonymous_8)
FN:70,(anonymous_9)
FN:92,(anonymous_10)
FN:112,(anonymous_11)
FNF:7
FNH:0
FNDA:0,(anonymous_5)
FNDA:0,(anonymous_6)
FNDA:0,(anonymous_7)
FNDA:0,(anonymous_8)
FNDA:0,(anonymous_9)
FNDA:0,(anonymous_10)
FNDA:0,(anonymous_11)
DA:1,0
DA:2,0
DA:3,0
DA:4,0
DA:6,0
DA:7,0
DA:10,0
DA:11,0
DA:13,0
DA:19,0
DA:31,0
DA:32,0
DA:37,0
DA:42,0
DA:47,0
DA:59,0
DA:60,0
DA:61,0
DA:62,0
DA:63,0
DA:65,0
DA:66,0
DA:71,0
DA:72,0
DA:73,0
DA:84,0
DA:87,0
DA:98,0
DA:99,0
DA:113,0
DA:114,0
DA:117,0
LF:32
LH:0
BRDA:14,0,0,0
BRDA:14,0,1,0
BRDA:33,1,0,0
BRDA:33,1,1,0
BRDA:33,1,2,0
BRDA:37,2,0,0
BRDA:62,3,0,0
BRDA:62,4,0,0
BRDA:62,4,1,0
BRDA:85,5,0,0
BRDA:85,5,1,0
BRDA:96,6,0,0
BRF:12
BRH:0
end_of_record
TN:
SF:src\modules\channels\adapters\telegram.adapter.ts
FN:18,(anonymous_2)
FN:23,(anonymous_3)
FN:62,(anonymous_4)
FN:87,(anonymous_5)
FN:90,(anonymous_6)
FN:93,(anonymous_7)
FN:104,(anonymous_8)
FNF:7
FNH:0
FNDA:0,(anonymous_2)
FNDA:0,(anonymous_3)
FNDA:0,(anonymous_4)
FNDA:0,(anonymous_5)
FNDA:0,(anonymous_6)
FNDA:0,(anonymous_7)
FNDA:0,(anonymous_8)
DA:2,0
DA:3,0
DA:4,0
DA:12,0
DA:13,0
DA:16,0
DA:17,0
DA:19,0
DA:20,0
DA:28,0
DA:29,0
DA:30,0
DA:31,0
DA:34,0
DA:35,0
DA:36,0
DA:38,0
DA:39,0
DA:42,0
DA:54,0
DA:55,0
DA:56,0
DA:57,0
DA:58,0
DA:60,0
DA:66,0
DA:67,0
DA:68,0
DA:69,0
DA:76,0
DA:78,0
DA:79,0
DA:80,0
DA:81,0
DA:82,0
DA:84,0
DA:91,0
DA:94,0
DA:95,0
DA:96,0
DA:105,0
LF:41
LH:0
BRDA:28,0,0,0
BRDA:28,0,1,0
BRDA:30,1,0,0
BRDA:30,1,1,0
BRDA:34,2,0,0
BRDA:34,2,1,0
BRDA:35,3,0,0
BRDA:35,4,0,0
BRDA:35,4,1,0
BRDA:38,5,0,0
BRDA:54,6,0,0
BRDA:64,7,0,0
BRDA:67,8,0,0
BRDA:80,9,0,0
BRDA:94,10,0,0
BRDA:94,10,1,0
BRDA:95,11,0,0
BRF:17
BRH:0
end_of_record
TN:
SF:src\modules\channels\adapters\webchat.adapter.ts
FN:8,(anonymous_1)
FN:9,(anonymous_2)
FN:10,(anonymous_3)
FN:11,(anonymous_4)
FN:12,(anonymous_5)
FN:13,(anonymous_6)
FNF:6
FNH:0
FNDA:0,(anonymous_1)
FNDA:0,(anonymous_2)
FNDA:0,(anonymous_3)
FNDA:0,(anonymous_4)
FNDA:0,(anonymous_5)
FNDA:0,(anonymous_6)
DA:2,0
DA:7,0
DA:8,0
DA:9,0
DA:11,0
DA:13,0
LF:6
LH:0
BRF:0
BRH:0
end_of_record
TN:
SF:src\modules\channels\adapters\whatsapp-cloud.adapter.ts
FN:11,(anonymous_2)
FN:13,(anonymous_3)
FN:29,(anonymous_4)
FN:37,(anonymous_5)
FN:38,(anonymous_6)
FN:39,(anonymous_7)
FN:40,(anonymous_8)
FNF:7
FNH:0
FNDA:0,(anonymous_2)
FNDA:0,(anonymous_3)
FNDA:0,(anonymous_4)
FNDA:0,(anonymous_5)
FNDA:0,(anonymous_6)
FNDA:0,(anonymous_7)
FNDA:0,(anonymous_8)
DA:2,0
DA:5,0
DA:6,0
DA:9,0
DA:10,0
DA:11,0
DA:14,0
DA:15,0
DA:16,0
DA:17,0
DA:18,0
DA:19,0
DA:20,0
DA:21,0
DA:22,0
DA:23,0
DA:24,0
DA:25,0
DA:26,0
DA:30,0
DA:31,0
DA:32,0
DA:34,0
DA:38,0
DA:40,0
LF:25
LH:0
BRDA:14,0,0,0
BRDA:14,1,0,0
BRDA:14,1,1,0
BRDA:18,2,0,0
BRDA:18,2,1,0
BRDA:19,3,0,0
BRDA:19,3,1,0
BRDA:20,4,0,0
BRDA:20,4,1,0
BRDA:22,5,0,0
BRDA:22,5,1,0
BRDA:31,6,0,0
BRF:12
BRH:0
end_of_record
TN:
SF:src\modules\channels\adapters\whatsapp-qr.adapter.ts
FN:20,(anonymous_2)
FN:25,(anonymous_3)
FN:27,(anonymous_4)
FN:63,(anonymous_5)
FN:65,(anonymous_6)
FN:72,(anonymous_7)
FN:77,(anonymous_8)
FN:94,(anonymous_9)
FN:99,(anonymous_10)
FNF:9
FNH:0
FNDA:0,(anonymous_2)
FNDA:0,(anonymous_3)
FNDA:0,(anonymous_4)
FNDA:0,(anonymous_5)
FNDA:0,(anonymous_6)
FNDA:0,(anonymous_7)
FNDA:0,(anonymous_8)
FNDA:0,(anonymous_9)
FNDA:0,(anonymous_10)
DA:2,0
DA:3,0
DA:4,0
DA:11,0
DA:12,0
DA:13,0
DA:14,0
DA:17,0
DA:18,0
DA:21,0
DA:22,0
DA:26,0
DA:27,0
DA:29,0
DA:30,0
DA:33,0
DA:34,0
DA:35,0
DA:36,0
DA:37,0
DA:40,0
DA:41,0
DA:42,0
DA:43,0
DA:44,0
DA:45,0
DA:46,0
DA:47,0
DA:50,0
DA:51,0
DA:52,0
DA:53,0
DA:54,0
DA:55,0
DA:56,0
DA:60,0
DA:64,0
DA:65,0
DA:67,0
DA:68,0
DA:69,0
DA:74,0
DA:78,0
DA:79,0
DA:80,0
DA:81,0
DA:83,0
DA:84,0
DA:85,0
DA:86,0
DA:88,0
DA:90,0
DA:95,0
DA:96,0
DA:100,0
LF:55
LH:0
BRDA:33,0,0,0
BRDA:33,0,1,0
BRDA:35,1,0,0
BRDA:35,1,1,0
BRDA:53,2,0,0
BRDA:53,3,0,0
BRDA:53,3,1,0
BRDA:55,4,0,0
BRDA:64,5,0,0
BRDA:78,6,0,0
BRDA:83,7,0,0
BRDA:83,8,0,0
BRDA:83,8,1,0
BRDA:85,9,0,0
BRDA:88,10,0,0
BRDA:88,10,1,0
BRDA:95,11,0,0
BRF:17
BRH:0
end_of_record
TN:
SF:src\modules\channels\utils\evo-status.util.ts
FN:4,mapEvoStatus
FNF:1
FNH:0
FNDA:0,mapEvoStatus
DA:2,0
DA:4,0
DA:5,0
DA:7,0
DA:8,0
DA:9,0
DA:10,0
DA:11,0
DA:12,0
DA:13,0
LF:10
LH:0
BRDA:5,0,0,0
BRDA:5,0,1,0
BRDA:7,1,0,0
BRDA:9,2,0,0
BRDA:11,3,0,0
BRF:5
BRH:0
end_of_record
TN:
SF:src\modules\channels\utils\secrets.util.ts
FN:6,resolveKey
FN:41,ensureKey
FN:56,encryptSecret
FN:65,decryptSecret
FN:77,hashSecret
FNF:5
FNH:0
FNDA:0,resolveKey
FNDA:0,ensureKey
FNDA:0,encryptSecret
FNDA:0,decryptSecret
FNDA:0,hashSecret
DA:1,0
DA:2,0
DA:4,0
DA:8,0
DA:9,0
DA:10,0
DA:11,0
DA:12,0
DA:14,0
DA:21,0
DA:22,0
DA:25,0
DA:26,0
DA:27,0
DA:33,0
DA:34,0
DA:38,0
DA:42,0
DA:44,0
DA:45,0
DA:47,0
DA:49,0
DA:56,0
DA:57,0
DA:58,0
DA:59,0
DA:60,0
DA:61,0
DA:62,0
DA:65,0
DA:66,0
DA:67,0
DA:68,0
DA:69,0
DA:70,0
DA:71,0
DA:72,0
DA:73,0
DA:74,0
DA:77,0
DA:78,0
LF:41
LH:0
BRDA:9,0,0,0
BRDA:12,1,0,0
BRDA:22,2,0,0
BRDA:27,3,0,0
BRDA:33,4,0,0
BRDA:42,5,0,0
BRDA:44,6,0,0
BRDA:45,7,0,0
BRDA:45,7,1,0
BRF:9
BRH:0
end_of_record
TN:
SF:src\modules\chat\chat-widget.controller.ts
FN:37,(anonymous_4)
FN:44,(anonymous_5)
FN:54,(anonymous_6)
FN:65,(anonymous_7)
FN:77,(anonymous_8)
FN:84,(anonymous_9)
FN:92,(anonymous_10)
FN:103,(anonymous_11)
FNF:8
FNH:0
FNDA:0,(anonymous_4)
FNDA:0,(anonymous_5)
FNDA:0,(anonymous_6)
FNDA:0,(anonymous_7)
FNDA:0,(anonymous_8)
FNDA:0,(anonymous_9)
FNDA:0,(anonymous_10)
FNDA:0,(anonymous_11)
DA:1,0
DA:10,0
DA:17,0
DA:18,0
DA:19,0
DA:20,0
DA:21,0
DA:22,0
DA:23,0
DA:36,0
DA:37,0
DA:44,0
DA:45,0
DA:54,0
DA:58,0
DA:65,0
DA:69,0
DA:77,0
DA:78,0
DA:84,0
DA:85,0
DA:86,0
DA:92,0
DA:93,0
DA:103,0
DA:108,0
LF:26
LH:0
BRF:0
BRH:0
end_of_record
TN:
SF:src\modules\chat\chat-widget.service.ts
FN:19,(anonymous_4)
FN:24,(anonymous_5)
FN:33,(anonymous_6)
FN:43,(anonymous_7)
FN:58,(anonymous_8)
FN:76,(anonymous_9)
FN:82,(anonymous_10)
FN:128,(anonymous_11)
FN:164,(anonymous_12)
FNF:9
FNH:0
FNDA:0,(anonymous_4)
FNDA:0,(anonymous_5)
FNDA:0,(anonymous_6)
FNDA:0,(anonymous_7)
FNDA:0,(anonymous_8)
FNDA:0,(anonymous_9)
FNDA:0,(anonymous_10)
FNDA:0,(anonymous_11)
FNDA:0,(anonymous_12)
DA:1,0
DA:6,0
DA:7,0
DA:8,0
DA:13,0
DA:14,0
DA:15,0
DA:18,0
DA:21,0
DA:22,0
DA:25,0
DA:30,0
DA:34,0
DA:35,0
DA:37,0
DA:38,0
DA:40,0
DA:47,0
DA:55,0
DA:56,0
DA:59,0
DA:65,0
DA:66,0
DA:67,0
DA:68,0
DA:73,0
DA:77,0
DA:86,0
DA:87,0
DA:88,0
DA:91,0
DA:97,0
DA:99,0
DA:100,0
DA:105,0
DA:109,0
DA:110,0
DA:117,0
DA:120,0
DA:121,0
DA:122,0
DA:125,0
DA:129,0
DA:130,0
DA:132,0
DA:133,0
DA:135,0
DA:136,0
DA:137,0
DA:138,0
DA:139,0
DA:140,0
DA:143,0
DA:144,0
DA:147,0
DA:149,0
DA:165,0
DA:172,0
DA:173,0
LF:59
LH:0
BRDA:35,0,0,0
BRDA:55,1,0,0
BRDA:67,2,0,0
BRDA:87,3,0,0
BRDA:97,4,0,0
BRDA:97,4,1,0
BRDA:97,4,2,0
BRDA:130,5,0,0
BRDA:135,6,0,0
BRDA:138,7,0,0
BRDA:138,7,1,0
BRDA:168,8,0,0
BRDA:168,8,1,0
BRDA:172,9,0,0
BRF:14
BRH:0
end_of_record
TN:
SF:src\modules\chat\chat.gateway.ts
FN:45,(anonymous_4)
FN:50,(anonymous_5)
FN:58,(anonymous_6)
FN:103,(anonymous_7)
FN:141,(anonymous_8)
FN:167,(anonymous_9)
FN:176,(anonymous_10)
FN:212,(anonymous_11)
FN:233,(anonymous_12)
FN:246,(anonymous_13)
FN:251,(anonymous_14)
FN:264,(anonymous_15)
FN:270,(anonymous_16)
FN:288,(anonymous_17)
FNF:14
FNH:0
FNDA:0,(anonymous_4)
FNDA:0,(anonymous_5)
FNDA:0,(anonymous_6)
FNDA:0,(anonymous_7)
FNDA:0,(anonymous_8)
FNDA:0,(anonymous_9)
FNDA:0,(anonymous_10)
FNDA:0,(anonymous_11)
FNDA:0,(anonymous_12)
FNDA:0,(anonymous_13)
FNDA:0,(anonymous_14)
FNDA:0,(anonymous_15)
FNDA:0,(anonymous_16)
FNDA:0,(anonymous_17)
DA:2,0
DA:3,0
DA:12,0
DA:13,0
DA:14,0
DA:16,0
DA:17,0
DA:31,0
DA:34,0
DA:35,0
DA:38,0
DA:42,0
DA:43,0
DA:46,0
DA:47,0
DA:51,0
DA:52,0
DA:53,0
DA:54,0
DA:55,0
DA:59,0
DA:61,0
DA:62,0
DA:63,0
DA:66,0
DA:67,0
DA:68,0
DA:71,0
DA:72,0
DA:73,0
DA:74,0
DA:77,0
DA:80,0
DA:83,0
DA:84,0
DA:86,0
DA:90,0
DA:94,0
DA:95,0
DA:96,0
DA:104,0
DA:106,0
DA:107,0
DA:108,0
DA:112,0
DA:113,0
DA:114,0
DA:118,0
DA:119,0
DA:121,0
DA:122,0
DA:126,0
DA:132,0
DA:134,0
DA:143,0
DA:144,0
DA:145,0
DA:149,0
DA:150,0
DA:151,0
DA:155,0
DA:156,0
DA:161,0
DA:164,0
DA:169,0
DA:177,0
DA:178,0
DA:180,0
DA:182,0
DA:186,0
DA:190,0
DA:192,0
DA:196,0
DA:200,0
DA:201,0
DA:205,0
DA:206,0
DA:213,0
DA:216,0
DA:222,0
DA:223,0
DA:224,0
DA:227,0
DA:233,0
DA:239,0
DA:240,0
DA:241,0
DA:244,0
DA:245,0
DA:246,0
DA:247,0
DA:251,0
DA:257,0
DA:258,0
DA:259,0
DA:262,0
DA:263,0
DA:264,0
DA:265,0
DA:270,0
DA:275,0
DA:277,0
DA:280,0
DA:281,0
DA:293,0
DA:296,0
DA:299,0
DA:300,0
LF:108
LH:0
BRDA:51,0,0,0
BRDA:51,0,1,0
BRDA:62,1,0,0
BRDA:73,2,0,0
BRDA:73,2,1,0
BRDA:77,3,0,0
BRDA:80,4,0,0
BRDA:83,5,0,0
BRDA:83,6,0,0
BRDA:83,6,1,0
BRDA:107,7,0,0
BRDA:113,8,0,0
BRDA:121,9,0,0
BRDA:144,10,0,0
BRDA:150,11,0,0
BRDA:156,12,0,0
BRDA:157,13,0,0
BRDA:157,13,1,0
BRDA:157,13,2,0
BRDA:180,14,0,0
BRDA:190,15,0,0
BRDA:200,16,0,0
BRDA:223,17,0,0
BRDA:223,18,0,0
BRDA:223,18,1,0
BRDA:239,19,0,0
BRDA:244,20,0,0
BRDA:245,21,0,0
BRDA:257,22,0,0
BRDA:262,23,0,0
BRDA:263,24,0,0
BRDA:275,25,0,0
BRDA:280,26,0,0
BRDA:283,27,0,0
BRDA:283,27,1,0
BRDA:299,28,0,0
BRF:36
BRH:0
end_of_record
TN:
SF:src\modules\chat\chat.module.ts
FN:20,(anonymous_1)
FNF:1
FNH:0
FNDA:0,(anonymous_1)
DA:2,0
DA:3,0
DA:4,0
DA:5,0
DA:6,0
DA:7,0
DA:11,0
DA:12,0
DA:13,0
DA:20,0
DA:28,0
LF:11
LH:0
BRF:0
BRH:0
end_of_record
TN:
SF:src\modules\chat\public-chat-widget.controller.ts
FN:11,(anonymous_4)
FN:22,(anonymous_5)
FNF:2
FNH:0
FNDA:0,(anonymous_4)
FNDA:0,(anonymous_5)
DA:2,0
DA:3,0
DA:4,0
DA:5,0
DA:6,0
DA:10,0
DA:11,0
DA:22,0
DA:23,0
LF:9
LH:0
BRF:0
BRH:0
end_of_record
TN:
SF:src\modules\documents\documents.controller.ts
FN:30,(anonymous_4)
FN:50,(anonymous_5)
FN:61,(anonymous_6)
FN:70,(anonymous_7)
FN:86,(anonymous_8)
FNF:5
FNH:5
FNDA:4,(anonymous_4)
FNDA:1,(anonymous_5)
FNDA:1,(anonymous_6)
FNDA:1,(anonymous_7)
FNDA:1,(anonymous_8)
DA:2,1
DA:14,1
DA:16,1
DA:24,1
DA:29,1
DA:30,4
DA:50,1
DA:54,1
DA:55,1
DA:61,1
DA:62,1
DA:70,1
DA:76,1
DA:77,1
DA:86,1
DA:90,1
LF:16
LH:16
BRF:0
BRH:0
end_of_record
TN:
SF:src\modules\documents\documents.module.ts
FNF:0
FNH:0
DA:2,0
DA:3,0
DA:4,0
DA:5,0
DA:7,0
DA:8,0
DA:9,0
DA:10,0
DA:11,0
DA:28,0
LF:10
LH:0
BRF:0
BRH:0
end_of_record
TN:
SF:src\modules\documents\documents.service.ts
FN:19,(anonymous_4)
FN:34,(anonymous_5)
FN:79,(anonymous_6)
FN:83,(anonymous_7)
FN:95,(anonymous_8)
FNF:5
FNH:5
FNDA:7,(anonymous_4)
FNDA:2,(anonymous_5)
FNDA:1,(anonymous_6)
FNDA:2,(anonymous_7)
FNDA:2,(anonymous_8)
DA:1,2
DA:2,2
DA:3,2
DA:5,2
DA:6,2
DA:7,2
DA:9,2
DA:15,2
DA:17,7
DA:21,7
DA:23,7
DA:25,7
DA:38,2
DA:39,2
DA:40,2
DA:41,2
DA:43,2
DA:45,2
DA:51,1
DA:54,1
DA:61,1
DA:63,1
DA:64,1
DA:65,1
DA:67,1
DA:68,1
DA:71,2
DA:72,2
DA:73,2
DA:75,0
DA:80,1
DA:84,2
DA:85,2
DA:86,1
DA:87,1
DA:96,2
DA:97,2
DA:99,2
DA:100,2
LF:39
LH:38
BRDA:27,0,0,7
BRDA:27,0,1,0
BRDA:85,1,0,1
BRDA:97,2,0,0
BRF:4
BRH:2
end_of_record
TN:
SF:src\modules\documents\processors\document.processor.ts
FN:22,downloadFromMinioToTemp
FN:37,(anonymous_15)
FN:47,(anonymous_16)
FN:168,(anonymous_17)
FNF:4
FNH:0
FNDA:0,downloadFromMinioToTemp
FNDA:0,(anonymous_15)
FNDA:0,(anonymous_16)
FNDA:0,(anonymous_17)
DA:1,0
DA:3,0
DA:4,0
DA:5,0
DA:6,0
DA:7,0
DA:8,0
DA:9,0
DA:10,0
DA:11,0
DA:12,0
DA:13,0
DA:14,0
DA:15,0
DA:23,0
DA:24,0
DA:25,0
DA:26,0
DA:27,0
DA:29,0
DA:30,0
DA:34,0
DA:35,0
DA:38,0
DA:40,0
DA:41,0
DA:43,0
DA:47,0
DA:48,0
DA:50,0
DA:51,0
DA:53,0
DA:55,0
DA:58,0
DA:61,0
DA:62,0
DA:63,0
DA:64,0
DA:66,0
DA:69,0
DA:70,0
DA:74,0
DA:77,0
DA:78,0
DA:79,0
DA:83,0
DA:84,0
DA:85,0
DA:86,0
DA:87,0
DA:88,0
DA:89,0
DA:94,0
DA:95,0
DA:96,0
DA:99,0
DA:101,0
DA:104,0
DA:105,0
DA:106,0
DA:108,0
DA:109,0
DA:112,0
DA:113,0
DA:114,0
DA:115,0
DA:118,0
DA:120,0
DA:121,0
DA:124,0
DA:136,0
DA:140,0
DA:145,0
DA:146,0
DA:147,0
DA:150,0
DA:153,0
DA:155,0
DA:160,0
DA:168,0
DA:169,0
LF:81
LH:0
BRDA:63,0,0,0
BRDA:79,1,0,0
BRDA:79,1,1,0
BRDA:85,2,0,0
BRDA:85,2,1,0
BRDA:89,3,0,0
BRDA:89,3,1,0
BRDA:90,4,0,0
BRDA:90,4,1,0
BRDA:105,5,0,0
BRDA:105,5,1,0
BRDA:108,6,0,0
BRDA:163,7,0,0
BRDA:163,7,1,0
BRF:14
BRH:0
end_of_record
TN:
SF:src\modules\extract\extract.module.ts
FNF:0
FNH:0
DA:1,0
DA:2,0
DA:3,0
DA:10,0
LF:4
LH:0
BRF:0
BRH:0
end_of_record
TN:
SF:src\modules\extract\extract.service.ts
FN:23,(anonymous_2)
FN:25,(anonymous_3)
FNF:2
FNH:2
FNDA:4,(anonymous_2)
FNDA:4,(anonymous_3)
DA:1,1
DA:2,1
DA:3,1
DA:20,1
DA:21,4
DA:23,4
DA:26,4
DA:27,4
DA:28,4
DA:31,2
DA:33,2
DA:34,2
LF:12
LH:12
BRDA:27,0,0,4
BRDA:27,0,1,4
BRDA:31,1,0,2
BRDA:31,1,1,0
BRF:4
BRH:3
end_of_record
TN:
SF:src\modules\faq\faq.controller.ts
FN:30,(anonymous_4)
FN:51,(anonymous_5)
FN:61,(anonymous_6)
FN:70,(anonymous_7)
FN:76,(anonymous_8)
FN:92,(anonymous_9)
FN:106,(anonymous_10)
FNF:7
FNH:0
FNDA:0,(anonymous_4)
FNDA:0,(anonymous_5)
FNDA:0,(anonymous_6)
FNDA:0,(anonymous_7)
FNDA:0,(anonymous_8)
FNDA:0,(anonymous_9)
FNDA:0,(anonymous_10)
DA:2,0
DA:12,0
DA:20,0
DA:29,0
DA:30,0
DA:51,0
DA:55,0
DA:61,0
DA:65,0
DA:70,0
DA:71,0
DA:76,0
DA:81,0
DA:92,0
DA:97,0
DA:106,0
DA:111,0
DA:112,0
LF:18
LH:0
BRDA:97,0,0,0
BRDA:97,0,1,0
BRDA:111,1,0,0
BRF:3
BRH:0
end_of_record
TN:
SF:src\modules\faq\faq.module.ts
FN:14,(anonymous_1)
FNF:1
FNH:0
FNDA:0,(anonymous_1)
DA:2,0
DA:3,0
DA:4,0
DA:5,0
DA:6,0
DA:7,0
DA:8,0
DA:9,0
DA:14,0
DA:22,0
LF:10
LH:0
BRF:0
BRH:0
end_of_record
TN:
SF:src\modules\faq\faq.service.ts
FN:19,(anonymous_4)
FN:27,(anonymous_5)
FN:30,(anonymous_6)
FN:51,(anonymous_7)
FN:52,(anonymous_8)
FN:58,(anonymous_9)
FN:62,(anonymous_10)
FN:107,(anonymous_11)
FN:132,(anonymous_12)
FN:152,(anonymous_13)
FN:169,(anonymous_14)
FN:173,(anonymous_15)
FN:174,(anonymous_16)
FN:175,(anonymous_17)
FN:176,(anonymous_18)
FN:181,(anonymous_19)
FN:239,(anonymous_20)
FN:264,(anonymous_21)
FN:274,(anonymous_22)
FN:286,(anonymous_23)
FN:301,(anonymous_24)
FNF:21
FNH:0
FNDA:0,(anonymous_4)
FNDA:0,(anonymous_5)
FNDA:0,(anonymous_6)
FNDA:0,(anonymous_7)
FNDA:0,(anonymous_8)
FNDA:0,(anonymous_9)
FNDA:0,(anonymous_10)
FNDA:0,(anonymous_11)
FNDA:0,(anonymous_12)
FNDA:0,(anonymous_13)
FNDA:0,(anonymous_14)
FNDA:0,(anonymous_15)
FNDA:0,(anonymous_16)
FNDA:0,(anonymous_17)
FNDA:0,(anonymous_18)
FNDA:0,(anonymous_19)
FNDA:0,(anonymous_20)
FNDA:0,(anonymous_21)
FNDA:0,(anonymous_22)
FNDA:0,(anonymous_23)
FNDA:0,(anonymous_24)
DA:2,0
DA:8,0
DA:9,0
DA:10,0
DA:11,0
DA:12,0
DA:13,0
DA:16,0
DA:17,0
DA:20,0
DA:21,0
DA:22,0
DA:23,0
DA:28,0
DA:30,0
DA:37,0
DA:40,0
DA:41,0
DA:51,0
DA:52,0
DA:54,0
DA:58,0
DA:63,0
DA:64,0
DA:65,0
DA:66,0
DA:68,0
DA:69,0
DA:70,0
DA:72,0
DA:85,0
DA:86,0
DA:89,0
DA:90,0
DA:100,0
DA:110,0
DA:111,0
DA:112,0
DA:114,0
DA:115,0
DA:125,0
DA:137,0
DA:138,0
DA:147,0
DA:153,0
DA:154,0
DA:155,0
DA:170,0
DA:171,0
DA:173,0
DA:174,0
DA:175,0
DA:176,0
DA:187,0
DA:188,0
DA:190,0
DA:191,0
DA:193,0
DA:194,0
DA:197,0
DA:202,0
DA:203,0
DA:206,0
DA:220,0
DA:222,0
DA:223,0
DA:232,0
DA:241,0
DA:245,0
DA:246,0
DA:257,0
DA:267,0
DA:270,0
DA:275,0
DA:276,0
DA:277,0
DA:281,0
DA:282,0
DA:287,0
DA:288,0
DA:290,0
DA:291,0
DA:294,0
DA:295,0
DA:297,0
DA:302,0
DA:303,0
DA:309,0
DA:310,0
DA:312,0
DA:316,0
LF:91
LH:0
BRDA:28,0,0,0
BRDA:40,1,0,0
BRDA:66,2,0,0
BRDA:89,3,0,0
BRDA:111,4,0,0
BRDA:111,4,1,0
BRDA:114,5,0,0
BRDA:118,6,0,0
BRDA:118,6,1,0
BRDA:137,7,0,0
BRDA:143,8,0,0
BRDA:143,8,1,0
BRDA:152,9,0,0
BRDA:154,10,0,0
BRDA:187,11,0,0
BRDA:191,12,0,0
BRDA:193,13,0,0
BRDA:193,13,1,0
BRDA:194,14,0,0
BRDA:194,14,1,0
BRDA:222,15,0,0
BRDA:243,16,0,0
BRDA:243,16,1,0
BRDA:245,17,0,0
BRDA:249,18,0,0
BRDA:249,18,1,0
BRDA:275,19,0,0
BRDA:281,20,0,0
BRDA:287,21,0,0
BRDA:291,22,0,0
BRDA:301,23,0,0
BRDA:302,24,0,0
BRDA:302,24,1,0
BRDA:310,25,0,0
BRDA:310,25,1,0
BRDA:316,26,0,0
BRDA:316,26,1,0
BRF:37
BRH:0
end_of_record
TN:
SF:src\modules\instructions\instructions.controller.ts
FN:40,(anonymous_4)
FN:80,(anonymous_5)
FN:117,(anonymous_6)
FN:147,(anonymous_7)
FN:184,(anonymous_8)
FN:204,(anonymous_9)
FN:224,(anonymous_10)
FN:245,(anonymous_11)
FN:263,(anonymous_12)
FN:273,(anonymous_13)
FN:292,(anonymous_14)
FN:307,(anonymous_15)
FNF:12
FNH:0
FNDA:0,(anonymous_4)
FNDA:0,(anonymous_5)
FNDA:0,(anonymous_6)
FNDA:0,(anonymous_7)
FNDA:0,(anonymous_8)
FNDA:0,(anonymous_9)
FNDA:0,(anonymous_10)
FNDA:0,(anonymous_11)
FNDA:0,(anonymous_12)
FNDA:0,(anonymous_13)
FNDA:0,(anonymous_14)
FNDA:0,(anonymous_15)
DA:2,0
DA:15,0
DA:16,0
DA:28,0
DA:29,0
DA:30,0
DA:31,0
DA:39,0
DA:41,0
DA:42,0
DA:43,0
DA:80,0
DA:93,0
DA:95,0
DA:96,0
DA:100,0
DA:101,0
DA:103,0
DA:117,0
DA:126,0
DA:127,0
DA:128,0
DA:130,0
DA:131,0
DA:134,0
DA:147,0
DA:159,0
DA:160,0
DA:162,0
DA:166,0
DA:169,0
DA:170,0
DA:171,0
DA:172,0
DA:176,0
DA:184,0
DA:189,0
DA:190,0
DA:192,0
DA:196,0
DA:198,0
DA:204,0
DA:209,0
DA:210,0
DA:212,0
DA:216,0
DA:218,0
DA:224,0
DA:229,0
DA:230,0
DA:232,0
DA:236,0
DA:238,0
DA:245,0
DA:250,0
DA:251,0
DA:252,0
DA:253,0
DA:255,0
DA:263,0
DA:267,0
DA:268,0
DA:270,0
DA:271,0
DA:272,0
DA:274,0
DA:277,0
DA:280,0
DA:292,0
DA:297,0
DA:298,0
DA:299,0
DA:300,0
DA:304,0
DA:306,0
DA:308,0
DA:312,0
DA:315,0
LF:78
LH:0
BRDA:93,0,0,0
BRDA:93,0,1,0
BRDA:93,1,0,0
BRDA:93,1,1,0
BRDA:95,2,0,0
BRDA:100,3,0,0
BRDA:100,3,1,0
BRDA:101,4,0,0
BRDA:106,5,0,0
BRDA:106,5,1,0
BRDA:107,6,0,0
BRDA:107,6,1,0
BRDA:122,7,0,0
BRDA:123,8,0,0
BRDA:126,9,0,0
BRDA:126,9,1,0
BRDA:127,10,0,0
BRDA:130,11,0,0
BRDA:130,12,0,0
BRDA:130,12,1,0
BRDA:130,12,2,0
BRDA:136,13,0,0
BRDA:136,13,1,0
BRDA:136,14,0,0
BRDA:136,14,1,0
BRDA:137,15,0,0
BRDA:137,15,1,0
BRDA:138,16,0,0
BRDA:138,16,1,0
BRDA:160,17,0,0
BRDA:162,18,0,0
BRDA:163,19,0,0
BRDA:163,19,1,0
BRDA:169,20,0,0
BRDA:170,21,0,0
BRDA:170,21,1,0
BRDA:171,22,0,0
BRDA:190,23,0,0
BRDA:192,24,0,0
BRDA:193,25,0,0
BRDA:193,25,1,0
BRDA:210,26,0,0
BRDA:212,27,0,0
BRDA:213,28,0,0
BRDA:213,28,1,0
BRDA:230,29,0,0
BRDA:232,30,0,0
BRDA:233,31,0,0
BRDA:233,31,1,0
BRDA:250,32,0,0
BRDA:250,32,1,0
BRDA:251,33,0,0
BRDA:252,34,0,0
BRDA:252,35,0,0
BRDA:252,35,1,0
BRDA:252,35,2,0
BRDA:264,36,0,0
BRDA:267,37,0,0
BRDA:270,38,0,0
BRDA:270,38,1,0
BRDA:297,39,0,0
BRDA:299,40,0,0
BRDA:299,41,0,0
BRDA:299,41,1,0
BRDA:309,42,0,0
BRDA:309,42,1,0
BRF:66
BRH:0
end_of_record
TN:
SF:src\modules\instructions\instructions.module.ts
FN:15,(anonymous_1)
FN:16,(anonymous_2)
FNF:2
FNH:0
FNDA:0,(anonymous_1)
FNDA:0,(anonymous_2)
DA:2,0
DA:3,0
DA:4,0
DA:5,0
DA:6,0
DA:7,0
DA:8,0
DA:15,0
DA:16,0
DA:22,0
LF:10
LH:0
BRF:0
BRH:0
end_of_record
TN:
SF:src\modules\instructions\instructions.service.ts
FN:9,(anonymous_4)
FN:14,(anonymous_5)
FN:28,(anonymous_6)
FN:50,(anonymous_7)
FN:54,(anonymous_8)
FN:58,(anonymous_9)
FN:62,(anonymous_10)
FN:70,(anonymous_11)
FN:79,(anonymous_12)
FNF:9
FNH:0
FNDA:0,(anonymous_4)
FNDA:0,(anonymous_5)
FNDA:0,(anonymous_6)
FNDA:0,(anonymous_7)
FNDA:0,(anonymous_8)
FNDA:0,(anonymous_9)
FNDA:0,(anonymous_10)
FNDA:0,(anonymous_11)
FNDA:0,(anonymous_12)
DA:2,0
DA:3,0
DA:4,0
DA:5,0
DA:8,0
DA:11,0
DA:20,0
DA:21,0
DA:39,0
DA:40,0
DA:41,0
DA:42,0
DA:51,0
DA:55,0
DA:59,0
DA:63,0
DA:71,0
DA:80,0
DA:81,0
DA:82,0
LF:20
LH:0
BRDA:23,0,0,0
BRDA:23,0,1,0
BRDA:24,1,0,0
BRDA:24,1,1,0
BRDA:31,2,0,0
BRDA:32,3,0,0
BRDA:40,4,0,0
BRDA:41,5,0,0
BRDA:81,6,0,0
BRF:9
BRH:0
end_of_record
TN:
SF:src\modules\integrations\evolution.service.ts
FN:34,(anonymous_3)
FN:48,(anonymous_4)
FN:63,(anonymous_5)
FN:86,(anonymous_6)
FN:107,(anonymous_7)
FN:121,(anonymous_8)
FN:143,(anonymous_9)
FN:171,(anonymous_10)
FNF:8
FNH:8
FNDA:20,(anonymous_3)
FNDA:3,(anonymous_4)
FNDA:3,(anonymous_5)
FNDA:3,(anonymous_6)
FNDA:5,(anonymous_7)
FNDA:2,(anonymous_8)
FNDA:5,(anonymous_9)
FNDA:2,(anonymous_10)
DA:1,1
DA:2,1
DA:3,1
DA:26,1
DA:27,20
DA:28,20
DA:31,20
DA:35,20
DA:51,3
DA:52,3
DA:53,0
DA:54,0
DA:56,3
DA:58,0
DA:59,0
DA:60,0
DA:66,3
DA:67,3
DA:70,0
DA:71,0
DA:73,3
DA:77,3
DA:78,0
DA:90,3
DA:91,3
DA:95,0
DA:96,0
DA:97,0
DA:99,3
DA:103,3
DA:108,5
DA:109,5
DA:112,0
DA:113,0
DA:114,0
DA:116,5
DA:117,5
DA:126,2
DA:127,2
DA:132,0
DA:134,2
DA:138,2
DA:150,5
DA:151,5
DA:160,0
DA:161,0
DA:163,5
DA:167,5
DA:178,2
LF:49
LH:32
BRDA:29,0,0,20
BRDA:29,0,1,20
BRDA:31,1,0,20
BRDA:31,1,1,20
BRDA:56,2,0,3
BRDA:75,3,0,3
BRDA:75,3,1,3
BRDA:77,4,0,3
BRDA:95,5,0,0
BRDA:95,5,1,0
BRDA:96,6,0,0
BRDA:96,6,1,0
BRDA:101,7,0,3
BRDA:101,7,1,3
BRDA:112,8,0,0
BRDA:116,9,0,5
BRDA:116,9,1,5
BRDA:136,10,0,2
BRDA:136,10,1,2
BRDA:146,11,0,2
BRDA:147,12,0,2
BRDA:148,13,0,2
BRDA:165,14,0,5
BRDA:165,14,1,5
BRDA:174,15,0,1
BRDA:175,16,0,1
BRDA:176,17,0,1
BRF:27
BRH:22
end_of_record
TN:
SF:src\modules\integrations\integrations.controller.ts
FN:35,(anonymous_4)
FN:49,(anonymous_5)
FN:62,(anonymous_6)
FN:78,(anonymous_7)
FNF:4
FNH:0
FNDA:0,(anonymous_4)
FNDA:0,(anonymous_5)
FNDA:0,(anonymous_6)
FNDA:0,(anonymous_7)
DA:1,1
DA:8,1
DA:14,1
DA:15,1
DA:16,1
DA:17,1
DA:18,1
DA:35,1
DA:36,0
DA:38,0
DA:40,0
DA:41,0
DA:48,1
DA:51,0
DA:52,0
DA:62,1
DA:63,0
DA:64,0
DA:66,0
DA:70,0
DA:72,0
DA:75,0
DA:76,0
DA:78,0
DA:79,0
DA:81,0
DA:82,0
DA:83,0
DA:84,0
DA:88,0
DA:97,0
DA:98,0
DA:99,0
DA:100,0
LF:34
LH:10
BRDA:36,0,0,0
BRDA:38,1,0,0
BRDA:41,2,0,0
BRDA:41,2,1,0
BRDA:64,3,0,0
BRDA:64,3,1,0
BRDA:66,4,0,0
BRDA:66,4,1,0
BRDA:70,5,0,0
BRDA:72,6,0,0
BRDA:72,6,1,0
BRDA:75,7,0,0
BRDA:79,8,0,0
BRDA:81,9,0,0
BRDA:81,9,1,0
BRDA:82,10,0,0
BRDA:83,11,0,0
BRDA:106,12,0,0
BRDA:106,12,1,0
BRDA:113,13,0,0
BRDA:113,13,1,0
BRF:21
BRH:0
end_of_record
TN:
SF:src\modules\integrations\integrations.module.ts
FN:19,(anonymous_1)
FNF:1
FNH:0
FNDA:0,(anonymous_1)
DA:1,0
DA:2,0
DA:3,0
DA:5,0
DA:6,0
DA:7,0
DA:8,0
DA:9,0
DA:10,0
DA:11,0
DA:19,0
DA:28,0
LF:12
LH:0
BRF:0
BRH:0
end_of_record
TN:
SF:src\modules\integrations\salla\salla.controller.ts
[...]
FN:106,(anonymous_17)
FN:127,(anonymous_18)
FN:148,(anonymous_19)
FN:161,(anonymous_20)
FN:179,(anonymous_21)
FN:237,(anonymous_22)
FN:271,(anonymous_23)
FN:326,(anonymous_24)
FN:395,(anonymous_25)
FN:481,(anonymous_26)
FN:746,(anonymous_27)
FN:781,(anonymous_28)
FN:849,(anonymous_29)
FN:893,(anonymous_30)
FN:922,(anonymous_31)
FNF:18
FNH:0
FNDA:0,detectOrderIntent
FNDA:0,verifyMetaSig
FNDA:0,tryWithTx
FNDA:0,(anonymous_17)
FNDA:0,(anonymous_18)
FNDA:0,(anonymous_19)
FNDA:0,(anonymous_20)
FNDA:0,(anonymous_21)
FNDA:0,(anonymous_22)
FNDA:0,(anonymous_23)
FNDA:0,(anonymous_24)
FNDA:0,(anonymous_25)
FNDA:0,(anonymous_26)
FNDA:0,(anonymous_27)
FNDA:0,(anonymous_28)
FNDA:0,(anonymous_29)
FNDA:0,(anonymous_30)
FNDA:0,(anonymous_31)
DA:4,0
DA:18,0
DA:20,0
DA:21,0
DA:22,0
DA:23,0
DA:24,0
DA:25,0
DA:26,0
DA:27,0
DA:31,0
DA:32,0
DA:36,0
DA:37,0
DA:41,0
DA:42,0
DA:43,0
DA:44,0
DA:45,0
DA:46,0
DA:47,0
DA:55,0
DA:58,0
DA:63,0
DA:71,0
DA:72,0
DA:73,0
DA:75,0
DA:76,0
DA:77,0
DA:78,0
DA:79,0
DA:81,0
DA:82,0
DA:83,0
DA:84,0
DA:86,0
DA:90,0
DA:91,0
DA:92,0
DA:93,0
DA:94,0
DA:95,0
DA:96,0
DA:97,0
DA:104,0
DA:105,0
DA:106,0
DA:108,0
DA:113,0
DA:115,0
DA:117,0
DA:118,0
DA:126,0
DA:128,0
DA:129,0
DA:130,0
DA:131,0
DA:132,0
DA:133,0
DA:134,0
DA:135,0
DA:137,0
DA:141,0
DA:142,0
DA:152,0
DA:166,0
DA:173,0
DA:174,0
DA:175,0
DA:190,0
DA:191,0
DA:196,0
DA:199,0
DA:200,0
DA:201,0
DA:202,0
DA:203,0
DA:204,0
DA:208,0
DA:212,0
DA:213,0
DA:214,0
DA:215,0
DA:225,0
DA:228,0
DA:229,0
DA:230,0
DA:231,0
DA:234,0
DA:241,0
DA:242,0
DA:245,0
DA:255,0
DA:258,0
DA:260,0
DA:261,0
DA:264,0
DA:271,0
DA:276,0
DA:277,0
DA:278,0
DA:280,0
DA:281,0
DA:284,0
DA:294,0
DA:296,0
DA:297,0
DA:299,0
DA:326,0
DA:332,0
DA:333,0
DA:334,0
DA:335,0
DA:340,0
DA:343,0
DA:344,0
DA:345,0
DA:346,0
DA:348,0
DA:349,0
DA:350,0
DA:354,0
DA:358,0
DA:362,0
DA:364,0
DA:366,0
DA:367,0
DA:370,0
DA:371,0
DA:372,0
DA:373,0
DA:374,0
DA:375,0
DA:379,0
DA:380,0
DA:382,0
DA:383,0
DA:385,0
DA:393,0
DA:394,0
DA:395,0
DA:396,0
DA:419,0
DA:443,0
DA:460,0
DA:461,0
DA:463,0
DA:468,0
DA:474,0
DA:478,0
DA:479,0
DA:481,0
DA:482,0
DA:499,0
DA:517,0
DA:521,0
DA:523,0
DA:524,0
DA:525,0
DA:527,0
DA:534,0
DA:548,0
DA:549,0
DA:557,0
DA:565,0
DA:566,0
DA:570,0
DA:571,0
DA:573,0
DA:580,0
DA:594,0
DA:595,0
DA:603,0
DA:611,0
DA:612,0
DA:614,0
DA:621,0
DA:635,0
DA:636,0
DA:644,0
DA:652,0
DA:656,0
DA:679,0
DA:681,0
DA:682,0
DA:685,0
DA:686,0
DA:691,0
DA:692,0
DA:700,0
DA:707,0
DA:712,0
DA:716,0
DA:718,0
DA:726,0
DA:733,0
DA:747,0
DA:748,0
DA:754,0
DA:781,0
DA:785,0
DA:786,0
DA:787,0
DA:790,0
DA:804,0
DA:805,0
DA:807,0
DA:817,0
DA:849,0
DA:858,0
DA:859,0
DA:860,0
DA:863,0
DA:877,0
DA:884,0
DA:895,0
DA:922,0
DA:926,0
DA:927,0
DA:928,0
DA:931,0
DA:944,0
DA:954,0
DA:955,0
DA:956,0
DA:958,0
DA:968,0
LF:228
LH:0
BRDA:73,0,0,0
BRDA:73,0,1,0
BRDA:75,1,0,0
BRDA:75,1,1,0
BRDA:77,2,0,0
BRDA:79,3,0,0
BRDA:81,4,0,0
BRDA:81,4,1,0
BRDA:83,5,0,0
BRDA:90,6,0,0
BRDA:92,7,0,0
BRDA:94,8,0,0
BRDA:97,9,0,0
BRDA:97,9,1,0
BRDA:108,10,0,0
BRDA:109,11,0,0
BRDA:109,11,1,0
BRDA:166,12,0,0
BRDA:166,12,1,0
BRDA:168,13,0,0
BRDA:168,13,1,0
BRDA:170,14,0,0
BRDA:170,14,1,0
BRDA:173,15,0,0
BRDA:190,16,0,0
BRDA:199,17,0,0
BRDA:202,18,0,0
BRDA:213,19,0,0
BRDA:213,20,0,0
BRDA:213,20,1,0
BRDA:213,20,2,0
BRDA:229,21,0,0
BRDA:229,22,0,0
BRDA:229,22,1,0
BRDA:242,23,0,0
BRDA:242,24,0,0
BRDA:242,24,1,0
BRDA:255,25,0,0
BRDA:255,25,1,0
BRDA:258,26,0,0
BRDA:258,27,0,0
BRDA:258,27,1,0
BRDA:264,28,0,0
BRDA:264,28,1,0
BRDA:277,29,0,0
BRDA:277,29,1,0
BRDA:280,30,0,0
BRDA:280,31,0,0
BRDA:280,31,1,0
BRDA:294,32,0,0
BRDA:297,33,0,0
BRDA:332,34,0,0
BRDA:334,35,0,0
BRDA:343,36,0,0
BRDA:345,37,0,0
BRDA:345,37,1,0
BRDA:349,38,0,0
BRDA:358,39,0,0
BRDA:358,40,0,0
BRDA:358,40,1,0
BRDA:362,41,0,0
BRDA:362,41,1,0
BRDA:364,42,0,0
BRDA:364,42,1,0
BRDA:364,43,0,0
BRDA:364,43,1,0
BRDA:367,44,0,0
BRDA:367,44,1,0
BRDA:370,45,0,0
BRDA:373,46,0,0
BRDA:373,46,1,0
BRDA:374,47,0,0
BRDA:380,48,0,0
BRDA:380,48,1,0
BRDA:382,49,0,0
BRDA:383,50,0,0
BRDA:404,51,0,0
BRDA:404,51,1,0
BRDA:428,52,0,0
BRDA:428,52,1,0
BRDA:446,53,0,0
BRDA:446,53,1,0
BRDA:468,54,0,0
BRDA:469,55,0,0
BRDA:469,55,1,0
BRDA:469,55,2,0
BRDA:469,55,3,0
BRDA:523,56,0,0
BRDA:548,57,0,0
BRDA:565,58,0,0
BRDA:594,59,0,0
BRDA:611,60,0,0
BRDA:635,61,0,0
BRDA:652,62,0,0
BRDA:652,62,1,0
BRDA:652,63,0,0
BRDA:652,63,1,0
BRDA:656,64,0,0
BRDA:656,64,1,0
BRDA:662,65,0,0
BRDA:662,65,1,0
BRDA:663,66,0,0
BRDA:663,66,1,0
BRDA:665,67,0,0
BRDA:665,67,1,0
BRDA:682,68,0,0
BRDA:682,68,1,0
BRDA:691,69,0,0
BRDA:691,70,0,0
BRDA:691,70,1,0
BRDA:700,71,0,0
BRDA:701,72,0,0
BRDA:701,72,1,0
BRDA:701,72,2,0
BRDA:701,72,3,0
BRDA:707,73,0,0
BRDA:707,73,1,0
BRDA:707,73,2,0
BRDA:712,74,0,0
BRDA:712,74,1,0
BRDA:786,75,0,0
BRDA:786,76,0,0
BRDA:786,76,1,0
BRDA:786,76,2,0
BRDA:786,76,3,0
BRDA:799,77,0,0
BRDA:799,77,1,0
BRDA:804,78,0,0
BRDA:804,78,1,0
BRDA:856,79,0,0
BRDA:858,80,0,0
BRDA:858,80,1,0
BRDA:859,81,0,0
BRDA:859,82,0,0
BRDA:859,82,1,0
BRDA:859,82,2,0
BRDA:872,83,0,0
BRDA:872,83,1,0
BRDA:927,84,0,0
BRDA:927,85,0,0
BRDA:927,85,1,0
BRDA:927,85,2,0
BRDA:927,85,3,0
BRDA:955,86,0,0
BRDA:955,86,1,0
BRF:145
BRH:0
end_of_record
TN:
SF:src\modules\webhooks\webhooks.module.ts
FNF:0
FNH:0
DA:2,0
DA:3,0
DA:5,0
DA:6,0
DA:7,0
DA:9,0
DA:10,0
DA:11,0
DA:12,0
DA:13,0
DA:14,0
DA:15,0
DA:16,0
DA:17,0
DA:18,0
DA:19,0
DA:20,0
DA:21,0
DA:22,0
DA:55,0
LF:20
LH:0
BRF:0
BRH:0
end_of_record
TN:
SF:src\modules\webhooks\webhooks.service.ts
FN:12,(anonymous_4)
FN:20,(anonymous_5)
FN:61,(anonymous_6)
FN:70,(anonymous_7)
FN:97,(anonymous_8)
FN:107,(anonymous_9)
FNF:6
FNH:0
FNDA:0,(anonymous_4)
FNDA:0,(anonymous_5)
FNDA:0,(anonymous_6)
FNDA:0,(anonymous_7)
FNDA:0,(anonymous_8)
FNDA:0,(anonymous_9)
DA:2,0
DA:3,0
DA:4,0
DA:5,0
DA:6,0
DA:8,0
DA:11,0
DA:13,0
DA:15,0
DA:16,0
DA:17,0
DA:30,0
DA:42,0
DA:62,0
DA:63,0
DA:64,0
DA:66,0
DA:68,0
DA:69,0
DA:70,0
DA:71,0
DA:82,0
DA:91,0
DA:93,0
DA:101,0
DA:102,0
DA:103,0
DA:105,0
DA:106,0
DA:107,0
DA:108,0
DA:117,0
DA:119,0
LF:33
LH:0
BRDA:36,0,0,0
BRDA:36,0,1,0
BRDA:52,1,0,0
BRDA:52,1,1,0
BRDA:62,2,0,0
BRDA:62,2,1,0
BRDA:63,3,0,0
BRDA:63,4,0,0
BRDA:63,4,1,0
BRDA:63,4,2,0
BRDA:101,5,0,0
BRDA:101,5,1,0
BRDA:102,6,0,0
BRDA:102,7,0,0
BRDA:102,7,1,0
BRF:15
BRH:0
end_of_record
TN:
SF:src\modules\webhooks\whatsapp-qr.webhook.controller.ts
FN:31,(anonymous_4)
FN:41,(anonymous_5)
FN:51,(anonymous_6)
FN:61,(anonymous_7)
FN:70,(anonymous_8)
FNF:5
FNH:0
FNDA:0,(anonymous_4)
FNDA:0,(anonymous_5)
FNDA:0,(anonymous_6)
FNDA:0,(anonymous_7)
FNDA:0,(anonymous_8)
DA:2,0
DA:12,0
DA:14,0
DA:15,0
DA:16,0
DA:17,0
DA:18,0
DA:23,0
DA:24,0
DA:25,0
DA:30,0
DA:33,0
DA:34,0
DA:35,0
DA:36,0
DA:41,0
DA:46,0
DA:51,0
DA:56,0
DA:61,0
DA:67,0
DA:77,0
DA:79,0
DA:82,0
DA:83,0
DA:87,0
DA:88,0
DA:90,0
DA:94,0
DA:97,0
DA:98,0
DA:102,0
DA:106,0
DA:107,0
DA:108,0
DA:109,0
DA:110,0
DA:114,0
DA:117,0
DA:118,0
DA:119,0
DA:120,0
DA:121,0
DA:122,0
DA:124,0
DA:126,0
DA:130,0
DA:135,0
LF:48
LH:0
BRDA:77,0,0,0
BRDA:77,0,1,0
BRDA:79,1,0,0
BRDA:79,1,1,0
BRDA:82,2,0,0
BRDA:82,3,0,0
BRDA:82,3,1,0
BRDA:90,4,0,0
BRDA:91,5,0,0
BRDA:91,5,1,0
BRDA:98,6,0,0
BRDA:102,7,0,0
BRDA:102,7,1,0
BRDA:102,7,2,0
BRDA:102,7,3,0
BRDA:107,8,0,0
BRDA:109,9,0,0
BRDA:114,10,0,0
BRDA:114,10,1,0
BRDA:118,11,0,0
BRDA:118,12,0,0
BRDA:118,12,1,0
BRDA:119,13,0,0
BRDA:119,13,1,0
BRDA:120,14,0,0
BRDA:124,15,0,0
BRF:26
BRH:0
end_of_record
TN:
SF:src\modules\webhooks\helpers\intent.ts
FN:4,detectOrderIntent
FNF:1
FNH:0
FNDA:0,detectOrderIntent
DA:4,0
DA:9,0
DA:10,0
DA:12,0
DA:14,0
DA:15,0
DA:16,0
DA:17,0
DA:18,0
DA:20,0
DA:21,0
DA:22,0
DA:23,0
DA:25,0
LF:14
LH:0
BRDA:14,0,0,0
BRDA:14,0,1,0
BRDA:16,1,0,0
BRDA:18,2,0,0
BRDA:20,3,0,0
BRDA:20,3,1,0
BRDA:22,4,0,0
BRF:7
BRH:0
end_of_record
TN:
SF:src\modules\webhooks\helpers\order-format.ts
FN:6,buildOrdersListMessage
FN:13,(anonymous_1)
FN:21,buildOrderDetailsMessage
FN:33,(anonymous_3)
FNF:4
FNH:0
FNDA:0,buildOrdersListMessage
FNDA:0,(anonymous_1)
FNDA:0,buildOrderDetailsMessage
FNDA:0,(anonymous_3)
DA:6,0
DA:7,0
DA:8,0
DA:12,0
DA:13,0
DA:14,0
DA:16,0
DA:17,0
DA:21,0
DA:24,0
DA:25,0
DA:26,0
DA:27,0
DA:28,0
DA:29,0
DA:30,0
DA:31,0
DA:32,0
DA:33,0
DA:34,0
DA:36,0
LF:21
LH:0
BRDA:7,0,0,0
BRDA:7,1,0,0
BRDA:7,1,1,0
BRDA:24,2,0,0
BRDA:29,3,0,0
BRDA:29,3,1,0
BRDA:30,4,0,0
BRDA:30,4,1,0
BRDA:31,5,0,0
BRDA:31,5,1,0
BRDA:33,6,0,0
BRDA:33,6,1,0
BRDA:34,7,0,0
BRDA:34,7,1,0
BRF:14
BRH:0
end_of_record
TN:
SF:src\modules\webhooks\helpers\order-map.ts
FN:4,mapOrderDocumentToOrder
FN:19,(anonymous_1)
FNF:2
FNH:0
FNDA:0,mapOrderDocumentToOrder
FNDA:0,(anonymous_1)
DA:4,0
DA:5,0
DA:19,0
LF:3
LH:0
BRDA:6,0,0,0
BRDA:6,0,1,0
BRDA:8,1,0,0
BRDA:8,1,1,0
BRDA:9,2,0,0
BRDA:9,2,1,0
BRDA:18,3,0,0
BRDA:18,3,1,0
BRF:8
BRH:0
end_of_record
TN:
SF:src\modules\webhooks\schemas\utils\download-files.ts
FN:39,validateSecureUrl
FN:49,validateMimeType
FN:58,validateFileSize
FN:70,downloadTelegramFile
FN:116,downloadRemoteFile
FN:150,guessMimeFromExt
FNF:6
FNH:0
FNDA:0,validateSecureUrl
FNDA:0,validateMimeType
FNDA:0,validateFileSize
FNDA:0,downloadTelegramFile
FNDA:0,downloadRemoteFile
FNDA:0,guessMimeFromExt
DA:1,0
DA:2,0
DA:3,0
DA:6,0
DA:40,0
DA:41,0
DA:42,0
DA:50,0
DA:51,0
DA:62,0
DA:63,0
DA:64,0
DA:70,0
DA:75,0
DA:79,0
DA:80,0
DA:82,0
DA:85,0
DA:87,0
DA:90,0
DA:98,0
DA:102,0
DA:106,0
DA:107,0
DA:110,0
DA:111,0
DA:113,0
DA:116,0
DA:121,0
DA:123,0
DA:125,0
DA:133,0
DA:136,0
DA:139,0
DA:140,0
DA:143,0
DA:144,0
DA:146,0
DA:151,0
DA:152,0
DA:153,0
DA:154,0
DA:155,0
DA:156,0
DA:157,0
DA:158,0
DA:159,0
DA:160,0
DA:161,0
DA:162,0
LF:50
LH:0
BRDA:41,0,0,0
BRDA:50,1,0,0
BRDA:62,2,0,0
BRDA:62,2,1,0
BRDA:62,3,0,0
BRDA:62,3,1,0
BRDA:63,4,0,0
BRDA:80,5,0,0
BRDA:102,6,0,0
BRDA:102,6,1,0
BRDA:106,7,0,0
BRDA:123,8,0,0
BRDA:123,8,1,0
BRDA:123,9,0,0
BRDA:123,9,1,0
BRDA:136,10,0,0
BRDA:136,10,1,0
BRDA:139,11,0,0
BRDA:151,12,0,0
BRDA:151,12,1,0
BRDA:152,13,0,0
BRDA:153,14,0,0
BRDA:153,15,0,0
BRDA:153,15,1,0
BRDA:154,16,0,0
BRDA:155,17,0,0
BRDA:156,18,0,0
BRDA:157,19,0,0
BRDA:158,20,0,0
BRDA:159,21,0,0
BRDA:160,22,0,0
BRDA:161,23,0,0
BRF:32
BRH:0
end_of_record
TN:
SF:src\modules\webhooks\schemas\utils\normalize-incoming.ts
FN:20,normalizeIncomingMessage
FN:344,cleanJid
FN:348,inferMediaType
FNF:3
FNH:0
FNDA:0,normalizeIncomingMessage
FNDA:0,cleanJid
FNDA:0,inferMediaType
DA:20,0
DA:24,0
DA:26,0
DA:27,0
DA:28,0
DA:29,0
DA:37,0
DA:38,0
DA:41,0
DA:42,0
DA:47,0
DA:48,0
DA:49,0
DA:50,0
DA:51,0
DA:52,0
DA:54,0
DA:55,0
DA:56,0
DA:57,0
DA:58,0
DA:59,0
DA:60,0
DA:61,0
DA:62,0
DA:63,0
DA:64,0
DA:65,0
DA:66,0
DA:69,0
DA:71,0
DA:99,0
DA:100,0
DA:101,0
DA:102,0
DA:103,0
DA:104,0
DA:106,0
DA:107,0
DA:109,0
DA:116,0
DA:118,0
DA:119,0
DA:120,0
DA:121,0
DA:122,0
DA:123,0
DA:124,0
DA:125,0
DA:126,0
DA:127,0
DA:128,0
DA:129,0
DA:130,0
DA:131,0
DA:132,0
DA:133,0
DA:134,0
DA:135,0
DA:138,0
DA:140,0
DA:167,0
DA:168,0
DA:169,0
DA:176,0
DA:181,0
DA:184,0
DA:190,0
DA:191,0
DA:192,0
DA:193,0
DA:194,0
DA:195,0
DA:196,0
DA:197,0
DA:198,0
DA:199,0
DA:200,0
DA:201,0
DA:202,0
DA:203,0
DA:204,0
DA:207,0
DA:229,0
DA:230,0
DA:231,0
DA:233,0
DA:234,0
DA:240,0
DA:242,0
DA:243,0
DA:244,0
DA:245,0
DA:246,0
DA:247,0
DA:248,0
DA:249,0
DA:250,0
DA:251,0
DA:252,0
DA:253,0
DA:254,0
DA:255,0
DA:256,0
DA:259,0
DA:261,0
DA:286,0
DA:287,0
DA:288,0
DA:289,0
DA:291,0
DA:292,0
DA:293,0
DA:294,0
DA:295,0
DA:298,0
DA:300,0
DA:302,0
DA:325,0
DA:345,0
DA:352,0
DA:353,0
DA:354,0
DA:355,0
DA:356,0
DA:357,0
DA:358,0
DA:359,0
DA:360,0
LF:129
LH:0
BRDA:37,0,0,0
BRDA:37,0,1,0
BRDA:41,1,0,0
BRDA:42,2,0,0
BRDA:47,3,0,0
BRDA:47,4,0,0
BRDA:47,4,1,0
BRDA:51,5,0,0
BRDA:51,5,1,0
BRDA:51,5,2,0
BRDA:54,6,0,0
BRDA:54,6,1,0
BRDA:58,7,0,0
BRDA:58,7,1,0
BRDA:62,8,0,0
BRDA:69,9,0,0
BRDA:69,10,0,0
BRDA:69,10,1,0
BRDA:102,11,0,0
BRDA:102,12,0,0
BRDA:102,12,1,0
BRDA:106,13,0,0
BRDA:106,13,1,0
BRDA:106,13,2,0
BRDA:110,14,0,0
BRDA:110,14,1,0
BRDA:110,14,2,0
BRDA:110,14,3,0
BRDA:110,14,4,0
BRDA:116,15,0,0
BRDA:116,15,1,0
BRDA:119,16,0,0
BRDA:119,16,1,0
BRDA:123,17,0,0
BRDA:123,17,1,0
BRDA:127,18,0,0
BRDA:127,18,1,0
BRDA:132,19,0,0
BRDA:138,20,0,0
BRDA:138,21,0,0
BRDA:138,21,1,0
BRDA:167,22,0,0
BRDA:167,23,0,0
BRDA:167,23,1,0
BRDA:169,24,0,0
BRDA:169,24,1,0
BRDA:171,25,0,0
BRDA:171,25,1,0
BRDA:173,26,0,0
BRDA:173,26,1,0
BRDA:176,27,0,0
BRDA:176,27,1,0
BRDA:176,27,2,0
BRDA:176,27,3,0
BRDA:181,28,0,0
BRDA:181,28,1,0
BRDA:185,29,0,0
BRDA:185,29,1,0
BRDA:190,30,0,0
BRDA:190,30,1,0
BRDA:195,31,0,0
BRDA:195,31,1,0
BRDA:200,32,0,0
BRDA:214,33,0,0
BRDA:214,33,1,0
BRDA:214,34,0,0
BRDA:214,34,1,0
BRDA:229,35,0,0
BRDA:235,36,0,0
BRDA:235,36,1,0
BRDA:235,36,2,0
BRDA:235,36,3,0
BRDA:240,37,0,0
BRDA:240,37,1,0
BRDA:242,38,0,0
BRDA:242,38,1,0
BRDA:247,39,0,0
BRDA:247,39,1,0
BRDA:252,40,0,0
BRDA:259,41,0,0
BRDA:259,42,0,0
BRDA:259,42,1,0
BRDA:286,43,0,0
BRDA:286,44,0,0
BRDA:286,44,1,0
BRDA:288,45,0,0
BRDA:288,45,1,0
BRDA:288,45,2,0
BRDA:289,46,0,0
BRDA:289,46,1,0
BRDA:291,47,0,0
BRDA:298,48,0,0
BRDA:298,49,0,0
BRDA:298,49,1,0
BRDA:300,50,0,0
BRDA:300,50,1,0
BRDA:310,51,0,0
BRDA:310,51,1,0
BRDA:327,52,0,0
BRDA:327,52,1,0
BRDA:334,53,0,0
BRDA:334,53,1,0
BRDA:345,54,0,0
BRDA:345,54,1,0
BRDA:352,55,0,0
BRDA:352,56,0,0
BRDA:352,56,1,0
BRDA:353,57,0,0
BRDA:353,57,1,0
BRDA:354,58,0,0
BRDA:354,58,1,0
BRDA:355,59,0,0
BRDA:355,60,0,0
BRDA:355,60,1,0
BRDA:356,61,0,0
BRDA:356,62,0,0
BRDA:356,62,1,0
BRDA:358,63,0,0
BRDA:358,64,0,0
BRDA:358,64,1,0
BRDA:359,65,0,0
BRDA:359,66,0,0
BRDA:359,66,1,0
BRF:123
BRH:0
end_of_record
TN:
SF:src\modules\workflow-history\workflow-history.module.ts
FNF:0
FNH:0
DA:3,0
DA:4,0
DA:6,0
DA:10,0
DA:21,0
LF:5
LH:0
BRF:0
BRH:0
end_of_record
TN:
SF:src\modules\workflow-history\workflow-history.service.ts
FN:8,(anonymous_4)
FN:14,(anonymous_5)
FN:19,(anonymous_6)
FN:27,(anonymous_7)
FNF:4
FNH:0
FNDA:0,(anonymous_4)
FNDA:0,(anonymous_5)
FNDA:0,(anonymous_6)
FNDA:0,(anonymous_7)
DA:1,0
DA:2,0
DA:3,0
DA:4,0
DA:7,0
DA:10,0
DA:15,0
DA:20,0
DA:28,0
LF:9
LH:0
BRF:0
BRH:0
end_of_record
TN:
SF:src\scripts\backfill-merchants.ts
FN:25,(anonymous_0)
FN:27,(anonymous_1)
FN:43,run
FN:77,ensurePublicSlug
FN:90,ensureWorkflow
FN:125,ensurePrompt
FN:140,ensureStorefront
FN:169,processOne
FN:211,(anonymous_8)
FNF:9
FNH:0
FNDA:0,(anonymous_0)
FNDA:0,(anonymous_1)
FNDA:0,run
FNDA:0,ensurePublicSlug
FNDA:0,ensureWorkflow
FNDA:0,ensurePrompt
FNDA:0,ensureStorefront
FNDA:0,processOne
FNDA:0,(anonymous_8)
DA:3,0
DA:4,0
DA:5,0
DA:6,0
DA:7,0
DA:8,0
DA:10,0
DA:11,0
DA:12,0
DA:16,0
DA:20,0
DA:21,0
DA:24,0
DA:25,0
DA:26,0
DA:27,0
DA:29,0
DA:30,0
DA:31,0
DA:32,0
DA:35,0
DA:36,0
DA:37,0
DA:38,0
DA:39,0
DA:41,0
DA:44,0
DA:48,0
DA:51,0
DA:55,0
DA:56,0
DA:57,0
DA:58,0
DA:61,0
DA:64,0
DA:65,0
DA:67,0
DA:69,0
DA:70,0
DA:71,0
DA:72,0
DA:73,0
DA:74,0
DA:75,0
DA:78,0
DA:79,0
DA:80,0
DA:81,0
DA:82,0
DA:83,0
DA:84,0
DA:86,0
DA:91,0
DA:92,0
DA:93,0
DA:95,0
DA:96,0
DA:97,0
DA:99,0
DA:100,0
DA:101,0
DA:104,0
DA:106,0
DA:111,0
DA:112,0
DA:113,0
DA:114,0
DA:115,0
DA:116,0
DA:118,0
DA:119,0
DA:121,0
DA:126,0
DA:128,0
DA:129,0
DA:130,0
DA:131,0
DA:132,0
DA:133,0
DA:134,0
DA:136,0
DA:141,0
DA:143,0
DA:144,0
DA:145,0
DA:147,0
DA:149,0
DA:153,0
DA:154,0
DA:155,0
DA:165,0
DA:170,0
DA:171,0
DA:172,0
DA:173,0
DA:174,0
DA:175,0
DA:176,0
DA:177,0
DA:179,0
DA:180,0
DA:188,0
DA:189,0
DA:190,0
DA:191,0
DA:194,0
DA:196,0
DA:197,0
DA:198,0
DA:199,0
DA:200,0
DA:201,0
DA:202,0
DA:203,0
DA:204,0
DA:205,0
DA:206,0
DA:208,0
DA:211,0
DA:212,0
DA:213,0
LF:121
LH:0
BRDA:27,0,0,0
BRDA:27,0,1,0
BRDA:29,1,0,0
BRDA:32,2,0,0
BRDA:32,2,1,0
BRDA:36,3,0,0
BRDA:36,3,1,0
BRDA:37,4,0,0
BRDA:37,4,1,0
BRDA:39,5,0,0
BRDA:39,5,1,0
BRDA:61,6,0,0
BRDA:61,6,1,0
BRDA:65,7,0,0
BRDA:79,8,0,0
BRDA:79,9,0,0
BRDA:79,9,1,0
BRDA:82,10,0,0
BRDA:92,11,0,0
BRDA:92,11,1,0
BRDA:95,12,0,0
BRDA:100,13,0,0
BRDA:100,13,1,0
BRDA:111,14,0,0
BRDA:111,15,0,0
BRDA:111,15,1,0
BRDA:111,15,2,0
BRDA:113,16,0,0
BRDA:126,17,0,0
BRDA:126,18,0,0
BRDA:126,18,1,0
BRDA:128,19,0,0
BRDA:128,19,1,0
BRDA:129,20,0,0
BRDA:131,21,0,0
BRDA:133,22,0,0
BRDA:133,22,1,0
BRDA:141,23,0,0
BRDA:141,24,0,0
BRDA:141,24,1,0
BRDA:144,25,0,0
BRDA:147,26,0,0
BRDA:149,27,0,0
BRDA:149,27,1,0
BRDA:149,28,0,0
BRDA:149,28,1,0
BRDA:154,29,0,0
BRDA:183,30,0,0
BRDA:183,30,1,0
BRDA:190,31,0,0
BRDA:194,32,0,0
BRDA:199,33,0,0
BRDA:199,34,0,0
BRDA:199,34,1,0
BRDA:201,35,0,0
BRDA:201,36,0,0
BRDA:201,36,1,0
BRDA:203,37,0,0
BRDA:203,38,0,0
BRDA:203,38,1,0
BRDA:206,39,0,0
BRDA:206,39,1,0
BRDA:212,40,0,0
BRDA:212,40,1,0
BRDA:212,40,2,0
BRF:65
BRH:0
end_of_record
TN:
SF:src\scripts\backfill-message-ids.ts
FN:7,(anonymous_9)
FN:33,run
FN:48,(anonymous_11)
FN:65,(anonymous_12)
FNF:4
FNH:0
FNDA:0,(anonymous_9)
FNDA:0,run
FNDA:0,(anonymous_11)
FNDA:0,(anonymous_12)
DA:1,0
DA:2,0
DA:5,0
DA:7,0
DA:21,0
DA:34,0
DA:35,0
DA:36,0
DA:37,0
DA:40,0
DA:41,0
DA:43,0
DA:44,0
DA:46,0
DA:47,0
DA:48,0
DA:49,0
DA:50,0
DA:51,0
DA:54,0
DA:55,0
DA:56,0
DA:57,0
DA:61,0
DA:62,0
DA:65,0
DA:66,0
DA:67,0
LF:28
LH:0
BRDA:35,0,0,0
BRDA:49,1,0,0
BRDA:54,2,0,0
BRF:3
BRH:0
end_of_record
TN:
SF:src\scripts\create-missing-storefronts.ts
FN:10,main
FNF:1
FNH:0
FNDA:0,main
DA:1,0
DA:2,0
DA:3,0
DA:4,0
DA:8,0
DA:11,0
DA:12,0
DA:13,0
DA:16,0
DA:18,0
DA:20,0
DA:21,0
DA:22,0
DA:31,0
DA:36,0
DA:37,0
DA:40,0
LF:17
LH:0
BRDA:21,0,0,0
BRF:1
BRH:0
end_of_record
TN:
SF:src\scripts\migrate-merchant-channels.ts
FN:21,run
FN:54,(anonymous_1)
FNF:2
FNH:0
FNDA:0,run
FNDA:0,(anonymous_1)
DA:5,0
DA:6,0
DA:7,0
DA:8,0
DA:9,0
DA:10,0
DA:14,0
DA:22,0
DA:25,0
DA:26,0
DA:28,0
DA:29,0
DA:30,0
DA:31,0
DA:32,0
DA:33,0
DA:48,0
DA:51,0
DA:54,0
DA:55,0
DA:56,0
LF:21
LH:0
BRDA:30,0,0,0
BRDA:30,0,1,0
BRDA:31,1,0,0
BRDA:37,2,0,0
BRDA:37,2,1,0
BRDA:45,3,0,0
BRDA:45,3,1,0
BRF:7
BRH:0
end_of_record
TN:
SF:src\scripts\seed-admin.ts
FN:12,parseArgs
FN:13,(anonymous_11)
FN:14,(anonymous_12)
FN:15,(anonymous_13)
FN:29,main
FN:64,(anonymous_15)
FNF:6
FNH:0
FNDA:0,parseArgs
FNDA:0,(anonymous_11)
FNDA:0,(anonymous_12)
FNDA:0,(anonymous_13)
FNDA:0,main
FNDA:0,(anonymous_15)
DA:2,0
DA:3,0
DA:4,0
DA:5,0
DA:13,0
DA:14,0
DA:15,0
DA:16,0
DA:17,0
DA:20,0
DA:22,0
DA:30,0
DA:31,0
DA:32,0
DA:34,0
DA:35,0
DA:36,0
DA:37,0
DA:40,0
DA:41,0
DA:42,0
DA:43,0
DA:44,0
DA:45,0
DA:46,0
DA:47,0
DA:49,0
DA:58,0
DA:61,0
DA:64,0
DA:65,0
DA:66,0
LF:32
LH:0
BRDA:16,0,0,0
BRDA:16,1,0,0
BRDA:16,1,1,0
BRDA:16,1,2,0
BRDA:31,2,0,0
BRDA:31,2,1,0
BRDA:32,3,0,0
BRDA:41,4,0,0
BRDA:41,4,1,0
BRF:9
BRH:0
end_of_record
TN:
SF:src\workers\ai-bridge.consumer.ts
FN:5,(anonymous_2)
FN:14,(anonymous_3)
FNF:2
FNH:0
FNDA:0,(anonymous_2)
FNDA:0,(anonymous_3)
DA:2,0
DA:3,0
DA:5,0
DA:6,0
DA:7,0
DA:12,0
DA:22,0
DA:23,0
DA:25,0
DA:26,0
DA:30,0
LF:11
LH:0
BRDA:8,0,0,0
BRDA:8,0,1,0
BRDA:8,0,2,0
BRDA:22,1,0,0
BRDA:22,1,1,0
BRDA:30,2,0,0
BRDA:30,2,1,0
BRF:7
BRH:0
end_of_record
TN:
SF:src\workers\ai-incoming.consumer.ts
FN:11,(anonymous_3)
FN:13,(anonymous_4)
FN:24,(anonymous_5)
FN:29,(anonymous_6)
FNF:4
FNH:0
FNDA:0,(anonymous_3)
FNDA:0,(anonymous_4)
FNDA:0,(anonymous_5)
FNDA:0,(anonymous_6)
DA:1,0
DA:2,0
DA:3,0
DA:4,0
DA:7,0
DA:8,0
DA:11,0
DA:14,0
DA:15,0
DA:16,0
DA:17,0
DA:24,0
DA:30,0
DA:31,0
DA:32,0
DA:33,0
DA:39,0
DA:40,0
DA:42,0
DA:45,0
DA:47,0
DA:48,0
LF:22
LH:0
BRDA:30,0,0,0
BRDA:34,1,0,0
BRDA:34,1,1,0
BRDA:34,1,2,0
BRDA:39,2,0,0
BRDA:39,2,1,0
BRF:6
BRH:0
end_of_record
TN:
SF:src\workers\ai-reply.worker.module.ts
FNF:0
FNH:0
DA:1,0
DA:2,0
DA:3,0
DA:9,0
LF:4
LH:0
BRF:0
BRH:0
end_of_record
TN:
SF:src\workers\ai-reply.worker.ts
FN:6,bootstrap
FNF:1
FNH:0
FNDA:0,bootstrap
DA:1,0
DA:2,0
DA:3,0
DA:4,0
DA:7,0
DA:8,0
DA:9,0
DA:12,0
DA:14,0
LF:9
LH:0
BRDA:7,0,0,0
BRDA:7,0,1,0
BRF:2
BRH:0
end_of_record
TN:
SF:src\workers\webhook-dispatcher.worker.module.ts
FNF:0
FNH:0
DA:1,0
DA:2,0
DA:3,0
DA:9,0
LF:4
LH:0
BRF:0
BRH:0
end_of_record
TN:
SF:src\workers\webhook-dispatcher.worker.ts
FN:6,bootstrap
FNF:1
FNH:0
FNDA:0,bootstrap
DA:1,0
DA:2,0
DA:3,0
DA:4,0
DA:7,0
DA:8,0
DA:9,0
DA:12,0
DA:14,0
LF:9
LH:0
BRDA:7,0,0,0
BRDA:7,0,1,0
BRF:2
BRH:0
end_of_record
TN:
SF:src\workers\shared\metrics.ts
FN:7,startMetricsServer
FN:9,(anonymous_11)
FN:12,(anonymous_12)
FN:18,(anonymous_13)
FNF:4
FNH:0
FNDA:0,startMetricsServer
FNDA:0,(anonymous_11)
FNDA:0,(anonymous_12)
FNDA:0,(anonymous_13)
DA:1,0
DA:2,0
DA:4,0
DA:5,0
DA:7,0
DA:8,0
DA:10,0
DA:11,0
DA:12,0
DA:14,0
DA:15,0
DA:18,0
LF:12
LH:0
BRDA:10,0,0,0
BRDA:10,0,1,0
BRF:2
BRH:0
end_of_record
